-- The C compiler identification is GNU 11.4.0
-- The CXX compiler identification is GNU 11.4.0
-- Detecting C compiler ABI info
-- Detecting C compiler ABI info - done
-- Check for working C compiler: /usr/bin/cc - skipped
-- Detecting C compile features
-- Detecting C compile features - done
-- Detecting CXX compiler ABI info
-- Detecting CXX compiler ABI info - done
-- Check for working CXX compiler: /usr/bin/c++ - skipped
-- Detecting CXX compile features
-- Detecting CXX compile features - done
-- Found ament_cmake: 1.3.13 (/opt/ros/humble/share/ament_cmake/cmake)
-- Found Python3: /usr/bin/python3 (found version "3.10.12") found components: Interpreter 
-- Override CMake install command with custom implementation using symlinks instead of copying resources
-- Found builtin_interfaces: 1.2.2 (/opt/ros/humble/share/builtin_interfaces/cmake)
-- Found rosidl_generator_c: 3.1.8 (/opt/ros/humble/share/rosidl_generator_c/cmake)
-- Found rosidl_adapter: 3.1.8 (/opt/ros/humble/share/rosidl_adapter/cmake)
-- Found rosidl_generator_cpp: 3.1.8 (/opt/ros/humble/share/rosidl_generator_cpp/cmake)
-- Using all available rosidl_typesupport_c: rosidl_typesupport_fastrtps_c;rosidl_typesupport_introspection_c
-- Using all available rosidl_typesupport_cpp: rosidl_typesupport_fastrtps_cpp;rosidl_typesupport_introspection_cpp
-- Found rosidl_default_generators: 1.2.0 (/opt/ros/humble/share/rosidl_default_generators/cmake)
-- Found std_msgs: 4.9.1 (/opt/ros/humble/share/std_msgs/cmake)
-- Found geometry_msgs: 4.9.1 (/opt/ros/humble/share/geometry_msgs/cmake)
-- Found ament_cmake_ros: 0.10.0 (/opt/ros/humble/share/ament_cmake_ros/cmake)
-- Using all available rosidl_typesupport_c: rosidl_typesupport_fastrtps_c;rosidl_typesupport_introspection_c
-- Using all available rosidl_typesupport_cpp: rosidl_typesupport_fastrtps_cpp;rosidl_typesupport_introspection_cpp
-- Found PythonInterp: /usr/bin/python3 (found suitable version "3.10.12", minimum required is "3.6") 
-- Found python_cmake_module: 0.10.0 (/opt/ros/humble/share/python_cmake_module/cmake)
-- Found PythonLibs: /usr/lib/x86_64-linux-gnu/libpython3.10.so (found suitable version "3.10.12", minimum required is "3.5") 
-- Using PYTHON_EXECUTABLE: /usr/bin/python3
-- Using PYTHON_INCLUDE_DIRS: /usr/include/python3.10
-- Using PYTHON_LIBRARIES: /usr/lib/x86_64-linux-gnu/libpython3.10.so
-- Found PythonExtra: .so  
-- Found ament_lint_auto: 0.12.15 (/opt/ros/humble/share/ament_lint_auto/cmake)
-- Added test 'lint_cmake' to check CMake code style
-- Added test 'xmllint' to check XML markup files
-- Configuring done
-- Generating done
-- Build files have been written to: /home/michael/ros2_ws_test/build/mmp_interfaces
[  2%] [34m[1mGenerating C code for ROS interfaces[0m
[  4%] [34m[1mGenerating C++ code for ROS interfaces[0m
[  4%] Built target ament_cmake_python_symlink_mmp_interfaces
running egg_info
creating mmp_interfaces.egg-info
writing mmp_interfaces.egg-info/PKG-INFO
writing dependency_links to mmp_interfaces.egg-info/dependency_links.txt
writing top-level names to mmp_interfaces.egg-info/top_level.txt
writing manifest file 'mmp_interfaces.egg-info/SOURCES.txt'
reading manifest file 'mmp_interfaces.egg-info/SOURCES.txt'
writing manifest file 'mmp_interfaces.egg-info/SOURCES.txt'
[  4%] Built target ament_cmake_python_build_mmp_interfaces_egg
[  4%] Built target mmp_interfaces__cpp
[  6%] [32mBuilding C object CMakeFiles/mmp_interfaces__rosidl_generator_c.dir/rosidl_generator_c/mmp_interfaces/msg/detail/human_trajectory__functions.c.o[0m
[  8%] [32mBuilding C object CMakeFiles/mmp_interfaces__rosidl_generator_c.dir/rosidl_generator_c/mmp_interfaces/msg/detail/human_trajectory_array__functions.c.o[0m
[ 10%] [32mBuilding C object CMakeFiles/mmp_interfaces__rosidl_generator_c.dir/rosidl_generator_c/mmp_interfaces/msg/detail/motion_prediction_result__functions.c.o[0m
[ 12%] [34m[1mGenerating C++ type support dispatch for ROS interfaces[0m
[ 14%] [34m[1mGenerating C++ type support for eProsima Fast-RTPS[0m
[ 17%] [34m[1mGenerating C++ introspection for ROS interfaces[0m
[ 19%] [32m[1mLinking C shared library libmmp_interfaces__rosidl_generator_c.so[0m
[ 19%] Built target mmp_interfaces__rosidl_generator_c
[ 23%] [34m[1mGenerating C type support dispatch for ROS interfaces[0m
[ 23%] [34m[1mGenerating C type support for eProsima Fast-RTPS[0m
[ 25%] [34m[1mGenerating C introspection for ROS interfaces[0m
[ 27%] [32mBuilding CXX object CMakeFiles/mmp_interfaces__rosidl_typesupport_fastrtps_cpp.dir/rosidl_typesupport_fastrtps_cpp/mmp_interfaces/msg/detail/dds_fastrtps/human_trajectory__type_support.cpp.o[0m
[ 29%] [32mBuilding CXX object CMakeFiles/mmp_interfaces__rosidl_typesupport_fastrtps_cpp.dir/rosidl_typesupport_fastrtps_cpp/mmp_interfaces/msg/detail/dds_fastrtps/human_trajectory_array__type_support.cpp.o[0m
[ 31%] [32mBuilding CXX object CMakeFiles/mmp_interfaces__rosidl_typesupport_fastrtps_cpp.dir/rosidl_typesupport_fastrtps_cpp/mmp_interfaces/msg/detail/dds_fastrtps/motion_prediction_result__type_support.cpp.o[0m
[ 34%] [32mBuilding CXX object CMakeFiles/mmp_interfaces__rosidl_typesupport_cpp.dir/rosidl_typesupport_cpp/mmp_interfaces/msg/human_trajectory__type_support.cpp.o[0m
[ 36%] [32mBuilding CXX object CMakeFiles/mmp_interfaces__rosidl_typesupport_cpp.dir/rosidl_typesupport_cpp/mmp_interfaces/msg/human_trajectory_array__type_support.cpp.o[0m
[ 38%] [32mBuilding CXX object CMakeFiles/mmp_interfaces__rosidl_typesupport_c.dir/rosidl_typesupport_c/mmp_interfaces/msg/motion_prediction_result__type_support.cpp.o[0m
[ 40%] [32mBuilding CXX object CMakeFiles/mmp_interfaces__rosidl_typesupport_c.dir/rosidl_typesupport_c/mmp_interfaces/msg/human_trajectory__type_support.cpp.o[0m
[ 42%] [32mBuilding CXX object CMakeFiles/mmp_interfaces__rosidl_typesupport_c.dir/rosidl_typesupport_c/mmp_interfaces/msg/human_trajectory_array__type_support.cpp.o[0m
[ 44%] [32mBuilding CXX object CMakeFiles/mmp_interfaces__rosidl_typesupport_cpp.dir/rosidl_typesupport_cpp/mmp_interfaces/msg/motion_prediction_result__type_support.cpp.o[0m
[ 46%] [32mBuilding CXX object CMakeFiles/mmp_interfaces__rosidl_typesupport_introspection_cpp.dir/rosidl_typesupport_introspection_cpp/mmp_interfaces/msg/detail/human_trajectory__type_support.cpp.o[0m
[ 48%] [32mBuilding CXX object CMakeFiles/mmp_interfaces__rosidl_typesupport_introspection_cpp.dir/rosidl_typesupport_introspection_cpp/mmp_interfaces/msg/detail/motion_prediction_result__type_support.cpp.o[0m
[ 51%] [32mBuilding CXX object CMakeFiles/mmp_interfaces__rosidl_typesupport_introspection_cpp.dir/rosidl_typesupport_introspection_cpp/mmp_interfaces/msg/detail/human_trajectory_array__type_support.cpp.o[0m
[ 53%] [32m[1mLinking CXX shared library libmmp_interfaces__rosidl_typesupport_c.so[0m
[ 55%] [32mBuilding C object CMakeFiles/mmp_interfaces__rosidl_typesupport_introspection_c.dir/rosidl_typesupport_introspection_c/mmp_interfaces/msg/detail/human_trajectory__type_support.c.o[0m
[ 57%] [32mBuilding C object CMakeFiles/mmp_interfaces__rosidl_typesupport_introspection_c.dir/rosidl_typesupport_introspection_c/mmp_interfaces/msg/detail/human_trajectory_array__type_support.c.o[0m
[ 59%] [32mBuilding C object CMakeFiles/mmp_interfaces__rosidl_typesupport_introspection_c.dir/rosidl_typesupport_introspection_c/mmp_interfaces/msg/detail/motion_prediction_result__type_support.c.o[0m
[ 59%] Built target mmp_interfaces__rosidl_typesupport_c
[ 61%] [32m[1mLinking C shared library libmmp_interfaces__rosidl_typesupport_introspection_c.so[0m
[ 63%] [32mBuilding CXX object CMakeFiles/mmp_interfaces__rosidl_typesupport_fastrtps_c.dir/rosidl_typesupport_fastrtps_c/mmp_interfaces/msg/detail/human_trajectory_array__type_support_c.cpp.o[0m
[ 65%] [32mBuilding CXX object CMakeFiles/mmp_interfaces__rosidl_typesupport_fastrtps_c.dir/rosidl_typesupport_fastrtps_c/mmp_interfaces/msg/detail/human_trajectory__type_support_c.cpp.o[0m
[ 68%] [32mBuilding CXX object CMakeFiles/mmp_interfaces__rosidl_typesupport_fastrtps_c.dir/rosidl_typesupport_fastrtps_c/mmp_interfaces/msg/detail/motion_prediction_result__type_support_c.cpp.o[0m
[ 68%] Built target mmp_interfaces__rosidl_typesupport_introspection_c
[ 70%] [32m[1mLinking CXX shared library libmmp_interfaces__rosidl_typesupport_cpp.so[0m
[ 70%] Built target mmp_interfaces__rosidl_typesupport_cpp
[ 72%] [32m[1mLinking CXX shared library libmmp_interfaces__rosidl_typesupport_fastrtps_cpp.so[0m
[ 74%] [32m[1mLinking CXX shared library libmmp_interfaces__rosidl_typesupport_fastrtps_c.so[0m
[ 76%] [32m[1mLinking CXX shared library libmmp_interfaces__rosidl_typesupport_introspection_cpp.so[0m
[ 76%] Built target mmp_interfaces__rosidl_typesupport_fastrtps_cpp
[ 76%] Built target mmp_interfaces__rosidl_typesupport_introspection_cpp
[ 76%] Built target mmp_interfaces__rosidl_typesupport_fastrtps_c
[ 76%] Built target mmp_interfaces
[ 78%] [34m[1mGenerating Python code for ROS interfaces[0m
[ 78%] Built target mmp_interfaces__py
[ 82%] [32mBuilding C object CMakeFiles/mmp_interfaces__rosidl_generator_py.dir/rosidl_generator_py/mmp_interfaces/msg/_human_trajectory_array_s.c.o[0m
[ 82%] [32mBuilding C object CMakeFiles/mmp_interfaces__rosidl_generator_py.dir/rosidl_generator_py/mmp_interfaces/msg/_human_trajectory_s.c.o[0m
[ 85%] [32mBuilding C object CMakeFiles/mmp_interfaces__rosidl_generator_py.dir/rosidl_generator_py/mmp_interfaces/msg/_motion_prediction_result_s.c.o[0m
[ 87%] [32m[1mLinking C shared library rosidl_generator_py/mmp_interfaces/libmmp_interfaces__rosidl_generator_py.so[0m
[ 87%] Built target mmp_interfaces__rosidl_generator_py
[ 89%] [32mBuilding C object CMakeFiles/mmp_interfaces__rosidl_typesupport_introspection_c__pyext.dir/rosidl_generator_py/mmp_interfaces/_mmp_interfaces_s.ep.rosidl_typesupport_introspection_c.c.o[0m
[ 91%] [32mBuilding C object CMakeFiles/mmp_interfaces__rosidl_typesupport_fastrtps_c__pyext.dir/rosidl_generator_py/mmp_interfaces/_mmp_interfaces_s.ep.rosidl_typesupport_fastrtps_c.c.o[0m
[ 93%] [32mBuilding C object CMakeFiles/mmp_interfaces__rosidl_typesupport_c__pyext.dir/rosidl_generator_py/mmp_interfaces/_mmp_interfaces_s.ep.rosidl_typesupport_c.c.o[0m
[ 95%] [32m[1mLinking C shared library rosidl_generator_py/mmp_interfaces/mmp_interfaces_s__rosidl_typesupport_fastrtps_c.cpython-310-x86_64-linux-gnu.so[0m
[ 97%] [32m[1mLinking C shared library rosidl_generator_py/mmp_interfaces/mmp_interfaces_s__rosidl_typesupport_c.cpython-310-x86_64-linux-gnu.so[0m
[100%] [32m[1mLinking C shared library rosidl_generator_py/mmp_interfaces/mmp_interfaces_s__rosidl_typesupport_introspection_c.cpython-310-x86_64-linux-gnu.so[0m
[100%] Built target mmp_interfaces__rosidl_typesupport_fastrtps_c__pyext
[100%] Built target mmp_interfaces__rosidl_typesupport_introspection_c__pyext
[100%] Built target mmp_interfaces__rosidl_typesupport_c__pyext
-- Install configuration: ""
-- Execute custom install script
-- Symlinking: /home/michael/ros2_ws_test/install/mmp_interfaces/share/ament_index/resource_index/rosidl_interfaces/mmp_interfaces
-- Symlinking: /home/michael/ros2_ws_test/install/mmp_interfaces/include/mmp_interfaces/mmp_interfaces/msg/detail/human_trajectory__functions.h
-- Symlinking: /home/michael/ros2_ws_test/install/mmp_interfaces/include/mmp_interfaces/mmp_interfaces/msg/detail/human_trajectory__struct.h
-- Symlinking: /home/michael/ros2_ws_test/install/mmp_interfaces/include/mmp_interfaces/mmp_interfaces/msg/detail/human_trajectory__type_support.h
-- Symlinking: /home/michael/ros2_ws_test/install/mmp_interfaces/include/mmp_interfaces/mmp_interfaces/msg/detail/human_trajectory_array__functions.h
-- Symlinking: /home/michael/ros2_ws_test/install/mmp_interfaces/include/mmp_interfaces/mmp_interfaces/msg/detail/human_trajectory_array__struct.h
-- Symlinking: /home/michael/ros2_ws_test/install/mmp_interfaces/include/mmp_interfaces/mmp_interfaces/msg/detail/human_trajectory_array__type_support.h
-- Symlinking: /home/michael/ros2_ws_test/install/mmp_interfaces/include/mmp_interfaces/mmp_interfaces/msg/detail/motion_prediction_result__functions.h
-- Symlinking: /home/michael/ros2_ws_test/install/mmp_interfaces/include/mmp_interfaces/mmp_interfaces/msg/detail/motion_prediction_result__struct.h
-- Symlinking: /home/michael/ros2_ws_test/install/mmp_interfaces/include/mmp_interfaces/mmp_interfaces/msg/detail/motion_prediction_result__type_support.h
-- Symlinking: /home/michael/ros2_ws_test/install/mmp_interfaces/include/mmp_interfaces/mmp_interfaces/msg/human_trajectory.h
-- Symlinking: /home/michael/ros2_ws_test/install/mmp_interfaces/include/mmp_interfaces/mmp_interfaces/msg/human_trajectory_array.h
-- Symlinking: /home/michael/ros2_ws_test/install/mmp_interfaces/include/mmp_interfaces/mmp_interfaces/msg/motion_prediction_result.h
-- Symlinking: /home/michael/ros2_ws_test/install/mmp_interfaces/include/mmp_interfaces/mmp_interfaces/msg/rosidl_generator_c__visibility_control.h
-- Symlinking: /home/michael/ros2_ws_test/install/mmp_interfaces/share/mmp_interfaces/environment/library_path.sh
-- Symlinking: /home/michael/ros2_ws_test/install/mmp_interfaces/share/mmp_interfaces/environment/library_path.dsv
-- Symlinking: /home/michael/ros2_ws_test/install/mmp_interfaces/include/mmp_interfaces/mmp_interfaces/msg/detail/human_trajectory__rosidl_typesupport_fastrtps_c.h
-- Symlinking: /home/michael/ros2_ws_test/install/mmp_interfaces/include/mmp_interfaces/mmp_interfaces/msg/detail/human_trajectory_array__rosidl_typesupport_fastrtps_c.h
-- Symlinking: /home/michael/ros2_ws_test/install/mmp_interfaces/include/mmp_interfaces/mmp_interfaces/msg/detail/motion_prediction_result__rosidl_typesupport_fastrtps_c.h
-- Symlinking: /home/michael/ros2_ws_test/install/mmp_interfaces/include/mmp_interfaces/mmp_interfaces/msg/rosidl_typesupport_fastrtps_c__visibility_control.h
-- Symlinking: /home/michael/ros2_ws_test/install/mmp_interfaces/include/mmp_interfaces/mmp_interfaces/msg/detail/human_trajectory__builder.hpp
-- Symlinking: /home/michael/ros2_ws_test/install/mmp_interfaces/include/mmp_interfaces/mmp_interfaces/msg/detail/human_trajectory__struct.hpp
-- Symlinking: /home/michael/ros2_ws_test/install/mmp_interfaces/include/mmp_interfaces/mmp_interfaces/msg/detail/human_trajectory__traits.hpp
-- Symlinking: /home/michael/ros2_ws_test/install/mmp_interfaces/include/mmp_interfaces/mmp_interfaces/msg/detail/human_trajectory__type_support.hpp
-- Symlinking: /home/michael/ros2_ws_test/install/mmp_interfaces/include/mmp_interfaces/mmp_interfaces/msg/detail/human_trajectory_array__builder.hpp
-- Symlinking: /home/michael/ros2_ws_test/install/mmp_interfaces/include/mmp_interfaces/mmp_interfaces/msg/detail/human_trajectory_array__struct.hpp
-- Symlinking: /home/michael/ros2_ws_test/install/mmp_interfaces/include/mmp_interfaces/mmp_interfaces/msg/detail/human_trajectory_array__traits.hpp
-- Symlinking: /home/michael/ros2_ws_test/install/mmp_interfaces/include/mmp_interfaces/mmp_interfaces/msg/detail/human_trajectory_array__type_support.hpp
-- Symlinking: /home/michael/ros2_ws_test/install/mmp_interfaces/include/mmp_interfaces/mmp_interfaces/msg/detail/motion_prediction_result__builder.hpp
-- Symlinking: /home/michael/ros2_ws_test/install/mmp_interfaces/include/mmp_interfaces/mmp_interfaces/msg/detail/motion_prediction_result__struct.hpp
-- Symlinking: /home/michael/ros2_ws_test/install/mmp_interfaces/include/mmp_interfaces/mmp_interfaces/msg/detail/motion_prediction_result__traits.hpp
-- Symlinking: /home/michael/ros2_ws_test/install/mmp_interfaces/include/mmp_interfaces/mmp_interfaces/msg/detail/motion_prediction_result__type_support.hpp
-- Symlinking: /home/michael/ros2_ws_test/install/mmp_interfaces/include/mmp_interfaces/mmp_interfaces/msg/human_trajectory.hpp
-- Symlinking: /home/michael/ros2_ws_test/install/mmp_interfaces/include/mmp_interfaces/mmp_interfaces/msg/human_trajectory_array.hpp
-- Symlinking: /home/michael/ros2_ws_test/install/mmp_interfaces/include/mmp_interfaces/mmp_interfaces/msg/motion_prediction_result.hpp
-- Symlinking: /home/michael/ros2_ws_test/install/mmp_interfaces/include/mmp_interfaces/mmp_interfaces/msg/rosidl_generator_cpp__visibility_control.hpp
-- Symlinking: /home/michael/ros2_ws_test/install/mmp_interfaces/include/mmp_interfaces/mmp_interfaces/msg/detail/human_trajectory__rosidl_typesupport_fastrtps_cpp.hpp
-- Symlinking: /home/michael/ros2_ws_test/install/mmp_interfaces/include/mmp_interfaces/mmp_interfaces/msg/detail/human_trajectory_array__rosidl_typesupport_fastrtps_cpp.hpp
-- Symlinking: /home/michael/ros2_ws_test/install/mmp_interfaces/include/mmp_interfaces/mmp_interfaces/msg/detail/motion_prediction_result__rosidl_typesupport_fastrtps_cpp.hpp
-- Symlinking: /home/michael/ros2_ws_test/install/mmp_interfaces/include/mmp_interfaces/mmp_interfaces/msg/rosidl_typesupport_fastrtps_cpp__visibility_control.h
-- Symlinking: /home/michael/ros2_ws_test/install/mmp_interfaces/include/mmp_interfaces/mmp_interfaces/msg/detail/human_trajectory__rosidl_typesupport_introspection_c.h
-- Symlinking: /home/michael/ros2_ws_test/install/mmp_interfaces/include/mmp_interfaces/mmp_interfaces/msg/detail/human_trajectory_array__rosidl_typesupport_introspection_c.h
-- Symlinking: /home/michael/ros2_ws_test/install/mmp_interfaces/include/mmp_interfaces/mmp_interfaces/msg/detail/motion_prediction_result__rosidl_typesupport_introspection_c.h
-- Symlinking: /home/michael/ros2_ws_test/install/mmp_interfaces/include/mmp_interfaces/mmp_interfaces/msg/rosidl_typesupport_introspection_c__visibility_control.h
-- Symlinking: /home/michael/ros2_ws_test/install/mmp_interfaces/include/mmp_interfaces/mmp_interfaces/msg/detail/human_trajectory__rosidl_typesupport_introspection_cpp.hpp
-- Symlinking: /home/michael/ros2_ws_test/install/mmp_interfaces/include/mmp_interfaces/mmp_interfaces/msg/detail/human_trajectory_array__rosidl_typesupport_introspection_cpp.hpp
-- Symlinking: /home/michael/ros2_ws_test/install/mmp_interfaces/include/mmp_interfaces/mmp_interfaces/msg/detail/motion_prediction_result__rosidl_typesupport_introspection_cpp.hpp
-- Symlinking: /home/michael/ros2_ws_test/install/mmp_interfaces/share/mmp_interfaces/environment/pythonpath.sh
-- Symlinking: /home/michael/ros2_ws_test/install/mmp_interfaces/share/mmp_interfaces/environment/pythonpath.dsv
-- Symlinking: /home/michael/ros2_ws_test/install/mmp_interfaces/local/lib/python3.10/dist-packages/mmp_interfaces-0.0.0-py3.10.egg-info/PKG-INFO
-- Symlinking: /home/michael/ros2_ws_test/install/mmp_interfaces/local/lib/python3.10/dist-packages/mmp_interfaces-0.0.0-py3.10.egg-info/SOURCES.txt
-- Symlinking: /home/michael/ros2_ws_test/install/mmp_interfaces/local/lib/python3.10/dist-packages/mmp_interfaces-0.0.0-py3.10.egg-info/dependency_links.txt
-- Symlinking: /home/michael/ros2_ws_test/install/mmp_interfaces/local/lib/python3.10/dist-packages/mmp_interfaces-0.0.0-py3.10.egg-info/top_level.txt
-- Symlinking: /home/michael/ros2_ws_test/install/mmp_interfaces/local/lib/python3.10/dist-packages/mmp_interfaces/__init__.py
-- Symlinking: /home/michael/ros2_ws_test/install/mmp_interfaces/local/lib/python3.10/dist-packages/mmp_interfaces/_mmp_interfaces_s.ep.rosidl_typesupport_c.c
-- Symlinking: /home/michael/ros2_ws_test/install/mmp_interfaces/local/lib/python3.10/dist-packages/mmp_interfaces/_mmp_interfaces_s.ep.rosidl_typesupport_fastrtps_c.c
-- Symlinking: /home/michael/ros2_ws_test/install/mmp_interfaces/local/lib/python3.10/dist-packages/mmp_interfaces/_mmp_interfaces_s.ep.rosidl_typesupport_introspection_c.c
-- Symlinking: /home/michael/ros2_ws_test/install/mmp_interfaces/local/lib/python3.10/dist-packages/mmp_interfaces/libmmp_interfaces__rosidl_generator_py.so
-- Symlinking: /home/michael/ros2_ws_test/install/mmp_interfaces/local/lib/python3.10/dist-packages/mmp_interfaces/mmp_interfaces_s__rosidl_typesupport_c.cpython-310-x86_64-linux-gnu.so
-- Symlinking: /home/michael/ros2_ws_test/install/mmp_interfaces/local/lib/python3.10/dist-packages/mmp_interfaces/mmp_interfaces_s__rosidl_typesupport_fastrtps_c.cpython-310-x86_64-linux-gnu.so
-- Symlinking: /home/michael/ros2_ws_test/install/mmp_interfaces/local/lib/python3.10/dist-packages/mmp_interfaces/mmp_interfaces_s__rosidl_typesupport_introspection_c.cpython-310-x86_64-linux-gnu.so
-- Symlinking: /home/michael/ros2_ws_test/install/mmp_interfaces/local/lib/python3.10/dist-packages/mmp_interfaces/msg/__init__.py
-- Symlinking: /home/michael/ros2_ws_test/install/mmp_interfaces/local/lib/python3.10/dist-packages/mmp_interfaces/msg/_human_trajectory.py
-- Symlinking: /home/michael/ros2_ws_test/install/mmp_interfaces/local/lib/python3.10/dist-packages/mmp_interfaces/msg/_human_trajectory_array.py
-- Symlinking: /home/michael/ros2_ws_test/install/mmp_interfaces/local/lib/python3.10/dist-packages/mmp_interfaces/msg/_human_trajectory_array_s.c
-- Symlinking: /home/michael/ros2_ws_test/install/mmp_interfaces/local/lib/python3.10/dist-packages/mmp_interfaces/msg/_human_trajectory_s.c
-- Symlinking: /home/michael/ros2_ws_test/install/mmp_interfaces/local/lib/python3.10/dist-packages/mmp_interfaces/msg/_motion_prediction_result.py
-- Symlinking: /home/michael/ros2_ws_test/install/mmp_interfaces/local/lib/python3.10/dist-packages/mmp_interfaces/msg/_motion_prediction_result_s.c
-- Up-to-date symlink: /home/michael/ros2_ws_test/install/mmp_interfaces/local/lib/python3.10/dist-packages/mmp_interfaces/mmp_interfaces_s__rosidl_typesupport_fastrtps_c.cpython-310-x86_64-linux-gnu.so
-- Up-to-date symlink: /home/michael/ros2_ws_test/install/mmp_interfaces/local/lib/python3.10/dist-packages/mmp_interfaces/mmp_interfaces_s__rosidl_typesupport_introspection_c.cpython-310-x86_64-linux-gnu.so
-- Up-to-date symlink: /home/michael/ros2_ws_test/install/mmp_interfaces/local/lib/python3.10/dist-packages/mmp_interfaces/mmp_interfaces_s__rosidl_typesupport_c.cpython-310-x86_64-linux-gnu.so
-- Symlinking: /home/michael/ros2_ws_test/install/mmp_interfaces/share/mmp_interfaces/msg/HumanTrajectory.idl
-- Symlinking: /home/michael/ros2_ws_test/install/mmp_interfaces/share/mmp_interfaces/msg/HumanTrajectoryArray.idl
-- Symlinking: /home/michael/ros2_ws_test/install/mmp_interfaces/share/mmp_interfaces/msg/MotionPredictionResult.idl
-- Symlinking: /home/michael/ros2_ws_test/install/mmp_interfaces/share/mmp_interfaces/msg/HumanTrajectory.msg
-- Symlinking: /home/michael/ros2_ws_test/install/mmp_interfaces/share/mmp_interfaces/msg/HumanTrajectoryArray.msg
-- Symlinking: /home/michael/ros2_ws_test/install/mmp_interfaces/share/mmp_interfaces/msg/MotionPredictionResult.msg
-- Symlinking: /home/michael/ros2_ws_test/install/mmp_interfaces/share/ament_index/resource_index/package_run_dependencies/mmp_interfaces
-- Symlinking: /home/michael/ros2_ws_test/install/mmp_interfaces/share/ament_index/resource_index/parent_prefix_path/mmp_interfaces
-- Symlinking: /home/michael/ros2_ws_test/install/mmp_interfaces/share/mmp_interfaces/environment/ament_prefix_path.sh
-- Symlinking: /home/michael/ros2_ws_test/install/mmp_interfaces/share/mmp_interfaces/environment/ament_prefix_path.dsv
-- Symlinking: /home/michael/ros2_ws_test/install/mmp_interfaces/share/mmp_interfaces/environment/path.sh
-- Symlinking: /home/michael/ros2_ws_test/install/mmp_interfaces/share/mmp_interfaces/environment/path.dsv
-- Symlinking: /home/michael/ros2_ws_test/install/mmp_interfaces/share/mmp_interfaces/local_setup.bash
-- Symlinking: /home/michael/ros2_ws_test/install/mmp_interfaces/share/mmp_interfaces/local_setup.sh
-- Symlinking: /home/michael/ros2_ws_test/install/mmp_interfaces/share/mmp_interfaces/local_setup.zsh
-- Symlinking: /home/michael/ros2_ws_test/install/mmp_interfaces/share/mmp_interfaces/local_setup.dsv
-- Symlinking: /home/michael/ros2_ws_test/install/mmp_interfaces/share/mmp_interfaces/package.dsv
-- Symlinking: /home/michael/ros2_ws_test/install/mmp_interfaces/share/ament_index/resource_index/packages/mmp_interfaces
-- Symlinking: /home/michael/ros2_ws_test/install/mmp_interfaces/share/mmp_interfaces/cmake/rosidl_cmake-extras.cmake
-- Symlinking: /home/michael/ros2_ws_test/install/mmp_interfaces/share/mmp_interfaces/cmake/ament_cmake_export_dependencies-extras.cmake
-- Symlinking: /home/michael/ros2_ws_test/install/mmp_interfaces/share/mmp_interfaces/cmake/ament_cmake_export_include_directories-extras.cmake
-- Symlinking: /home/michael/ros2_ws_test/install/mmp_interfaces/share/mmp_interfaces/cmake/ament_cmake_export_libraries-extras.cmake
-- Symlinking: /home/michael/ros2_ws_test/install/mmp_interfaces/share/mmp_interfaces/cmake/ament_cmake_export_targets-extras.cmake
-- Symlinking: /home/michael/ros2_ws_test/install/mmp_interfaces/share/mmp_interfaces/cmake/rosidl_cmake_export_typesupport_targets-extras.cmake
-- Symlinking: /home/michael/ros2_ws_test/install/mmp_interfaces/share/mmp_interfaces/cmake/rosidl_cmake_export_typesupport_libraries-extras.cmake
-- Symlinking: /home/michael/ros2_ws_test/install/mmp_interfaces/share/mmp_interfaces/cmake/mmp_interfacesConfig.cmake
-- Symlinking: /home/michael/ros2_ws_test/install/mmp_interfaces/share/mmp_interfaces/cmake/mmp_interfacesConfig-version.cmake
-- Symlinking: /home/michael/ros2_ws_test/install/mmp_interfaces/share/mmp_interfaces/package.xml
-- Installing: /home/michael/ros2_ws_test/install/mmp_interfaces/lib/libmmp_interfaces__rosidl_generator_c.so
-- Set runtime path of "/home/michael/ros2_ws_test/install/mmp_interfaces/lib/libmmp_interfaces__rosidl_generator_c.so" to ""
-- Installing: /home/michael/ros2_ws_test/install/mmp_interfaces/lib/libmmp_interfaces__rosidl_typesupport_fastrtps_c.so
-- Set runtime path of "/home/michael/ros2_ws_test/install/mmp_interfaces/lib/libmmp_interfaces__rosidl_typesupport_fastrtps_c.so" to ""
-- Installing: /home/michael/ros2_ws_test/install/mmp_interfaces/lib/libmmp_interfaces__rosidl_typesupport_fastrtps_cpp.so
-- Set runtime path of "/home/michael/ros2_ws_test/install/mmp_interfaces/lib/libmmp_interfaces__rosidl_typesupport_fastrtps_cpp.so" to ""
-- Installing: /home/michael/ros2_ws_test/install/mmp_interfaces/lib/libmmp_interfaces__rosidl_typesupport_introspection_c.so
-- Set runtime path of "/home/michael/ros2_ws_test/install/mmp_interfaces/lib/libmmp_interfaces__rosidl_typesupport_introspection_c.so" to ""
-- Installing: /home/michael/ros2_ws_test/install/mmp_interfaces/lib/libmmp_interfaces__rosidl_typesupport_c.so
-- Set runtime path of "/home/michael/ros2_ws_test/install/mmp_interfaces/lib/libmmp_interfaces__rosidl_typesupport_c.so" to ""
-- Installing: /home/michael/ros2_ws_test/install/mmp_interfaces/lib/libmmp_interfaces__rosidl_typesupport_introspection_cpp.so
-- Set runtime path of "/home/michael/ros2_ws_test/install/mmp_interfaces/lib/libmmp_interfaces__rosidl_typesupport_introspection_cpp.so" to ""
-- Installing: /home/michael/ros2_ws_test/install/mmp_interfaces/lib/libmmp_interfaces__rosidl_typesupport_cpp.so
-- Set runtime path of "/home/michael/ros2_ws_test/install/mmp_interfaces/lib/libmmp_interfaces__rosidl_typesupport_cpp.so" to ""
Listing '/home/michael/ros2_ws_test/install/mmp_interfaces/local/lib/python3.10/dist-packages/mmp_interfaces'...
Compiling '/home/michael/ros2_ws_test/install/mmp_interfaces/local/lib/python3.10/dist-packages/mmp_interfaces/__init__.py'...
Listing '/home/michael/ros2_ws_test/install/mmp_interfaces/local/lib/python3.10/dist-packages/mmp_interfaces/msg'...
Compiling '/home/michael/ros2_ws_test/install/mmp_interfaces/local/lib/python3.10/dist-packages/mmp_interfaces/msg/__init__.py'...
Compiling '/home/michael/ros2_ws_test/install/mmp_interfaces/local/lib/python3.10/dist-packages/mmp_interfaces/msg/_human_trajectory.py'...
Compiling '/home/michael/ros2_ws_test/install/mmp_interfaces/local/lib/python3.10/dist-packages/mmp_interfaces/msg/_human_trajectory_array.py'...
Compiling '/home/michael/ros2_ws_test/install/mmp_interfaces/local/lib/python3.10/dist-packages/mmp_interfaces/msg/_motion_prediction_result.py'...
-- Installing: /home/michael/ros2_ws_test/install/mmp_interfaces/lib/libmmp_interfaces__rosidl_generator_py.so
-- Set runtime path of "/home/michael/ros2_ws_test/install/mmp_interfaces/lib/libmmp_interfaces__rosidl_generator_py.so" to ""
-- Installing: /home/michael/ros2_ws_test/install/mmp_interfaces/share/mmp_interfaces/cmake/export_mmp_interfaces__rosidl_generator_cExport.cmake
-- Installing: /home/michael/ros2_ws_test/install/mmp_interfaces/share/mmp_interfaces/cmake/export_mmp_interfaces__rosidl_generator_cExport-noconfig.cmake
-- Installing: /home/michael/ros2_ws_test/install/mmp_interfaces/share/mmp_interfaces/cmake/export_mmp_interfaces__rosidl_typesupport_fastrtps_cExport.cmake
-- Installing: /home/michael/ros2_ws_test/install/mmp_interfaces/share/mmp_interfaces/cmake/export_mmp_interfaces__rosidl_typesupport_fastrtps_cExport-noconfig.cmake
-- Installing: /home/michael/ros2_ws_test/install/mmp_interfaces/share/mmp_interfaces/cmake/export_mmp_interfaces__rosidl_generator_cppExport.cmake
-- Installing: /home/michael/ros2_ws_test/install/mmp_interfaces/share/mmp_interfaces/cmake/export_mmp_interfaces__rosidl_typesupport_fastrtps_cppExport.cmake
-- Installing: /home/michael/ros2_ws_test/install/mmp_interfaces/share/mmp_interfaces/cmake/export_mmp_interfaces__rosidl_typesupport_fastrtps_cppExport-noconfig.cmake
-- Installing: /home/michael/ros2_ws_test/install/mmp_interfaces/share/mmp_interfaces/cmake/mmp_interfaces__rosidl_typesupport_introspection_cExport.cmake
-- Installing: /home/michael/ros2_ws_test/install/mmp_interfaces/share/mmp_interfaces/cmake/mmp_interfaces__rosidl_typesupport_introspection_cExport-noconfig.cmake
-- Installing: /home/michael/ros2_ws_test/install/mmp_interfaces/share/mmp_interfaces/cmake/mmp_interfaces__rosidl_typesupport_cExport.cmake
-- Installing: /home/michael/ros2_ws_test/install/mmp_interfaces/share/mmp_interfaces/cmake/mmp_interfaces__rosidl_typesupport_cExport-noconfig.cmake
-- Installing: /home/michael/ros2_ws_test/install/mmp_interfaces/share/mmp_interfaces/cmake/mmp_interfaces__rosidl_typesupport_introspection_cppExport.cmake
-- Installing: /home/michael/ros2_ws_test/install/mmp_interfaces/share/mmp_interfaces/cmake/mmp_interfaces__rosidl_typesupport_introspection_cppExport-noconfig.cmake
-- Installing: /home/michael/ros2_ws_test/install/mmp_interfaces/share/mmp_interfaces/cmake/mmp_interfaces__rosidl_typesupport_cppExport.cmake
-- Installing: /home/michael/ros2_ws_test/install/mmp_interfaces/share/mmp_interfaces/cmake/mmp_interfaces__rosidl_typesupport_cppExport-noconfig.cmake
-- Installing: /home/michael/ros2_ws_test/install/mmp_interfaces/share/mmp_interfaces/cmake/export_mmp_interfaces__rosidl_generator_pyExport.cmake
-- Installing: /home/michael/ros2_ws_test/install/mmp_interfaces/share/mmp_interfaces/cmake/export_mmp_interfaces__rosidl_generator_pyExport-noconfig.cmake
