running develop
running egg_info
creating zmr_demo.egg-info
writing zmr_demo.egg-info/PKG-INFO
writing dependency_links to zmr_demo.egg-info/dependency_links.txt
writing entry points to zmr_demo.egg-info/entry_points.txt
writing requirements to zmr_demo.egg-info/requires.txt
writing top-level names to zmr_demo.egg-info/top_level.txt
writing manifest file 'zmr_demo.egg-info/SOURCES.txt'
reading manifest file 'zmr_demo.egg-info/SOURCES.txt'
writing manifest file 'zmr_demo.egg-info/SOURCES.txt'
running build_ext
Creating /home/michael/ros2_ws_test/install/zmr_demo/lib/python3.10/site-packages/zmr-demo.egg-link (link to .)

Installed /home/michael/ros2_ws_test/build/zmr_demo
running symlink_data
creating /home/michael/ros2_ws_test/install/zmr_demo/share/ament_index
creating /home/michael/ros2_ws_test/install/zmr_demo/share/ament_index/resource_index
creating /home/michael/ros2_ws_test/install/zmr_demo/share/ament_index/resource_index/packages
symbolically linking /home/michael/ros2_ws_test/build/zmr_demo/resource/zmr_demo -> /home/michael/ros2_ws_test/install/zmr_demo/share/ament_index/resource_index/packages
symbolically linking /home/michael/ros2_ws_test/build/zmr_demo/package.xml -> /home/michael/ros2_ws_test/install/zmr_demo/share/zmr_demo
creating /home/michael/ros2_ws_test/install/zmr_demo/share/zmr_demo/launch
symbolically linking /home/michael/ros2_ws_test/build/zmr_demo/launch/single_robot_mpc_rviz.launch.py -> /home/michael/ros2_ws_test/install/zmr_demo/share/zmr_demo/launch
symbolically linking /home/michael/ros2_ws_test/build/zmr_demo/launch/demo_mir_hospital_single_robot_gazebo_mpc_mmp.launch.py -> /home/michael/ros2_ws_test/install/zmr_demo/share/zmr_demo/launch
symbolically linking /home/michael/ros2_ws_test/build/zmr_demo/launch/demo_warehouse_single_robot_gazebo_mpc_mmp.launch.py -> /home/michael/ros2_ws_test/install/zmr_demo/share/zmr_demo/launch
symbolically linking /home/michael/ros2_ws_test/build/zmr_demo/launch/warehouse_single_robot_mpc_rviz.launch.py -> /home/michael/ros2_ws_test/install/zmr_demo/share/zmr_demo/launch
symbolically linking /home/michael/ros2_ws_test/build/zmr_demo/launch/demo_mir_warehouse_single_robot_gazebo_mpc_mmp.launch.py -> /home/michael/ros2_ws_test/install/zmr_demo/share/zmr_demo/launch
symbolically linking /home/michael/ros2_ws_test/build/zmr_demo/launch/dual_robot_rviz.launch.py -> /home/michael/ros2_ws_test/install/zmr_demo/share/zmr_demo/launch
symbolically linking /home/michael/ros2_ws_test/build/zmr_demo/launch/single_robot_pp_gazebo.launch.py -> /home/michael/ros2_ws_test/install/zmr_demo/share/zmr_demo/launch
symbolically linking /home/michael/ros2_ws_test/build/zmr_demo/launch/single_robot_mpc_gazebo.launch.py -> /home/michael/ros2_ws_test/install/zmr_demo/share/zmr_demo/launch
symbolically linking /home/michael/ros2_ws_test/build/zmr_demo/launch/warehouse_single_robot_mpc_gazebo.launch.py -> /home/michael/ros2_ws_test/install/zmr_demo/share/zmr_demo/launch
symbolically linking /home/michael/ros2_ws_test/build/zmr_demo/launch/static_robot.launch.py -> /home/michael/ros2_ws_test/install/zmr_demo/share/zmr_demo/launch
symbolically linking /home/michael/ros2_ws_test/build/zmr_demo/launch/dual_robot_mpc.launch.py -> /home/michael/ros2_ws_test/install/zmr_demo/share/zmr_demo/launch
symbolically linking /home/michael/ros2_ws_test/build/zmr_demo/launch/demo_mir_warehouse_dual_robot_gazebo_mpc_mmp.launch.py -> /home/michael/ros2_ws_test/install/zmr_demo/share/zmr_demo/launch
symbolically linking /home/michael/ros2_ws_test/build/zmr_demo/launch/single_robot_pp_rviz.launch.py -> /home/michael/ros2_ws_test/install/zmr_demo/share/zmr_demo/launch
symbolically linking /home/michael/ros2_ws_test/build/zmr_demo/launch/dual_robot_pp_gazebo.launch.py -> /home/michael/ros2_ws_test/install/zmr_demo/share/zmr_demo/launch
symbolically linking /home/michael/ros2_ws_test/build/zmr_demo/launch/dual_robot_pp.launch.py -> /home/michael/ros2_ws_test/install/zmr_demo/share/zmr_demo/launch
symbolically linking /home/michael/ros2_ws_test/build/zmr_demo/launch/dual_robot_mpc_gazebo.launch.py -> /home/michael/ros2_ws_test/install/zmr_demo/share/zmr_demo/launch
creating /home/michael/ros2_ws_test/install/zmr_demo/share/zmr_demo/rviz
symbolically linking /home/michael/ros2_ws_test/build/zmr_demo/rviz/mmp_single_mir_robot_surroundings.rviz -> /home/michael/ros2_ws_test/install/zmr_demo/share/zmr_demo/rviz
symbolically linking /home/michael/ros2_ws_test/build/zmr_demo/rviz/mmp_single_robot_surroundings.rviz -> /home/michael/ros2_ws_test/install/zmr_demo/share/zmr_demo/rviz
symbolically linking /home/michael/ros2_ws_test/build/zmr_demo/rviz/dual_robot_surroundings.rviz -> /home/michael/ros2_ws_test/install/zmr_demo/share/zmr_demo/rviz
symbolically linking /home/michael/ros2_ws_test/build/zmr_demo/rviz/mmp_dual_mir_robot_surroundings.rviz -> /home/michael/ros2_ws_test/install/zmr_demo/share/zmr_demo/rviz
symbolically linking /home/michael/ros2_ws_test/build/zmr_demo/rviz/single_robot_surroundings.rviz -> /home/michael/ros2_ws_test/install/zmr_demo/share/zmr_demo/rviz
symbolically linking /home/michael/ros2_ws_test/build/zmr_demo/rviz/static_robot.rviz -> /home/michael/ros2_ws_test/install/zmr_demo/share/zmr_demo/rviz
