[0.272s] Invoking command in '/home/michael/ros2_ws_test/build/mmp_motion_predict': CMAKE_PREFIX_PATH=/home/michael/ros2_ws_test/install/mmp_interfaces:/home/michael/ros2_ws_test/install/zmr_interfaces:/home/michael/ros2_ws_test/install/mps_interfaces:/home/michael/ros2_ws_test/install/mir_description:/home/michael/ros2_ws_test/install/map_interfaces:/home/michael/ros2_ws_test/install/gazebo_worlds:/home/michael/ros2_ws_test/install/gazebo_ros_actor_pose_plugin LD_LIBRARY_PATH=/home/michael/ros2_ws_test/install/mmp_interfaces/lib:/home/michael/ros2_ws_test/install/zmr_interfaces/lib:/home/michael/ros2_ws_test/install/mps_interfaces/lib:/home/michael/ros2_ws_test/install/map_interfaces/lib:/home/michael/ros2_ws_test/install/gazebo_ros_actor_pose_plugin/lib:/usr/lib/x86_64-linux-gnu/gazebo-11/plugins:/opt/ros/humble/opt/rviz_ogre_vendor/lib:/opt/ros/humble/lib/x86_64-linux-gnu:/opt/ros/humble/lib PYTHONPATH=/home/michael/ros2_ws_test/build/mmp_motion_predict/prefix_override:/usr/lib/python3/dist-packages/colcon_core/task/python/colcon_distutils_commands:/home/michael/ros2_ws_test/install/mmp_motion_predict/lib/python3.10/site-packages:${PYTHONPATH} /usr/bin/python3 -W ignore:setup.py install is deprecated -W ignore:easy_install command is deprecated setup.py develop --editable --build-directory /home/michael/ros2_ws_test/build/mmp_motion_predict/build --no-deps symlink_data
[0.385s] running develop
[0.446s] running egg_info
[0.446s] creating mmp_motion_predict.egg-info
[0.446s] writing mmp_motion_predict.egg-info/PKG-INFO
[0.446s] writing dependency_links to mmp_motion_predict.egg-info/dependency_links.txt
[0.446s] writing entry points to mmp_motion_predict.egg-info/entry_points.txt
[0.446s] writing requirements to mmp_motion_predict.egg-info/requires.txt
[0.446s] writing top-level names to mmp_motion_predict.egg-info/top_level.txt
[0.446s] writing manifest file 'mmp_motion_predict.egg-info/SOURCES.txt'
[0.447s] reading manifest file 'mmp_motion_predict.egg-info/SOURCES.txt'
[0.447s] writing manifest file 'mmp_motion_predict.egg-info/SOURCES.txt'
[0.448s] running build_ext
[0.448s] Creating /home/michael/ros2_ws_test/install/mmp_motion_predict/lib/python3.10/site-packages/mmp-motion-predict.egg-link (link to .)
[0.448s] Installing actor_traj_publisher script to /home/michael/ros2_ws_test/install/mmp_motion_predict/lib/mmp_motion_predict
[0.449s] Installing demo_traj_publisher script to /home/michael/ros2_ws_test/install/mmp_motion_predict/lib/mmp_motion_predict
[0.449s] Installing motion_prediction_node script to /home/michael/ros2_ws_test/install/mmp_motion_predict/lib/mmp_motion_predict
[0.449s] 
[0.449s] Installed /home/michael/ros2_ws_test/build/mmp_motion_predict
[0.449s] running symlink_data
[0.449s] creating /home/michael/ros2_ws_test/install/mmp_motion_predict/share/ament_index
[0.449s] creating /home/michael/ros2_ws_test/install/mmp_motion_predict/share/ament_index/resource_index
[0.449s] creating /home/michael/ros2_ws_test/install/mmp_motion_predict/share/ament_index/resource_index/packages
[0.449s] symbolically linking /home/michael/ros2_ws_test/build/mmp_motion_predict/resource/mmp_motion_predict -> /home/michael/ros2_ws_test/install/mmp_motion_predict/share/ament_index/resource_index/packages
[0.449s] symbolically linking /home/michael/ros2_ws_test/build/mmp_motion_predict/package.xml -> /home/michael/ros2_ws_test/install/mmp_motion_predict/share/mmp_motion_predict
[0.449s] creating /home/michael/ros2_ws_test/install/mmp_motion_predict/share/mmp_motion_predict/config
[0.449s] symbolically linking /home/michael/ros2_ws_test/build/mmp_motion_predict/config/global_setting_zospital.yaml -> /home/michael/ros2_ws_test/install/mmp_motion_predict/share/mmp_motion_predict/config
[0.449s] symbolically linking /home/michael/ros2_ws_test/build/mmp_motion_predict/config/hpd_1t20_poselu_enll_train.yaml -> /home/michael/ros2_ws_test/install/mmp_motion_predict/share/mmp_motion_predict/config
[0.449s] symbolically linking /home/michael/ros2_ws_test/build/mmp_motion_predict/config/global_setting_warehouse.yaml -> /home/michael/ros2_ws_test/install/mmp_motion_predict/share/mmp_motion_predict/config
[0.449s] symbolically linking /home/michael/ros2_ws_test/build/mmp_motion_predict/config/zpd_1t20_poselu_enll_train.yaml -> /home/michael/ros2_ws_test/install/mmp_motion_predict/share/mmp_motion_predict/config
[0.449s] symbolically linking /home/michael/ros2_ws_test/build/mmp_motion_predict/config/wsd_1t20_poselu_enll_train.yaml -> /home/michael/ros2_ws_test/install/mmp_motion_predict/share/mmp_motion_predict/config
[0.449s] creating /home/michael/ros2_ws_test/install/mmp_motion_predict/share/mmp_motion_predict/launch
[0.449s] symbolically linking /home/michael/ros2_ws_test/build/mmp_motion_predict/launch/demo_mmp_motion_predict.launch.py -> /home/michael/ros2_ws_test/install/mmp_motion_predict/share/mmp_motion_predict/launch
[0.449s] symbolically linking /home/michael/ros2_ws_test/build/mmp_motion_predict/launch/mmp_motion_predict_hospital.launch.py -> /home/michael/ros2_ws_test/install/mmp_motion_predict/share/mmp_motion_predict/launch
[0.449s] symbolically linking /home/michael/ros2_ws_test/build/mmp_motion_predict/launch/mmp_motion_predict.launch.py -> /home/michael/ros2_ws_test/install/mmp_motion_predict/share/mmp_motion_predict/launch
[0.449s] creating /home/michael/ros2_ws_test/install/mmp_motion_predict/share/mmp_motion_predict/rviz
[0.449s] symbolically linking /home/michael/ros2_ws_test/build/mmp_motion_predict/rviz/demo.rviz -> /home/michael/ros2_ws_test/install/mmp_motion_predict/share/mmp_motion_predict/rviz
[0.449s] creating /home/michael/ros2_ws_test/install/mmp_motion_predict/share/mmp_motion_predict/data
[0.449s] symbolically linking /home/michael/ros2_ws_test/build/mmp_motion_predict/data/actor_2_traj.xml -> /home/michael/ros2_ws_test/install/mmp_motion_predict/share/mmp_motion_predict/data/.
[0.449s] creating /home/michael/ros2_ws_test/install/mmp_motion_predict/share/mmp_motion_predict/data/zospital_sim_original
[0.449s] symbolically linking /home/michael/ros2_ws_test/build/mmp_motion_predict/data/zospital_sim_original/zospital_map_axis.png -> /home/michael/ros2_ws_test/install/mmp_motion_predict/share/mmp_motion_predict/data/zospital_sim_original
[0.449s] symbolically linking /home/michael/ros2_ws_test/build/mmp_motion_predict/data/zospital_sim_original/graph.json -> /home/michael/ros2_ws_test/install/mmp_motion_predict/share/mmp_motion_predict/data/zospital_sim_original
[0.449s] symbolically linking /home/michael/ros2_ws_test/build/mmp_motion_predict/data/zospital_sim_original/map.pgm -> /home/michael/ros2_ws_test/install/mmp_motion_predict/share/mmp_motion_predict/data/zospital_sim_original
[0.449s] symbolically linking /home/michael/ros2_ws_test/build/mmp_motion_predict/data/zospital_sim_original/zospital_map_axis.pdf -> /home/michael/ros2_ws_test/install/mmp_motion_predict/share/mmp_motion_predict/data/zospital_sim_original
[0.449s] symbolically linking /home/michael/ros2_ws_test/build/mmp_motion_predict/data/zospital_sim_original/label.png -> /home/michael/ros2_ws_test/install/mmp_motion_predict/share/mmp_motion_predict/data/zospital_sim_original
[0.449s] symbolically linking /home/michael/ros2_ws_test/build/mmp_motion_predict/data/zospital_sim_original/map_real.json -> /home/michael/ros2_ws_test/install/mmp_motion_predict/share/mmp_motion_predict/data/zospital_sim_original
[0.449s] symbolically linking /home/michael/ros2_ws_test/build/mmp_motion_predict/data/zospital_sim_original/background.png -> /home/michael/ros2_ws_test/install/mmp_motion_predict/share/mmp_motion_predict/data/zospital_sim_original
[0.449s] symbolically linking /home/michael/ros2_ws_test/build/mmp_motion_predict/data/zospital_sim_original/map.png -> /home/michael/ros2_ws_test/install/mmp_motion_predict/share/mmp_motion_predict/data/zospital_sim_original
[0.449s] symbolically linking /home/michael/ros2_ws_test/build/mmp_motion_predict/data/zospital_sim_original/map.yaml -> /home/michael/ros2_ws_test/install/mmp_motion_predict/share/mmp_motion_predict/data/zospital_sim_original
[0.449s] symbolically linking /home/michael/ros2_ws_test/build/mmp_motion_predict/data/zospital_sim_original/map.json -> /home/michael/ros2_ws_test/install/mmp_motion_predict/share/mmp_motion_predict/data/zospital_sim_original
[0.449s] symbolically linking /home/michael/ros2_ws_test/build/mmp_motion_predict/data/zospital_sim_original/graph_real.json -> /home/michael/ros2_ws_test/install/mmp_motion_predict/share/mmp_motion_predict/data/zospital_sim_original
[0.449s] creating /home/michael/ros2_ws_test/install/mmp_motion_predict/share/mmp_motion_predict/data/warehouse_sim_original
[0.449s] symbolically linking /home/michael/ros2_ws_test/build/mmp_motion_predict/data/warehouse_sim_original/graph.json -> /home/michael/ros2_ws_test/install/mmp_motion_predict/share/mmp_motion_predict/data/warehouse_sim_original
[0.449s] symbolically linking /home/michael/ros2_ws_test/build/mmp_motion_predict/data/warehouse_sim_original/map.pgm -> /home/michael/ros2_ws_test/install/mmp_motion_predict/share/mmp_motion_predict/data/warehouse_sim_original
[0.449s] symbolically linking /home/michael/ros2_ws_test/build/mmp_motion_predict/data/warehouse_sim_original/background.png -> /home/michael/ros2_ws_test/install/mmp_motion_predict/share/mmp_motion_predict/data/warehouse_sim_original
[0.450s] symbolically linking /home/michael/ros2_ws_test/build/mmp_motion_predict/data/warehouse_sim_original/map.yaml -> /home/michael/ros2_ws_test/install/mmp_motion_predict/share/mmp_motion_predict/data/warehouse_sim_original
[0.450s] symbolically linking /home/michael/ros2_ws_test/build/mmp_motion_predict/data/warehouse_sim_original/map.json -> /home/michael/ros2_ws_test/install/mmp_motion_predict/share/mmp_motion_predict/data/warehouse_sim_original
[0.450s] creating /home/michael/ros2_ws_test/install/mmp_motion_predict/share/mmp_motion_predict/model
[0.450s] symbolically linking /home/michael/ros2_ws_test/build/mmp_motion_predict/model/wsd_poselu_enll_1 -> /home/michael/ros2_ws_test/install/mmp_motion_predict/share/mmp_motion_predict/model/.
[0.450s] symbolically linking /home/michael/ros2_ws_test/build/mmp_motion_predict/model/wsd_none_bce_1 -> /home/michael/ros2_ws_test/install/mmp_motion_predict/share/mmp_motion_predict/model/.
[0.450s] symbolically linking /home/michael/ros2_ws_test/build/mmp_motion_predict/model/zospital_poselu_enll_1 -> /home/michael/ros2_ws_test/install/mmp_motion_predict/share/mmp_motion_predict/model/.
[0.450s] symbolically linking /home/michael/ros2_ws_test/build/mmp_motion_predict/model/hospital_poselu_enll_1 -> /home/michael/ros2_ws_test/install/mmp_motion_predict/share/mmp_motion_predict/model/.
[0.465s] Invoked command in '/home/michael/ros2_ws_test/build/mmp_motion_predict' returned '0': CMAKE_PREFIX_PATH=/home/michael/ros2_ws_test/install/mmp_interfaces:/home/michael/ros2_ws_test/install/zmr_interfaces:/home/michael/ros2_ws_test/install/mps_interfaces:/home/michael/ros2_ws_test/install/mir_description:/home/michael/ros2_ws_test/install/map_interfaces:/home/michael/ros2_ws_test/install/gazebo_worlds:/home/michael/ros2_ws_test/install/gazebo_ros_actor_pose_plugin LD_LIBRARY_PATH=/home/michael/ros2_ws_test/install/mmp_interfaces/lib:/home/michael/ros2_ws_test/install/zmr_interfaces/lib:/home/michael/ros2_ws_test/install/mps_interfaces/lib:/home/michael/ros2_ws_test/install/map_interfaces/lib:/home/michael/ros2_ws_test/install/gazebo_ros_actor_pose_plugin/lib:/usr/lib/x86_64-linux-gnu/gazebo-11/plugins:/opt/ros/humble/opt/rviz_ogre_vendor/lib:/opt/ros/humble/lib/x86_64-linux-gnu:/opt/ros/humble/lib PYTHONPATH=/home/michael/ros2_ws_test/build/mmp_motion_predict/prefix_override:/usr/lib/python3/dist-packages/colcon_core/task/python/colcon_distutils_commands:/home/michael/ros2_ws_test/install/mmp_motion_predict/lib/python3.10/site-packages:${PYTHONPATH} /usr/bin/python3 -W ignore:setup.py install is deprecated -W ignore:easy_install command is deprecated setup.py develop --editable --build-directory /home/michael/ros2_ws_test/build/mmp_motion_predict/build --no-deps symlink_data
