[0.496s] Invoking command in '/home/michael/ros2_ws_test/build/zmr_mpc': CMAKE_PREFIX_PATH=/home/michael/ros2_ws_test/install/mps_interfaces:/home/michael/ros2_ws_test/install/zmr_interfaces:/home/michael/ros2_ws_test/install/map_interfaces:/home/michael/ros2_ws_test/install/mmp_interfaces:/home/michael/ros2_ws_test/install/mir_description:/home/michael/ros2_ws_test/install/gazebo_worlds:/home/michael/ros2_ws_test/install/gazebo_ros_actor_pose_plugin LD_LIBRARY_PATH=/home/michael/ros2_ws_test/install/mps_interfaces/lib:/home/michael/ros2_ws_test/install/zmr_interfaces/lib:/home/michael/ros2_ws_test/install/map_interfaces/lib:/home/michael/ros2_ws_test/install/gazebo_ros_actor_pose_plugin/lib:/home/michael/ros2_ws_test/install/mmp_interfaces/lib:/usr/lib/x86_64-linux-gnu/gazebo-11/plugins:/opt/ros/humble/opt/rviz_ogre_vendor/lib:/opt/ros/humble/lib/x86_64-linux-gnu:/opt/ros/humble/lib PYTHONPATH=/home/michael/ros2_ws_test/build/zmr_mpc/prefix_override:/usr/lib/python3/dist-packages/colcon_core/task/python/colcon_distutils_commands:/home/michael/ros2_ws_test/install/zmr_mpc/lib/python3.10/site-packages:${PYTHONPATH} /usr/bin/python3 -W ignore:setup.py install is deprecated -W ignore:easy_install command is deprecated setup.py develop --editable --build-directory /home/michael/ros2_ws_test/build/zmr_mpc/build --no-deps symlink_data
[0.605s] running develop
[0.665s] running egg_info
[0.665s] creating zmr_mpc.egg-info
[0.665s] writing zmr_mpc.egg-info/PKG-INFO
[0.665s] writing dependency_links to zmr_mpc.egg-info/dependency_links.txt
[0.665s] writing entry points to zmr_mpc.egg-info/entry_points.txt
[0.665s] writing requirements to zmr_mpc.egg-info/requires.txt
[0.665s] writing top-level names to zmr_mpc.egg-info/top_level.txt
[0.665s] writing manifest file 'zmr_mpc.egg-info/SOURCES.txt'
[0.666s] reading manifest file 'zmr_mpc.egg-info/SOURCES.txt'
[0.666s] writing manifest file 'zmr_mpc.egg-info/SOURCES.txt'
[0.668s] running build_ext
[0.668s] Creating /home/michael/ros2_ws_test/install/zmr_mpc/lib/python3.10/site-packages/zmr-mpc.egg-link (link to .)
[0.668s] Installing mpc_trajectory_tracker_node script to /home/michael/ros2_ws_test/install/zmr_mpc/lib/zmr_mpc
[0.668s] 
[0.668s] Installed /home/michael/ros2_ws_test/build/zmr_mpc
[0.668s] running symlink_data
[0.668s] creating /home/michael/ros2_ws_test/install/zmr_mpc/share/ament_index
[0.668s] creating /home/michael/ros2_ws_test/install/zmr_mpc/share/ament_index/resource_index
[0.668s] creating /home/michael/ros2_ws_test/install/zmr_mpc/share/ament_index/resource_index/packages
[0.668s] symbolically linking /home/michael/ros2_ws_test/build/zmr_mpc/resource/zmr_mpc -> /home/michael/ros2_ws_test/install/zmr_mpc/share/ament_index/resource_index/packages
[0.668s] symbolically linking /home/michael/ros2_ws_test/build/zmr_mpc/package.xml -> /home/michael/ros2_ws_test/install/zmr_mpc/share/zmr_mpc
[0.668s] creating /home/michael/ros2_ws_test/install/zmr_mpc/share/zmr_mpc/config
[0.668s] symbolically linking /home/michael/ros2_ws_test/build/zmr_mpc/config/mpc_default_v0.yaml -> /home/michael/ros2_ws_test/install/zmr_mpc/share/zmr_mpc/config
[0.668s] symbolically linking /home/michael/ros2_ws_test/build/zmr_mpc/config/robot_spec_mir.yaml -> /home/michael/ros2_ws_test/install/zmr_mpc/share/zmr_mpc/config
[0.668s] symbolically linking /home/michael/ros2_ws_test/build/zmr_mpc/config/robot_spec_zmr.yaml -> /home/michael/ros2_ws_test/install/zmr_mpc/share/zmr_mpc/config
[0.668s] symbolically linking /home/michael/ros2_ws_test/build/zmr_mpc/config/mpc_fast_v0.yaml -> /home/michael/ros2_ws_test/install/zmr_mpc/share/zmr_mpc/config
[0.668s] symbolically linking /home/michael/ros2_ws_test/build/zmr_mpc/config/mpc_fast.yaml -> /home/michael/ros2_ws_test/install/zmr_mpc/share/zmr_mpc/config
[0.668s] symbolically linking /home/michael/ros2_ws_test/build/zmr_mpc/config/mpc_default.yaml -> /home/michael/ros2_ws_test/install/zmr_mpc/share/zmr_mpc/config
[0.668s] creating /home/michael/ros2_ws_test/install/zmr_mpc/share/zmr_mpc/launch
[0.668s] symbolically linking /home/michael/ros2_ws_test/build/zmr_mpc/launch/zmr_mpc.launch.py -> /home/michael/ros2_ws_test/install/zmr_mpc/share/zmr_mpc/launch
[0.682s] Invoked command in '/home/michael/ros2_ws_test/build/zmr_mpc' returned '0': CMAKE_PREFIX_PATH=/home/michael/ros2_ws_test/install/mps_interfaces:/home/michael/ros2_ws_test/install/zmr_interfaces:/home/michael/ros2_ws_test/install/map_interfaces:/home/michael/ros2_ws_test/install/mmp_interfaces:/home/michael/ros2_ws_test/install/mir_description:/home/michael/ros2_ws_test/install/gazebo_worlds:/home/michael/ros2_ws_test/install/gazebo_ros_actor_pose_plugin LD_LIBRARY_PATH=/home/michael/ros2_ws_test/install/mps_interfaces/lib:/home/michael/ros2_ws_test/install/zmr_interfaces/lib:/home/michael/ros2_ws_test/install/map_interfaces/lib:/home/michael/ros2_ws_test/install/gazebo_ros_actor_pose_plugin/lib:/home/michael/ros2_ws_test/install/mmp_interfaces/lib:/usr/lib/x86_64-linux-gnu/gazebo-11/plugins:/opt/ros/humble/opt/rviz_ogre_vendor/lib:/opt/ros/humble/lib/x86_64-linux-gnu:/opt/ros/humble/lib PYTHONPATH=/home/michael/ros2_ws_test/build/zmr_mpc/prefix_override:/usr/lib/python3/dist-packages/colcon_core/task/python/colcon_distutils_commands:/home/michael/ros2_ws_test/install/zmr_mpc/lib/python3.10/site-packages:${PYTHONPATH} /usr/bin/python3 -W ignore:setup.py install is deprecated -W ignore:easy_install command is deprecated setup.py develop --editable --build-directory /home/michael/ros2_ws_test/build/zmr_mpc/build --no-deps symlink_data
