running develop
running egg_info
creating zmr_drive_model.egg-info
writing zmr_drive_model.egg-info/PKG-INFO
writing dependency_links to zmr_drive_model.egg-info/dependency_links.txt
writing entry points to zmr_drive_model.egg-info/entry_points.txt
writing requirements to zmr_drive_model.egg-info/requires.txt
writing top-level names to zmr_drive_model.egg-info/top_level.txt
writing manifest file 'zmr_drive_model.egg-info/SOURCES.txt'
reading manifest file 'zmr_drive_model.egg-info/SOURCES.txt'
writing manifest file 'zmr_drive_model.egg-info/SOURCES.txt'
running build_ext
Creating /home/michael/ros2_ws_test/install/zmr_drive_model/lib/python3.10/site-packages/zmr-drive-model.egg-link (link to .)
Installing diff_drive_controller_node script to /home/michael/ros2_ws_test/install/zmr_drive_model/lib/zmr_drive_model
Installing diff_drive_odom_node script to /home/michael/ros2_ws_test/install/zmr_drive_model/lib/zmr_drive_model

Installed /home/michael/ros2_ws_test/build/zmr_drive_model
running symlink_data
creating /home/michael/ros2_ws_test/install/zmr_drive_model/share/ament_index
creating /home/michael/ros2_ws_test/install/zmr_drive_model/share/ament_index/resource_index
creating /home/michael/ros2_ws_test/install/zmr_drive_model/share/ament_index/resource_index/packages
symbolically linking /home/michael/ros2_ws_test/build/zmr_drive_model/resource/zmr_drive_model -> /home/michael/ros2_ws_test/install/zmr_drive_model/share/ament_index/resource_index/packages
symbolically linking /home/michael/ros2_ws_test/build/zmr_drive_model/package.xml -> /home/michael/ros2_ws_test/install/zmr_drive_model/share/zmr_drive_model
creating /home/michael/ros2_ws_test/install/zmr_drive_model/share/zmr_drive_model/launch
symbolically linking /home/michael/ros2_ws_test/build/zmr_drive_model/launch/zmr_drive_model.launch.py -> /home/michael/ros2_ws_test/install/zmr_drive_model/share/zmr_drive_model/launch
