[0.603s] Invoking command in '/home/michael/ros2_ws_test/build/zmr_drive_model': PYTHONPATH=/home/michael/ros2_ws_test/build/zmr_drive_model/prefix_override:/usr/lib/python3/dist-packages/colcon_core/task/python/colcon_distutils_commands:/home/michael/ros2_ws_test/install/zmr_drive_model/lib/python3.10/site-packages:${PYTHONPATH} /usr/bin/python3 -W ignore:setup.py install is deprecated -W ignore:easy_install command is deprecated setup.py develop --editable --build-directory /home/michael/ros2_ws_test/build/zmr_drive_model/build --no-deps symlink_data
[0.713s] running develop
[0.766s] running egg_info
[0.766s] creating zmr_drive_model.egg-info
[0.767s] writing zmr_drive_model.egg-info/PKG-INFO
[0.767s] writing dependency_links to zmr_drive_model.egg-info/dependency_links.txt
[0.767s] writing entry points to zmr_drive_model.egg-info/entry_points.txt
[0.767s] writing requirements to zmr_drive_model.egg-info/requires.txt
[0.767s] writing top-level names to zmr_drive_model.egg-info/top_level.txt
[0.767s] writing manifest file 'zmr_drive_model.egg-info/SOURCES.txt'
[0.768s] reading manifest file 'zmr_drive_model.egg-info/SOURCES.txt'
[0.768s] writing manifest file 'zmr_drive_model.egg-info/SOURCES.txt'
[0.769s] running build_ext
[0.769s] Creating /home/michael/ros2_ws_test/install/zmr_drive_model/lib/python3.10/site-packages/zmr-drive-model.egg-link (link to .)
[0.769s] Installing diff_drive_controller_node script to /home/michael/ros2_ws_test/install/zmr_drive_model/lib/zmr_drive_model
[0.769s] Installing diff_drive_odom_node script to /home/michael/ros2_ws_test/install/zmr_drive_model/lib/zmr_drive_model
[0.769s] 
[0.769s] Installed /home/michael/ros2_ws_test/build/zmr_drive_model
[0.769s] running symlink_data
[0.769s] creating /home/michael/ros2_ws_test/install/zmr_drive_model/share/ament_index
[0.769s] creating /home/michael/ros2_ws_test/install/zmr_drive_model/share/ament_index/resource_index
[0.769s] creating /home/michael/ros2_ws_test/install/zmr_drive_model/share/ament_index/resource_index/packages
[0.769s] symbolically linking /home/michael/ros2_ws_test/build/zmr_drive_model/resource/zmr_drive_model -> /home/michael/ros2_ws_test/install/zmr_drive_model/share/ament_index/resource_index/packages
[0.769s] symbolically linking /home/michael/ros2_ws_test/build/zmr_drive_model/package.xml -> /home/michael/ros2_ws_test/install/zmr_drive_model/share/zmr_drive_model
[0.769s] creating /home/michael/ros2_ws_test/install/zmr_drive_model/share/zmr_drive_model/launch
[0.769s] symbolically linking /home/michael/ros2_ws_test/build/zmr_drive_model/launch/zmr_drive_model.launch.py -> /home/michael/ros2_ws_test/install/zmr_drive_model/share/zmr_drive_model/launch
[0.789s] Invoked command in '/home/michael/ros2_ws_test/build/zmr_drive_model' returned '0': PYTHONPATH=/home/michael/ros2_ws_test/build/zmr_drive_model/prefix_override:/usr/lib/python3/dist-packages/colcon_core/task/python/colcon_distutils_commands:/home/michael/ros2_ws_test/install/zmr_drive_model/lib/python3.10/site-packages:${PYTHONPATH} /usr/bin/python3 -W ignore:setup.py install is deprecated -W ignore:easy_install command is deprecated setup.py develop --editable --build-directory /home/michael/ros2_ws_test/build/zmr_drive_model/build --no-deps symlink_data
