[0.021s] Invoking command in '/home/michael/ros2_ws_test/build/mir_description': CMAKE_PREFIX_PATH=${CMAKE_PREFIX_PATH}:/home/michael/ros2_ws_test/install/zmr_pure_pursuit:/home/michael/ros2_ws_test/install/zmr_mpc:/home/michael/ros2_ws_test/install/zmr_manager:/home/michael/ros2_ws_test/install/zmr_drive_model:/home/michael/ros2_ws_test/install/zmr_description:/home/michael/ros2_ws_test/install/mps_motion_plan:/home/michael/ros2_ws_test/install/map_description:/home/michael/ros2_ws_test/install/zmr_demo:/home/michael/ros2_ws_test/install/mmp_motion_predict:/opt/ros/humble /usr/bin/cmake /home/michael/ros2_ws_test/src/DyObAv-MPCnEBM-Warehouse-ROS2/src/mir_description -DAMENT_CMAKE_SYMLINK_INSTALL=1 -DCMAKE_INSTALL_PREFIX=/home/michael/ros2_ws_test/install/mir_description
[0.349s] -- The C compiler identification is GNU 11.4.0
[0.349s] -- The CXX compiler identification is GNU 11.4.0
[0.349s] -- Detecting C compiler ABI info
[0.349s] -- Detecting C compiler ABI info - done
[0.349s] -- Check for working C compiler: /usr/bin/cc - skipped
[0.349s] -- Detecting C compile features
[0.350s] -- Detecting C compile features - done
[0.350s] -- Detecting CXX compiler ABI info
[0.350s] -- Detecting CXX compiler ABI info - done
[0.350s] -- Check for working CXX compiler: /usr/bin/c++ - skipped
[0.350s] -- Detecting CXX compile features
[0.350s] -- Detecting CXX compile features - done
[0.350s] -- Found ament_cmake: 1.3.13 (/opt/ros/humble/share/ament_cmake/cmake)
[0.350s] -- Found Python3: /usr/bin/python3 (found version "3.10.12") found components: Interpreter 
[0.350s] -- Override CMake install command with custom implementation using symlinks instead of copying resources
[0.350s] -- Found ament_lint_auto: 0.12.15 (/opt/ros/humble/share/ament_lint_auto/cmake)
[0.350s] -- Added test 'flake8' to check Python code syntax and style conventions
[0.350s] -- Added test 'lint_cmake' to check CMake code style
[0.350s] -- Added test 'pep257' to check Python code against some of the docstring style conventions in PEP 257
[0.350s] -- Added test 'xmllint' to check XML markup files
[0.350s] -- Configuring done
[0.350s] -- Generating done
[0.350s] -- Build files have been written to: /home/michael/ros2_ws_test/build/mir_description
[0.452s] Invoked command in '/home/michael/ros2_ws_test/build/mir_description' returned '0': CMAKE_PREFIX_PATH=${CMAKE_PREFIX_PATH}:/home/michael/ros2_ws_test/install/zmr_pure_pursuit:/home/michael/ros2_ws_test/install/zmr_mpc:/home/michael/ros2_ws_test/install/zmr_manager:/home/michael/ros2_ws_test/install/zmr_drive_model:/home/michael/ros2_ws_test/install/zmr_description:/home/michael/ros2_ws_test/install/mps_motion_plan:/home/michael/ros2_ws_test/install/map_description:/home/michael/ros2_ws_test/install/zmr_demo:/home/michael/ros2_ws_test/install/mmp_motion_predict:/opt/ros/humble /usr/bin/cmake /home/michael/ros2_ws_test/src/DyObAv-MPCnEBM-Warehouse-ROS2/src/mir_description -DAMENT_CMAKE_SYMLINK_INSTALL=1 -DCMAKE_INSTALL_PREFIX=/home/michael/ros2_ws_test/install/mir_description
[0.453s] Invoking command in '/home/michael/ros2_ws_test/build/mir_description': CMAKE_PREFIX_PATH=${CMAKE_PREFIX_PATH}:/home/michael/ros2_ws_test/install/zmr_pure_pursuit:/home/michael/ros2_ws_test/install/zmr_mpc:/home/michael/ros2_ws_test/install/zmr_manager:/home/michael/ros2_ws_test/install/zmr_drive_model:/home/michael/ros2_ws_test/install/zmr_description:/home/michael/ros2_ws_test/install/mps_motion_plan:/home/michael/ros2_ws_test/install/map_description:/home/michael/ros2_ws_test/install/zmr_demo:/home/michael/ros2_ws_test/install/mmp_motion_predict:/opt/ros/humble /usr/bin/cmake --build /home/michael/ros2_ws_test/build/mir_description -- -j24 -l24
[0.473s] Invoked command in '/home/michael/ros2_ws_test/build/mir_description' returned '0': CMAKE_PREFIX_PATH=${CMAKE_PREFIX_PATH}:/home/michael/ros2_ws_test/install/zmr_pure_pursuit:/home/michael/ros2_ws_test/install/zmr_mpc:/home/michael/ros2_ws_test/install/zmr_manager:/home/michael/ros2_ws_test/install/zmr_drive_model:/home/michael/ros2_ws_test/install/zmr_description:/home/michael/ros2_ws_test/install/mps_motion_plan:/home/michael/ros2_ws_test/install/map_description:/home/michael/ros2_ws_test/install/zmr_demo:/home/michael/ros2_ws_test/install/mmp_motion_predict:/opt/ros/humble /usr/bin/cmake --build /home/michael/ros2_ws_test/build/mir_description -- -j24 -l24
[0.479s] Invoking command in '/home/michael/ros2_ws_test/build/mir_description': CMAKE_PREFIX_PATH=${CMAKE_PREFIX_PATH}:/home/michael/ros2_ws_test/install/zmr_pure_pursuit:/home/michael/ros2_ws_test/install/zmr_mpc:/home/michael/ros2_ws_test/install/zmr_manager:/home/michael/ros2_ws_test/install/zmr_drive_model:/home/michael/ros2_ws_test/install/zmr_description:/home/michael/ros2_ws_test/install/mps_motion_plan:/home/michael/ros2_ws_test/install/map_description:/home/michael/ros2_ws_test/install/zmr_demo:/home/michael/ros2_ws_test/install/mmp_motion_predict:/opt/ros/humble /usr/bin/cmake --install /home/michael/ros2_ws_test/build/mir_description
[0.483s] -- Install configuration: ""
[0.483s] -- Execute custom install script
[0.483s] -- Symlinking: /home/michael/ros2_ws_test/install/mir_description/share/mir_description/config/LICENSE
[0.487s] -- Symlinking: /home/michael/ros2_ws_test/install/mir_description/share/mir_description/launch/LICENSE
[0.491s] -- Symlinking: /home/michael/ros2_ws_test/install/mir_description/share/mir_description/launch/mir_description.launch.py
[0.496s] -- Symlinking: /home/michael/ros2_ws_test/install/mir_description/share/mir_description/launch/mir_entity_spawn.launch.py
[0.500s] -- Symlinking: /home/michael/ros2_ws_test/install/mir_description/share/mir_description/launch/test_mir_rviz_standalone.launch.py
[0.505s] -- Symlinking: /home/michael/ros2_ws_test/install/mir_description/share/mir_description/rviz/LICENSE
[0.509s] -- Symlinking: /home/michael/ros2_ws_test/install/mir_description/share/mir_description/rviz/test_mir_bringup.rviz
[0.513s] -- Symlinking: /home/michael/ros2_ws_test/install/mir_description/share/mir_description/meshes/LICENSE
[0.517s] -- Symlinking: /home/michael/ros2_ws_test/install/mir_description/share/mir_description/meshes/collision/caster_wheel_base.stl
[0.521s] -- Symlinking: /home/michael/ros2_ws_test/install/mir_description/share/mir_description/meshes/collision/mir_100_base.stl
[0.525s] -- Symlinking: /home/michael/ros2_ws_test/install/mir_description/share/mir_description/meshes/collision/mir_250_base.stl
[0.529s] -- Symlinking: /home/michael/ros2_ws_test/install/mir_description/share/mir_description/meshes/visual/caster_wheel_base.stl
[0.535s] -- Symlinking: /home/michael/ros2_ws_test/install/mir_description/share/mir_description/meshes/visual/mir_100_base.stl
[0.536s] -- Symlinking: /home/michael/ros2_ws_test/install/mir_description/share/mir_description/meshes/visual/mir_250_base.stl
[0.540s] -- Symlinking: /home/michael/ros2_ws_test/install/mir_description/share/mir_description/meshes/visual/sick_lms-100.stl
[0.544s] -- Symlinking: /home/michael/ros2_ws_test/install/mir_description/share/mir_description/meshes/visual/wheel.stl
[0.549s] -- Symlinking: /home/michael/ros2_ws_test/install/mir_description/share/mir_description/urdf/LICENSE
[0.553s] -- Symlinking: /home/michael/ros2_ws_test/install/mir_description/share/mir_description/urdf/include/common.gazebo.xacro
[0.556s] -- Symlinking: /home/michael/ros2_ws_test/install/mir_description/share/mir_description/urdf/include/common_properties.urdf.xacro
[0.560s] -- Symlinking: /home/michael/ros2_ws_test/install/mir_description/share/mir_description/urdf/include/imu.gazebo.urdf.xacro
[0.569s] -- Symlinking: /home/michael/ros2_ws_test/install/mir_description/share/mir_description/urdf/include/mir.gazebo.xacro
[0.575s] -- Symlinking: /home/michael/ros2_ws_test/install/mir_description/share/mir_description/urdf/include/mir.transmission.xacro
[0.586s] -- Symlinking: /home/michael/ros2_ws_test/install/mir_description/share/mir_description/urdf/include/mir_100_v1.urdf.xacro
[0.591s] -- Symlinking: /home/michael/ros2_ws_test/install/mir_description/share/mir_description/urdf/include/mir_v1.urdf.xacro
[0.596s] -- Symlinking: /home/michael/ros2_ws_test/install/mir_description/share/mir_description/urdf/include/sick_s300.urdf.xacro
[0.610s] -- Symlinking: /home/michael/ros2_ws_test/install/mir_description/share/mir_description/urdf/mir.urdf.xacro
[0.610s] -- Symlinking: /home/michael/ros2_ws_test/install/mir_description/share/ament_index/resource_index/package_run_dependencies/mir_description
[0.613s] -- Symlinking: /home/michael/ros2_ws_test/install/mir_description/share/ament_index/resource_index/parent_prefix_path/mir_description
[0.618s] -- Symlinking: /home/michael/ros2_ws_test/install/mir_description/share/mir_description/environment/ament_prefix_path.sh
[0.623s] -- Symlinking: /home/michael/ros2_ws_test/install/mir_description/share/mir_description/environment/ament_prefix_path.dsv
[0.626s] -- Symlinking: /home/michael/ros2_ws_test/install/mir_description/share/mir_description/environment/path.sh
[0.630s] -- Symlinking: /home/michael/ros2_ws_test/install/mir_description/share/mir_description/environment/path.dsv
[0.635s] -- Symlinking: /home/michael/ros2_ws_test/install/mir_description/share/mir_description/local_setup.bash
[0.642s] -- Symlinking: /home/michael/ros2_ws_test/install/mir_description/share/mir_description/local_setup.sh
[0.643s] -- Symlinking: /home/michael/ros2_ws_test/install/mir_description/share/mir_description/local_setup.zsh
[0.648s] -- Symlinking: /home/michael/ros2_ws_test/install/mir_description/share/mir_description/local_setup.dsv
[0.652s] -- Symlinking: /home/michael/ros2_ws_test/install/mir_description/share/mir_description/package.dsv
[0.656s] -- Symlinking: /home/michael/ros2_ws_test/install/mir_description/share/ament_index/resource_index/packages/mir_description
[0.661s] -- Symlinking: /home/michael/ros2_ws_test/install/mir_description/share/mir_description/cmake/mir_descriptionConfig.cmake
[0.665s] -- Symlinking: /home/michael/ros2_ws_test/install/mir_description/share/mir_description/cmake/mir_descriptionConfig-version.cmake
[0.673s] -- Symlinking: /home/michael/ros2_ws_test/install/mir_description/share/mir_description/package.xml
[0.681s] Invoked command in '/home/michael/ros2_ws_test/build/mir_description' returned '0': CMAKE_PREFIX_PATH=${CMAKE_PREFIX_PATH}:/home/michael/ros2_ws_test/install/zmr_pure_pursuit:/home/michael/ros2_ws_test/install/zmr_mpc:/home/michael/ros2_ws_test/install/zmr_manager:/home/michael/ros2_ws_test/install/zmr_drive_model:/home/michael/ros2_ws_test/install/zmr_description:/home/michael/ros2_ws_test/install/mps_motion_plan:/home/michael/ros2_ws_test/install/map_description:/home/michael/ros2_ws_test/install/zmr_demo:/home/michael/ros2_ws_test/install/mmp_motion_predict:/opt/ros/humble /usr/bin/cmake --install /home/michael/ros2_ws_test/build/mir_description
