-- The C compiler identification is GNU 11.4.0
-- The CXX compiler identification is GNU 11.4.0
-- Detecting C compiler ABI info
-- Detecting C compiler ABI info - done
-- Check for working C compiler: /usr/bin/cc - skipped
-- Detecting C compile features
-- Detecting C compile features - done
-- Detecting CXX compiler ABI info
-- Detecting CXX compiler ABI info - done
-- Check for working CXX compiler: /usr/bin/c++ - skipped
-- Detecting CXX compile features
-- Detecting CXX compile features - done
-- Found ament_cmake: 1.3.13 (/opt/ros/humble/share/ament_cmake/cmake)
-- Found Python3: /usr/bin/python3 (found version "3.10.12") found components: Interpreter 
-- Override CMake install command with custom implementation using symlinks instead of copying resources
-- Found builtin_interfaces: 1.2.2 (/opt/ros/humble/share/builtin_interfaces/cmake)
-- Found rosidl_generator_c: 3.1.8 (/opt/ros/humble/share/rosidl_generator_c/cmake)
-- Found rosidl_adapter: 3.1.8 (/opt/ros/humble/share/rosidl_adapter/cmake)
-- Found rosidl_generator_cpp: 3.1.8 (/opt/ros/humble/share/rosidl_generator_cpp/cmake)
-- Using all available rosidl_typesupport_c: rosidl_typesupport_fastrtps_c;rosidl_typesupport_introspection_c
-- Using all available rosidl_typesupport_cpp: rosidl_typesupport_fastrtps_cpp;rosidl_typesupport_introspection_cpp
-- Found rosidl_default_generators: 1.2.0 (/opt/ros/humble/share/rosidl_default_generators/cmake)
-- Found std_msgs: 4.9.1 (/opt/ros/humble/share/std_msgs/cmake)
-- Found ament_cmake_ros: 0.10.0 (/opt/ros/humble/share/ament_cmake_ros/cmake)
-- Using all available rosidl_typesupport_c: rosidl_typesupport_fastrtps_c;rosidl_typesupport_introspection_c
-- Using all available rosidl_typesupport_cpp: rosidl_typesupport_fastrtps_cpp;rosidl_typesupport_introspection_cpp
-- Found PythonInterp: /usr/bin/python3 (found suitable version "3.10.12", minimum required is "3.6") 
-- Found python_cmake_module: 0.10.0 (/opt/ros/humble/share/python_cmake_module/cmake)
-- Found PythonLibs: /usr/lib/x86_64-linux-gnu/libpython3.10.so (found suitable version "3.10.12", minimum required is "3.5") 
-- Using PYTHON_EXECUTABLE: /usr/bin/python3
-- Using PYTHON_INCLUDE_DIRS: /usr/include/python3.10
-- Using PYTHON_LIBRARIES: /usr/lib/x86_64-linux-gnu/libpython3.10.so
-- Found PythonExtra: .so  
-- Found ament_lint_auto: 0.12.15 (/opt/ros/humble/share/ament_lint_auto/cmake)
-- Added test 'lint_cmake' to check CMake code style
-- Added test 'xmllint' to check XML markup files
-- Configuring done
-- Generating done
-- Build files have been written to: /home/michael/ros2_ws_test/build/zmr_interfaces
[  2%] [34m[1mGenerating C code for ROS interfaces[0m
[  4%] [34m[1mGenerating C++ code for ROS interfaces[0m
[  4%] Built target ament_cmake_python_symlink_zmr_interfaces
running egg_info
creating zmr_interfaces.egg-info
writing zmr_interfaces.egg-info/PKG-INFO
writing dependency_links to zmr_interfaces.egg-info/dependency_links.txt
writing top-level names to zmr_interfaces.egg-info/top_level.txt
writing manifest file 'zmr_interfaces.egg-info/SOURCES.txt'
reading manifest file 'zmr_interfaces.egg-info/SOURCES.txt'
writing manifest file 'zmr_interfaces.egg-info/SOURCES.txt'
[  4%] Built target ament_cmake_python_build_zmr_interfaces_egg
[  6%] [32mBuilding C object CMakeFiles/zmr_interfaces__rosidl_generator_c.dir/rosidl_generator_c/zmr_interfaces/msg/detail/current_future_states__functions.c.o[0m
[  8%] [32mBuilding C object CMakeFiles/zmr_interfaces__rosidl_generator_c.dir/rosidl_generator_c/zmr_interfaces/srv/detail/get_robot_state__functions.c.o[0m
[ 10%] [32mBuilding C object CMakeFiles/zmr_interfaces__rosidl_generator_c.dir/rosidl_generator_c/zmr_interfaces/srv/detail/get_other_robot_states__functions.c.o[0m
[ 10%] Built target zmr_interfaces__cpp
[ 12%] [34m[1mGenerating C++ type support dispatch for ROS interfaces[0m
[ 14%] [34m[1mGenerating C++ type support for eProsima Fast-RTPS[0m
[ 17%] [34m[1mGenerating C++ introspection for ROS interfaces[0m
[ 19%] [32m[1mLinking C shared library libzmr_interfaces__rosidl_generator_c.so[0m
[ 19%] Built target zmr_interfaces__rosidl_generator_c
[ 21%] [34m[1mGenerating C type support dispatch for ROS interfaces[0m
[ 23%] [34m[1mGenerating C type support for eProsima Fast-RTPS[0m
[ 25%] [34m[1mGenerating C introspection for ROS interfaces[0m
[ 27%] [32mBuilding CXX object CMakeFiles/zmr_interfaces__rosidl_typesupport_cpp.dir/rosidl_typesupport_cpp/zmr_interfaces/msg/current_future_states__type_support.cpp.o[0m
[ 29%] [32mBuilding CXX object CMakeFiles/zmr_interfaces__rosidl_typesupport_cpp.dir/rosidl_typesupport_cpp/zmr_interfaces/srv/get_other_robot_states__type_support.cpp.o[0m
[ 31%] [32mBuilding CXX object CMakeFiles/zmr_interfaces__rosidl_typesupport_cpp.dir/rosidl_typesupport_cpp/zmr_interfaces/srv/get_robot_state__type_support.cpp.o[0m
[ 36%] [32mBuilding CXX object CMakeFiles/zmr_interfaces__rosidl_typesupport_fastrtps_cpp.dir/rosidl_typesupport_fastrtps_cpp/zmr_interfaces/srv/detail/dds_fastrtps/get_other_robot_states__type_support.cpp.o[0m
[ 36%] [32mBuilding CXX object CMakeFiles/zmr_interfaces__rosidl_typesupport_fastrtps_cpp.dir/rosidl_typesupport_fastrtps_cpp/zmr_interfaces/msg/detail/dds_fastrtps/current_future_states__type_support.cpp.o[0m
[ 38%] [32mBuilding CXX object CMakeFiles/zmr_interfaces__rosidl_typesupport_fastrtps_cpp.dir/rosidl_typesupport_fastrtps_cpp/zmr_interfaces/srv/detail/dds_fastrtps/get_robot_state__type_support.cpp.o[0m
[ 40%] [32mBuilding CXX object CMakeFiles/zmr_interfaces__rosidl_typesupport_introspection_cpp.dir/rosidl_typesupport_introspection_cpp/zmr_interfaces/srv/detail/get_other_robot_states__type_support.cpp.o[0m
[ 42%] [32mBuilding CXX object CMakeFiles/zmr_interfaces__rosidl_typesupport_introspection_cpp.dir/rosidl_typesupport_introspection_cpp/zmr_interfaces/msg/detail/current_future_states__type_support.cpp.o[0m
[ 44%] [32mBuilding CXX object CMakeFiles/zmr_interfaces__rosidl_typesupport_introspection_cpp.dir/rosidl_typesupport_introspection_cpp/zmr_interfaces/srv/detail/get_robot_state__type_support.cpp.o[0m
[ 46%] [32mBuilding C object CMakeFiles/zmr_interfaces__rosidl_typesupport_introspection_c.dir/rosidl_typesupport_introspection_c/zmr_interfaces/msg/detail/current_future_states__type_support.c.o[0m
[ 48%] [32mBuilding C object CMakeFiles/zmr_interfaces__rosidl_typesupport_introspection_c.dir/rosidl_typesupport_introspection_c/zmr_interfaces/srv/detail/get_robot_state__type_support.c.o[0m
[ 51%] [32mBuilding C object CMakeFiles/zmr_interfaces__rosidl_typesupport_introspection_c.dir/rosidl_typesupport_introspection_c/zmr_interfaces/srv/detail/get_other_robot_states__type_support.c.o[0m
[ 55%] [32mBuilding CXX object CMakeFiles/zmr_interfaces__rosidl_typesupport_c.dir/rosidl_typesupport_c/zmr_interfaces/msg/current_future_states__type_support.cpp.o[0m
[ 55%] [32mBuilding CXX object CMakeFiles/zmr_interfaces__rosidl_typesupport_c.dir/rosidl_typesupport_c/zmr_interfaces/srv/get_other_robot_states__type_support.cpp.o[0m
[ 57%] [32mBuilding CXX object CMakeFiles/zmr_interfaces__rosidl_typesupport_c.dir/rosidl_typesupport_c/zmr_interfaces/srv/get_robot_state__type_support.cpp.o[0m
[ 59%] [32m[1mLinking CXX shared library libzmr_interfaces__rosidl_typesupport_c.so[0m
[ 61%] [32m[1mLinking C shared library libzmr_interfaces__rosidl_typesupport_introspection_c.so[0m
[ 65%] [32mBuilding CXX object CMakeFiles/zmr_interfaces__rosidl_typesupport_fastrtps_c.dir/rosidl_typesupport_fastrtps_c/zmr_interfaces/srv/detail/get_robot_state__type_support_c.cpp.o[0m
[ 65%] [32mBuilding CXX object CMakeFiles/zmr_interfaces__rosidl_typesupport_fastrtps_c.dir/rosidl_typesupport_fastrtps_c/zmr_interfaces/srv/detail/get_other_robot_states__type_support_c.cpp.o[0m
[ 68%] [32mBuilding CXX object CMakeFiles/zmr_interfaces__rosidl_typesupport_fastrtps_c.dir/rosidl_typesupport_fastrtps_c/zmr_interfaces/msg/detail/current_future_states__type_support_c.cpp.o[0m
[ 68%] Built target zmr_interfaces__rosidl_typesupport_introspection_c
[ 70%] [32m[1mLinking CXX shared library libzmr_interfaces__rosidl_typesupport_cpp.so[0m
[ 70%] Built target zmr_interfaces__rosidl_typesupport_c
[ 70%] Built target zmr_interfaces__rosidl_typesupport_cpp
[ 72%] [32m[1mLinking CXX shared library libzmr_interfaces__rosidl_typesupport_fastrtps_cpp.so[0m
[ 74%] [32m[1mLinking CXX shared library libzmr_interfaces__rosidl_typesupport_introspection_cpp.so[0m
[ 74%] Built target zmr_interfaces__rosidl_typesupport_fastrtps_cpp
[ 74%] Built target zmr_interfaces__rosidl_typesupport_introspection_cpp
[ 76%] [32m[1mLinking CXX shared library libzmr_interfaces__rosidl_typesupport_fastrtps_c.so[0m
[ 76%] Built target zmr_interfaces__rosidl_typesupport_fastrtps_c
[ 76%] Built target zmr_interfaces
[ 78%] [34m[1mGenerating Python code for ROS interfaces[0m
[ 78%] Built target zmr_interfaces__py
[ 80%] [32mBuilding C object CMakeFiles/zmr_interfaces__rosidl_generator_py.dir/rosidl_generator_py/zmr_interfaces/msg/_current_future_states_s.c.o[0m
[ 82%] [32mBuilding C object CMakeFiles/zmr_interfaces__rosidl_generator_py.dir/rosidl_generator_py/zmr_interfaces/srv/_get_other_robot_states_s.c.o[0m
[ 85%] [32mBuilding C object CMakeFiles/zmr_interfaces__rosidl_generator_py.dir/rosidl_generator_py/zmr_interfaces/srv/_get_robot_state_s.c.o[0m
[ 87%] [32m[1mLinking C shared library rosidl_generator_py/zmr_interfaces/libzmr_interfaces__rosidl_generator_py.so[0m
[ 87%] Built target zmr_interfaces__rosidl_generator_py
[ 89%] [32mBuilding C object CMakeFiles/zmr_interfaces__rosidl_typesupport_fastrtps_c__pyext.dir/rosidl_generator_py/zmr_interfaces/_zmr_interfaces_s.ep.rosidl_typesupport_fastrtps_c.c.o[0m
[ 91%] [32mBuilding C object CMakeFiles/zmr_interfaces__rosidl_typesupport_c__pyext.dir/rosidl_generator_py/zmr_interfaces/_zmr_interfaces_s.ep.rosidl_typesupport_c.c.o[0m
[ 93%] [32mBuilding C object CMakeFiles/zmr_interfaces__rosidl_typesupport_introspection_c__pyext.dir/rosidl_generator_py/zmr_interfaces/_zmr_interfaces_s.ep.rosidl_typesupport_introspection_c.c.o[0m
[ 95%] [32m[1mLinking C shared library rosidl_generator_py/zmr_interfaces/zmr_interfaces_s__rosidl_typesupport_introspection_c.cpython-310-x86_64-linux-gnu.so[0m
[ 97%] [32m[1mLinking C shared library rosidl_generator_py/zmr_interfaces/zmr_interfaces_s__rosidl_typesupport_c.cpython-310-x86_64-linux-gnu.so[0m
[100%] [32m[1mLinking C shared library rosidl_generator_py/zmr_interfaces/zmr_interfaces_s__rosidl_typesupport_fastrtps_c.cpython-310-x86_64-linux-gnu.so[0m
[100%] Built target zmr_interfaces__rosidl_typesupport_introspection_c__pyext
[100%] Built target zmr_interfaces__rosidl_typesupport_fastrtps_c__pyext
[100%] Built target zmr_interfaces__rosidl_typesupport_c__pyext
-- Install configuration: ""
-- Execute custom install script
-- Symlinking: /home/michael/ros2_ws_test/install/zmr_interfaces/share/ament_index/resource_index/rosidl_interfaces/zmr_interfaces
-- Symlinking: /home/michael/ros2_ws_test/install/zmr_interfaces/include/zmr_interfaces/zmr_interfaces/msg/current_future_states.h
-- Symlinking: /home/michael/ros2_ws_test/install/zmr_interfaces/include/zmr_interfaces/zmr_interfaces/msg/detail/current_future_states__functions.h
-- Symlinking: /home/michael/ros2_ws_test/install/zmr_interfaces/include/zmr_interfaces/zmr_interfaces/msg/detail/current_future_states__struct.h
-- Symlinking: /home/michael/ros2_ws_test/install/zmr_interfaces/include/zmr_interfaces/zmr_interfaces/msg/detail/current_future_states__type_support.h
-- Symlinking: /home/michael/ros2_ws_test/install/zmr_interfaces/include/zmr_interfaces/zmr_interfaces/msg/rosidl_generator_c__visibility_control.h
-- Symlinking: /home/michael/ros2_ws_test/install/zmr_interfaces/include/zmr_interfaces/zmr_interfaces/srv/detail/get_other_robot_states__functions.h
-- Symlinking: /home/michael/ros2_ws_test/install/zmr_interfaces/include/zmr_interfaces/zmr_interfaces/srv/detail/get_other_robot_states__struct.h
-- Symlinking: /home/michael/ros2_ws_test/install/zmr_interfaces/include/zmr_interfaces/zmr_interfaces/srv/detail/get_other_robot_states__type_support.h
-- Symlinking: /home/michael/ros2_ws_test/install/zmr_interfaces/include/zmr_interfaces/zmr_interfaces/srv/detail/get_robot_state__functions.h
-- Symlinking: /home/michael/ros2_ws_test/install/zmr_interfaces/include/zmr_interfaces/zmr_interfaces/srv/detail/get_robot_state__struct.h
-- Symlinking: /home/michael/ros2_ws_test/install/zmr_interfaces/include/zmr_interfaces/zmr_interfaces/srv/detail/get_robot_state__type_support.h
-- Symlinking: /home/michael/ros2_ws_test/install/zmr_interfaces/include/zmr_interfaces/zmr_interfaces/srv/get_other_robot_states.h
-- Symlinking: /home/michael/ros2_ws_test/install/zmr_interfaces/include/zmr_interfaces/zmr_interfaces/srv/get_robot_state.h
-- Symlinking: /home/michael/ros2_ws_test/install/zmr_interfaces/share/zmr_interfaces/environment/library_path.sh
-- Symlinking: /home/michael/ros2_ws_test/install/zmr_interfaces/share/zmr_interfaces/environment/library_path.dsv
-- Symlinking: /home/michael/ros2_ws_test/install/zmr_interfaces/include/zmr_interfaces/zmr_interfaces/msg/detail/current_future_states__rosidl_typesupport_fastrtps_c.h
-- Symlinking: /home/michael/ros2_ws_test/install/zmr_interfaces/include/zmr_interfaces/zmr_interfaces/msg/rosidl_typesupport_fastrtps_c__visibility_control.h
-- Symlinking: /home/michael/ros2_ws_test/install/zmr_interfaces/include/zmr_interfaces/zmr_interfaces/srv/detail/get_other_robot_states__rosidl_typesupport_fastrtps_c.h
-- Symlinking: /home/michael/ros2_ws_test/install/zmr_interfaces/include/zmr_interfaces/zmr_interfaces/srv/detail/get_robot_state__rosidl_typesupport_fastrtps_c.h
-- Symlinking: /home/michael/ros2_ws_test/install/zmr_interfaces/include/zmr_interfaces/zmr_interfaces/msg/current_future_states.hpp
-- Symlinking: /home/michael/ros2_ws_test/install/zmr_interfaces/include/zmr_interfaces/zmr_interfaces/msg/detail/current_future_states__builder.hpp
-- Symlinking: /home/michael/ros2_ws_test/install/zmr_interfaces/include/zmr_interfaces/zmr_interfaces/msg/detail/current_future_states__struct.hpp
-- Symlinking: /home/michael/ros2_ws_test/install/zmr_interfaces/include/zmr_interfaces/zmr_interfaces/msg/detail/current_future_states__traits.hpp
-- Symlinking: /home/michael/ros2_ws_test/install/zmr_interfaces/include/zmr_interfaces/zmr_interfaces/msg/detail/current_future_states__type_support.hpp
-- Symlinking: /home/michael/ros2_ws_test/install/zmr_interfaces/include/zmr_interfaces/zmr_interfaces/msg/rosidl_generator_cpp__visibility_control.hpp
-- Symlinking: /home/michael/ros2_ws_test/install/zmr_interfaces/include/zmr_interfaces/zmr_interfaces/srv/detail/get_other_robot_states__builder.hpp
-- Symlinking: /home/michael/ros2_ws_test/install/zmr_interfaces/include/zmr_interfaces/zmr_interfaces/srv/detail/get_other_robot_states__struct.hpp
-- Symlinking: /home/michael/ros2_ws_test/install/zmr_interfaces/include/zmr_interfaces/zmr_interfaces/srv/detail/get_other_robot_states__traits.hpp
-- Symlinking: /home/michael/ros2_ws_test/install/zmr_interfaces/include/zmr_interfaces/zmr_interfaces/srv/detail/get_other_robot_states__type_support.hpp
-- Symlinking: /home/michael/ros2_ws_test/install/zmr_interfaces/include/zmr_interfaces/zmr_interfaces/srv/detail/get_robot_state__builder.hpp
-- Symlinking: /home/michael/ros2_ws_test/install/zmr_interfaces/include/zmr_interfaces/zmr_interfaces/srv/detail/get_robot_state__struct.hpp
-- Symlinking: /home/michael/ros2_ws_test/install/zmr_interfaces/include/zmr_interfaces/zmr_interfaces/srv/detail/get_robot_state__traits.hpp
-- Symlinking: /home/michael/ros2_ws_test/install/zmr_interfaces/include/zmr_interfaces/zmr_interfaces/srv/detail/get_robot_state__type_support.hpp
-- Symlinking: /home/michael/ros2_ws_test/install/zmr_interfaces/include/zmr_interfaces/zmr_interfaces/srv/get_other_robot_states.hpp
-- Symlinking: /home/michael/ros2_ws_test/install/zmr_interfaces/include/zmr_interfaces/zmr_interfaces/srv/get_robot_state.hpp
-- Symlinking: /home/michael/ros2_ws_test/install/zmr_interfaces/include/zmr_interfaces/zmr_interfaces/msg/detail/current_future_states__rosidl_typesupport_fastrtps_cpp.hpp
-- Symlinking: /home/michael/ros2_ws_test/install/zmr_interfaces/include/zmr_interfaces/zmr_interfaces/msg/rosidl_typesupport_fastrtps_cpp__visibility_control.h
-- Symlinking: /home/michael/ros2_ws_test/install/zmr_interfaces/include/zmr_interfaces/zmr_interfaces/srv/detail/get_other_robot_states__rosidl_typesupport_fastrtps_cpp.hpp
-- Symlinking: /home/michael/ros2_ws_test/install/zmr_interfaces/include/zmr_interfaces/zmr_interfaces/srv/detail/get_robot_state__rosidl_typesupport_fastrtps_cpp.hpp
-- Symlinking: /home/michael/ros2_ws_test/install/zmr_interfaces/include/zmr_interfaces/zmr_interfaces/msg/detail/current_future_states__rosidl_typesupport_introspection_c.h
-- Symlinking: /home/michael/ros2_ws_test/install/zmr_interfaces/include/zmr_interfaces/zmr_interfaces/msg/rosidl_typesupport_introspection_c__visibility_control.h
-- Symlinking: /home/michael/ros2_ws_test/install/zmr_interfaces/include/zmr_interfaces/zmr_interfaces/srv/detail/get_other_robot_states__rosidl_typesupport_introspection_c.h
-- Symlinking: /home/michael/ros2_ws_test/install/zmr_interfaces/include/zmr_interfaces/zmr_interfaces/srv/detail/get_robot_state__rosidl_typesupport_introspection_c.h
-- Symlinking: /home/michael/ros2_ws_test/install/zmr_interfaces/include/zmr_interfaces/zmr_interfaces/msg/detail/current_future_states__rosidl_typesupport_introspection_cpp.hpp
-- Symlinking: /home/michael/ros2_ws_test/install/zmr_interfaces/include/zmr_interfaces/zmr_interfaces/srv/detail/get_other_robot_states__rosidl_typesupport_introspection_cpp.hpp
-- Symlinking: /home/michael/ros2_ws_test/install/zmr_interfaces/include/zmr_interfaces/zmr_interfaces/srv/detail/get_robot_state__rosidl_typesupport_introspection_cpp.hpp
-- Symlinking: /home/michael/ros2_ws_test/install/zmr_interfaces/share/zmr_interfaces/environment/pythonpath.sh
-- Symlinking: /home/michael/ros2_ws_test/install/zmr_interfaces/share/zmr_interfaces/environment/pythonpath.dsv
-- Symlinking: /home/michael/ros2_ws_test/install/zmr_interfaces/local/lib/python3.10/dist-packages/zmr_interfaces-0.0.0-py3.10.egg-info/PKG-INFO
-- Symlinking: /home/michael/ros2_ws_test/install/zmr_interfaces/local/lib/python3.10/dist-packages/zmr_interfaces-0.0.0-py3.10.egg-info/SOURCES.txt
-- Symlinking: /home/michael/ros2_ws_test/install/zmr_interfaces/local/lib/python3.10/dist-packages/zmr_interfaces-0.0.0-py3.10.egg-info/dependency_links.txt
-- Symlinking: /home/michael/ros2_ws_test/install/zmr_interfaces/local/lib/python3.10/dist-packages/zmr_interfaces-0.0.0-py3.10.egg-info/top_level.txt
-- Symlinking: /home/michael/ros2_ws_test/install/zmr_interfaces/local/lib/python3.10/dist-packages/zmr_interfaces/__init__.py
-- Symlinking: /home/michael/ros2_ws_test/install/zmr_interfaces/local/lib/python3.10/dist-packages/zmr_interfaces/_zmr_interfaces_s.ep.rosidl_typesupport_c.c
-- Symlinking: /home/michael/ros2_ws_test/install/zmr_interfaces/local/lib/python3.10/dist-packages/zmr_interfaces/_zmr_interfaces_s.ep.rosidl_typesupport_fastrtps_c.c
-- Symlinking: /home/michael/ros2_ws_test/install/zmr_interfaces/local/lib/python3.10/dist-packages/zmr_interfaces/_zmr_interfaces_s.ep.rosidl_typesupport_introspection_c.c
-- Symlinking: /home/michael/ros2_ws_test/install/zmr_interfaces/local/lib/python3.10/dist-packages/zmr_interfaces/libzmr_interfaces__rosidl_generator_py.so
-- Symlinking: /home/michael/ros2_ws_test/install/zmr_interfaces/local/lib/python3.10/dist-packages/zmr_interfaces/msg/__init__.py
-- Symlinking: /home/michael/ros2_ws_test/install/zmr_interfaces/local/lib/python3.10/dist-packages/zmr_interfaces/msg/_current_future_states.py
-- Symlinking: /home/michael/ros2_ws_test/install/zmr_interfaces/local/lib/python3.10/dist-packages/zmr_interfaces/msg/_current_future_states_s.c
-- Symlinking: /home/michael/ros2_ws_test/install/zmr_interfaces/local/lib/python3.10/dist-packages/zmr_interfaces/srv/__init__.py
-- Symlinking: /home/michael/ros2_ws_test/install/zmr_interfaces/local/lib/python3.10/dist-packages/zmr_interfaces/srv/_get_other_robot_states.py
-- Symlinking: /home/michael/ros2_ws_test/install/zmr_interfaces/local/lib/python3.10/dist-packages/zmr_interfaces/srv/_get_other_robot_states_s.c
-- Symlinking: /home/michael/ros2_ws_test/install/zmr_interfaces/local/lib/python3.10/dist-packages/zmr_interfaces/srv/_get_robot_state.py
-- Symlinking: /home/michael/ros2_ws_test/install/zmr_interfaces/local/lib/python3.10/dist-packages/zmr_interfaces/srv/_get_robot_state_s.c
-- Symlinking: /home/michael/ros2_ws_test/install/zmr_interfaces/local/lib/python3.10/dist-packages/zmr_interfaces/zmr_interfaces_s__rosidl_typesupport_c.cpython-310-x86_64-linux-gnu.so
-- Symlinking: /home/michael/ros2_ws_test/install/zmr_interfaces/local/lib/python3.10/dist-packages/zmr_interfaces/zmr_interfaces_s__rosidl_typesupport_fastrtps_c.cpython-310-x86_64-linux-gnu.so
-- Symlinking: /home/michael/ros2_ws_test/install/zmr_interfaces/local/lib/python3.10/dist-packages/zmr_interfaces/zmr_interfaces_s__rosidl_typesupport_introspection_c.cpython-310-x86_64-linux-gnu.so
-- Up-to-date symlink: /home/michael/ros2_ws_test/install/zmr_interfaces/local/lib/python3.10/dist-packages/zmr_interfaces/zmr_interfaces_s__rosidl_typesupport_fastrtps_c.cpython-310-x86_64-linux-gnu.so
-- Up-to-date symlink: /home/michael/ros2_ws_test/install/zmr_interfaces/local/lib/python3.10/dist-packages/zmr_interfaces/zmr_interfaces_s__rosidl_typesupport_introspection_c.cpython-310-x86_64-linux-gnu.so
-- Up-to-date symlink: /home/michael/ros2_ws_test/install/zmr_interfaces/local/lib/python3.10/dist-packages/zmr_interfaces/zmr_interfaces_s__rosidl_typesupport_c.cpython-310-x86_64-linux-gnu.so
-- Symlinking: /home/michael/ros2_ws_test/install/zmr_interfaces/share/zmr_interfaces/msg/CurrentFutureStates.idl
-- Symlinking: /home/michael/ros2_ws_test/install/zmr_interfaces/share/zmr_interfaces/srv/GetOtherRobotStates.idl
-- Symlinking: /home/michael/ros2_ws_test/install/zmr_interfaces/share/zmr_interfaces/srv/GetRobotState.idl
-- Symlinking: /home/michael/ros2_ws_test/install/zmr_interfaces/share/zmr_interfaces/msg/CurrentFutureStates.msg
-- Symlinking: /home/michael/ros2_ws_test/install/zmr_interfaces/share/zmr_interfaces/srv/GetOtherRobotStates.srv
-- Symlinking: /home/michael/ros2_ws_test/install/zmr_interfaces/share/zmr_interfaces/srv/GetOtherRobotStates_Request.msg
-- Symlinking: /home/michael/ros2_ws_test/install/zmr_interfaces/share/zmr_interfaces/srv/GetOtherRobotStates_Response.msg
-- Symlinking: /home/michael/ros2_ws_test/install/zmr_interfaces/share/zmr_interfaces/srv/GetRobotState.srv
-- Symlinking: /home/michael/ros2_ws_test/install/zmr_interfaces/share/zmr_interfaces/srv/GetRobotState_Request.msg
-- Symlinking: /home/michael/ros2_ws_test/install/zmr_interfaces/share/zmr_interfaces/srv/GetRobotState_Response.msg
-- Symlinking: /home/michael/ros2_ws_test/install/zmr_interfaces/share/ament_index/resource_index/package_run_dependencies/zmr_interfaces
-- Symlinking: /home/michael/ros2_ws_test/install/zmr_interfaces/share/ament_index/resource_index/parent_prefix_path/zmr_interfaces
-- Symlinking: /home/michael/ros2_ws_test/install/zmr_interfaces/share/zmr_interfaces/environment/ament_prefix_path.sh
-- Symlinking: /home/michael/ros2_ws_test/install/zmr_interfaces/share/zmr_interfaces/environment/ament_prefix_path.dsv
-- Symlinking: /home/michael/ros2_ws_test/install/zmr_interfaces/share/zmr_interfaces/environment/path.sh
-- Symlinking: /home/michael/ros2_ws_test/install/zmr_interfaces/share/zmr_interfaces/environment/path.dsv
-- Symlinking: /home/michael/ros2_ws_test/install/zmr_interfaces/share/zmr_interfaces/local_setup.bash
-- Symlinking: /home/michael/ros2_ws_test/install/zmr_interfaces/share/zmr_interfaces/local_setup.sh
-- Symlinking: /home/michael/ros2_ws_test/install/zmr_interfaces/share/zmr_interfaces/local_setup.zsh
-- Symlinking: /home/michael/ros2_ws_test/install/zmr_interfaces/share/zmr_interfaces/local_setup.dsv
-- Symlinking: /home/michael/ros2_ws_test/install/zmr_interfaces/share/zmr_interfaces/package.dsv
-- Symlinking: /home/michael/ros2_ws_test/install/zmr_interfaces/share/ament_index/resource_index/packages/zmr_interfaces
-- Symlinking: /home/michael/ros2_ws_test/install/zmr_interfaces/share/zmr_interfaces/cmake/rosidl_cmake-extras.cmake
-- Symlinking: /home/michael/ros2_ws_test/install/zmr_interfaces/share/zmr_interfaces/cmake/ament_cmake_export_dependencies-extras.cmake
-- Symlinking: /home/michael/ros2_ws_test/install/zmr_interfaces/share/zmr_interfaces/cmake/ament_cmake_export_include_directories-extras.cmake
-- Symlinking: /home/michael/ros2_ws_test/install/zmr_interfaces/share/zmr_interfaces/cmake/ament_cmake_export_libraries-extras.cmake
-- Symlinking: /home/michael/ros2_ws_test/install/zmr_interfaces/share/zmr_interfaces/cmake/ament_cmake_export_targets-extras.cmake
-- Symlinking: /home/michael/ros2_ws_test/install/zmr_interfaces/share/zmr_interfaces/cmake/rosidl_cmake_export_typesupport_targets-extras.cmake
-- Symlinking: /home/michael/ros2_ws_test/install/zmr_interfaces/share/zmr_interfaces/cmake/rosidl_cmake_export_typesupport_libraries-extras.cmake
-- Symlinking: /home/michael/ros2_ws_test/install/zmr_interfaces/share/zmr_interfaces/cmake/zmr_interfacesConfig.cmake
-- Symlinking: /home/michael/ros2_ws_test/install/zmr_interfaces/share/zmr_interfaces/cmake/zmr_interfacesConfig-version.cmake
-- Symlinking: /home/michael/ros2_ws_test/install/zmr_interfaces/share/zmr_interfaces/package.xml
-- Installing: /home/michael/ros2_ws_test/install/zmr_interfaces/lib/libzmr_interfaces__rosidl_generator_c.so
-- Set runtime path of "/home/michael/ros2_ws_test/install/zmr_interfaces/lib/libzmr_interfaces__rosidl_generator_c.so" to ""
-- Installing: /home/michael/ros2_ws_test/install/zmr_interfaces/lib/libzmr_interfaces__rosidl_typesupport_fastrtps_c.so
-- Set runtime path of "/home/michael/ros2_ws_test/install/zmr_interfaces/lib/libzmr_interfaces__rosidl_typesupport_fastrtps_c.so" to ""
-- Installing: /home/michael/ros2_ws_test/install/zmr_interfaces/lib/libzmr_interfaces__rosidl_typesupport_fastrtps_cpp.so
-- Set runtime path of "/home/michael/ros2_ws_test/install/zmr_interfaces/lib/libzmr_interfaces__rosidl_typesupport_fastrtps_cpp.so" to ""
-- Installing: /home/michael/ros2_ws_test/install/zmr_interfaces/lib/libzmr_interfaces__rosidl_typesupport_introspection_c.so
-- Set runtime path of "/home/michael/ros2_ws_test/install/zmr_interfaces/lib/libzmr_interfaces__rosidl_typesupport_introspection_c.so" to ""
-- Installing: /home/michael/ros2_ws_test/install/zmr_interfaces/lib/libzmr_interfaces__rosidl_typesupport_c.so
-- Set runtime path of "/home/michael/ros2_ws_test/install/zmr_interfaces/lib/libzmr_interfaces__rosidl_typesupport_c.so" to ""
-- Installing: /home/michael/ros2_ws_test/install/zmr_interfaces/lib/libzmr_interfaces__rosidl_typesupport_introspection_cpp.so
-- Set runtime path of "/home/michael/ros2_ws_test/install/zmr_interfaces/lib/libzmr_interfaces__rosidl_typesupport_introspection_cpp.so" to ""
-- Installing: /home/michael/ros2_ws_test/install/zmr_interfaces/lib/libzmr_interfaces__rosidl_typesupport_cpp.so
-- Set runtime path of "/home/michael/ros2_ws_test/install/zmr_interfaces/lib/libzmr_interfaces__rosidl_typesupport_cpp.so" to ""
Listing '/home/michael/ros2_ws_test/install/zmr_interfaces/local/lib/python3.10/dist-packages/zmr_interfaces'...
Compiling '/home/michael/ros2_ws_test/install/zmr_interfaces/local/lib/python3.10/dist-packages/zmr_interfaces/__init__.py'...
Listing '/home/michael/ros2_ws_test/install/zmr_interfaces/local/lib/python3.10/dist-packages/zmr_interfaces/msg'...
Compiling '/home/michael/ros2_ws_test/install/zmr_interfaces/local/lib/python3.10/dist-packages/zmr_interfaces/msg/__init__.py'...
Compiling '/home/michael/ros2_ws_test/install/zmr_interfaces/local/lib/python3.10/dist-packages/zmr_interfaces/msg/_current_future_states.py'...
Listing '/home/michael/ros2_ws_test/install/zmr_interfaces/local/lib/python3.10/dist-packages/zmr_interfaces/srv'...
Compiling '/home/michael/ros2_ws_test/install/zmr_interfaces/local/lib/python3.10/dist-packages/zmr_interfaces/srv/__init__.py'...
Compiling '/home/michael/ros2_ws_test/install/zmr_interfaces/local/lib/python3.10/dist-packages/zmr_interfaces/srv/_get_other_robot_states.py'...
Compiling '/home/michael/ros2_ws_test/install/zmr_interfaces/local/lib/python3.10/dist-packages/zmr_interfaces/srv/_get_robot_state.py'...
-- Installing: /home/michael/ros2_ws_test/install/zmr_interfaces/lib/libzmr_interfaces__rosidl_generator_py.so
-- Set runtime path of "/home/michael/ros2_ws_test/install/zmr_interfaces/lib/libzmr_interfaces__rosidl_generator_py.so" to ""
-- Installing: /home/michael/ros2_ws_test/install/zmr_interfaces/share/zmr_interfaces/cmake/export_zmr_interfaces__rosidl_generator_cExport.cmake
-- Installing: /home/michael/ros2_ws_test/install/zmr_interfaces/share/zmr_interfaces/cmake/export_zmr_interfaces__rosidl_generator_cExport-noconfig.cmake
-- Installing: /home/michael/ros2_ws_test/install/zmr_interfaces/share/zmr_interfaces/cmake/export_zmr_interfaces__rosidl_typesupport_fastrtps_cExport.cmake
-- Installing: /home/michael/ros2_ws_test/install/zmr_interfaces/share/zmr_interfaces/cmake/export_zmr_interfaces__rosidl_typesupport_fastrtps_cExport-noconfig.cmake
-- Installing: /home/michael/ros2_ws_test/install/zmr_interfaces/share/zmr_interfaces/cmake/export_zmr_interfaces__rosidl_generator_cppExport.cmake
-- Installing: /home/michael/ros2_ws_test/install/zmr_interfaces/share/zmr_interfaces/cmake/export_zmr_interfaces__rosidl_typesupport_fastrtps_cppExport.cmake
-- Installing: /home/michael/ros2_ws_test/install/zmr_interfaces/share/zmr_interfaces/cmake/export_zmr_interfaces__rosidl_typesupport_fastrtps_cppExport-noconfig.cmake
-- Installing: /home/michael/ros2_ws_test/install/zmr_interfaces/share/zmr_interfaces/cmake/zmr_interfaces__rosidl_typesupport_introspection_cExport.cmake
-- Installing: /home/michael/ros2_ws_test/install/zmr_interfaces/share/zmr_interfaces/cmake/zmr_interfaces__rosidl_typesupport_introspection_cExport-noconfig.cmake
-- Installing: /home/michael/ros2_ws_test/install/zmr_interfaces/share/zmr_interfaces/cmake/zmr_interfaces__rosidl_typesupport_cExport.cmake
-- Installing: /home/michael/ros2_ws_test/install/zmr_interfaces/share/zmr_interfaces/cmake/zmr_interfaces__rosidl_typesupport_cExport-noconfig.cmake
-- Installing: /home/michael/ros2_ws_test/install/zmr_interfaces/share/zmr_interfaces/cmake/zmr_interfaces__rosidl_typesupport_introspection_cppExport.cmake
-- Installing: /home/michael/ros2_ws_test/install/zmr_interfaces/share/zmr_interfaces/cmake/zmr_interfaces__rosidl_typesupport_introspection_cppExport-noconfig.cmake
-- Installing: /home/michael/ros2_ws_test/install/zmr_interfaces/share/zmr_interfaces/cmake/zmr_interfaces__rosidl_typesupport_cppExport.cmake
-- Installing: /home/michael/ros2_ws_test/install/zmr_interfaces/share/zmr_interfaces/cmake/zmr_interfaces__rosidl_typesupport_cppExport-noconfig.cmake
-- Installing: /home/michael/ros2_ws_test/install/zmr_interfaces/share/zmr_interfaces/cmake/export_zmr_interfaces__rosidl_generator_pyExport.cmake
-- Installing: /home/michael/ros2_ws_test/install/zmr_interfaces/share/zmr_interfaces/cmake/export_zmr_interfaces__rosidl_generator_pyExport-noconfig.cmake
