[0.024s] Invoking command in '/home/michael/ros2_ws_test/build/zmr_interfaces': CMAKE_PREFIX_PATH=${CMAKE_PREFIX_PATH}:/home/michael/ros2_ws_test/install/zmr_pure_pursuit:/home/michael/ros2_ws_test/install/zmr_mpc:/home/michael/ros2_ws_test/install/zmr_manager:/home/michael/ros2_ws_test/install/zmr_drive_model:/home/michael/ros2_ws_test/install/zmr_description:/home/michael/ros2_ws_test/install/mps_motion_plan:/home/michael/ros2_ws_test/install/map_description:/home/michael/ros2_ws_test/install/zmr_demo:/home/michael/ros2_ws_test/install/mmp_motion_predict:/opt/ros/humble /usr/bin/cmake /home/michael/ros2_ws_test/src/DyObAv-MPCnEBM-Warehouse-ROS2/src/zmr_interfaces -DAMENT_CMAKE_SYMLINK_INSTALL=1 -DCMAKE_INSTALL_PREFIX=/home/michael/ros2_ws_test/install/zmr_interfaces
[0.348s] -- The C compiler identification is GNU 11.4.0
[0.350s] -- The CXX compiler identification is GNU 11.4.0
[0.350s] -- Detecting C compiler ABI info
[0.350s] -- Detecting C compiler ABI info - done
[0.350s] -- Check for working C compiler: /usr/bin/cc - skipped
[0.350s] -- Detecting C compile features
[0.350s] -- Detecting C compile features - done
[0.351s] -- Detecting CXX compiler ABI info
[0.351s] -- Detecting CXX compiler ABI info - done
[0.351s] -- Check for working CXX compiler: /usr/bin/c++ - skipped
[0.351s] -- Detecting CXX compile features
[0.351s] -- Detecting CXX compile features - done
[0.351s] -- Found ament_cmake: 1.3.13 (/opt/ros/humble/share/ament_cmake/cmake)
[0.351s] -- Found Python3: /usr/bin/python3 (found version "3.10.12") found components: Interpreter 
[0.351s] -- Override CMake install command with custom implementation using symlinks instead of copying resources
[0.351s] -- Found builtin_interfaces: 1.2.2 (/opt/ros/humble/share/builtin_interfaces/cmake)
[0.351s] -- Found rosidl_generator_c: 3.1.8 (/opt/ros/humble/share/rosidl_generator_c/cmake)
[0.351s] -- Found rosidl_adapter: 3.1.8 (/opt/ros/humble/share/rosidl_adapter/cmake)
[0.351s] -- Found rosidl_generator_cpp: 3.1.8 (/opt/ros/humble/share/rosidl_generator_cpp/cmake)
[0.351s] -- Using all available rosidl_typesupport_c: rosidl_typesupport_fastrtps_c;rosidl_typesupport_introspection_c
[0.351s] -- Using all available rosidl_typesupport_cpp: rosidl_typesupport_fastrtps_cpp;rosidl_typesupport_introspection_cpp
[0.351s] -- Found rosidl_default_generators: 1.2.0 (/opt/ros/humble/share/rosidl_default_generators/cmake)
[0.351s] -- Found std_msgs: 4.9.1 (/opt/ros/humble/share/std_msgs/cmake)
[0.457s] -- Found ament_cmake_ros: 0.10.0 (/opt/ros/humble/share/ament_cmake_ros/cmake)
[0.650s] -- Using all available rosidl_typesupport_c: rosidl_typesupport_fastrtps_c;rosidl_typesupport_introspection_c
[0.723s] -- Using all available rosidl_typesupport_cpp: rosidl_typesupport_fastrtps_cpp;rosidl_typesupport_introspection_cpp
[0.738s] -- Found PythonInterp: /usr/bin/python3 (found suitable version "3.10.12", minimum required is "3.6") 
[0.738s] -- Found python_cmake_module: 0.10.0 (/opt/ros/humble/share/python_cmake_module/cmake)
[0.751s] -- Found PythonLibs: /usr/lib/x86_64-linux-gnu/libpython3.10.so (found suitable version "3.10.12", minimum required is "3.5") 
[0.751s] -- Using PYTHON_EXECUTABLE: /usr/bin/python3
[0.751s] -- Using PYTHON_INCLUDE_DIRS: /usr/include/python3.10
[0.751s] -- Using PYTHON_LIBRARIES: /usr/lib/x86_64-linux-gnu/libpython3.10.so
[0.762s] -- Found PythonExtra: .so  
[0.790s] -- Found ament_lint_auto: 0.12.15 (/opt/ros/humble/share/ament_lint_auto/cmake)
[0.798s] -- Added test 'lint_cmake' to check CMake code style
[0.798s] -- Added test 'xmllint' to check XML markup files
[0.799s] -- Configuring done
[0.813s] -- Generating done
[0.817s] -- Build files have been written to: /home/michael/ros2_ws_test/build/zmr_interfaces
[0.821s] Invoked command in '/home/michael/ros2_ws_test/build/zmr_interfaces' returned '0': CMAKE_PREFIX_PATH=${CMAKE_PREFIX_PATH}:/home/michael/ros2_ws_test/install/zmr_pure_pursuit:/home/michael/ros2_ws_test/install/zmr_mpc:/home/michael/ros2_ws_test/install/zmr_manager:/home/michael/ros2_ws_test/install/zmr_drive_model:/home/michael/ros2_ws_test/install/zmr_description:/home/michael/ros2_ws_test/install/mps_motion_plan:/home/michael/ros2_ws_test/install/map_description:/home/michael/ros2_ws_test/install/zmr_demo:/home/michael/ros2_ws_test/install/mmp_motion_predict:/opt/ros/humble /usr/bin/cmake /home/michael/ros2_ws_test/src/DyObAv-MPCnEBM-Warehouse-ROS2/src/zmr_interfaces -DAMENT_CMAKE_SYMLINK_INSTALL=1 -DCMAKE_INSTALL_PREFIX=/home/michael/ros2_ws_test/install/zmr_interfaces
[0.821s] Invoking command in '/home/michael/ros2_ws_test/build/zmr_interfaces': CMAKE_PREFIX_PATH=${CMAKE_PREFIX_PATH}:/home/michael/ros2_ws_test/install/zmr_pure_pursuit:/home/michael/ros2_ws_test/install/zmr_mpc:/home/michael/ros2_ws_test/install/zmr_manager:/home/michael/ros2_ws_test/install/zmr_drive_model:/home/michael/ros2_ws_test/install/zmr_description:/home/michael/ros2_ws_test/install/mps_motion_plan:/home/michael/ros2_ws_test/install/map_description:/home/michael/ros2_ws_test/install/zmr_demo:/home/michael/ros2_ws_test/install/mmp_motion_predict:/opt/ros/humble /usr/bin/cmake --build /home/michael/ros2_ws_test/build/zmr_interfaces -- -j24 -l24
[0.840s] [  2%] [34m[1mGenerating C code for ROS interfaces[0m
[0.844s] [  4%] [34m[1mGenerating C++ code for ROS interfaces[0m
[0.851s] [  4%] Built target ament_cmake_python_symlink_zmr_interfaces
[0.952s] running egg_info
[0.952s] creating zmr_interfaces.egg-info
[0.952s] writing zmr_interfaces.egg-info/PKG-INFO
[0.952s] writing dependency_links to zmr_interfaces.egg-info/dependency_links.txt
[0.952s] writing top-level names to zmr_interfaces.egg-info/top_level.txt
[0.953s] writing manifest file 'zmr_interfaces.egg-info/SOURCES.txt'
[0.953s] reading manifest file 'zmr_interfaces.egg-info/SOURCES.txt'
[0.954s] writing manifest file 'zmr_interfaces.egg-info/SOURCES.txt'
[0.969s] [  4%] Built target ament_cmake_python_build_zmr_interfaces_egg
[1.004s] [  6%] [32mBuilding C object CMakeFiles/zmr_interfaces__rosidl_generator_c.dir/rosidl_generator_c/zmr_interfaces/msg/detail/current_future_states__functions.c.o[0m
[1.004s] [  8%] [32mBuilding C object CMakeFiles/zmr_interfaces__rosidl_generator_c.dir/rosidl_generator_c/zmr_interfaces/srv/detail/get_robot_state__functions.c.o[0m
[1.004s] [ 10%] [32mBuilding C object CMakeFiles/zmr_interfaces__rosidl_generator_c.dir/rosidl_generator_c/zmr_interfaces/srv/detail/get_other_robot_states__functions.c.o[0m
[1.008s] [ 10%] Built target zmr_interfaces__cpp
[1.011s] [ 12%] [34m[1mGenerating C++ type support dispatch for ROS interfaces[0m
[1.011s] [ 14%] [34m[1mGenerating C++ type support for eProsima Fast-RTPS[0m
[1.011s] [ 17%] [34m[1mGenerating C++ introspection for ROS interfaces[0m
[1.031s] [ 19%] [32m[1mLinking C shared library libzmr_interfaces__rosidl_generator_c.so[0m
[1.052s] [ 19%] Built target zmr_interfaces__rosidl_generator_c
[1.058s] [ 21%] [34m[1mGenerating C type support dispatch for ROS interfaces[0m
[1.058s] [ 23%] [34m[1mGenerating C type support for eProsima Fast-RTPS[0m
[1.058s] [ 25%] [34m[1mGenerating C introspection for ROS interfaces[0m
[1.139s] [ 27%] [32mBuilding CXX object CMakeFiles/zmr_interfaces__rosidl_typesupport_cpp.dir/rosidl_typesupport_cpp/zmr_interfaces/msg/current_future_states__type_support.cpp.o[0m
[1.139s] [ 29%] [32mBuilding CXX object CMakeFiles/zmr_interfaces__rosidl_typesupport_cpp.dir/rosidl_typesupport_cpp/zmr_interfaces/srv/get_other_robot_states__type_support.cpp.o[0m
[1.139s] [ 31%] [32mBuilding CXX object CMakeFiles/zmr_interfaces__rosidl_typesupport_cpp.dir/rosidl_typesupport_cpp/zmr_interfaces/srv/get_robot_state__type_support.cpp.o[0m
[1.165s] [ 36%] [32mBuilding CXX object CMakeFiles/zmr_interfaces__rosidl_typesupport_fastrtps_cpp.dir/rosidl_typesupport_fastrtps_cpp/zmr_interfaces/srv/detail/dds_fastrtps/get_other_robot_states__type_support.cpp.o[0m
[1.165s] [ 36%] [32mBuilding CXX object CMakeFiles/zmr_interfaces__rosidl_typesupport_fastrtps_cpp.dir/rosidl_typesupport_fastrtps_cpp/zmr_interfaces/msg/detail/dds_fastrtps/current_future_states__type_support.cpp.o[0m
[1.165s] [ 38%] [32mBuilding CXX object CMakeFiles/zmr_interfaces__rosidl_typesupport_fastrtps_cpp.dir/rosidl_typesupport_fastrtps_cpp/zmr_interfaces/srv/detail/dds_fastrtps/get_robot_state__type_support.cpp.o[0m
[1.172s] [ 40%] [32mBuilding CXX object CMakeFiles/zmr_interfaces__rosidl_typesupport_introspection_cpp.dir/rosidl_typesupport_introspection_cpp/zmr_interfaces/srv/detail/get_other_robot_states__type_support.cpp.o[0m
[1.172s] [ 42%] [32mBuilding CXX object CMakeFiles/zmr_interfaces__rosidl_typesupport_introspection_cpp.dir/rosidl_typesupport_introspection_cpp/zmr_interfaces/msg/detail/current_future_states__type_support.cpp.o[0m
[1.172s] [ 44%] [32mBuilding CXX object CMakeFiles/zmr_interfaces__rosidl_typesupport_introspection_cpp.dir/rosidl_typesupport_introspection_cpp/zmr_interfaces/srv/detail/get_robot_state__type_support.cpp.o[0m
[1.219s] [ 46%] [32mBuilding C object CMakeFiles/zmr_interfaces__rosidl_typesupport_introspection_c.dir/rosidl_typesupport_introspection_c/zmr_interfaces/msg/detail/current_future_states__type_support.c.o[0m
[1.219s] [ 48%] [32mBuilding C object CMakeFiles/zmr_interfaces__rosidl_typesupport_introspection_c.dir/rosidl_typesupport_introspection_c/zmr_interfaces/srv/detail/get_robot_state__type_support.c.o[0m
[1.223s] [ 51%] [32mBuilding C object CMakeFiles/zmr_interfaces__rosidl_typesupport_introspection_c.dir/rosidl_typesupport_introspection_c/zmr_interfaces/srv/detail/get_other_robot_states__type_support.c.o[0m
[1.228s] [ 55%] [32mBuilding CXX object CMakeFiles/zmr_interfaces__rosidl_typesupport_c.dir/rosidl_typesupport_c/zmr_interfaces/msg/current_future_states__type_support.cpp.o[0m
[1.228s] [ 55%] [32mBuilding CXX object CMakeFiles/zmr_interfaces__rosidl_typesupport_c.dir/rosidl_typesupport_c/zmr_interfaces/srv/get_other_robot_states__type_support.cpp.o[0m
[1.237s] [ 57%] [32mBuilding CXX object CMakeFiles/zmr_interfaces__rosidl_typesupport_c.dir/rosidl_typesupport_c/zmr_interfaces/srv/get_robot_state__type_support.cpp.o[0m
[1.261s] [ 59%] [32m[1mLinking CXX shared library libzmr_interfaces__rosidl_typesupport_c.so[0m
[1.261s] [ 61%] [32m[1mLinking C shared library libzmr_interfaces__rosidl_typesupport_introspection_c.so[0m
[1.273s] [ 65%] [32mBuilding CXX object CMakeFiles/zmr_interfaces__rosidl_typesupport_fastrtps_c.dir/rosidl_typesupport_fastrtps_c/zmr_interfaces/srv/detail/get_robot_state__type_support_c.cpp.o[0m
[1.277s] [ 65%] [32mBuilding CXX object CMakeFiles/zmr_interfaces__rosidl_typesupport_fastrtps_c.dir/rosidl_typesupport_fastrtps_c/zmr_interfaces/srv/detail/get_other_robot_states__type_support_c.cpp.o[0m
[1.277s] [ 68%] [32mBuilding CXX object CMakeFiles/zmr_interfaces__rosidl_typesupport_fastrtps_c.dir/rosidl_typesupport_fastrtps_c/zmr_interfaces/msg/detail/current_future_states__type_support_c.cpp.o[0m
[1.289s] [ 68%] Built target zmr_interfaces__rosidl_typesupport_introspection_c
[1.289s] [ 70%] [32m[1mLinking CXX shared library libzmr_interfaces__rosidl_typesupport_cpp.so[0m
[1.307s] [ 70%] Built target zmr_interfaces__rosidl_typesupport_c
[1.337s] [ 70%] Built target zmr_interfaces__rosidl_typesupport_cpp
[1.395s] [ 72%] [32m[1mLinking CXX shared library libzmr_interfaces__rosidl_typesupport_fastrtps_cpp.so[0m
[1.431s] [ 74%] [32m[1mLinking CXX shared library libzmr_interfaces__rosidl_typesupport_introspection_cpp.so[0m
[1.459s] [ 74%] Built target zmr_interfaces__rosidl_typesupport_fastrtps_cpp
[1.492s] [ 74%] Built target zmr_interfaces__rosidl_typesupport_introspection_cpp
[1.524s] [ 76%] [32m[1mLinking CXX shared library libzmr_interfaces__rosidl_typesupport_fastrtps_c.so[0m
[1.582s] [ 76%] Built target zmr_interfaces__rosidl_typesupport_fastrtps_c
[1.599s] [ 76%] Built target zmr_interfaces
[1.616s] [ 78%] [34m[1mGenerating Python code for ROS interfaces[0m
[1.903s] [ 78%] Built target zmr_interfaces__py
[1.923s] [ 80%] [32mBuilding C object CMakeFiles/zmr_interfaces__rosidl_generator_py.dir/rosidl_generator_py/zmr_interfaces/msg/_current_future_states_s.c.o[0m
[1.924s] [ 82%] [32mBuilding C object CMakeFiles/zmr_interfaces__rosidl_generator_py.dir/rosidl_generator_py/zmr_interfaces/srv/_get_other_robot_states_s.c.o[0m
[1.927s] [ 85%] [32mBuilding C object CMakeFiles/zmr_interfaces__rosidl_generator_py.dir/rosidl_generator_py/zmr_interfaces/srv/_get_robot_state_s.c.o[0m
[2.017s] [ 87%] [32m[1mLinking C shared library rosidl_generator_py/zmr_interfaces/libzmr_interfaces__rosidl_generator_py.so[0m
[2.043s] [ 87%] Built target zmr_interfaces__rosidl_generator_py
[2.055s] [ 89%] [32mBuilding C object CMakeFiles/zmr_interfaces__rosidl_typesupport_fastrtps_c__pyext.dir/rosidl_generator_py/zmr_interfaces/_zmr_interfaces_s.ep.rosidl_typesupport_fastrtps_c.c.o[0m
[2.055s] [ 91%] [32mBuilding C object CMakeFiles/zmr_interfaces__rosidl_typesupport_c__pyext.dir/rosidl_generator_py/zmr_interfaces/_zmr_interfaces_s.ep.rosidl_typesupport_c.c.o[0m
[2.055s] [ 93%] [32mBuilding C object CMakeFiles/zmr_interfaces__rosidl_typesupport_introspection_c__pyext.dir/rosidl_generator_py/zmr_interfaces/_zmr_interfaces_s.ep.rosidl_typesupport_introspection_c.c.o[0m
[2.100s] [ 95%] [32m[1mLinking C shared library rosidl_generator_py/zmr_interfaces/zmr_interfaces_s__rosidl_typesupport_introspection_c.cpython-310-x86_64-linux-gnu.so[0m
[2.104s] [ 97%] [32m[1mLinking C shared library rosidl_generator_py/zmr_interfaces/zmr_interfaces_s__rosidl_typesupport_c.cpython-310-x86_64-linux-gnu.so[0m
[2.107s] [100%] [32m[1mLinking C shared library rosidl_generator_py/zmr_interfaces/zmr_interfaces_s__rosidl_typesupport_fastrtps_c.cpython-310-x86_64-linux-gnu.so[0m
[2.121s] [100%] Built target zmr_interfaces__rosidl_typesupport_introspection_c__pyext
[2.124s] [100%] Built target zmr_interfaces__rosidl_typesupport_fastrtps_c__pyext
[2.126s] [100%] Built target zmr_interfaces__rosidl_typesupport_c__pyext
[2.138s] Invoked command in '/home/michael/ros2_ws_test/build/zmr_interfaces' returned '0': CMAKE_PREFIX_PATH=${CMAKE_PREFIX_PATH}:/home/michael/ros2_ws_test/install/zmr_pure_pursuit:/home/michael/ros2_ws_test/install/zmr_mpc:/home/michael/ros2_ws_test/install/zmr_manager:/home/michael/ros2_ws_test/install/zmr_drive_model:/home/michael/ros2_ws_test/install/zmr_description:/home/michael/ros2_ws_test/install/mps_motion_plan:/home/michael/ros2_ws_test/install/map_description:/home/michael/ros2_ws_test/install/zmr_demo:/home/michael/ros2_ws_test/install/mmp_motion_predict:/opt/ros/humble /usr/bin/cmake --build /home/michael/ros2_ws_test/build/zmr_interfaces -- -j24 -l24
[2.138s] Invoking command in '/home/michael/ros2_ws_test/build/zmr_interfaces': CMAKE_PREFIX_PATH=${CMAKE_PREFIX_PATH}:/home/michael/ros2_ws_test/install/zmr_pure_pursuit:/home/michael/ros2_ws_test/install/zmr_mpc:/home/michael/ros2_ws_test/install/zmr_manager:/home/michael/ros2_ws_test/install/zmr_drive_model:/home/michael/ros2_ws_test/install/zmr_description:/home/michael/ros2_ws_test/install/mps_motion_plan:/home/michael/ros2_ws_test/install/map_description:/home/michael/ros2_ws_test/install/zmr_demo:/home/michael/ros2_ws_test/install/mmp_motion_predict:/opt/ros/humble /usr/bin/cmake --install /home/michael/ros2_ws_test/build/zmr_interfaces
[2.141s] -- Install configuration: ""
[2.142s] -- Execute custom install script
[2.142s] -- Symlinking: /home/michael/ros2_ws_test/install/zmr_interfaces/share/ament_index/resource_index/rosidl_interfaces/zmr_interfaces
[2.146s] -- Symlinking: /home/michael/ros2_ws_test/install/zmr_interfaces/include/zmr_interfaces/zmr_interfaces/msg/current_future_states.h
[2.150s] -- Symlinking: /home/michael/ros2_ws_test/install/zmr_interfaces/include/zmr_interfaces/zmr_interfaces/msg/detail/current_future_states__functions.h
[2.154s] -- Symlinking: /home/michael/ros2_ws_test/install/zmr_interfaces/include/zmr_interfaces/zmr_interfaces/msg/detail/current_future_states__struct.h
[2.158s] -- Symlinking: /home/michael/ros2_ws_test/install/zmr_interfaces/include/zmr_interfaces/zmr_interfaces/msg/detail/current_future_states__type_support.h
[2.162s] -- Symlinking: /home/michael/ros2_ws_test/install/zmr_interfaces/include/zmr_interfaces/zmr_interfaces/msg/rosidl_generator_c__visibility_control.h
[2.165s] -- Symlinking: /home/michael/ros2_ws_test/install/zmr_interfaces/include/zmr_interfaces/zmr_interfaces/srv/detail/get_other_robot_states__functions.h
[2.169s] -- Symlinking: /home/michael/ros2_ws_test/install/zmr_interfaces/include/zmr_interfaces/zmr_interfaces/srv/detail/get_other_robot_states__struct.h
[2.174s] -- Symlinking: /home/michael/ros2_ws_test/install/zmr_interfaces/include/zmr_interfaces/zmr_interfaces/srv/detail/get_other_robot_states__type_support.h
[2.178s] -- Symlinking: /home/michael/ros2_ws_test/install/zmr_interfaces/include/zmr_interfaces/zmr_interfaces/srv/detail/get_robot_state__functions.h
[2.182s] -- Symlinking: /home/michael/ros2_ws_test/install/zmr_interfaces/include/zmr_interfaces/zmr_interfaces/srv/detail/get_robot_state__struct.h
[2.189s] -- Symlinking: /home/michael/ros2_ws_test/install/zmr_interfaces/include/zmr_interfaces/zmr_interfaces/srv/detail/get_robot_state__type_support.h
[2.190s] -- Symlinking: /home/michael/ros2_ws_test/install/zmr_interfaces/include/zmr_interfaces/zmr_interfaces/srv/get_other_robot_states.h
[2.195s] -- Symlinking: /home/michael/ros2_ws_test/install/zmr_interfaces/include/zmr_interfaces/zmr_interfaces/srv/get_robot_state.h
[2.199s] -- Symlinking: /home/michael/ros2_ws_test/install/zmr_interfaces/share/zmr_interfaces/environment/library_path.sh
[2.203s] -- Symlinking: /home/michael/ros2_ws_test/install/zmr_interfaces/share/zmr_interfaces/environment/library_path.dsv
[2.210s] -- Symlinking: /home/michael/ros2_ws_test/install/zmr_interfaces/include/zmr_interfaces/zmr_interfaces/msg/detail/current_future_states__rosidl_typesupport_fastrtps_c.h
[2.211s] -- Symlinking: /home/michael/ros2_ws_test/install/zmr_interfaces/include/zmr_interfaces/zmr_interfaces/msg/rosidl_typesupport_fastrtps_c__visibility_control.h
[2.215s] -- Symlinking: /home/michael/ros2_ws_test/install/zmr_interfaces/include/zmr_interfaces/zmr_interfaces/srv/detail/get_other_robot_states__rosidl_typesupport_fastrtps_c.h
[2.219s] -- Symlinking: /home/michael/ros2_ws_test/install/zmr_interfaces/include/zmr_interfaces/zmr_interfaces/srv/detail/get_robot_state__rosidl_typesupport_fastrtps_c.h
[2.222s] -- Symlinking: /home/michael/ros2_ws_test/install/zmr_interfaces/include/zmr_interfaces/zmr_interfaces/msg/current_future_states.hpp
[2.226s] -- Symlinking: /home/michael/ros2_ws_test/install/zmr_interfaces/include/zmr_interfaces/zmr_interfaces/msg/detail/current_future_states__builder.hpp
[2.232s] -- Symlinking: /home/michael/ros2_ws_test/install/zmr_interfaces/include/zmr_interfaces/zmr_interfaces/msg/detail/current_future_states__struct.hpp
[2.236s] -- Symlinking: /home/michael/ros2_ws_test/install/zmr_interfaces/include/zmr_interfaces/zmr_interfaces/msg/detail/current_future_states__traits.hpp
[2.239s] -- Symlinking: /home/michael/ros2_ws_test/install/zmr_interfaces/include/zmr_interfaces/zmr_interfaces/msg/detail/current_future_states__type_support.hpp
[2.243s] -- Symlinking: /home/michael/ros2_ws_test/install/zmr_interfaces/include/zmr_interfaces/zmr_interfaces/msg/rosidl_generator_cpp__visibility_control.hpp
[2.247s] -- Symlinking: /home/michael/ros2_ws_test/install/zmr_interfaces/include/zmr_interfaces/zmr_interfaces/srv/detail/get_other_robot_states__builder.hpp
[2.252s] -- Symlinking: /home/michael/ros2_ws_test/install/zmr_interfaces/include/zmr_interfaces/zmr_interfaces/srv/detail/get_other_robot_states__struct.hpp
[2.255s] -- Symlinking: /home/michael/ros2_ws_test/install/zmr_interfaces/include/zmr_interfaces/zmr_interfaces/srv/detail/get_other_robot_states__traits.hpp
[2.258s] -- Symlinking: /home/michael/ros2_ws_test/install/zmr_interfaces/include/zmr_interfaces/zmr_interfaces/srv/detail/get_other_robot_states__type_support.hpp
[2.264s] -- Symlinking: /home/michael/ros2_ws_test/install/zmr_interfaces/include/zmr_interfaces/zmr_interfaces/srv/detail/get_robot_state__builder.hpp
[2.268s] -- Symlinking: /home/michael/ros2_ws_test/install/zmr_interfaces/include/zmr_interfaces/zmr_interfaces/srv/detail/get_robot_state__struct.hpp
[2.270s] -- Symlinking: /home/michael/ros2_ws_test/install/zmr_interfaces/include/zmr_interfaces/zmr_interfaces/srv/detail/get_robot_state__traits.hpp
[2.274s] -- Symlinking: /home/michael/ros2_ws_test/install/zmr_interfaces/include/zmr_interfaces/zmr_interfaces/srv/detail/get_robot_state__type_support.hpp
[2.278s] -- Symlinking: /home/michael/ros2_ws_test/install/zmr_interfaces/include/zmr_interfaces/zmr_interfaces/srv/get_other_robot_states.hpp
[2.282s] -- Symlinking: /home/michael/ros2_ws_test/install/zmr_interfaces/include/zmr_interfaces/zmr_interfaces/srv/get_robot_state.hpp
[2.286s] -- Symlinking: /home/michael/ros2_ws_test/install/zmr_interfaces/include/zmr_interfaces/zmr_interfaces/msg/detail/current_future_states__rosidl_typesupport_fastrtps_cpp.hpp
[2.290s] -- Symlinking: /home/michael/ros2_ws_test/install/zmr_interfaces/include/zmr_interfaces/zmr_interfaces/msg/rosidl_typesupport_fastrtps_cpp__visibility_control.h
[2.296s] -- Symlinking: /home/michael/ros2_ws_test/install/zmr_interfaces/include/zmr_interfaces/zmr_interfaces/srv/detail/get_other_robot_states__rosidl_typesupport_fastrtps_cpp.hpp
[2.298s] -- Symlinking: /home/michael/ros2_ws_test/install/zmr_interfaces/include/zmr_interfaces/zmr_interfaces/srv/detail/get_robot_state__rosidl_typesupport_fastrtps_cpp.hpp
[2.304s] -- Symlinking: /home/michael/ros2_ws_test/install/zmr_interfaces/include/zmr_interfaces/zmr_interfaces/msg/detail/current_future_states__rosidl_typesupport_introspection_c.h
[2.305s] -- Symlinking: /home/michael/ros2_ws_test/install/zmr_interfaces/include/zmr_interfaces/zmr_interfaces/msg/rosidl_typesupport_introspection_c__visibility_control.h
[2.308s] -- Symlinking: /home/michael/ros2_ws_test/install/zmr_interfaces/include/zmr_interfaces/zmr_interfaces/srv/detail/get_other_robot_states__rosidl_typesupport_introspection_c.h
[2.311s] -- Symlinking: /home/michael/ros2_ws_test/install/zmr_interfaces/include/zmr_interfaces/zmr_interfaces/srv/detail/get_robot_state__rosidl_typesupport_introspection_c.h
[2.316s] -- Symlinking: /home/michael/ros2_ws_test/install/zmr_interfaces/include/zmr_interfaces/zmr_interfaces/msg/detail/current_future_states__rosidl_typesupport_introspection_cpp.hpp
[2.319s] -- Symlinking: /home/michael/ros2_ws_test/install/zmr_interfaces/include/zmr_interfaces/zmr_interfaces/srv/detail/get_other_robot_states__rosidl_typesupport_introspection_cpp.hpp
[2.323s] -- Symlinking: /home/michael/ros2_ws_test/install/zmr_interfaces/include/zmr_interfaces/zmr_interfaces/srv/detail/get_robot_state__rosidl_typesupport_introspection_cpp.hpp
[2.327s] -- Symlinking: /home/michael/ros2_ws_test/install/zmr_interfaces/share/zmr_interfaces/environment/pythonpath.sh
[2.331s] -- Symlinking: /home/michael/ros2_ws_test/install/zmr_interfaces/share/zmr_interfaces/environment/pythonpath.dsv
[2.335s] -- Symlinking: /home/michael/ros2_ws_test/install/zmr_interfaces/local/lib/python3.10/dist-packages/zmr_interfaces-0.0.0-py3.10.egg-info/PKG-INFO
[2.339s] -- Symlinking: /home/michael/ros2_ws_test/install/zmr_interfaces/local/lib/python3.10/dist-packages/zmr_interfaces-0.0.0-py3.10.egg-info/SOURCES.txt
[2.343s] -- Symlinking: /home/michael/ros2_ws_test/install/zmr_interfaces/local/lib/python3.10/dist-packages/zmr_interfaces-0.0.0-py3.10.egg-info/dependency_links.txt
[2.346s] -- Symlinking: /home/michael/ros2_ws_test/install/zmr_interfaces/local/lib/python3.10/dist-packages/zmr_interfaces-0.0.0-py3.10.egg-info/top_level.txt
[2.350s] -- Symlinking: /home/michael/ros2_ws_test/install/zmr_interfaces/local/lib/python3.10/dist-packages/zmr_interfaces/__init__.py
[2.355s] -- Symlinking: /home/michael/ros2_ws_test/install/zmr_interfaces/local/lib/python3.10/dist-packages/zmr_interfaces/_zmr_interfaces_s.ep.rosidl_typesupport_c.c
[2.360s] -- Symlinking: /home/michael/ros2_ws_test/install/zmr_interfaces/local/lib/python3.10/dist-packages/zmr_interfaces/_zmr_interfaces_s.ep.rosidl_typesupport_fastrtps_c.c
[2.366s] -- Symlinking: /home/michael/ros2_ws_test/install/zmr_interfaces/local/lib/python3.10/dist-packages/zmr_interfaces/_zmr_interfaces_s.ep.rosidl_typesupport_introspection_c.c
[2.369s] -- Symlinking: /home/michael/ros2_ws_test/install/zmr_interfaces/local/lib/python3.10/dist-packages/zmr_interfaces/libzmr_interfaces__rosidl_generator_py.so
[2.376s] -- Symlinking: /home/michael/ros2_ws_test/install/zmr_interfaces/local/lib/python3.10/dist-packages/zmr_interfaces/msg/__init__.py
[2.376s] -- Symlinking: /home/michael/ros2_ws_test/install/zmr_interfaces/local/lib/python3.10/dist-packages/zmr_interfaces/msg/_current_future_states.py
[2.383s] -- Symlinking: /home/michael/ros2_ws_test/install/zmr_interfaces/local/lib/python3.10/dist-packages/zmr_interfaces/msg/_current_future_states_s.c
[2.384s] -- Symlinking: /home/michael/ros2_ws_test/install/zmr_interfaces/local/lib/python3.10/dist-packages/zmr_interfaces/srv/__init__.py
[2.388s] -- Symlinking: /home/michael/ros2_ws_test/install/zmr_interfaces/local/lib/python3.10/dist-packages/zmr_interfaces/srv/_get_other_robot_states.py
[2.395s] -- Symlinking: /home/michael/ros2_ws_test/install/zmr_interfaces/local/lib/python3.10/dist-packages/zmr_interfaces/srv/_get_other_robot_states_s.c
[2.399s] -- Symlinking: /home/michael/ros2_ws_test/install/zmr_interfaces/local/lib/python3.10/dist-packages/zmr_interfaces/srv/_get_robot_state.py
[2.402s] -- Symlinking: /home/michael/ros2_ws_test/install/zmr_interfaces/local/lib/python3.10/dist-packages/zmr_interfaces/srv/_get_robot_state_s.c
[2.406s] -- Symlinking: /home/michael/ros2_ws_test/install/zmr_interfaces/local/lib/python3.10/dist-packages/zmr_interfaces/zmr_interfaces_s__rosidl_typesupport_c.cpython-310-x86_64-linux-gnu.so
[2.410s] -- Symlinking: /home/michael/ros2_ws_test/install/zmr_interfaces/local/lib/python3.10/dist-packages/zmr_interfaces/zmr_interfaces_s__rosidl_typesupport_fastrtps_c.cpython-310-x86_64-linux-gnu.so
[2.414s] -- Symlinking: /home/michael/ros2_ws_test/install/zmr_interfaces/local/lib/python3.10/dist-packages/zmr_interfaces/zmr_interfaces_s__rosidl_typesupport_introspection_c.cpython-310-x86_64-linux-gnu.so
[2.418s] -- Up-to-date symlink: /home/michael/ros2_ws_test/install/zmr_interfaces/local/lib/python3.10/dist-packages/zmr_interfaces/zmr_interfaces_s__rosidl_typesupport_fastrtps_c.cpython-310-x86_64-linux-gnu.so
[2.418s] -- Up-to-date symlink: /home/michael/ros2_ws_test/install/zmr_interfaces/local/lib/python3.10/dist-packages/zmr_interfaces/zmr_interfaces_s__rosidl_typesupport_introspection_c.cpython-310-x86_64-linux-gnu.so
[2.418s] -- Up-to-date symlink: /home/michael/ros2_ws_test/install/zmr_interfaces/local/lib/python3.10/dist-packages/zmr_interfaces/zmr_interfaces_s__rosidl_typesupport_c.cpython-310-x86_64-linux-gnu.so
[2.418s] -- Symlinking: /home/michael/ros2_ws_test/install/zmr_interfaces/share/zmr_interfaces/msg/CurrentFutureStates.idl
[2.422s] -- Symlinking: /home/michael/ros2_ws_test/install/zmr_interfaces/share/zmr_interfaces/srv/GetOtherRobotStates.idl
[2.426s] -- Symlinking: /home/michael/ros2_ws_test/install/zmr_interfaces/share/zmr_interfaces/srv/GetRobotState.idl
[2.430s] -- Symlinking: /home/michael/ros2_ws_test/install/zmr_interfaces/share/zmr_interfaces/msg/CurrentFutureStates.msg
[2.435s] -- Symlinking: /home/michael/ros2_ws_test/install/zmr_interfaces/share/zmr_interfaces/srv/GetOtherRobotStates.srv
[2.438s] -- Symlinking: /home/michael/ros2_ws_test/install/zmr_interfaces/share/zmr_interfaces/srv/GetOtherRobotStates_Request.msg
[2.440s] -- Symlinking: /home/michael/ros2_ws_test/install/zmr_interfaces/share/zmr_interfaces/srv/GetOtherRobotStates_Response.msg
[2.444s] -- Symlinking: /home/michael/ros2_ws_test/install/zmr_interfaces/share/zmr_interfaces/srv/GetRobotState.srv
[2.447s] -- Symlinking: /home/michael/ros2_ws_test/install/zmr_interfaces/share/zmr_interfaces/srv/GetRobotState_Request.msg
[2.451s] -- Symlinking: /home/michael/ros2_ws_test/install/zmr_interfaces/share/zmr_interfaces/srv/GetRobotState_Response.msg
[2.455s] -- Symlinking: /home/michael/ros2_ws_test/install/zmr_interfaces/share/ament_index/resource_index/package_run_dependencies/zmr_interfaces
[2.461s] -- Symlinking: /home/michael/ros2_ws_test/install/zmr_interfaces/share/ament_index/resource_index/parent_prefix_path/zmr_interfaces
[2.465s] -- Symlinking: /home/michael/ros2_ws_test/install/zmr_interfaces/share/zmr_interfaces/environment/ament_prefix_path.sh
[2.471s] -- Symlinking: /home/michael/ros2_ws_test/install/zmr_interfaces/share/zmr_interfaces/environment/ament_prefix_path.dsv
[2.473s] -- Symlinking: /home/michael/ros2_ws_test/install/zmr_interfaces/share/zmr_interfaces/environment/path.sh
[2.478s] -- Symlinking: /home/michael/ros2_ws_test/install/zmr_interfaces/share/zmr_interfaces/environment/path.dsv
[2.483s] -- Symlinking: /home/michael/ros2_ws_test/install/zmr_interfaces/share/zmr_interfaces/local_setup.bash
[2.485s] -- Symlinking: /home/michael/ros2_ws_test/install/zmr_interfaces/share/zmr_interfaces/local_setup.sh
[2.489s] -- Symlinking: /home/michael/ros2_ws_test/install/zmr_interfaces/share/zmr_interfaces/local_setup.zsh
[2.494s] -- Symlinking: /home/michael/ros2_ws_test/install/zmr_interfaces/share/zmr_interfaces/local_setup.dsv
[2.498s] -- Symlinking: /home/michael/ros2_ws_test/install/zmr_interfaces/share/zmr_interfaces/package.dsv
[2.502s] -- Symlinking: /home/michael/ros2_ws_test/install/zmr_interfaces/share/ament_index/resource_index/packages/zmr_interfaces
[2.505s] -- Symlinking: /home/michael/ros2_ws_test/install/zmr_interfaces/share/zmr_interfaces/cmake/rosidl_cmake-extras.cmake
[2.509s] -- Symlinking: /home/michael/ros2_ws_test/install/zmr_interfaces/share/zmr_interfaces/cmake/ament_cmake_export_dependencies-extras.cmake
[2.512s] -- Symlinking: /home/michael/ros2_ws_test/install/zmr_interfaces/share/zmr_interfaces/cmake/ament_cmake_export_include_directories-extras.cmake
[2.516s] -- Symlinking: /home/michael/ros2_ws_test/install/zmr_interfaces/share/zmr_interfaces/cmake/ament_cmake_export_libraries-extras.cmake
[2.524s] -- Symlinking: /home/michael/ros2_ws_test/install/zmr_interfaces/share/zmr_interfaces/cmake/ament_cmake_export_targets-extras.cmake
[2.526s] -- Symlinking: /home/michael/ros2_ws_test/install/zmr_interfaces/share/zmr_interfaces/cmake/rosidl_cmake_export_typesupport_targets-extras.cmake
[2.536s] -- Symlinking: /home/michael/ros2_ws_test/install/zmr_interfaces/share/zmr_interfaces/cmake/rosidl_cmake_export_typesupport_libraries-extras.cmake
[2.545s] -- Symlinking: /home/michael/ros2_ws_test/install/zmr_interfaces/share/zmr_interfaces/cmake/zmr_interfacesConfig.cmake
[2.545s] -- Symlinking: /home/michael/ros2_ws_test/install/zmr_interfaces/share/zmr_interfaces/cmake/zmr_interfacesConfig-version.cmake
[2.549s] -- Symlinking: /home/michael/ros2_ws_test/install/zmr_interfaces/share/zmr_interfaces/package.xml
[2.554s] -- Installing: /home/michael/ros2_ws_test/install/zmr_interfaces/lib/libzmr_interfaces__rosidl_generator_c.so
[2.554s] -- Set runtime path of "/home/michael/ros2_ws_test/install/zmr_interfaces/lib/libzmr_interfaces__rosidl_generator_c.so" to ""
[2.554s] -- Installing: /home/michael/ros2_ws_test/install/zmr_interfaces/lib/libzmr_interfaces__rosidl_typesupport_fastrtps_c.so
[2.554s] -- Set runtime path of "/home/michael/ros2_ws_test/install/zmr_interfaces/lib/libzmr_interfaces__rosidl_typesupport_fastrtps_c.so" to ""
[2.554s] -- Installing: /home/michael/ros2_ws_test/install/zmr_interfaces/lib/libzmr_interfaces__rosidl_typesupport_fastrtps_cpp.so
[2.554s] -- Set runtime path of "/home/michael/ros2_ws_test/install/zmr_interfaces/lib/libzmr_interfaces__rosidl_typesupport_fastrtps_cpp.so" to ""
[2.554s] -- Installing: /home/michael/ros2_ws_test/install/zmr_interfaces/lib/libzmr_interfaces__rosidl_typesupport_introspection_c.so
[2.554s] -- Set runtime path of "/home/michael/ros2_ws_test/install/zmr_interfaces/lib/libzmr_interfaces__rosidl_typesupport_introspection_c.so" to ""
[2.554s] -- Installing: /home/michael/ros2_ws_test/install/zmr_interfaces/lib/libzmr_interfaces__rosidl_typesupport_c.so
[2.554s] -- Set runtime path of "/home/michael/ros2_ws_test/install/zmr_interfaces/lib/libzmr_interfaces__rosidl_typesupport_c.so" to ""
[2.554s] -- Installing: /home/michael/ros2_ws_test/install/zmr_interfaces/lib/libzmr_interfaces__rosidl_typesupport_introspection_cpp.so
[2.554s] -- Set runtime path of "/home/michael/ros2_ws_test/install/zmr_interfaces/lib/libzmr_interfaces__rosidl_typesupport_introspection_cpp.so" to ""
[2.554s] -- Installing: /home/michael/ros2_ws_test/install/zmr_interfaces/lib/libzmr_interfaces__rosidl_typesupport_cpp.so
[2.554s] -- Set runtime path of "/home/michael/ros2_ws_test/install/zmr_interfaces/lib/libzmr_interfaces__rosidl_typesupport_cpp.so" to ""
[2.575s] Listing '/home/michael/ros2_ws_test/install/zmr_interfaces/local/lib/python3.10/dist-packages/zmr_interfaces'...
[2.575s] Compiling '/home/michael/ros2_ws_test/install/zmr_interfaces/local/lib/python3.10/dist-packages/zmr_interfaces/__init__.py'...
[2.575s] Listing '/home/michael/ros2_ws_test/install/zmr_interfaces/local/lib/python3.10/dist-packages/zmr_interfaces/msg'...
[2.575s] Compiling '/home/michael/ros2_ws_test/install/zmr_interfaces/local/lib/python3.10/dist-packages/zmr_interfaces/msg/__init__.py'...
[2.575s] Compiling '/home/michael/ros2_ws_test/install/zmr_interfaces/local/lib/python3.10/dist-packages/zmr_interfaces/msg/_current_future_states.py'...
[2.575s] Listing '/home/michael/ros2_ws_test/install/zmr_interfaces/local/lib/python3.10/dist-packages/zmr_interfaces/srv'...
[2.575s] Compiling '/home/michael/ros2_ws_test/install/zmr_interfaces/local/lib/python3.10/dist-packages/zmr_interfaces/srv/__init__.py'...
[2.575s] Compiling '/home/michael/ros2_ws_test/install/zmr_interfaces/local/lib/python3.10/dist-packages/zmr_interfaces/srv/_get_other_robot_states.py'...
[2.575s] Compiling '/home/michael/ros2_ws_test/install/zmr_interfaces/local/lib/python3.10/dist-packages/zmr_interfaces/srv/_get_robot_state.py'...
[2.579s] -- Installing: /home/michael/ros2_ws_test/install/zmr_interfaces/lib/libzmr_interfaces__rosidl_generator_py.so
[2.579s] -- Set runtime path of "/home/michael/ros2_ws_test/install/zmr_interfaces/lib/libzmr_interfaces__rosidl_generator_py.so" to ""
[2.579s] -- Installing: /home/michael/ros2_ws_test/install/zmr_interfaces/share/zmr_interfaces/cmake/export_zmr_interfaces__rosidl_generator_cExport.cmake
[2.579s] -- Installing: /home/michael/ros2_ws_test/install/zmr_interfaces/share/zmr_interfaces/cmake/export_zmr_interfaces__rosidl_generator_cExport-noconfig.cmake
[2.579s] -- Installing: /home/michael/ros2_ws_test/install/zmr_interfaces/share/zmr_interfaces/cmake/export_zmr_interfaces__rosidl_typesupport_fastrtps_cExport.cmake
[2.580s] -- Installing: /home/michael/ros2_ws_test/install/zmr_interfaces/share/zmr_interfaces/cmake/export_zmr_interfaces__rosidl_typesupport_fastrtps_cExport-noconfig.cmake
[2.580s] -- Installing: /home/michael/ros2_ws_test/install/zmr_interfaces/share/zmr_interfaces/cmake/export_zmr_interfaces__rosidl_generator_cppExport.cmake
[2.580s] -- Installing: /home/michael/ros2_ws_test/install/zmr_interfaces/share/zmr_interfaces/cmake/export_zmr_interfaces__rosidl_typesupport_fastrtps_cppExport.cmake
[2.580s] -- Installing: /home/michael/ros2_ws_test/install/zmr_interfaces/share/zmr_interfaces/cmake/export_zmr_interfaces__rosidl_typesupport_fastrtps_cppExport-noconfig.cmake
[2.580s] -- Installing: /home/michael/ros2_ws_test/install/zmr_interfaces/share/zmr_interfaces/cmake/zmr_interfaces__rosidl_typesupport_introspection_cExport.cmake
[2.580s] -- Installing: /home/michael/ros2_ws_test/install/zmr_interfaces/share/zmr_interfaces/cmake/zmr_interfaces__rosidl_typesupport_introspection_cExport-noconfig.cmake
[2.580s] -- Installing: /home/michael/ros2_ws_test/install/zmr_interfaces/share/zmr_interfaces/cmake/zmr_interfaces__rosidl_typesupport_cExport.cmake
[2.580s] -- Installing: /home/michael/ros2_ws_test/install/zmr_interfaces/share/zmr_interfaces/cmake/zmr_interfaces__rosidl_typesupport_cExport-noconfig.cmake
[2.580s] -- Installing: /home/michael/ros2_ws_test/install/zmr_interfaces/share/zmr_interfaces/cmake/zmr_interfaces__rosidl_typesupport_introspection_cppExport.cmake
[2.580s] -- Installing: /home/michael/ros2_ws_test/install/zmr_interfaces/share/zmr_interfaces/cmake/zmr_interfaces__rosidl_typesupport_introspection_cppExport-noconfig.cmake
[2.580s] -- Installing: /home/michael/ros2_ws_test/install/zmr_interfaces/share/zmr_interfaces/cmake/zmr_interfaces__rosidl_typesupport_cppExport.cmake
[2.580s] -- Installing: /home/michael/ros2_ws_test/install/zmr_interfaces/share/zmr_interfaces/cmake/zmr_interfaces__rosidl_typesupport_cppExport-noconfig.cmake
[2.581s] -- Installing: /home/michael/ros2_ws_test/install/zmr_interfaces/share/zmr_interfaces/cmake/export_zmr_interfaces__rosidl_generator_pyExport.cmake
[2.581s] -- Installing: /home/michael/ros2_ws_test/install/zmr_interfaces/share/zmr_interfaces/cmake/export_zmr_interfaces__rosidl_generator_pyExport-noconfig.cmake
[2.582s] Invoked command in '/home/michael/ros2_ws_test/build/zmr_interfaces' returned '0': CMAKE_PREFIX_PATH=${CMAKE_PREFIX_PATH}:/home/michael/ros2_ws_test/install/zmr_pure_pursuit:/home/michael/ros2_ws_test/install/zmr_mpc:/home/michael/ros2_ws_test/install/zmr_manager:/home/michael/ros2_ws_test/install/zmr_drive_model:/home/michael/ros2_ws_test/install/zmr_description:/home/michael/ros2_ws_test/install/mps_motion_plan:/home/michael/ros2_ws_test/install/map_description:/home/michael/ros2_ws_test/install/zmr_demo:/home/michael/ros2_ws_test/install/mmp_motion_predict:/opt/ros/humble /usr/bin/cmake --install /home/michael/ros2_ws_test/build/zmr_interfaces
