/home/michael/ros2_ws_test/install/mmp_motion_predict/lib/python3.10/site-packages/mmp_motion_predict/demo_traj_publisher.py
/home/michael/ros2_ws_test/install/mmp_motion_predict/lib/python3.10/site-packages/mmp_motion_predict/network_loader.py
/home/michael/ros2_ws_test/install/mmp_motion_predict/lib/python3.10/site-packages/mmp_motion_predict/map_tf.py
/home/michael/ros2_ws_test/install/mmp_motion_predict/lib/python3.10/site-packages/mmp_motion_predict/motion_prediction.py
/home/michael/ros2_ws_test/install/mmp_motion_predict/lib/python3.10/site-packages/mmp_motion_predict/actor_traj_publisher.py
/home/michael/ros2_ws_test/install/mmp_motion_predict/lib/python3.10/site-packages/mmp_motion_predict/network_manager.py
/home/michael/ros2_ws_test/install/mmp_motion_predict/lib/python3.10/site-packages/mmp_motion_predict/__init__.py
/home/michael/ros2_ws_test/install/mmp_motion_predict/lib/python3.10/site-packages/mmp_motion_predict/motion_prediction_node.py
/home/michael/ros2_ws_test/install/mmp_motion_predict/lib/python3.10/site-packages/mmp_motion_predict/_data_handle_mmp/data_handler.py
/home/michael/ros2_ws_test/install/mmp_motion_predict/lib/python3.10/site-packages/mmp_motion_predict/_data_handle_mmp/dataset.py
/home/michael/ros2_ws_test/install/mmp_motion_predict/lib/python3.10/site-packages/mmp_motion_predict/_data_handle_mmp/data_handler_split.py
/home/michael/ros2_ws_test/install/mmp_motion_predict/lib/python3.10/site-packages/mmp_motion_predict/_data_handle_mmp/utils_np.py
/home/michael/ros2_ws_test/install/mmp_motion_predict/lib/python3.10/site-packages/mmp_motion_predict/_data_handle_mmp/__init__.py
/home/michael/ros2_ws_test/install/mmp_motion_predict/lib/python3.10/site-packages/mmp_motion_predict/net_module/loss_functions.py
/home/michael/ros2_ws_test/install/mmp_motion_predict/lib/python3.10/site-packages/mmp_motion_predict/net_module/backbones.py
/home/michael/ros2_ws_test/install/mmp_motion_predict/lib/python3.10/site-packages/mmp_motion_predict/net_module/net.py
/home/michael/ros2_ws_test/install/mmp_motion_predict/lib/python3.10/site-packages/mmp_motion_predict/net_module/__init__.py
/home/michael/ros2_ws_test/install/mmp_motion_predict/lib/python3.10/site-packages/mmp_motion_predict/util/utils_test.py
/home/michael/ros2_ws_test/install/mmp_motion_predict/lib/python3.10/site-packages/mmp_motion_predict/util/utils_yaml.py
/home/michael/ros2_ws_test/install/mmp_motion_predict/lib/python3.10/site-packages/mmp_motion_predict/util/utils_np.py
/home/michael/ros2_ws_test/install/mmp_motion_predict/lib/python3.10/site-packages/mmp_motion_predict/util/__init__.py
/home/michael/ros2_ws_test/install/mmp_motion_predict/lib/python3.10/site-packages/mmp_motion_predict/util/utils_kmean.py
/home/michael/ros2_ws_test/install/mmp_motion_predict/lib/python3.10/site-packages/mmp_motion_predict/__pycache__/demo_traj_publisher.cpython-310.pyc
/home/michael/ros2_ws_test/install/mmp_motion_predict/lib/python3.10/site-packages/mmp_motion_predict/__pycache__/network_loader.cpython-310.pyc
/home/michael/ros2_ws_test/install/mmp_motion_predict/lib/python3.10/site-packages/mmp_motion_predict/__pycache__/map_tf.cpython-310.pyc
/home/michael/ros2_ws_test/install/mmp_motion_predict/lib/python3.10/site-packages/mmp_motion_predict/__pycache__/motion_prediction.cpython-310.pyc
/home/michael/ros2_ws_test/install/mmp_motion_predict/lib/python3.10/site-packages/mmp_motion_predict/__pycache__/actor_traj_publisher.cpython-310.pyc
/home/michael/ros2_ws_test/install/mmp_motion_predict/lib/python3.10/site-packages/mmp_motion_predict/__pycache__/network_manager.cpython-310.pyc
/home/michael/ros2_ws_test/install/mmp_motion_predict/lib/python3.10/site-packages/mmp_motion_predict/__pycache__/__init__.cpython-310.pyc
/home/michael/ros2_ws_test/install/mmp_motion_predict/lib/python3.10/site-packages/mmp_motion_predict/__pycache__/motion_prediction_node.cpython-310.pyc
/home/michael/ros2_ws_test/install/mmp_motion_predict/lib/python3.10/site-packages/mmp_motion_predict/_data_handle_mmp/__pycache__/data_handler.cpython-310.pyc
/home/michael/ros2_ws_test/install/mmp_motion_predict/lib/python3.10/site-packages/mmp_motion_predict/_data_handle_mmp/__pycache__/dataset.cpython-310.pyc
/home/michael/ros2_ws_test/install/mmp_motion_predict/lib/python3.10/site-packages/mmp_motion_predict/_data_handle_mmp/__pycache__/data_handler_split.cpython-310.pyc
/home/michael/ros2_ws_test/install/mmp_motion_predict/lib/python3.10/site-packages/mmp_motion_predict/_data_handle_mmp/__pycache__/utils_np.cpython-310.pyc
/home/michael/ros2_ws_test/install/mmp_motion_predict/lib/python3.10/site-packages/mmp_motion_predict/_data_handle_mmp/__pycache__/__init__.cpython-310.pyc
/home/michael/ros2_ws_test/install/mmp_motion_predict/lib/python3.10/site-packages/mmp_motion_predict/net_module/__pycache__/loss_functions.cpython-310.pyc
/home/michael/ros2_ws_test/install/mmp_motion_predict/lib/python3.10/site-packages/mmp_motion_predict/net_module/__pycache__/backbones.cpython-310.pyc
/home/michael/ros2_ws_test/install/mmp_motion_predict/lib/python3.10/site-packages/mmp_motion_predict/net_module/__pycache__/net.cpython-310.pyc
/home/michael/ros2_ws_test/install/mmp_motion_predict/lib/python3.10/site-packages/mmp_motion_predict/net_module/__pycache__/__init__.cpython-310.pyc
/home/michael/ros2_ws_test/install/mmp_motion_predict/lib/python3.10/site-packages/mmp_motion_predict/util/__pycache__/utils_test.cpython-310.pyc
/home/michael/ros2_ws_test/install/mmp_motion_predict/lib/python3.10/site-packages/mmp_motion_predict/util/__pycache__/utils_yaml.cpython-310.pyc
/home/michael/ros2_ws_test/install/mmp_motion_predict/lib/python3.10/site-packages/mmp_motion_predict/util/__pycache__/utils_np.cpython-310.pyc
/home/michael/ros2_ws_test/install/mmp_motion_predict/lib/python3.10/site-packages/mmp_motion_predict/util/__pycache__/__init__.cpython-310.pyc
/home/michael/ros2_ws_test/install/mmp_motion_predict/lib/python3.10/site-packages/mmp_motion_predict/util/__pycache__/utils_kmean.cpython-310.pyc
/home/michael/ros2_ws_test/install/mmp_motion_predict/share/ament_index/resource_index/packages/mmp_motion_predict
/home/michael/ros2_ws_test/install/mmp_motion_predict/share/mmp_motion_predict/package.xml
/home/michael/ros2_ws_test/install/mmp_motion_predict/share/mmp_motion_predict/config/global_setting_zospital.yaml
/home/michael/ros2_ws_test/install/mmp_motion_predict/share/mmp_motion_predict/config/hpd_1t20_poselu_enll_train.yaml
/home/michael/ros2_ws_test/install/mmp_motion_predict/share/mmp_motion_predict/config/global_setting_warehouse.yaml
/home/michael/ros2_ws_test/install/mmp_motion_predict/share/mmp_motion_predict/config/zpd_1t20_poselu_enll_train.yaml
/home/michael/ros2_ws_test/install/mmp_motion_predict/share/mmp_motion_predict/config/wsd_1t20_poselu_enll_train.yaml
/home/michael/ros2_ws_test/install/mmp_motion_predict/share/mmp_motion_predict/launch/demo_mmp_motion_predict.launch.py
/home/michael/ros2_ws_test/install/mmp_motion_predict/share/mmp_motion_predict/launch/mmp_motion_predict_hospital.launch.py
/home/michael/ros2_ws_test/install/mmp_motion_predict/share/mmp_motion_predict/launch/mmp_motion_predict.launch.py
/home/michael/ros2_ws_test/install/mmp_motion_predict/share/mmp_motion_predict/rviz/demo.rviz
/home/michael/ros2_ws_test/install/mmp_motion_predict/share/mmp_motion_predict/data/./actor_2_traj.xml
/home/michael/ros2_ws_test/install/mmp_motion_predict/share/mmp_motion_predict/data/zospital_sim_original/zospital_map_axis.png
/home/michael/ros2_ws_test/install/mmp_motion_predict/share/mmp_motion_predict/data/zospital_sim_original/graph.json
/home/michael/ros2_ws_test/install/mmp_motion_predict/share/mmp_motion_predict/data/zospital_sim_original/map.pgm
/home/michael/ros2_ws_test/install/mmp_motion_predict/share/mmp_motion_predict/data/zospital_sim_original/zospital_map_axis.pdf
/home/michael/ros2_ws_test/install/mmp_motion_predict/share/mmp_motion_predict/data/zospital_sim_original/label.png
/home/michael/ros2_ws_test/install/mmp_motion_predict/share/mmp_motion_predict/data/zospital_sim_original/map_real.json
/home/michael/ros2_ws_test/install/mmp_motion_predict/share/mmp_motion_predict/data/zospital_sim_original/background.png
/home/michael/ros2_ws_test/install/mmp_motion_predict/share/mmp_motion_predict/data/zospital_sim_original/map.png
/home/michael/ros2_ws_test/install/mmp_motion_predict/share/mmp_motion_predict/data/zospital_sim_original/map.yaml
/home/michael/ros2_ws_test/install/mmp_motion_predict/share/mmp_motion_predict/data/zospital_sim_original/map.json
/home/michael/ros2_ws_test/install/mmp_motion_predict/share/mmp_motion_predict/data/zospital_sim_original/graph_real.json
/home/michael/ros2_ws_test/install/mmp_motion_predict/share/mmp_motion_predict/data/warehouse_sim_original/graph.json
/home/michael/ros2_ws_test/install/mmp_motion_predict/share/mmp_motion_predict/data/warehouse_sim_original/map.pgm
/home/michael/ros2_ws_test/install/mmp_motion_predict/share/mmp_motion_predict/data/warehouse_sim_original/background.png
/home/michael/ros2_ws_test/install/mmp_motion_predict/share/mmp_motion_predict/data/warehouse_sim_original/map.yaml
/home/michael/ros2_ws_test/install/mmp_motion_predict/share/mmp_motion_predict/data/warehouse_sim_original/map.json
/home/michael/ros2_ws_test/install/mmp_motion_predict/share/mmp_motion_predict/model/./wsd_poselu_enll_1
/home/michael/ros2_ws_test/install/mmp_motion_predict/share/mmp_motion_predict/model/./wsd_none_bce_1
/home/michael/ros2_ws_test/install/mmp_motion_predict/share/mmp_motion_predict/model/./zospital_poselu_enll_1
/home/michael/ros2_ws_test/install/mmp_motion_predict/share/mmp_motion_predict/model/./hospital_poselu_enll_1
/home/michael/ros2_ws_test/install/mmp_motion_predict/lib/python3.10/site-packages/mmp_motion_predict-0.0.0-py3.10.egg-info/requires.txt
/home/michael/ros2_ws_test/install/mmp_motion_predict/lib/python3.10/site-packages/mmp_motion_predict-0.0.0-py3.10.egg-info/dependency_links.txt
/home/michael/ros2_ws_test/install/mmp_motion_predict/lib/python3.10/site-packages/mmp_motion_predict-0.0.0-py3.10.egg-info/SOURCES.txt
/home/michael/ros2_ws_test/install/mmp_motion_predict/lib/python3.10/site-packages/mmp_motion_predict-0.0.0-py3.10.egg-info/top_level.txt
/home/michael/ros2_ws_test/install/mmp_motion_predict/lib/python3.10/site-packages/mmp_motion_predict-0.0.0-py3.10.egg-info/PKG-INFO
/home/michael/ros2_ws_test/install/mmp_motion_predict/lib/python3.10/site-packages/mmp_motion_predict-0.0.0-py3.10.egg-info/zip-safe
/home/michael/ros2_ws_test/install/mmp_motion_predict/lib/python3.10/site-packages/mmp_motion_predict-0.0.0-py3.10.egg-info/entry_points.txt
/home/michael/ros2_ws_test/install/mmp_motion_predict/lib/mmp_motion_predict/actor_traj_publisher
/home/michael/ros2_ws_test/install/mmp_motion_predict/lib/mmp_motion_predict/demo_traj_publisher
/home/michael/ros2_ws_test/install/mmp_motion_predict/lib/mmp_motion_predict/motion_prediction_node
