running develop
running egg_info
creating zmr_pure_pursuit.egg-info
writing zmr_pure_pursuit.egg-info/PKG-INFO
writing dependency_links to zmr_pure_pursuit.egg-info/dependency_links.txt
writing entry points to zmr_pure_pursuit.egg-info/entry_points.txt
writing requirements to zmr_pure_pursuit.egg-info/requires.txt
writing top-level names to zmr_pure_pursuit.egg-info/top_level.txt
writing manifest file 'zmr_pure_pursuit.egg-info/SOURCES.txt'
reading manifest file 'zmr_pure_pursuit.egg-info/SOURCES.txt'
writing manifest file 'zmr_pure_pursuit.egg-info/SOURCES.txt'
running build_ext
Creating /home/michael/ros2_ws_test/install/zmr_pure_pursuit/lib/python3.10/site-packages/zmr-pure-pursuit.egg-link (link to .)
Installing pure_pursuit_controller_node script to /home/michael/ros2_ws_test/install/zmr_pure_pursuit/lib/zmr_pure_pursuit

Installed /home/michael/ros2_ws_test/build/zmr_pure_pursuit
running symlink_data
creating /home/michael/ros2_ws_test/install/zmr_pure_pursuit/share/ament_index
creating /home/michael/ros2_ws_test/install/zmr_pure_pursuit/share/ament_index/resource_index
creating /home/michael/ros2_ws_test/install/zmr_pure_pursuit/share/ament_index/resource_index/packages
symbolically linking /home/michael/ros2_ws_test/build/zmr_pure_pursuit/resource/zmr_pure_pursuit -> /home/michael/ros2_ws_test/install/zmr_pure_pursuit/share/ament_index/resource_index/packages
symbolically linking /home/michael/ros2_ws_test/build/zmr_pure_pursuit/package.xml -> /home/michael/ros2_ws_test/install/zmr_pure_pursuit/share/zmr_pure_pursuit
creating /home/michael/ros2_ws_test/install/zmr_pure_pursuit/share/zmr_pure_pursuit/config
symbolically linking /home/michael/ros2_ws_test/build/zmr_pure_pursuit/config/robot_spec.yaml -> /home/michael/ros2_ws_test/install/zmr_pure_pursuit/share/zmr_pure_pursuit/config
creating /home/michael/ros2_ws_test/install/zmr_pure_pursuit/share/zmr_pure_pursuit/launch
symbolically linking /home/michael/ros2_ws_test/build/zmr_pure_pursuit/launch/zmr_pure_pursuit.launch.py -> /home/michael/ros2_ws_test/install/zmr_pure_pursuit/share/zmr_pure_pursuit/launch
