[0.488s] Invoking command in '/home/michael/ros2_ws_test/build/zmr_pure_pursuit': CMAKE_PREFIX_PATH=/home/michael/ros2_ws_test/install/mps_interfaces:/home/michael/ros2_ws_test/install/map_interfaces:/home/michael/ros2_ws_test/install/zmr_interfaces:/home/michael/ros2_ws_test/install/mmp_interfaces:/home/michael/ros2_ws_test/install/mir_description:/home/michael/ros2_ws_test/install/gazebo_worlds:/home/michael/ros2_ws_test/install/gazebo_ros_actor_pose_plugin LD_LIBRARY_PATH=/home/michael/ros2_ws_test/install/mps_interfaces/lib:/home/michael/ros2_ws_test/install/map_interfaces/lib:/home/michael/ros2_ws_test/install/zmr_interfaces/lib:/home/michael/ros2_ws_test/install/gazebo_ros_actor_pose_plugin/lib:/home/michael/ros2_ws_test/install/mmp_interfaces/lib:/usr/lib/x86_64-linux-gnu/gazebo-11/plugins:/opt/ros/humble/opt/rviz_ogre_vendor/lib:/opt/ros/humble/lib/x86_64-linux-gnu:/opt/ros/humble/lib PYTHONPATH=/home/michael/ros2_ws_test/build/zmr_pure_pursuit/prefix_override:/usr/lib/python3/dist-packages/colcon_core/task/python/colcon_distutils_commands:/home/michael/ros2_ws_test/install/zmr_pure_pursuit/lib/python3.10/site-packages:${PYTHONPATH} /usr/bin/python3 -W ignore:setup.py install is deprecated -W ignore:easy_install command is deprecated setup.py develop --editable --build-directory /home/michael/ros2_ws_test/build/zmr_pure_pursuit/build --no-deps symlink_data
[0.610s] running develop
[0.673s] running egg_info
[0.673s] creating zmr_pure_pursuit.egg-info
[0.673s] writing zmr_pure_pursuit.egg-info/PKG-INFO
[0.675s] writing dependency_links to zmr_pure_pursuit.egg-info/dependency_links.txt
[0.675s] writing entry points to zmr_pure_pursuit.egg-info/entry_points.txt
[0.675s] writing requirements to zmr_pure_pursuit.egg-info/requires.txt
[0.675s] writing top-level names to zmr_pure_pursuit.egg-info/top_level.txt
[0.675s] writing manifest file 'zmr_pure_pursuit.egg-info/SOURCES.txt'
[0.675s] reading manifest file 'zmr_pure_pursuit.egg-info/SOURCES.txt'
[0.675s] writing manifest file 'zmr_pure_pursuit.egg-info/SOURCES.txt'
[0.675s] running build_ext
[0.675s] Creating /home/michael/ros2_ws_test/install/zmr_pure_pursuit/lib/python3.10/site-packages/zmr-pure-pursuit.egg-link (link to .)
[0.675s] Installing pure_pursuit_controller_node script to /home/michael/ros2_ws_test/install/zmr_pure_pursuit/lib/zmr_pure_pursuit
[0.675s] 
[0.675s] Installed /home/michael/ros2_ws_test/build/zmr_pure_pursuit
[0.675s] running symlink_data
[0.675s] creating /home/michael/ros2_ws_test/install/zmr_pure_pursuit/share/ament_index
[0.676s] creating /home/michael/ros2_ws_test/install/zmr_pure_pursuit/share/ament_index/resource_index
[0.676s] creating /home/michael/ros2_ws_test/install/zmr_pure_pursuit/share/ament_index/resource_index/packages
[0.676s] symbolically linking /home/michael/ros2_ws_test/build/zmr_pure_pursuit/resource/zmr_pure_pursuit -> /home/michael/ros2_ws_test/install/zmr_pure_pursuit/share/ament_index/resource_index/packages
[0.676s] symbolically linking /home/michael/ros2_ws_test/build/zmr_pure_pursuit/package.xml -> /home/michael/ros2_ws_test/install/zmr_pure_pursuit/share/zmr_pure_pursuit
[0.676s] creating /home/michael/ros2_ws_test/install/zmr_pure_pursuit/share/zmr_pure_pursuit/config
[0.676s] symbolically linking /home/michael/ros2_ws_test/build/zmr_pure_pursuit/config/robot_spec.yaml -> /home/michael/ros2_ws_test/install/zmr_pure_pursuit/share/zmr_pure_pursuit/config
[0.676s] creating /home/michael/ros2_ws_test/install/zmr_pure_pursuit/share/zmr_pure_pursuit/launch
[0.676s] symbolically linking /home/michael/ros2_ws_test/build/zmr_pure_pursuit/launch/zmr_pure_pursuit.launch.py -> /home/michael/ros2_ws_test/install/zmr_pure_pursuit/share/zmr_pure_pursuit/launch
[0.692s] Invoked command in '/home/michael/ros2_ws_test/build/zmr_pure_pursuit' returned '0': CMAKE_PREFIX_PATH=/home/michael/ros2_ws_test/install/mps_interfaces:/home/michael/ros2_ws_test/install/map_interfaces:/home/michael/ros2_ws_test/install/zmr_interfaces:/home/michael/ros2_ws_test/install/mmp_interfaces:/home/michael/ros2_ws_test/install/mir_description:/home/michael/ros2_ws_test/install/gazebo_worlds:/home/michael/ros2_ws_test/install/gazebo_ros_actor_pose_plugin LD_LIBRARY_PATH=/home/michael/ros2_ws_test/install/mps_interfaces/lib:/home/michael/ros2_ws_test/install/map_interfaces/lib:/home/michael/ros2_ws_test/install/zmr_interfaces/lib:/home/michael/ros2_ws_test/install/gazebo_ros_actor_pose_plugin/lib:/home/michael/ros2_ws_test/install/mmp_interfaces/lib:/usr/lib/x86_64-linux-gnu/gazebo-11/plugins:/opt/ros/humble/opt/rviz_ogre_vendor/lib:/opt/ros/humble/lib/x86_64-linux-gnu:/opt/ros/humble/lib PYTHONPATH=/home/michael/ros2_ws_test/build/zmr_pure_pursuit/prefix_override:/usr/lib/python3/dist-packages/colcon_core/task/python/colcon_distutils_commands:/home/michael/ros2_ws_test/install/zmr_pure_pursuit/lib/python3.10/site-packages:${PYTHONPATH} /usr/bin/python3 -W ignore:setup.py install is deprecated -W ignore:easy_install command is deprecated setup.py develop --editable --build-directory /home/michael/ros2_ws_test/build/zmr_pure_pursuit/build --no-deps symlink_data
