running develop
running egg_info
creating zmr_manager.egg-info
writing zmr_manager.egg-info/PKG-INFO
writing dependency_links to zmr_manager.egg-info/dependency_links.txt
writing entry points to zmr_manager.egg-info/entry_points.txt
writing requirements to zmr_manager.egg-info/requires.txt
writing top-level names to zmr_manager.egg-info/top_level.txt
writing manifest file 'zmr_manager.egg-info/SOURCES.txt'
reading manifest file 'zmr_manager.egg-info/SOURCES.txt'
writing manifest file 'zmr_manager.egg-info/SOURCES.txt'
running build_ext
Creating /home/michael/ros2_ws_test/install/zmr_manager/lib/python3.10/site-packages/zmr-manager.egg-link (link to .)
Installing robot_manager_node script to /home/michael/ros2_ws_test/install/zmr_manager/lib/zmr_manager

Installed /home/michael/ros2_ws_test/build/zmr_manager
running symlink_data
creating /home/michael/ros2_ws_test/install/zmr_manager/share/ament_index
creating /home/michael/ros2_ws_test/install/zmr_manager/share/ament_index/resource_index
creating /home/michael/ros2_ws_test/install/zmr_manager/share/ament_index/resource_index/packages
symbolically linking /home/michael/ros2_ws_test/build/zmr_manager/resource/zmr_manager -> /home/michael/ros2_ws_test/install/zmr_manager/share/ament_index/resource_index/packages
symbolically linking /home/michael/ros2_ws_test/build/zmr_manager/package.xml -> /home/michael/ros2_ws_test/install/zmr_manager/share/zmr_manager
creating /home/michael/ros2_ws_test/install/zmr_manager/share/zmr_manager/launch
symbolically linking /home/michael/ros2_ws_test/build/zmr_manager/launch/zmr_manager.launch.py -> /home/michael/ros2_ws_test/install/zmr_manager/share/zmr_manager/launch
