[0.287s] Invoking command in '/home/michael/ros2_ws_test/build/zmr_manager': PYTHONPATH=/home/michael/ros2_ws_test/build/zmr_manager/prefix_override:/usr/lib/python3/dist-packages/colcon_core/task/python/colcon_distutils_commands:/home/michael/ros2_ws_test/install/zmr_manager/lib/python3.10/site-packages:${PYTHONPATH} /usr/bin/python3 -W ignore:setup.py install is deprecated -W ignore:easy_install command is deprecated setup.py develop --editable --build-directory /home/michael/ros2_ws_test/build/zmr_manager/build --no-deps symlink_data
[0.394s] running develop
[0.455s] running egg_info
[0.455s] creating zmr_manager.egg-info
[0.455s] writing zmr_manager.egg-info/PKG-INFO
[0.455s] writing dependency_links to zmr_manager.egg-info/dependency_links.txt
[0.455s] writing entry points to zmr_manager.egg-info/entry_points.txt
[0.455s] writing requirements to zmr_manager.egg-info/requires.txt
[0.455s] writing top-level names to zmr_manager.egg-info/top_level.txt
[0.455s] writing manifest file 'zmr_manager.egg-info/SOURCES.txt'
[0.455s] reading manifest file 'zmr_manager.egg-info/SOURCES.txt'
[0.455s] writing manifest file 'zmr_manager.egg-info/SOURCES.txt'
[0.455s] running build_ext
[0.455s] Creating /home/michael/ros2_ws_test/install/zmr_manager/lib/python3.10/site-packages/zmr-manager.egg-link (link to .)
[0.455s] Installing robot_manager_node script to /home/michael/ros2_ws_test/install/zmr_manager/lib/zmr_manager
[0.455s] 
[0.455s] Installed /home/michael/ros2_ws_test/build/zmr_manager
[0.455s] running symlink_data
[0.455s] creating /home/michael/ros2_ws_test/install/zmr_manager/share/ament_index
[0.455s] creating /home/michael/ros2_ws_test/install/zmr_manager/share/ament_index/resource_index
[0.455s] creating /home/michael/ros2_ws_test/install/zmr_manager/share/ament_index/resource_index/packages
[0.455s] symbolically linking /home/michael/ros2_ws_test/build/zmr_manager/resource/zmr_manager -> /home/michael/ros2_ws_test/install/zmr_manager/share/ament_index/resource_index/packages
[0.455s] symbolically linking /home/michael/ros2_ws_test/build/zmr_manager/package.xml -> /home/michael/ros2_ws_test/install/zmr_manager/share/zmr_manager
[0.455s] creating /home/michael/ros2_ws_test/install/zmr_manager/share/zmr_manager/launch
[0.455s] symbolically linking /home/michael/ros2_ws_test/build/zmr_manager/launch/zmr_manager.launch.py -> /home/michael/ros2_ws_test/install/zmr_manager/share/zmr_manager/launch
[0.469s] Invoked command in '/home/michael/ros2_ws_test/build/zmr_manager' returned '0': PYTHONPATH=/home/michael/ros2_ws_test/build/zmr_manager/prefix_override:/usr/lib/python3/dist-packages/colcon_core/task/python/colcon_distutils_commands:/home/michael/ros2_ws_test/install/zmr_manager/lib/python3.10/site-packages:${PYTHONPATH} /usr/bin/python3 -W ignore:setup.py install is deprecated -W ignore:easy_install command is deprecated setup.py develop --editable --build-directory /home/michael/ros2_ws_test/build/zmr_manager/build --no-deps symlink_data
