[0.358s] Invoking command in '/home/michael/ros2_ws_test/build/mmp_motion_predict': CMAKE_PREFIX_PATH=/home/michael/ros2_ws_test/install/mmp_interfaces:/home/michael/ros2_ws_test/install/zmr_interfaces:/home/michael/ros2_ws_test/install/mps_interfaces:/home/michael/ros2_ws_test/install/mir_description:/home/michael/ros2_ws_test/install/map_interfaces:/home/michael/ros2_ws_test/install/gazebo_worlds:/home/michael/ros2_ws_test/install/gazebo_ros_actor_pose_plugin LD_LIBRARY_PATH=/home/michael/ros2_ws_test/install/mmp_interfaces/lib:/home/michael/ros2_ws_test/install/zmr_interfaces/lib:/home/michael/ros2_ws_test/install/mps_interfaces/lib:/home/michael/ros2_ws_test/install/map_interfaces/lib:/home/michael/ros2_ws_test/install/gazebo_worlds/lib:/home/michael/ros2_ws_test/install/gazebo_ros_actor_pose_plugin/lib:/usr/lib/x86_64-linux-gnu/gazebo-11/plugins:/opt/ros/humble/opt/rviz_ogre_vendor/lib:/opt/ros/humble/lib/x86_64-linux-gnu:/opt/ros/humble/lib PYTHONPATH=/home/michael/ros2_ws_test/build/mmp_motion_predict/prefix_override:/usr/lib/python3/dist-packages/colcon_core/task/python/colcon_distutils_commands:/home/michael/ros2_ws_test/install/mmp_motion_predict/lib/python3.10/site-packages:${PYTHONPATH} VIRTUAL_ENV_PROMPT=(.venv) /usr/bin/python3 -W ignore:setup.py install is deprecated -W ignore:easy_install command is deprecated setup.py develop --uninstall --editable --build-directory /home/michael/ros2_ws_test/build/mmp_motion_predict/build
[0.461s] running develop
[0.519s] Removing /home/michael/ros2_ws_test/install/mmp_motion_predict/lib/python3.10/site-packages/mmp-motion-predict.egg-link (link to .)
[0.530s] Invoked command in '/home/michael/ros2_ws_test/build/mmp_motion_predict' returned '0': CMAKE_PREFIX_PATH=/home/michael/ros2_ws_test/install/mmp_interfaces:/home/michael/ros2_ws_test/install/zmr_interfaces:/home/michael/ros2_ws_test/install/mps_interfaces:/home/michael/ros2_ws_test/install/mir_description:/home/michael/ros2_ws_test/install/map_interfaces:/home/michael/ros2_ws_test/install/gazebo_worlds:/home/michael/ros2_ws_test/install/gazebo_ros_actor_pose_plugin LD_LIBRARY_PATH=/home/michael/ros2_ws_test/install/mmp_interfaces/lib:/home/michael/ros2_ws_test/install/zmr_interfaces/lib:/home/michael/ros2_ws_test/install/mps_interfaces/lib:/home/michael/ros2_ws_test/install/map_interfaces/lib:/home/michael/ros2_ws_test/install/gazebo_worlds/lib:/home/michael/ros2_ws_test/install/gazebo_ros_actor_pose_plugin/lib:/usr/lib/x86_64-linux-gnu/gazebo-11/plugins:/opt/ros/humble/opt/rviz_ogre_vendor/lib:/opt/ros/humble/lib/x86_64-linux-gnu:/opt/ros/humble/lib PYTHONPATH=/home/michael/ros2_ws_test/build/mmp_motion_predict/prefix_override:/usr/lib/python3/dist-packages/colcon_core/task/python/colcon_distutils_commands:/home/michael/ros2_ws_test/install/mmp_motion_predict/lib/python3.10/site-packages:${PYTHONPATH} VIRTUAL_ENV_PROMPT=(.venv) /usr/bin/python3 -W ignore:setup.py install is deprecated -W ignore:easy_install command is deprecated setup.py develop --uninstall --editable --build-directory /home/michael/ros2_ws_test/build/mmp_motion_predict/build
[0.530s] Invoking command in '/home/michael/ros2_ws_test/src/DyObAv-MPCnEBM-Warehouse-ROS2/src/mmp_motion_predict': CMAKE_PREFIX_PATH=/home/michael/ros2_ws_test/install/mmp_interfaces:/home/michael/ros2_ws_test/install/zmr_interfaces:/home/michael/ros2_ws_test/install/mps_interfaces:/home/michael/ros2_ws_test/install/mir_description:/home/michael/ros2_ws_test/install/map_interfaces:/home/michael/ros2_ws_test/install/gazebo_worlds:/home/michael/ros2_ws_test/install/gazebo_ros_actor_pose_plugin LD_LIBRARY_PATH=/home/michael/ros2_ws_test/install/mmp_interfaces/lib:/home/michael/ros2_ws_test/install/zmr_interfaces/lib:/home/michael/ros2_ws_test/install/mps_interfaces/lib:/home/michael/ros2_ws_test/install/map_interfaces/lib:/home/michael/ros2_ws_test/install/gazebo_worlds/lib:/home/michael/ros2_ws_test/install/gazebo_ros_actor_pose_plugin/lib:/usr/lib/x86_64-linux-gnu/gazebo-11/plugins:/opt/ros/humble/opt/rviz_ogre_vendor/lib:/opt/ros/humble/lib/x86_64-linux-gnu:/opt/ros/humble/lib PYTHONPATH=/home/michael/ros2_ws_test/build/mmp_motion_predict/prefix_override:/usr/lib/python3/dist-packages/colcon_core/task/python/colcon_distutils_commands:/home/michael/ros2_ws_test/install/mmp_motion_predict/lib/python3.10/site-packages:${PYTHONPATH} VIRTUAL_ENV_PROMPT=(.venv) /usr/bin/python3 -W ignore:setup.py install is deprecated -W ignore:easy_install command is deprecated setup.py egg_info --egg-base ../../../../build/mmp_motion_predict build --build-base /home/michael/ros2_ws_test/build/mmp_motion_predict/build install --record /home/michael/ros2_ws_test/build/mmp_motion_predict/install.log --single-version-externally-managed install_data --force
[0.628s] running egg_info
[0.628s] writing ../../../../build/mmp_motion_predict/mmp_motion_predict.egg-info/PKG-INFO
[0.629s] writing dependency_links to ../../../../build/mmp_motion_predict/mmp_motion_predict.egg-info/dependency_links.txt
[0.629s] writing entry points to ../../../../build/mmp_motion_predict/mmp_motion_predict.egg-info/entry_points.txt
[0.629s] writing requirements to ../../../../build/mmp_motion_predict/mmp_motion_predict.egg-info/requires.txt
[0.629s] writing top-level names to ../../../../build/mmp_motion_predict/mmp_motion_predict.egg-info/top_level.txt
[0.630s] reading manifest file '../../../../build/mmp_motion_predict/mmp_motion_predict.egg-info/SOURCES.txt'
[0.630s] writing manifest file '../../../../build/mmp_motion_predict/mmp_motion_predict.egg-info/SOURCES.txt'
[0.630s] running build
[0.630s] running build_py
[0.630s] copying mmp_motion_predict/motion_prediction_node.py -> /home/michael/ros2_ws_test/build/mmp_motion_predict/build/lib/mmp_motion_predict
[0.631s] running install
[0.631s] running install_lib
[0.631s] creating /home/michael/ros2_ws_test/install/mmp_motion_predict/lib/python3.10/site-packages/mmp_motion_predict
[0.631s] copying /home/michael/ros2_ws_test/build/mmp_motion_predict/build/lib/mmp_motion_predict/demo_traj_publisher.py -> /home/michael/ros2_ws_test/install/mmp_motion_predict/lib/python3.10/site-packages/mmp_motion_predict
[0.631s] creating /home/michael/ros2_ws_test/install/mmp_motion_predict/lib/python3.10/site-packages/mmp_motion_predict/_data_handle_mmp
[0.631s] copying /home/michael/ros2_ws_test/build/mmp_motion_predict/build/lib/mmp_motion_predict/_data_handle_mmp/data_handler.py -> /home/michael/ros2_ws_test/install/mmp_motion_predict/lib/python3.10/site-packages/mmp_motion_predict/_data_handle_mmp
[0.631s] copying /home/michael/ros2_ws_test/build/mmp_motion_predict/build/lib/mmp_motion_predict/_data_handle_mmp/dataset.py -> /home/michael/ros2_ws_test/install/mmp_motion_predict/lib/python3.10/site-packages/mmp_motion_predict/_data_handle_mmp
[0.631s] copying /home/michael/ros2_ws_test/build/mmp_motion_predict/build/lib/mmp_motion_predict/_data_handle_mmp/data_handler_split.py -> /home/michael/ros2_ws_test/install/mmp_motion_predict/lib/python3.10/site-packages/mmp_motion_predict/_data_handle_mmp
[0.631s] copying /home/michael/ros2_ws_test/build/mmp_motion_predict/build/lib/mmp_motion_predict/_data_handle_mmp/utils_np.py -> /home/michael/ros2_ws_test/install/mmp_motion_predict/lib/python3.10/site-packages/mmp_motion_predict/_data_handle_mmp
[0.631s] copying /home/michael/ros2_ws_test/build/mmp_motion_predict/build/lib/mmp_motion_predict/_data_handle_mmp/__init__.py -> /home/michael/ros2_ws_test/install/mmp_motion_predict/lib/python3.10/site-packages/mmp_motion_predict/_data_handle_mmp
[0.631s] copying /home/michael/ros2_ws_test/build/mmp_motion_predict/build/lib/mmp_motion_predict/network_loader.py -> /home/michael/ros2_ws_test/install/mmp_motion_predict/lib/python3.10/site-packages/mmp_motion_predict
[0.631s] copying /home/michael/ros2_ws_test/build/mmp_motion_predict/build/lib/mmp_motion_predict/map_tf.py -> /home/michael/ros2_ws_test/install/mmp_motion_predict/lib/python3.10/site-packages/mmp_motion_predict
[0.631s] copying /home/michael/ros2_ws_test/build/mmp_motion_predict/build/lib/mmp_motion_predict/motion_prediction.py -> /home/michael/ros2_ws_test/install/mmp_motion_predict/lib/python3.10/site-packages/mmp_motion_predict
[0.632s] copying /home/michael/ros2_ws_test/build/mmp_motion_predict/build/lib/mmp_motion_predict/actor_traj_publisher.py -> /home/michael/ros2_ws_test/install/mmp_motion_predict/lib/python3.10/site-packages/mmp_motion_predict
[0.632s] creating /home/michael/ros2_ws_test/install/mmp_motion_predict/lib/python3.10/site-packages/mmp_motion_predict/net_module
[0.632s] copying /home/michael/ros2_ws_test/build/mmp_motion_predict/build/lib/mmp_motion_predict/net_module/loss_functions.py -> /home/michael/ros2_ws_test/install/mmp_motion_predict/lib/python3.10/site-packages/mmp_motion_predict/net_module
[0.632s] copying /home/michael/ros2_ws_test/build/mmp_motion_predict/build/lib/mmp_motion_predict/net_module/backbones.py -> /home/michael/ros2_ws_test/install/mmp_motion_predict/lib/python3.10/site-packages/mmp_motion_predict/net_module
[0.632s] copying /home/michael/ros2_ws_test/build/mmp_motion_predict/build/lib/mmp_motion_predict/net_module/net.py -> /home/michael/ros2_ws_test/install/mmp_motion_predict/lib/python3.10/site-packages/mmp_motion_predict/net_module
[0.632s] copying /home/michael/ros2_ws_test/build/mmp_motion_predict/build/lib/mmp_motion_predict/net_module/__init__.py -> /home/michael/ros2_ws_test/install/mmp_motion_predict/lib/python3.10/site-packages/mmp_motion_predict/net_module
[0.632s] copying /home/michael/ros2_ws_test/build/mmp_motion_predict/build/lib/mmp_motion_predict/network_manager.py -> /home/michael/ros2_ws_test/install/mmp_motion_predict/lib/python3.10/site-packages/mmp_motion_predict
[0.632s] copying /home/michael/ros2_ws_test/build/mmp_motion_predict/build/lib/mmp_motion_predict/__init__.py -> /home/michael/ros2_ws_test/install/mmp_motion_predict/lib/python3.10/site-packages/mmp_motion_predict
[0.632s] creating /home/michael/ros2_ws_test/install/mmp_motion_predict/lib/python3.10/site-packages/mmp_motion_predict/util
[0.632s] copying /home/michael/ros2_ws_test/build/mmp_motion_predict/build/lib/mmp_motion_predict/util/utils_test.py -> /home/michael/ros2_ws_test/install/mmp_motion_predict/lib/python3.10/site-packages/mmp_motion_predict/util
[0.632s] copying /home/michael/ros2_ws_test/build/mmp_motion_predict/build/lib/mmp_motion_predict/util/utils_yaml.py -> /home/michael/ros2_ws_test/install/mmp_motion_predict/lib/python3.10/site-packages/mmp_motion_predict/util
[0.632s] copying /home/michael/ros2_ws_test/build/mmp_motion_predict/build/lib/mmp_motion_predict/util/utils_np.py -> /home/michael/ros2_ws_test/install/mmp_motion_predict/lib/python3.10/site-packages/mmp_motion_predict/util
[0.632s] copying /home/michael/ros2_ws_test/build/mmp_motion_predict/build/lib/mmp_motion_predict/util/__init__.py -> /home/michael/ros2_ws_test/install/mmp_motion_predict/lib/python3.10/site-packages/mmp_motion_predict/util
[0.632s] copying /home/michael/ros2_ws_test/build/mmp_motion_predict/build/lib/mmp_motion_predict/util/utils_kmean.py -> /home/michael/ros2_ws_test/install/mmp_motion_predict/lib/python3.10/site-packages/mmp_motion_predict/util
[0.632s] copying /home/michael/ros2_ws_test/build/mmp_motion_predict/build/lib/mmp_motion_predict/motion_prediction_node.py -> /home/michael/ros2_ws_test/install/mmp_motion_predict/lib/python3.10/site-packages/mmp_motion_predict
[0.632s] byte-compiling /home/michael/ros2_ws_test/install/mmp_motion_predict/lib/python3.10/site-packages/mmp_motion_predict/demo_traj_publisher.py to demo_traj_publisher.cpython-310.pyc
[0.632s] byte-compiling /home/michael/ros2_ws_test/install/mmp_motion_predict/lib/python3.10/site-packages/mmp_motion_predict/_data_handle_mmp/data_handler.py to data_handler.cpython-310.pyc
[0.633s] byte-compiling /home/michael/ros2_ws_test/install/mmp_motion_predict/lib/python3.10/site-packages/mmp_motion_predict/_data_handle_mmp/dataset.py to dataset.cpython-310.pyc
[0.633s] byte-compiling /home/michael/ros2_ws_test/install/mmp_motion_predict/lib/python3.10/site-packages/mmp_motion_predict/_data_handle_mmp/data_handler_split.py to data_handler_split.cpython-310.pyc
[0.634s] byte-compiling /home/michael/ros2_ws_test/install/mmp_motion_predict/lib/python3.10/site-packages/mmp_motion_predict/_data_handle_mmp/utils_np.py to utils_np.cpython-310.pyc
[0.634s] byte-compiling /home/michael/ros2_ws_test/install/mmp_motion_predict/lib/python3.10/site-packages/mmp_motion_predict/_data_handle_mmp/__init__.py to __init__.cpython-310.pyc
[0.634s] byte-compiling /home/michael/ros2_ws_test/install/mmp_motion_predict/lib/python3.10/site-packages/mmp_motion_predict/network_loader.py to network_loader.cpython-310.pyc
[0.636s] byte-compiling /home/michael/ros2_ws_test/install/mmp_motion_predict/lib/python3.10/site-packages/mmp_motion_predict/map_tf.py to map_tf.cpython-310.pyc
[0.636s] byte-compiling /home/michael/ros2_ws_test/install/mmp_motion_predict/lib/python3.10/site-packages/mmp_motion_predict/motion_prediction.py to motion_prediction.cpython-310.pyc
[0.637s] byte-compiling /home/michael/ros2_ws_test/install/mmp_motion_predict/lib/python3.10/site-packages/mmp_motion_predict/actor_traj_publisher.py to actor_traj_publisher.cpython-310.pyc
[0.637s] byte-compiling /home/michael/ros2_ws_test/install/mmp_motion_predict/lib/python3.10/site-packages/mmp_motion_predict/net_module/loss_functions.py to loss_functions.cpython-310.pyc
[0.638s] byte-compiling /home/michael/ros2_ws_test/install/mmp_motion_predict/lib/python3.10/site-packages/mmp_motion_predict/net_module/backbones.py to backbones.cpython-310.pyc
[0.639s] byte-compiling /home/michael/ros2_ws_test/install/mmp_motion_predict/lib/python3.10/site-packages/mmp_motion_predict/net_module/net.py to net.cpython-310.pyc
[0.639s] byte-compiling /home/michael/ros2_ws_test/install/mmp_motion_predict/lib/python3.10/site-packages/mmp_motion_predict/net_module/__init__.py to __init__.cpython-310.pyc
[0.639s] byte-compiling /home/michael/ros2_ws_test/install/mmp_motion_predict/lib/python3.10/site-packages/mmp_motion_predict/network_manager.py to network_manager.cpython-310.pyc
[0.640s] byte-compiling /home/michael/ros2_ws_test/install/mmp_motion_predict/lib/python3.10/site-packages/mmp_motion_predict/__init__.py to __init__.cpython-310.pyc
[0.640s] byte-compiling /home/michael/ros2_ws_test/install/mmp_motion_predict/lib/python3.10/site-packages/mmp_motion_predict/util/utils_test.py to utils_test.cpython-310.pyc
[0.640s] byte-compiling /home/michael/ros2_ws_test/install/mmp_motion_predict/lib/python3.10/site-packages/mmp_motion_predict/util/utils_yaml.py to utils_yaml.cpython-310.pyc
[0.641s] byte-compiling /home/michael/ros2_ws_test/install/mmp_motion_predict/lib/python3.10/site-packages/mmp_motion_predict/util/utils_np.py to utils_np.cpython-310.pyc
[0.641s] byte-compiling /home/michael/ros2_ws_test/install/mmp_motion_predict/lib/python3.10/site-packages/mmp_motion_predict/util/__init__.py to __init__.cpython-310.pyc
[0.641s] byte-compiling /home/michael/ros2_ws_test/install/mmp_motion_predict/lib/python3.10/site-packages/mmp_motion_predict/util/utils_kmean.py to utils_kmean.cpython-310.pyc
[0.641s] byte-compiling /home/michael/ros2_ws_test/install/mmp_motion_predict/lib/python3.10/site-packages/mmp_motion_predict/motion_prediction_node.py to motion_prediction_node.cpython-310.pyc
[0.642s] running install_data
[0.642s] copying resource/mmp_motion_predict -> /home/michael/ros2_ws_test/install/mmp_motion_predict/share/ament_index/resource_index/packages
[0.642s] copying package.xml -> /home/michael/ros2_ws_test/install/mmp_motion_predict/share/mmp_motion_predict
[0.642s] copying config/global_setting_zospital.yaml -> /home/michael/ros2_ws_test/install/mmp_motion_predict/share/mmp_motion_predict/config
[0.642s] copying config/hpd_1t20_poselu_enll_train.yaml -> /home/michael/ros2_ws_test/install/mmp_motion_predict/share/mmp_motion_predict/config
[0.642s] copying config/global_setting_warehouse.yaml -> /home/michael/ros2_ws_test/install/mmp_motion_predict/share/mmp_motion_predict/config
[0.642s] copying config/zpd_1t20_poselu_enll_train.yaml -> /home/michael/ros2_ws_test/install/mmp_motion_predict/share/mmp_motion_predict/config
[0.642s] copying config/wsd_1t20_poselu_enll_train.yaml -> /home/michael/ros2_ws_test/install/mmp_motion_predict/share/mmp_motion_predict/config
[0.642s] copying launch/demo_mmp_motion_predict.launch.py -> /home/michael/ros2_ws_test/install/mmp_motion_predict/share/mmp_motion_predict/launch
[0.642s] copying launch/mmp_motion_predict_hospital.launch.py -> /home/michael/ros2_ws_test/install/mmp_motion_predict/share/mmp_motion_predict/launch
[0.642s] copying launch/mmp_motion_predict.launch.py -> /home/michael/ros2_ws_test/install/mmp_motion_predict/share/mmp_motion_predict/launch
[0.642s] copying rviz/demo.rviz -> /home/michael/ros2_ws_test/install/mmp_motion_predict/share/mmp_motion_predict/rviz
[0.642s] copying ./data/actor_2_traj.xml -> /home/michael/ros2_ws_test/install/mmp_motion_predict/share/mmp_motion_predict/data/.
[0.642s] copying ./data/zospital_sim_original/zospital_map_axis.png -> /home/michael/ros2_ws_test/install/mmp_motion_predict/share/mmp_motion_predict/data/zospital_sim_original
[0.642s] copying ./data/zospital_sim_original/graph.json -> /home/michael/ros2_ws_test/install/mmp_motion_predict/share/mmp_motion_predict/data/zospital_sim_original
[0.642s] copying ./data/zospital_sim_original/map.pgm -> /home/michael/ros2_ws_test/install/mmp_motion_predict/share/mmp_motion_predict/data/zospital_sim_original
[0.642s] copying ./data/zospital_sim_original/zospital_map_axis.pdf -> /home/michael/ros2_ws_test/install/mmp_motion_predict/share/mmp_motion_predict/data/zospital_sim_original
[0.642s] copying ./data/zospital_sim_original/label.png -> /home/michael/ros2_ws_test/install/mmp_motion_predict/share/mmp_motion_predict/data/zospital_sim_original
[0.642s] copying ./data/zospital_sim_original/map_real.json -> /home/michael/ros2_ws_test/install/mmp_motion_predict/share/mmp_motion_predict/data/zospital_sim_original
[0.642s] copying ./data/zospital_sim_original/background.png -> /home/michael/ros2_ws_test/install/mmp_motion_predict/share/mmp_motion_predict/data/zospital_sim_original
[0.642s] copying ./data/zospital_sim_original/map.png -> /home/michael/ros2_ws_test/install/mmp_motion_predict/share/mmp_motion_predict/data/zospital_sim_original
[0.642s] copying ./data/zospital_sim_original/map.yaml -> /home/michael/ros2_ws_test/install/mmp_motion_predict/share/mmp_motion_predict/data/zospital_sim_original
[0.642s] copying ./data/zospital_sim_original/map.json -> /home/michael/ros2_ws_test/install/mmp_motion_predict/share/mmp_motion_predict/data/zospital_sim_original
[0.642s] copying ./data/zospital_sim_original/graph_real.json -> /home/michael/ros2_ws_test/install/mmp_motion_predict/share/mmp_motion_predict/data/zospital_sim_original
[0.642s] copying ./data/warehouse_sim_original/graph.json -> /home/michael/ros2_ws_test/install/mmp_motion_predict/share/mmp_motion_predict/data/warehouse_sim_original
[0.642s] copying ./data/warehouse_sim_original/map.pgm -> /home/michael/ros2_ws_test/install/mmp_motion_predict/share/mmp_motion_predict/data/warehouse_sim_original
[0.642s] copying ./data/warehouse_sim_original/background.png -> /home/michael/ros2_ws_test/install/mmp_motion_predict/share/mmp_motion_predict/data/warehouse_sim_original
[0.642s] copying ./data/warehouse_sim_original/map.yaml -> /home/michael/ros2_ws_test/install/mmp_motion_predict/share/mmp_motion_predict/data/warehouse_sim_original
[0.642s] copying ./data/warehouse_sim_original/map.json -> /home/michael/ros2_ws_test/install/mmp_motion_predict/share/mmp_motion_predict/data/warehouse_sim_original
[0.642s] copying ./model/wsd_poselu_enll_1 -> /home/michael/ros2_ws_test/install/mmp_motion_predict/share/mmp_motion_predict/model/.
[0.644s] copying ./model/wsd_none_bce_1 -> /home/michael/ros2_ws_test/install/mmp_motion_predict/share/mmp_motion_predict/model/.
[0.645s] copying ./model/zospital_poselu_enll_1 -> /home/michael/ros2_ws_test/install/mmp_motion_predict/share/mmp_motion_predict/model/.
[0.646s] copying ./model/hospital_poselu_enll_1 -> /home/michael/ros2_ws_test/install/mmp_motion_predict/share/mmp_motion_predict/model/.
[0.648s] running install_egg_info
[0.649s] Copying ../../../../build/mmp_motion_predict/mmp_motion_predict.egg-info to /home/michael/ros2_ws_test/install/mmp_motion_predict/lib/python3.10/site-packages/mmp_motion_predict-0.0.0-py3.10.egg-info
[0.649s] running install_scripts
[0.658s] Installing actor_traj_publisher script to /home/michael/ros2_ws_test/install/mmp_motion_predict/lib/mmp_motion_predict
[0.658s] Installing demo_traj_publisher script to /home/michael/ros2_ws_test/install/mmp_motion_predict/lib/mmp_motion_predict
[0.658s] Installing motion_prediction_node script to /home/michael/ros2_ws_test/install/mmp_motion_predict/lib/mmp_motion_predict
[0.658s] writing list of installed files to '/home/michael/ros2_ws_test/build/mmp_motion_predict/install.log'
[0.673s] Invoked command in '/home/michael/ros2_ws_test/src/DyObAv-MPCnEBM-Warehouse-ROS2/src/mmp_motion_predict' returned '0': CMAKE_PREFIX_PATH=/home/michael/ros2_ws_test/install/mmp_interfaces:/home/michael/ros2_ws_test/install/zmr_interfaces:/home/michael/ros2_ws_test/install/mps_interfaces:/home/michael/ros2_ws_test/install/mir_description:/home/michael/ros2_ws_test/install/map_interfaces:/home/michael/ros2_ws_test/install/gazebo_worlds:/home/michael/ros2_ws_test/install/gazebo_ros_actor_pose_plugin LD_LIBRARY_PATH=/home/michael/ros2_ws_test/install/mmp_interfaces/lib:/home/michael/ros2_ws_test/install/zmr_interfaces/lib:/home/michael/ros2_ws_test/install/mps_interfaces/lib:/home/michael/ros2_ws_test/install/map_interfaces/lib:/home/michael/ros2_ws_test/install/gazebo_worlds/lib:/home/michael/ros2_ws_test/install/gazebo_ros_actor_pose_plugin/lib:/usr/lib/x86_64-linux-gnu/gazebo-11/plugins:/opt/ros/humble/opt/rviz_ogre_vendor/lib:/opt/ros/humble/lib/x86_64-linux-gnu:/opt/ros/humble/lib PYTHONPATH=/home/michael/ros2_ws_test/build/mmp_motion_predict/prefix_override:/usr/lib/python3/dist-packages/colcon_core/task/python/colcon_distutils_commands:/home/michael/ros2_ws_test/install/mmp_motion_predict/lib/python3.10/site-packages:${PYTHONPATH} VIRTUAL_ENV_PROMPT=(.venv) /usr/bin/python3 -W ignore:setup.py install is deprecated -W ignore:easy_install command is deprecated setup.py egg_info --egg-base ../../../../build/mmp_motion_predict build --build-base /home/michael/ros2_ws_test/build/mmp_motion_predict/build install --record /home/michael/ros2_ws_test/build/mmp_motion_predict/install.log --single-version-externally-managed install_data --force
