running egg_info
writing ../../../../build/mmp_motion_predict/mmp_motion_predict.egg-info/PKG-INFO
writing dependency_links to ../../../../build/mmp_motion_predict/mmp_motion_predict.egg-info/dependency_links.txt
writing entry points to ../../../../build/mmp_motion_predict/mmp_motion_predict.egg-info/entry_points.txt
writing requirements to ../../../../build/mmp_motion_predict/mmp_motion_predict.egg-info/requires.txt
writing top-level names to ../../../../build/mmp_motion_predict/mmp_motion_predict.egg-info/top_level.txt
reading manifest file '../../../../build/mmp_motion_predict/mmp_motion_predict.egg-info/SOURCES.txt'
writing manifest file '../../../../build/mmp_motion_predict/mmp_motion_predict.egg-info/SOURCES.txt'
running build
running build_py
copying mmp_motion_predict/motion_prediction.py -> /home/michael/ros2_ws_test/build/mmp_motion_predict/build/lib/mmp_motion_predict
running install
running install_lib
copying /home/michael/ros2_ws_test/build/mmp_motion_predict/build/lib/mmp_motion_predict/motion_prediction.py -> /home/michael/ros2_ws_test/install/mmp_motion_predict/lib/python3.10/site-packages/mmp_motion_predict
byte-compiling /home/michael/ros2_ws_test/install/mmp_motion_predict/lib/python3.10/site-packages/mmp_motion_predict/motion_prediction.py to motion_prediction.cpython-310.pyc
running install_data
running install_egg_info
removing '/home/michael/ros2_ws_test/install/mmp_motion_predict/lib/python3.10/site-packages/mmp_motion_predict-0.0.0-py3.10.egg-info' (and everything under it)
Copying ../../../../build/mmp_motion_predict/mmp_motion_predict.egg-info to /home/michael/ros2_ws_test/install/mmp_motion_predict/lib/python3.10/site-packages/mmp_motion_predict-0.0.0-py3.10.egg-info
running install_scripts
Installing actor_traj_publisher script to /home/michael/ros2_ws_test/install/mmp_motion_predict/lib/mmp_motion_predict
Installing demo_traj_publisher script to /home/michael/ros2_ws_test/install/mmp_motion_predict/lib/mmp_motion_predict
Installing motion_prediction_node script to /home/michael/ros2_ws_test/install/mmp_motion_predict/lib/mmp_motion_predict
writing list of installed files to '/home/michael/ros2_ws_test/build/mmp_motion_predict/install.log'
