running develop
running egg_info
creating zmr_description.egg-info
writing zmr_description.egg-info/PKG-INFO
writing dependency_links to zmr_description.egg-info/dependency_links.txt
writing entry points to zmr_description.egg-info/entry_points.txt
writing requirements to zmr_description.egg-info/requires.txt
writing top-level names to zmr_description.egg-info/top_level.txt
writing manifest file 'zmr_description.egg-info/SOURCES.txt'
reading manifest file 'zmr_description.egg-info/SOURCES.txt'
writing manifest file 'zmr_description.egg-info/SOURCES.txt'
running build_ext
Creating /home/michael/ros2_ws_test/install/zmr_description/lib/python3.10/site-packages/zmr-description.egg-link (link to .)
Installing rotate_wheel script to /home/michael/ros2_ws_test/install/zmr_description/lib/zmr_description
Installing spawn_robot script to /home/michael/ros2_ws_test/install/zmr_description/lib/zmr_description

Installed /home/michael/ros2_ws_test/build/zmr_description
running symlink_data
creating /home/michael/ros2_ws_test/install/zmr_description/share/ament_index
creating /home/michael/ros2_ws_test/install/zmr_description/share/ament_index/resource_index
creating /home/michael/ros2_ws_test/install/zmr_description/share/ament_index/resource_index/packages
symbolically linking /home/michael/ros2_ws_test/build/zmr_description/resource/zmr_description -> /home/michael/ros2_ws_test/install/zmr_description/share/ament_index/resource_index/packages
symbolically linking /home/michael/ros2_ws_test/build/zmr_description/package.xml -> /home/michael/ros2_ws_test/install/zmr_description/share/zmr_description
creating /home/michael/ros2_ws_test/install/zmr_description/share/zmr_description/launch
symbolically linking /home/michael/ros2_ws_test/build/zmr_description/launch/zmr_bringup.launch.py -> /home/michael/ros2_ws_test/install/zmr_description/share/zmr_description/launch
symbolically linking /home/michael/ros2_ws_test/build/zmr_description/launch/zmr_spawn_entity.launch.py -> /home/michael/ros2_ws_test/install/zmr_description/share/zmr_description/launch
symbolically linking /home/michael/ros2_ws_test/build/zmr_description/launch/demo_duet.launch.py -> /home/michael/ros2_ws_test/install/zmr_description/share/zmr_description/launch
creating /home/michael/ros2_ws_test/install/zmr_description/share/zmr_description/rviz
symbolically linking /home/michael/ros2_ws_test/build/zmr_description/rviz/default_demo_duet.rviz -> /home/michael/ros2_ws_test/install/zmr_description/share/zmr_description/rviz
symbolically linking /home/michael/ros2_ws_test/build/zmr_description/rviz/default_zmr_bringup.rviz -> /home/michael/ros2_ws_test/install/zmr_description/share/zmr_description/rviz
creating /home/michael/ros2_ws_test/install/zmr_description/share/zmr_description/urdf
symbolically linking /home/michael/ros2_ws_test/build/zmr_description/urdf/robot.urdf.xacro -> /home/michael/ros2_ws_test/install/zmr_description/share/zmr_description/urdf/.
symbolically linking /home/michael/ros2_ws_test/build/zmr_description/urdf/robot.urdf -> /home/michael/ros2_ws_test/install/zmr_description/share/zmr_description/urdf/.
creating /home/michael/ros2_ws_test/install/zmr_description/share/zmr_description/urdf/materials
symbolically linking /home/michael/ros2_ws_test/build/zmr_description/urdf/materials/parameters.urdf.xacro -> /home/michael/ros2_ws_test/install/zmr_description/share/zmr_description/urdf/materials
symbolically linking /home/michael/ros2_ws_test/build/zmr_description/urdf/materials/materials.urdf.xacro -> /home/michael/ros2_ws_test/install/zmr_description/share/zmr_description/urdf/materials
symbolically linking /home/michael/ros2_ws_test/build/zmr_description/urdf/materials/drive_model.urdf.xacro -> /home/michael/ros2_ws_test/install/zmr_description/share/zmr_description/urdf/materials
symbolically linking /home/michael/ros2_ws_test/build/zmr_description/urdf/materials/model.urdf.xacro -> /home/michael/ros2_ws_test/install/zmr_description/share/zmr_description/urdf/materials
