[0.595s] Invoking command in '/home/michael/ros2_ws_test/build/zmr_description': PYTHONPATH=/home/michael/ros2_ws_test/build/zmr_description/prefix_override:/usr/lib/python3/dist-packages/colcon_core/task/python/colcon_distutils_commands:/home/michael/ros2_ws_test/install/zmr_description/lib/python3.10/site-packages:${PYTHONPATH} /usr/bin/python3 -W ignore:setup.py install is deprecated -W ignore:easy_install command is deprecated setup.py develop --editable --build-directory /home/michael/ros2_ws_test/build/zmr_description/build --no-deps symlink_data
[0.715s] running develop
[0.768s] running egg_info
[0.768s] creating zmr_description.egg-info
[0.768s] writing zmr_description.egg-info/PKG-INFO
[0.769s] writing dependency_links to zmr_description.egg-info/dependency_links.txt
[0.769s] writing entry points to zmr_description.egg-info/entry_points.txt
[0.769s] writing requirements to zmr_description.egg-info/requires.txt
[0.769s] writing top-level names to zmr_description.egg-info/top_level.txt
[0.769s] writing manifest file 'zmr_description.egg-info/SOURCES.txt'
[0.770s] reading manifest file 'zmr_description.egg-info/SOURCES.txt'
[0.770s] writing manifest file 'zmr_description.egg-info/SOURCES.txt'
[0.770s] running build_ext
[0.771s] Creating /home/michael/ros2_ws_test/install/zmr_description/lib/python3.10/site-packages/zmr-description.egg-link (link to .)
[0.771s] Installing rotate_wheel script to /home/michael/ros2_ws_test/install/zmr_description/lib/zmr_description
[0.771s] Installing spawn_robot script to /home/michael/ros2_ws_test/install/zmr_description/lib/zmr_description
[0.771s] 
[0.771s] Installed /home/michael/ros2_ws_test/build/zmr_description
[0.771s] running symlink_data
[0.771s] creating /home/michael/ros2_ws_test/install/zmr_description/share/ament_index
[0.771s] creating /home/michael/ros2_ws_test/install/zmr_description/share/ament_index/resource_index
[0.771s] creating /home/michael/ros2_ws_test/install/zmr_description/share/ament_index/resource_index/packages
[0.771s] symbolically linking /home/michael/ros2_ws_test/build/zmr_description/resource/zmr_description -> /home/michael/ros2_ws_test/install/zmr_description/share/ament_index/resource_index/packages
[0.771s] symbolically linking /home/michael/ros2_ws_test/build/zmr_description/package.xml -> /home/michael/ros2_ws_test/install/zmr_description/share/zmr_description
[0.771s] creating /home/michael/ros2_ws_test/install/zmr_description/share/zmr_description/launch
[0.771s] symbolically linking /home/michael/ros2_ws_test/build/zmr_description/launch/zmr_bringup.launch.py -> /home/michael/ros2_ws_test/install/zmr_description/share/zmr_description/launch
[0.771s] symbolically linking /home/michael/ros2_ws_test/build/zmr_description/launch/zmr_spawn_entity.launch.py -> /home/michael/ros2_ws_test/install/zmr_description/share/zmr_description/launch
[0.771s] symbolically linking /home/michael/ros2_ws_test/build/zmr_description/launch/demo_duet.launch.py -> /home/michael/ros2_ws_test/install/zmr_description/share/zmr_description/launch
[0.771s] creating /home/michael/ros2_ws_test/install/zmr_description/share/zmr_description/rviz
[0.771s] symbolically linking /home/michael/ros2_ws_test/build/zmr_description/rviz/default_demo_duet.rviz -> /home/michael/ros2_ws_test/install/zmr_description/share/zmr_description/rviz
[0.771s] symbolically linking /home/michael/ros2_ws_test/build/zmr_description/rviz/default_zmr_bringup.rviz -> /home/michael/ros2_ws_test/install/zmr_description/share/zmr_description/rviz
[0.771s] creating /home/michael/ros2_ws_test/install/zmr_description/share/zmr_description/urdf
[0.771s] symbolically linking /home/michael/ros2_ws_test/build/zmr_description/urdf/robot.urdf.xacro -> /home/michael/ros2_ws_test/install/zmr_description/share/zmr_description/urdf/.
[0.771s] symbolically linking /home/michael/ros2_ws_test/build/zmr_description/urdf/robot.urdf -> /home/michael/ros2_ws_test/install/zmr_description/share/zmr_description/urdf/.
[0.771s] creating /home/michael/ros2_ws_test/install/zmr_description/share/zmr_description/urdf/materials
[0.771s] symbolically linking /home/michael/ros2_ws_test/build/zmr_description/urdf/materials/parameters.urdf.xacro -> /home/michael/ros2_ws_test/install/zmr_description/share/zmr_description/urdf/materials
[0.771s] symbolically linking /home/michael/ros2_ws_test/build/zmr_description/urdf/materials/materials.urdf.xacro -> /home/michael/ros2_ws_test/install/zmr_description/share/zmr_description/urdf/materials
[0.771s] symbolically linking /home/michael/ros2_ws_test/build/zmr_description/urdf/materials/drive_model.urdf.xacro -> /home/michael/ros2_ws_test/install/zmr_description/share/zmr_description/urdf/materials
[0.771s] symbolically linking /home/michael/ros2_ws_test/build/zmr_description/urdf/materials/model.urdf.xacro -> /home/michael/ros2_ws_test/install/zmr_description/share/zmr_description/urdf/materials
[0.797s] Invoked command in '/home/michael/ros2_ws_test/build/zmr_description' returned '0': PYTHONPATH=/home/michael/ros2_ws_test/build/zmr_description/prefix_override:/usr/lib/python3/dist-packages/colcon_core/task/python/colcon_distutils_commands:/home/michael/ros2_ws_test/install/zmr_description/lib/python3.10/site-packages:${PYTHONPATH} /usr/bin/python3 -W ignore:setup.py install is deprecated -W ignore:easy_install command is deprecated setup.py develop --editable --build-directory /home/michael/ros2_ws_test/build/zmr_description/build --no-deps symlink_data
