running develop
Removing /home/michael/ros2_ws_test/install/zmr_mpc/lib/python3.10/site-packages/zmr-mpc.egg-link (link to .)
running egg_info
writing ../../../../build/zmr_mpc/zmr_mpc.egg-info/PKG-INFO
writing dependency_links to ../../../../build/zmr_mpc/zmr_mpc.egg-info/dependency_links.txt
writing entry points to ../../../../build/zmr_mpc/zmr_mpc.egg-info/entry_points.txt
writing requirements to ../../../../build/zmr_mpc/zmr_mpc.egg-info/requires.txt
writing top-level names to ../../../../build/zmr_mpc/zmr_mpc.egg-info/top_level.txt
reading manifest file '../../../../build/zmr_mpc/zmr_mpc.egg-info/SOURCES.txt'
writing manifest file '../../../../build/zmr_mpc/zmr_mpc.egg-info/SOURCES.txt'
running build
running build_py
creating /home/michael/ros2_ws_test/build/zmr_mpc/build
creating /home/michael/ros2_ws_test/build/zmr_mpc/build/lib
creating /home/michael/ros2_ws_test/build/zmr_mpc/build/lib/zmr_mpc
copying zmr_mpc/configs.py -> /home/michael/ros2_ws_test/build/zmr_mpc/build/lib/zmr_mpc
copying zmr_mpc/mpc_trajectory_tracker_node.py -> /home/michael/ros2_ws_test/build/zmr_mpc/build/lib/zmr_mpc
copying zmr_mpc/mpc_trajectory_tracker.py -> /home/michael/ros2_ws_test/build/zmr_mpc/build/lib/zmr_mpc
copying zmr_mpc/motion_model.py -> /home/michael/ros2_ws_test/build/zmr_mpc/build/lib/zmr_mpc
copying zmr_mpc/__init__.py -> /home/michael/ros2_ws_test/build/zmr_mpc/build/lib/zmr_mpc
copying zmr_mpc/local_traj_plan.py -> /home/michael/ros2_ws_test/build/zmr_mpc/build/lib/zmr_mpc
copying zmr_mpc/_ref_traj_generation.py -> /home/michael/ros2_ws_test/build/zmr_mpc/build/lib/zmr_mpc
copying zmr_mpc/cost_monitor.py -> /home/michael/ros2_ws_test/build/zmr_mpc/build/lib/zmr_mpc
creating /home/michael/ros2_ws_test/build/zmr_mpc/build/lib/zmr_mpc/path_plan_cspace
copying zmr_mpc/path_plan_cspace/visibility.py -> /home/michael/ros2_ws_test/build/zmr_mpc/build/lib/zmr_mpc/path_plan_cspace
copying zmr_mpc/path_plan_cspace/visibility_extremitypathfinder.py -> /home/michael/ros2_ws_test/build/zmr_mpc/build/lib/zmr_mpc/path_plan_cspace
copying zmr_mpc/path_plan_cspace/__init__.py -> /home/michael/ros2_ws_test/build/zmr_mpc/build/lib/zmr_mpc/path_plan_cspace
creating /home/michael/ros2_ws_test/build/zmr_mpc/build/lib/zmr_mpc/casadi_build
copying zmr_mpc/casadi_build/builder_panoc_v0.py -> /home/michael/ros2_ws_test/build/zmr_mpc/build/lib/zmr_mpc/casadi_build
copying zmr_mpc/casadi_build/mpc_helper.py -> /home/michael/ros2_ws_test/build/zmr_mpc/build/lib/zmr_mpc/casadi_build
copying zmr_mpc/casadi_build/mpc_cost.py -> /home/michael/ros2_ws_test/build/zmr_mpc/build/lib/zmr_mpc/casadi_build
copying zmr_mpc/casadi_build/__init__.py -> /home/michael/ros2_ws_test/build/zmr_mpc/build/lib/zmr_mpc/casadi_build
copying zmr_mpc/casadi_build/builder_panoc.py -> /home/michael/ros2_ws_test/build/zmr_mpc/build/lib/zmr_mpc/casadi_build
running install
running install_lib
creating /home/michael/ros2_ws_test/install/zmr_mpc/lib/python3.10/site-packages/zmr_mpc
copying /home/michael/ros2_ws_test/build/zmr_mpc/build/lib/zmr_mpc/configs.py -> /home/michael/ros2_ws_test/install/zmr_mpc/lib/python3.10/site-packages/zmr_mpc
creating /home/michael/ros2_ws_test/install/zmr_mpc/lib/python3.10/site-packages/zmr_mpc/path_plan_cspace
copying /home/michael/ros2_ws_test/build/zmr_mpc/build/lib/zmr_mpc/path_plan_cspace/visibility.py -> /home/michael/ros2_ws_test/install/zmr_mpc/lib/python3.10/site-packages/zmr_mpc/path_plan_cspace
copying /home/michael/ros2_ws_test/build/zmr_mpc/build/lib/zmr_mpc/path_plan_cspace/visibility_extremitypathfinder.py -> /home/michael/ros2_ws_test/install/zmr_mpc/lib/python3.10/site-packages/zmr_mpc/path_plan_cspace
copying /home/michael/ros2_ws_test/build/zmr_mpc/build/lib/zmr_mpc/path_plan_cspace/__init__.py -> /home/michael/ros2_ws_test/install/zmr_mpc/lib/python3.10/site-packages/zmr_mpc/path_plan_cspace
copying /home/michael/ros2_ws_test/build/zmr_mpc/build/lib/zmr_mpc/mpc_trajectory_tracker_node.py -> /home/michael/ros2_ws_test/install/zmr_mpc/lib/python3.10/site-packages/zmr_mpc
copying /home/michael/ros2_ws_test/build/zmr_mpc/build/lib/zmr_mpc/mpc_trajectory_tracker.py -> /home/michael/ros2_ws_test/install/zmr_mpc/lib/python3.10/site-packages/zmr_mpc
creating /home/michael/ros2_ws_test/install/zmr_mpc/lib/python3.10/site-packages/zmr_mpc/casadi_build
copying /home/michael/ros2_ws_test/build/zmr_mpc/build/lib/zmr_mpc/casadi_build/builder_panoc_v0.py -> /home/michael/ros2_ws_test/install/zmr_mpc/lib/python3.10/site-packages/zmr_mpc/casadi_build
copying /home/michael/ros2_ws_test/build/zmr_mpc/build/lib/zmr_mpc/casadi_build/mpc_helper.py -> /home/michael/ros2_ws_test/install/zmr_mpc/lib/python3.10/site-packages/zmr_mpc/casadi_build
copying /home/michael/ros2_ws_test/build/zmr_mpc/build/lib/zmr_mpc/casadi_build/mpc_cost.py -> /home/michael/ros2_ws_test/install/zmr_mpc/lib/python3.10/site-packages/zmr_mpc/casadi_build
copying /home/michael/ros2_ws_test/build/zmr_mpc/build/lib/zmr_mpc/casadi_build/__init__.py -> /home/michael/ros2_ws_test/install/zmr_mpc/lib/python3.10/site-packages/zmr_mpc/casadi_build
copying /home/michael/ros2_ws_test/build/zmr_mpc/build/lib/zmr_mpc/casadi_build/builder_panoc.py -> /home/michael/ros2_ws_test/install/zmr_mpc/lib/python3.10/site-packages/zmr_mpc/casadi_build
copying /home/michael/ros2_ws_test/build/zmr_mpc/build/lib/zmr_mpc/motion_model.py -> /home/michael/ros2_ws_test/install/zmr_mpc/lib/python3.10/site-packages/zmr_mpc
copying /home/michael/ros2_ws_test/build/zmr_mpc/build/lib/zmr_mpc/__init__.py -> /home/michael/ros2_ws_test/install/zmr_mpc/lib/python3.10/site-packages/zmr_mpc
copying /home/michael/ros2_ws_test/build/zmr_mpc/build/lib/zmr_mpc/local_traj_plan.py -> /home/michael/ros2_ws_test/install/zmr_mpc/lib/python3.10/site-packages/zmr_mpc
copying /home/michael/ros2_ws_test/build/zmr_mpc/build/lib/zmr_mpc/_ref_traj_generation.py -> /home/michael/ros2_ws_test/install/zmr_mpc/lib/python3.10/site-packages/zmr_mpc
copying /home/michael/ros2_ws_test/build/zmr_mpc/build/lib/zmr_mpc/cost_monitor.py -> /home/michael/ros2_ws_test/install/zmr_mpc/lib/python3.10/site-packages/zmr_mpc
byte-compiling /home/michael/ros2_ws_test/install/zmr_mpc/lib/python3.10/site-packages/zmr_mpc/configs.py to configs.cpython-310.pyc
byte-compiling /home/michael/ros2_ws_test/install/zmr_mpc/lib/python3.10/site-packages/zmr_mpc/path_plan_cspace/visibility.py to visibility.cpython-310.pyc
byte-compiling /home/michael/ros2_ws_test/install/zmr_mpc/lib/python3.10/site-packages/zmr_mpc/path_plan_cspace/visibility_extremitypathfinder.py to visibility_extremitypathfinder.cpython-310.pyc
byte-compiling /home/michael/ros2_ws_test/install/zmr_mpc/lib/python3.10/site-packages/zmr_mpc/path_plan_cspace/__init__.py to __init__.cpython-310.pyc
byte-compiling /home/michael/ros2_ws_test/install/zmr_mpc/lib/python3.10/site-packages/zmr_mpc/mpc_trajectory_tracker_node.py to mpc_trajectory_tracker_node.cpython-310.pyc
byte-compiling /home/michael/ros2_ws_test/install/zmr_mpc/lib/python3.10/site-packages/zmr_mpc/mpc_trajectory_tracker.py to mpc_trajectory_tracker.cpython-310.pyc
byte-compiling /home/michael/ros2_ws_test/install/zmr_mpc/lib/python3.10/site-packages/zmr_mpc/casadi_build/builder_panoc_v0.py to builder_panoc_v0.cpython-310.pyc
byte-compiling /home/michael/ros2_ws_test/install/zmr_mpc/lib/python3.10/site-packages/zmr_mpc/casadi_build/mpc_helper.py to mpc_helper.cpython-310.pyc
byte-compiling /home/michael/ros2_ws_test/install/zmr_mpc/lib/python3.10/site-packages/zmr_mpc/casadi_build/mpc_cost.py to mpc_cost.cpython-310.pyc
byte-compiling /home/michael/ros2_ws_test/install/zmr_mpc/lib/python3.10/site-packages/zmr_mpc/casadi_build/__init__.py to __init__.cpython-310.pyc
byte-compiling /home/michael/ros2_ws_test/install/zmr_mpc/lib/python3.10/site-packages/zmr_mpc/casadi_build/builder_panoc.py to builder_panoc.cpython-310.pyc
byte-compiling /home/michael/ros2_ws_test/install/zmr_mpc/lib/python3.10/site-packages/zmr_mpc/motion_model.py to motion_model.cpython-310.pyc
byte-compiling /home/michael/ros2_ws_test/install/zmr_mpc/lib/python3.10/site-packages/zmr_mpc/__init__.py to __init__.cpython-310.pyc
byte-compiling /home/michael/ros2_ws_test/install/zmr_mpc/lib/python3.10/site-packages/zmr_mpc/local_traj_plan.py to local_traj_plan.cpython-310.pyc
byte-compiling /home/michael/ros2_ws_test/install/zmr_mpc/lib/python3.10/site-packages/zmr_mpc/_ref_traj_generation.py to _ref_traj_generation.cpython-310.pyc
byte-compiling /home/michael/ros2_ws_test/install/zmr_mpc/lib/python3.10/site-packages/zmr_mpc/cost_monitor.py to cost_monitor.cpython-310.pyc
running install_data
copying resource/zmr_mpc -> /home/michael/ros2_ws_test/install/zmr_mpc/share/ament_index/resource_index/packages
copying package.xml -> /home/michael/ros2_ws_test/install/zmr_mpc/share/zmr_mpc
copying config/mpc_default_v0.yaml -> /home/michael/ros2_ws_test/install/zmr_mpc/share/zmr_mpc/config
copying config/robot_spec_mir.yaml -> /home/michael/ros2_ws_test/install/zmr_mpc/share/zmr_mpc/config
copying config/robot_spec_zmr.yaml -> /home/michael/ros2_ws_test/install/zmr_mpc/share/zmr_mpc/config
copying config/mpc_fast_v0.yaml -> /home/michael/ros2_ws_test/install/zmr_mpc/share/zmr_mpc/config
copying config/mpc_fast.yaml -> /home/michael/ros2_ws_test/install/zmr_mpc/share/zmr_mpc/config
copying config/mpc_default.yaml -> /home/michael/ros2_ws_test/install/zmr_mpc/share/zmr_mpc/config
copying launch/zmr_mpc.launch.py -> /home/michael/ros2_ws_test/install/zmr_mpc/share/zmr_mpc/launch
running install_egg_info
Copying ../../../../build/zmr_mpc/zmr_mpc.egg-info to /home/michael/ros2_ws_test/install/zmr_mpc/lib/python3.10/site-packages/zmr_mpc-0.0.0-py3.10.egg-info
running install_scripts
Installing mpc_trajectory_tracker_node script to /home/michael/ros2_ws_test/install/zmr_mpc/lib/zmr_mpc
writing list of installed files to '/home/michael/ros2_ws_test/build/zmr_mpc/install.log'
