[0.022s] Invoking command in '/home/michael/ros2_ws_test/build/gazebo_ros_actor_pose_plugin': CMAKE_PREFIX_PATH=${CMAKE_PREFIX_PATH}:/home/michael/ros2_ws_test/install/zmr_pure_pursuit:/home/michael/ros2_ws_test/install/zmr_mpc:/home/michael/ros2_ws_test/install/zmr_manager:/home/michael/ros2_ws_test/install/zmr_drive_model:/home/michael/ros2_ws_test/install/zmr_description:/home/michael/ros2_ws_test/install/mps_motion_plan:/home/michael/ros2_ws_test/install/map_description:/home/michael/ros2_ws_test/install/zmr_demo:/home/michael/ros2_ws_test/install/mmp_motion_predict:/opt/ros/humble /usr/bin/cmake /home/michael/ros2_ws_test/src/DyObAv-MPCnEBM-Warehouse-ROS2/src/gazebo_ros_actor_pose_plugin -DAMENT_CMAKE_SYMLINK_INSTALL=1 -DCMAKE_INSTALL_PREFIX=/home/michael/ros2_ws_test/install/gazebo_ros_actor_pose_plugin
[0.351s] -- The C compiler identification is GNU 11.4.0
[0.351s] -- The CXX compiler identification is GNU 11.4.0
[0.351s] -- Detecting C compiler ABI info
[0.351s] -- Detecting C compiler ABI info - done
[0.351s] -- Check for working C compiler: /usr/bin/cc - skipped
[0.351s] -- Detecting C compile features
[0.351s] -- Detecting C compile features - done
[0.351s] -- Detecting CXX compiler ABI info
[0.351s] -- Detecting CXX compiler ABI info - done
[0.351s] -- Check for working CXX compiler: /usr/bin/c++ - skipped
[0.351s] -- Detecting CXX compile features
[0.351s] -- Detecting CXX compile features - done
[0.351s] -- Found ament_cmake: 1.3.13 (/opt/ros/humble/share/ament_cmake/cmake)
[0.351s] -- Found Python3: /usr/bin/python3 (found version "3.10.12") found components: Interpreter 
[0.351s] -- Override CMake install command with custom implementation using symlinks instead of copying resources
[0.351s] -- Found gazebo_ros: 3.9.0 (/opt/ros/humble/share/gazebo_ros/cmake)
[0.351s] -- Found rosidl_generator_c: 3.1.8 (/opt/ros/humble/share/rosidl_generator_c/cmake)
[0.351s] -- Found rosidl_adapter: 3.1.8 (/opt/ros/humble/share/rosidl_adapter/cmake)
[0.352s] -- Found rosidl_generator_cpp: 3.1.8 (/opt/ros/humble/share/rosidl_generator_cpp/cmake)
[0.352s] -- Using all available rosidl_typesupport_c: rosidl_typesupport_fastrtps_c;rosidl_typesupport_introspection_c
[0.352s] -- Using all available rosidl_typesupport_cpp: rosidl_typesupport_fastrtps_cpp;rosidl_typesupport_introspection_cpp
[0.352s] -- Found rmw_implementation_cmake: 6.1.2 (/opt/ros/humble/share/rmw_implementation_cmake/cmake)
[0.352s] -- Found rmw_fastrtps_cpp: 6.2.10 (/opt/ros/humble/share/rmw_fastrtps_cpp/cmake)
[0.379s] -- Found OpenSSL: /usr/lib/x86_64-linux-gnu/libcrypto.so (found version "3.0.2")  
[0.390s] -- Found FastRTPS: /opt/ros/humble/include  
[0.412s] -- Using RMW implementation 'rmw_fastrtps_cpp' as default
[0.414s] -- Looking for pthread.h
[0.453s] -- Looking for pthread.h - found
[0.453s] -- Performing Test CMAKE_HAVE_LIBC_PTHREAD
[0.490s] -- Performing Test CMAKE_HAVE_LIBC_PTHREAD - Success
[0.490s] -- Found Threads: TRUE  
[0.515s] -- Found PkgConfig: /usr/bin/pkg-config (found version "0.29.2") 
[0.515s] -- Checking for module 'bullet>=2.82'
[0.524s] --   Found bullet, version 3.05
[0.575s] -- Found fcl: /usr/include (found suitable version "0.7.0", minimum required is "0.5.0") 
[0.603s] -- Found assimp: /usr/include (found version "5.2.0") 
[0.614s] -- Found DART: /usr/include (Required is at least version "6.6") found components: dart 
[0.628s] -- Found Boost: /usr/lib/x86_64-linux-gnu/cmake/Boost-1.74.0/BoostConfig.cmake (found suitable version "1.74.0", minimum required is "1.40.0") found components: thread system filesystem program_options regex iostreams date_time 
[0.630s] -- Found Protobuf: /usr/lib/x86_64-linux-gnu/libprotobuf.so (found version "3.12.4") 
[0.632s] -- Looking for ignition-math6 -- found version 6.15.1
[0.635s] -- Searching for dependencies of ignition-math6
[0.636s] -- Looking for OGRE...
[0.636s] -- OGRE_PREFIX_WATCH changed.
[0.638s] -- Checking for module 'OGRE'
[0.649s] --   Found OGRE, version 1.9.0
[0.665s] -- Found Ogre Ghadamon (1.9.0)
[0.669s] -- Found OGRE: optimized;/usr/lib/x86_64-linux-gnu/libOgreMain.so;debug;/usr/lib/x86_64-linux-gnu/libOgreMain.so
[0.677s] -- Looking for OGRE_Paging...
[0.677s] -- Found OGRE_Paging: optimized;/usr/lib/x86_64-linux-gnu/libOgrePaging.so;debug;/usr/lib/x86_64-linux-gnu/libOgrePaging.so
[0.677s] -- Looking for OGRE_Terrain...
[0.677s] -- Found OGRE_Terrain: optimized;/usr/lib/x86_64-linux-gnu/libOgreTerrain.so;debug;/usr/lib/x86_64-linux-gnu/libOgreTerrain.so
[0.677s] -- Looking for OGRE_Property...
[0.679s] -- Found OGRE_Property: optimized;/usr/lib/x86_64-linux-gnu/libOgreProperty.so;debug;/usr/lib/x86_64-linux-gnu/libOgreProperty.so
[0.679s] -- Looking for OGRE_RTShaderSystem...
[0.684s] -- Found OGRE_RTShaderSystem: optimized;/usr/lib/x86_64-linux-gnu/libOgreRTShaderSystem.so;debug;/usr/lib/x86_64-linux-gnu/libOgreRTShaderSystem.so
[0.684s] -- Looking for OGRE_Volume...
[0.685s] -- Found OGRE_Volume: optimized;/usr/lib/x86_64-linux-gnu/libOgreVolume.so;debug;/usr/lib/x86_64-linux-gnu/libOgreVolume.so
[0.685s] -- Looking for OGRE_Overlay...
[0.687s] -- Found OGRE_Overlay: optimized;/usr/lib/x86_64-linux-gnu/libOgreOverlay.so;debug;/usr/lib/x86_64-linux-gnu/libOgreOverlay.so
[0.737s] -- Looking for ignition-math6 -- found version 6.15.1
[0.737s] -- Looking for ignition-transport8 -- found version 8.2.1
[0.737s] -- Searching for dependencies of ignition-transport8
[0.745s] -- Found Protobuf: /usr/lib/x86_64-linux-gnu/libprotobuf.so (found suitable version "3.12.4", minimum required is "3") 
[0.751s] -- Config-file not installed for ZeroMQ -- checking for pkg-config
[0.752s] -- Checking for module 'libzmq >= 4'
[0.759s] --   Found libzmq , version 4.3.4
[0.780s] -- Found ZeroMQ: TRUE (Required is at least version "4") 
[0.784s] -- Checking for module 'uuid'
[0.791s] --   Found uuid, version 2.37.2
[0.808s] -- Found UUID: TRUE  
[0.808s] -- Looking for ignition-msgs5 -- found version 5.8.1
[0.809s] -- Searching for dependencies of ignition-msgs5
[0.817s] -- Looking for ignition-math6 -- found version 6.15.1
[0.819s] -- Checking for module 'tinyxml2'
[0.826s] --   Found tinyxml2, version 9.0.0
[0.847s] -- Looking for ignition-msgs5 -- found version 5.8.1
[0.847s] -- Looking for ignition-common3 -- found version 3.14.0
[0.847s] -- Searching for dependencies of ignition-common3
[0.847s] -- Looking for dlfcn.h - found
[0.847s] -- Looking for libdl - found
[0.850s] -- Found DL: TRUE  
[0.853s] -- Found tinyobjloader: /usr/lib/x86_64-linux-gnu/cmake/tinyobjloader/tinyobjloader-config.cmake (found version "2.0.0") 
[0.854s] -- Searching for <ignition-common3> component [graphics]
[0.854s] -- Looking for ignition-common3-graphics -- found version 3.14.0
[0.854s] -- Searching for dependencies of ignition-common3-graphics
[0.854s] -- Looking for ignition-math6 -- found version 6.15.1
[0.855s] -- Looking for ignition-fuel_tools4 -- found version 4.4.0
[0.855s] -- Searching for dependencies of ignition-fuel_tools4
[0.893s] -- Found CURL: /usr/lib/x86_64-linux-gnu/libcurl.so (found version "7.81.0")  
[0.900s] -- Checking for module 'jsoncpp'
[0.905s] --   Found jsoncpp, version 1.9.5
[0.921s] -- Found JSONCPP: TRUE  
[0.924s] -- Checking for module 'libzip'
[0.931s] --   Found libzip, version 1.7.3
[0.948s] -- Found ZIP: TRUE  
[0.949s] -- Looking for ignition-common3 -- found version 3.14.0
[0.949s] -- Looking for ignition-math6 -- found version 6.15.1
[0.949s] -- Looking for ignition-msgs5 -- found version 5.8.1
[0.951s] -- Gazebo version: 11.10
[0.952s] -- Checking for module 'tbb'
[0.960s] --   Found tbb, version 2021.5.0
[0.980s] -- Found geometry_msgs: 4.9.1 (/opt/ros/humble/share/geometry_msgs/cmake)
[0.988s] -- Found ament_lint_auto: 0.12.15 (/opt/ros/humble/share/ament_lint_auto/cmake)
[1.035s] -- Added test 'cppcheck' to perform static code analysis on C / C++ code
[1.035s] -- Configured cppcheck include dirs: /home/michael/ros2_ws_test/src/DyObAv-MPCnEBM-Warehouse-ROS2/src/gazebo_ros_actor_pose_plugin/include/gazebo_ros_actor_pose_plugin
[1.035s] -- Configured cppcheck exclude dirs and/or files: 
[1.036s] -- Added test 'lint_cmake' to check CMake code style
[1.036s] -- Added test 'uncrustify' to check C / C++ code style
[1.036s] -- Configured uncrustify additional arguments: 
[1.036s] -- Added test 'xmllint' to check XML markup files
[1.037s] -- Configuring done
[1.054s] -- Generating done
[1.057s] -- Build files have been written to: /home/michael/ros2_ws_test/build/gazebo_ros_actor_pose_plugin
[1.069s] Invoked command in '/home/michael/ros2_ws_test/build/gazebo_ros_actor_pose_plugin' returned '0': CMAKE_PREFIX_PATH=${CMAKE_PREFIX_PATH}:/home/michael/ros2_ws_test/install/zmr_pure_pursuit:/home/michael/ros2_ws_test/install/zmr_mpc:/home/michael/ros2_ws_test/install/zmr_manager:/home/michael/ros2_ws_test/install/zmr_drive_model:/home/michael/ros2_ws_test/install/zmr_description:/home/michael/ros2_ws_test/install/mps_motion_plan:/home/michael/ros2_ws_test/install/map_description:/home/michael/ros2_ws_test/install/zmr_demo:/home/michael/ros2_ws_test/install/mmp_motion_predict:/opt/ros/humble /usr/bin/cmake /home/michael/ros2_ws_test/src/DyObAv-MPCnEBM-Warehouse-ROS2/src/gazebo_ros_actor_pose_plugin -DAMENT_CMAKE_SYMLINK_INSTALL=1 -DCMAKE_INSTALL_PREFIX=/home/michael/ros2_ws_test/install/gazebo_ros_actor_pose_plugin
[1.070s] Invoking command in '/home/michael/ros2_ws_test/build/gazebo_ros_actor_pose_plugin': CMAKE_PREFIX_PATH=${CMAKE_PREFIX_PATH}:/home/michael/ros2_ws_test/install/zmr_pure_pursuit:/home/michael/ros2_ws_test/install/zmr_mpc:/home/michael/ros2_ws_test/install/zmr_manager:/home/michael/ros2_ws_test/install/zmr_drive_model:/home/michael/ros2_ws_test/install/zmr_description:/home/michael/ros2_ws_test/install/mps_motion_plan:/home/michael/ros2_ws_test/install/map_description:/home/michael/ros2_ws_test/install/zmr_demo:/home/michael/ros2_ws_test/install/mmp_motion_predict:/opt/ros/humble /usr/bin/cmake --build /home/michael/ros2_ws_test/build/gazebo_ros_actor_pose_plugin -- -j24 -l24
[1.100s] [ 50%] [32mBuilding CXX object CMakeFiles/gazebo_ros_actor_pose.dir/src/gazebo_ros_actor_pose.cpp.o[0m
[8.068s] [100%] [32m[1mLinking CXX shared library libgazebo_ros_actor_pose.so[0m
[8.503s] [100%] Built target gazebo_ros_actor_pose
[8.516s] Invoked command in '/home/michael/ros2_ws_test/build/gazebo_ros_actor_pose_plugin' returned '0': CMAKE_PREFIX_PATH=${CMAKE_PREFIX_PATH}:/home/michael/ros2_ws_test/install/zmr_pure_pursuit:/home/michael/ros2_ws_test/install/zmr_mpc:/home/michael/ros2_ws_test/install/zmr_manager:/home/michael/ros2_ws_test/install/zmr_drive_model:/home/michael/ros2_ws_test/install/zmr_description:/home/michael/ros2_ws_test/install/mps_motion_plan:/home/michael/ros2_ws_test/install/map_description:/home/michael/ros2_ws_test/install/zmr_demo:/home/michael/ros2_ws_test/install/mmp_motion_predict:/opt/ros/humble /usr/bin/cmake --build /home/michael/ros2_ws_test/build/gazebo_ros_actor_pose_plugin -- -j24 -l24
[8.516s] Invoking command in '/home/michael/ros2_ws_test/build/gazebo_ros_actor_pose_plugin': CMAKE_PREFIX_PATH=${CMAKE_PREFIX_PATH}:/home/michael/ros2_ws_test/install/zmr_pure_pursuit:/home/michael/ros2_ws_test/install/zmr_mpc:/home/michael/ros2_ws_test/install/zmr_manager:/home/michael/ros2_ws_test/install/zmr_drive_model:/home/michael/ros2_ws_test/install/zmr_description:/home/michael/ros2_ws_test/install/mps_motion_plan:/home/michael/ros2_ws_test/install/map_description:/home/michael/ros2_ws_test/install/zmr_demo:/home/michael/ros2_ws_test/install/mmp_motion_predict:/opt/ros/humble /usr/bin/cmake --install /home/michael/ros2_ws_test/build/gazebo_ros_actor_pose_plugin
[8.520s] -- Install configuration: ""
[8.520s] -- Execute custom install script
[8.520s] -- Symlinking: /home/michael/ros2_ws_test/install/gazebo_ros_actor_pose_plugin/lib/libgazebo_ros_actor_pose.so
[8.524s] -- Symlinking: /home/michael/ros2_ws_test/install/gazebo_ros_actor_pose_plugin/share/ament_index/resource_index/package_run_dependencies/gazebo_ros_actor_pose_plugin
[8.529s] -- Symlinking: /home/michael/ros2_ws_test/install/gazebo_ros_actor_pose_plugin/share/ament_index/resource_index/parent_prefix_path/gazebo_ros_actor_pose_plugin
[8.534s] -- Symlinking: /home/michael/ros2_ws_test/install/gazebo_ros_actor_pose_plugin/share/gazebo_ros_actor_pose_plugin/environment/ament_prefix_path.sh
[8.538s] -- Symlinking: /home/michael/ros2_ws_test/install/gazebo_ros_actor_pose_plugin/share/gazebo_ros_actor_pose_plugin/environment/ament_prefix_path.dsv
[8.545s] -- Symlinking: /home/michael/ros2_ws_test/install/gazebo_ros_actor_pose_plugin/share/gazebo_ros_actor_pose_plugin/environment/path.sh
[8.549s] -- Symlinking: /home/michael/ros2_ws_test/install/gazebo_ros_actor_pose_plugin/share/gazebo_ros_actor_pose_plugin/environment/path.dsv
[8.553s] -- Symlinking: /home/michael/ros2_ws_test/install/gazebo_ros_actor_pose_plugin/share/gazebo_ros_actor_pose_plugin/local_setup.bash
[8.557s] -- Symlinking: /home/michael/ros2_ws_test/install/gazebo_ros_actor_pose_plugin/share/gazebo_ros_actor_pose_plugin/local_setup.sh
[8.561s] -- Symlinking: /home/michael/ros2_ws_test/install/gazebo_ros_actor_pose_plugin/share/gazebo_ros_actor_pose_plugin/local_setup.zsh
[8.567s] -- Symlinking: /home/michael/ros2_ws_test/install/gazebo_ros_actor_pose_plugin/share/gazebo_ros_actor_pose_plugin/local_setup.dsv
[8.571s] -- Symlinking: /home/michael/ros2_ws_test/install/gazebo_ros_actor_pose_plugin/share/gazebo_ros_actor_pose_plugin/package.dsv
[8.576s] -- Symlinking: /home/michael/ros2_ws_test/install/gazebo_ros_actor_pose_plugin/share/ament_index/resource_index/packages/gazebo_ros_actor_pose_plugin
[8.580s] -- Symlinking: /home/michael/ros2_ws_test/install/gazebo_ros_actor_pose_plugin/share/gazebo_ros_actor_pose_plugin/cmake/gazebo_ros_actor_pose_pluginConfig.cmake
[8.584s] -- Symlinking: /home/michael/ros2_ws_test/install/gazebo_ros_actor_pose_plugin/share/gazebo_ros_actor_pose_plugin/cmake/gazebo_ros_actor_pose_pluginConfig-version.cmake
[8.588s] -- Symlinking: /home/michael/ros2_ws_test/install/gazebo_ros_actor_pose_plugin/share/gazebo_ros_actor_pose_plugin/package.xml
[8.595s] Invoked command in '/home/michael/ros2_ws_test/build/gazebo_ros_actor_pose_plugin' returned '0': CMAKE_PREFIX_PATH=${CMAKE_PREFIX_PATH}:/home/michael/ros2_ws_test/install/zmr_pure_pursuit:/home/michael/ros2_ws_test/install/zmr_mpc:/home/michael/ros2_ws_test/install/zmr_manager:/home/michael/ros2_ws_test/install/zmr_drive_model:/home/michael/ros2_ws_test/install/zmr_description:/home/michael/ros2_ws_test/install/mps_motion_plan:/home/michael/ros2_ws_test/install/map_description:/home/michael/ros2_ws_test/install/zmr_demo:/home/michael/ros2_ws_test/install/mmp_motion_predict:/opt/ros/humble /usr/bin/cmake --install /home/michael/ros2_ws_test/build/gazebo_ros_actor_pose_plugin
