running develop
running egg_info
writing zmr_mpc.egg-info/PKG-INFO
writing dependency_links to zmr_mpc.egg-info/dependency_links.txt
writing entry points to zmr_mpc.egg-info/entry_points.txt
writing requirements to zmr_mpc.egg-info/requires.txt
writing top-level names to zmr_mpc.egg-info/top_level.txt
reading manifest file 'zmr_mpc.egg-info/SOURCES.txt'
writing manifest file 'zmr_mpc.egg-info/SOURCES.txt'
running build_ext
Creating /home/michael/ros2_ws_test/install/zmr_mpc/lib/python3.10/site-packages/zmr-mpc.egg-link (link to .)
Installing mpc_trajectory_tracker_node script to /home/michael/ros2_ws_test/install/zmr_mpc/lib/zmr_mpc

Installed /home/michael/ros2_ws_test/build/zmr_mpc
running symlink_data
symbolically linking /home/michael/ros2_ws_test/build/zmr_mpc/resource/zmr_mpc -> /home/michael/ros2_ws_test/install/zmr_mpc/share/ament_index/resource_index/packages
symbolically linking /home/michael/ros2_ws_test/build/zmr_mpc/package.xml -> /home/michael/ros2_ws_test/install/zmr_mpc/share/zmr_mpc
symbolically linking /home/michael/ros2_ws_test/build/zmr_mpc/config/mpc_default_v0.yaml -> /home/michael/ros2_ws_test/install/zmr_mpc/share/zmr_mpc/config
symbolically linking /home/michael/ros2_ws_test/build/zmr_mpc/config/robot_spec_mir.yaml -> /home/michael/ros2_ws_test/install/zmr_mpc/share/zmr_mpc/config
symbolically linking /home/michael/ros2_ws_test/build/zmr_mpc/config/robot_spec_zmr.yaml -> /home/michael/ros2_ws_test/install/zmr_mpc/share/zmr_mpc/config
symbolically linking /home/michael/ros2_ws_test/build/zmr_mpc/config/mpc_fast_v0.yaml -> /home/michael/ros2_ws_test/install/zmr_mpc/share/zmr_mpc/config
symbolically linking /home/michael/ros2_ws_test/build/zmr_mpc/config/mpc_fast.yaml -> /home/michael/ros2_ws_test/install/zmr_mpc/share/zmr_mpc/config
symbolically linking /home/michael/ros2_ws_test/build/zmr_mpc/config/mpc_default.yaml -> /home/michael/ros2_ws_test/install/zmr_mpc/share/zmr_mpc/config
symbolically linking /home/michael/ros2_ws_test/build/zmr_mpc/launch/zmr_mpc.launch.py -> /home/michael/ros2_ws_test/install/zmr_mpc/share/zmr_mpc/launch
