running develop
running egg_info
creating map_description.egg-info
writing map_description.egg-info/PKG-INFO
writing dependency_links to map_description.egg-info/dependency_links.txt
writing entry points to map_description.egg-info/entry_points.txt
writing requirements to map_description.egg-info/requires.txt
writing top-level names to map_description.egg-info/top_level.txt
writing manifest file 'map_description.egg-info/SOURCES.txt'
reading manifest file 'map_description.egg-info/SOURCES.txt'
writing manifest file 'map_description.egg-info/SOURCES.txt'
running build_ext
Creating /home/michael/ros2_ws_test/install/map_description/lib/python3.10/site-packages/map-description.egg-link (link to .)
Installing geometric_map_node script to /home/michael/ros2_ws_test/install/map_description/lib/map_description

Installed /home/michael/ros2_ws_test/build/map_description
running symlink_data
creating /home/michael/ros2_ws_test/install/map_description/share/ament_index
creating /home/michael/ros2_ws_test/install/map_description/share/ament_index/resource_index
creating /home/michael/ros2_ws_test/install/map_description/share/ament_index/resource_index/packages
symbolically linking /home/michael/ros2_ws_test/build/map_description/resource/map_description -> /home/michael/ros2_ws_test/install/map_description/share/ament_index/resource_index/packages
symbolically linking /home/michael/ros2_ws_test/build/map_description/package.xml -> /home/michael/ros2_ws_test/install/map_description/share/map_description
creating /home/michael/ros2_ws_test/install/map_description/share/map_description/data
symbolically linking /home/michael/ros2_ws_test/build/map_description/data/zospital_img_map.json -> /home/michael/ros2_ws_test/install/map_description/share/map_description/data
symbolically linking /home/michael/ros2_ws_test/build/map_description/data/zospital_map.json -> /home/michael/ros2_ws_test/install/map_description/share/map_description/data
symbolically linking /home/michael/ros2_ws_test/build/map_description/data/warehouse_map.json -> /home/michael/ros2_ws_test/install/map_description/share/map_description/data
symbolically linking /home/michael/ros2_ws_test/build/map_description/data/test_map.json -> /home/michael/ros2_ws_test/install/map_description/share/map_description/data
symbolically linking /home/michael/ros2_ws_test/build/map_description/data/warehouse_map_real.json -> /home/michael/ros2_ws_test/install/map_description/share/map_description/data
symbolically linking /home/michael/ros2_ws_test/build/map_description/data/warehouse_img_map.json -> /home/michael/ros2_ws_test/install/map_description/share/map_description/data
creating /home/michael/ros2_ws_test/install/map_description/share/map_description/launch
symbolically linking /home/michael/ros2_ws_test/build/map_description/launch/geo_map.launch.py -> /home/michael/ros2_ws_test/install/map_description/share/map_description/launch
symbolically linking /home/michael/ros2_ws_test/build/map_description/launch/gazebo_map.launch.py -> /home/michael/ros2_ws_test/install/map_description/share/map_description/launch
creating /home/michael/ros2_ws_test/install/map_description/share/map_description/rviz
symbolically linking /home/michael/ros2_ws_test/build/map_description/rviz/default_setting.rviz -> /home/michael/ros2_ws_test/install/map_description/share/map_description/rviz
creating /home/michael/ros2_ws_test/install/map_description/share/map_description/model
symbolically linking /home/michael/ros2_ws_test/build/map_description/model/small_maze.sdf -> /home/michael/ros2_ws_test/install/map_description/share/map_description/model/.
creating /home/michael/ros2_ws_test/install/map_description/share/map_description/model/test_map
symbolically linking /home/michael/ros2_ws_test/build/map_description/model/test_map/model.config -> /home/michael/ros2_ws_test/install/map_description/share/map_description/model/test_map
symbolically linking /home/michael/ros2_ws_test/build/map_description/model/test_map/model.sdf -> /home/michael/ros2_ws_test/install/map_description/share/map_description/model/test_map
creating /home/michael/ros2_ws_test/install/map_description/share/map_description/model/small_warehouse
symbolically linking /home/michael/ros2_ws_test/build/map_description/model/small_warehouse/model.config -> /home/michael/ros2_ws_test/install/map_description/share/map_description/model/small_warehouse
symbolically linking /home/michael/ros2_ws_test/build/map_description/model/small_warehouse/model.sdf -> /home/michael/ros2_ws_test/install/map_description/share/map_description/model/small_warehouse
creating /home/michael/ros2_ws_test/install/map_description/share/map_description/worlds
symbolically linking /home/michael/ros2_ws_test/build/map_description/worlds/test_map.world -> /home/michael/ros2_ws_test/install/map_description/share/map_description/worlds
symbolically linking /home/michael/ros2_ws_test/build/map_description/worlds/small_warehouse.world -> /home/michael/ros2_ws_test/install/map_description/share/map_description/worlds
