[0.366s] Invoking command in '/home/michael/ros2_ws_test/src/DyObAv-MPCnEBM-Warehouse-ROS2/src/mmp_motion_predict': CMAKE_PREFIX_PATH=/home/michael/ros2_ws_test/install/mmp_interfaces:/home/michael/ros2_ws_test/install/zmr_interfaces:/home/michael/ros2_ws_test/install/mps_interfaces:/home/michael/ros2_ws_test/install/mir_description:/home/michael/ros2_ws_test/install/map_interfaces:/home/michael/ros2_ws_test/install/gazebo_worlds:/home/michael/ros2_ws_test/install/gazebo_ros_actor_pose_plugin LD_LIBRARY_PATH=/home/michael/ros2_ws_test/install/mmp_interfaces/lib:/home/michael/ros2_ws_test/install/zmr_interfaces/lib:/home/michael/ros2_ws_test/install/mps_interfaces/lib:/home/michael/ros2_ws_test/install/map_interfaces/lib:/home/michael/ros2_ws_test/install/gazebo_worlds/lib:/home/michael/ros2_ws_test/install/gazebo_ros_actor_pose_plugin/lib:/usr/lib/x86_64-linux-gnu/gazebo-11/plugins:/opt/ros/humble/opt/rviz_ogre_vendor/lib:/opt/ros/humble/lib/x86_64-linux-gnu:/opt/ros/humble/lib PYTHONPATH=/home/michael/ros2_ws_test/build/mmp_motion_predict/prefix_override:/usr/lib/python3/dist-packages/colcon_core/task/python/colcon_distutils_commands:/home/michael/ros2_ws_test/install/mmp_motion_predict/lib/python3.10/site-packages:${PYTHONPATH} VIRTUAL_ENV_PROMPT=(.venv) /usr/bin/python3 -W ignore:setup.py install is deprecated -W ignore:easy_install command is deprecated setup.py egg_info --egg-base ../../../../build/mmp_motion_predict build --build-base /home/michael/ros2_ws_test/build/mmp_motion_predict/build install --record /home/michael/ros2_ws_test/build/mmp_motion_predict/install.log --single-version-externally-managed install_data
[0.465s] running egg_info
[0.465s] writing ../../../../build/mmp_motion_predict/mmp_motion_predict.egg-info/PKG-INFO
[0.465s] writing dependency_links to ../../../../build/mmp_motion_predict/mmp_motion_predict.egg-info/dependency_links.txt
[0.465s] writing entry points to ../../../../build/mmp_motion_predict/mmp_motion_predict.egg-info/entry_points.txt
[0.466s] writing requirements to ../../../../build/mmp_motion_predict/mmp_motion_predict.egg-info/requires.txt
[0.466s] writing top-level names to ../../../../build/mmp_motion_predict/mmp_motion_predict.egg-info/top_level.txt
[0.466s] reading manifest file '../../../../build/mmp_motion_predict/mmp_motion_predict.egg-info/SOURCES.txt'
[0.467s] writing manifest file '../../../../build/mmp_motion_predict/mmp_motion_predict.egg-info/SOURCES.txt'
[0.467s] running build
[0.467s] running build_py
[0.467s] copying mmp_motion_predict/motion_prediction_node.py -> /home/michael/ros2_ws_test/build/mmp_motion_predict/build/lib/mmp_motion_predict
[0.468s] running install
[0.468s] running install_lib
[0.468s] copying /home/michael/ros2_ws_test/build/mmp_motion_predict/build/lib/mmp_motion_predict/motion_prediction_node.py -> /home/michael/ros2_ws_test/install/mmp_motion_predict/lib/python3.10/site-packages/mmp_motion_predict
[0.469s] byte-compiling /home/michael/ros2_ws_test/install/mmp_motion_predict/lib/python3.10/site-packages/mmp_motion_predict/motion_prediction_node.py to motion_prediction_node.cpython-310.pyc
[0.469s] running install_data
[0.470s] running install_egg_info
[0.470s] removing '/home/michael/ros2_ws_test/install/mmp_motion_predict/lib/python3.10/site-packages/mmp_motion_predict-0.0.0-py3.10.egg-info' (and everything under it)
[0.472s] Copying ../../../../build/mmp_motion_predict/mmp_motion_predict.egg-info to /home/michael/ros2_ws_test/install/mmp_motion_predict/lib/python3.10/site-packages/mmp_motion_predict-0.0.0-py3.10.egg-info
[0.472s] running install_scripts
[0.481s] Installing actor_traj_publisher script to /home/michael/ros2_ws_test/install/mmp_motion_predict/lib/mmp_motion_predict
[0.481s] Installing demo_traj_publisher script to /home/michael/ros2_ws_test/install/mmp_motion_predict/lib/mmp_motion_predict
[0.481s] Installing motion_prediction_node script to /home/michael/ros2_ws_test/install/mmp_motion_predict/lib/mmp_motion_predict
[0.482s] writing list of installed files to '/home/michael/ros2_ws_test/build/mmp_motion_predict/install.log'
[0.491s] Invoked command in '/home/michael/ros2_ws_test/src/DyObAv-MPCnEBM-Warehouse-ROS2/src/mmp_motion_predict' returned '0': CMAKE_PREFIX_PATH=/home/michael/ros2_ws_test/install/mmp_interfaces:/home/michael/ros2_ws_test/install/zmr_interfaces:/home/michael/ros2_ws_test/install/mps_interfaces:/home/michael/ros2_ws_test/install/mir_description:/home/michael/ros2_ws_test/install/map_interfaces:/home/michael/ros2_ws_test/install/gazebo_worlds:/home/michael/ros2_ws_test/install/gazebo_ros_actor_pose_plugin LD_LIBRARY_PATH=/home/michael/ros2_ws_test/install/mmp_interfaces/lib:/home/michael/ros2_ws_test/install/zmr_interfaces/lib:/home/michael/ros2_ws_test/install/mps_interfaces/lib:/home/michael/ros2_ws_test/install/map_interfaces/lib:/home/michael/ros2_ws_test/install/gazebo_worlds/lib:/home/michael/ros2_ws_test/install/gazebo_ros_actor_pose_plugin/lib:/usr/lib/x86_64-linux-gnu/gazebo-11/plugins:/opt/ros/humble/opt/rviz_ogre_vendor/lib:/opt/ros/humble/lib/x86_64-linux-gnu:/opt/ros/humble/lib PYTHONPATH=/home/michael/ros2_ws_test/build/mmp_motion_predict/prefix_override:/usr/lib/python3/dist-packages/colcon_core/task/python/colcon_distutils_commands:/home/michael/ros2_ws_test/install/mmp_motion_predict/lib/python3.10/site-packages:${PYTHONPATH} VIRTUAL_ENV_PROMPT=(.venv) /usr/bin/python3 -W ignore:setup.py install is deprecated -W ignore:easy_install command is deprecated setup.py egg_info --egg-base ../../../../build/mmp_motion_predict build --build-base /home/michael/ros2_ws_test/build/mmp_motion_predict/build install --record /home/michael/ros2_ws_test/build/mmp_motion_predict/install.log --single-version-externally-managed install_data
