-- The C compiler identification is GNU 11.4.0
-- The CXX compiler identification is GNU 11.4.0
-- Detecting C compiler ABI info
-- Detecting C compiler ABI info - done
-- Check for working C compiler: /usr/bin/cc - skipped
-- Detecting C compile features
-- Detecting C compile features - done
-- Detecting CXX compiler ABI info
-- Detecting CXX compiler ABI info - done
-- Check for working CXX compiler: /usr/bin/c++ - skipped
-- Detecting CXX compile features
-- Detecting CXX compile features - done
-- Found ament_cmake: 1.3.13 (/opt/ros/humble/share/ament_cmake/cmake)
-- Found Python3: /usr/bin/python3 (found version "3.10.12") found components: Interpreter 
-- Override CMake install command with custom implementation using symlinks instead of copying resources
-- Found builtin_interfaces: 1.2.2 (/opt/ros/humble/share/builtin_interfaces/cmake)
-- Found rosidl_generator_c: 3.1.8 (/opt/ros/humble/share/rosidl_generator_c/cmake)
-- Found rosidl_adapter: 3.1.8 (/opt/ros/humble/share/rosidl_adapter/cmake)
-- Found rosidl_generator_cpp: 3.1.8 (/opt/ros/humble/share/rosidl_generator_cpp/cmake)
-- Using all available rosidl_typesupport_c: rosidl_typesupport_fastrtps_c;rosidl_typesupport_introspection_c
-- Using all available rosidl_typesupport_cpp: rosidl_typesupport_fastrtps_cpp;rosidl_typesupport_introspection_cpp
-- Found rosidl_default_generators: 1.2.0 (/opt/ros/humble/share/rosidl_default_generators/cmake)
-- Found std_msgs: 4.9.1 (/opt/ros/humble/share/std_msgs/cmake)
-- Found geometry_msgs: 4.9.1 (/opt/ros/humble/share/geometry_msgs/cmake)
-- Found map_interfaces: 0.0.0 (/home/michael/ros2_ws_test/install/map_interfaces/share/map_interfaces/cmake)
-- Found ament_cmake_ros: 0.10.0 (/opt/ros/humble/share/ament_cmake_ros/cmake)
-- Using all available rosidl_typesupport_c: rosidl_typesupport_fastrtps_c;rosidl_typesupport_introspection_c
-- Using all available rosidl_typesupport_cpp: rosidl_typesupport_fastrtps_cpp;rosidl_typesupport_introspection_cpp
-- Found PythonInterp: /usr/bin/python3 (found suitable version "3.10.12", minimum required is "3.6") 
-- Found python_cmake_module: 0.10.0 (/opt/ros/humble/share/python_cmake_module/cmake)
-- Found PythonLibs: /usr/lib/x86_64-linux-gnu/libpython3.10.so (found suitable version "3.10.12", minimum required is "3.5") 
-- Using PYTHON_EXECUTABLE: /usr/bin/python3
-- Using PYTHON_INCLUDE_DIRS: /usr/include/python3.10
-- Using PYTHON_LIBRARIES: /usr/lib/x86_64-linux-gnu/libpython3.10.so
-- Found PythonExtra: .so  
-- Found ament_lint_auto: 0.12.15 (/opt/ros/humble/share/ament_lint_auto/cmake)
-- Added test 'lint_cmake' to check CMake code style
-- Added test 'xmllint' to check XML markup files
-- Configuring done
-- Generating done
-- Build files have been written to: /home/michael/ros2_ws_test/build/mps_interfaces
[  1%] [34m[1mGenerating C code for ROS interfaces[0m
[  2%] [34m[1mGenerating C++ code for ROS interfaces[0m
[  2%] Built target ament_cmake_python_symlink_mps_interfaces
running egg_info
creating mps_interfaces.egg-info
writing mps_interfaces.egg-info/PKG-INFO
writing dependency_links to mps_interfaces.egg-info/dependency_links.txt
writing top-level names to mps_interfaces.egg-info/top_level.txt
writing manifest file 'mps_interfaces.egg-info/SOURCES.txt'
reading manifest file 'mps_interfaces.egg-info/SOURCES.txt'
writing manifest file 'mps_interfaces.egg-info/SOURCES.txt'
[  2%] Built target ament_cmake_python_build_mps_interfaces_egg
[  2%] Built target mps_interfaces__cpp
[  3%] [34m[1mGenerating C++ type support for eProsima Fast-RTPS[0m
[  4%] [34m[1mGenerating C++ type support dispatch for ROS interfaces[0m
[  5%] [34m[1mGenerating C++ introspection for ROS interfaces[0m
[  6%] [32mBuilding C object CMakeFiles/mps_interfaces__rosidl_generator_c.dir/rosidl_generator_c/mps_interfaces/msg/detail/schedule__functions.c.o[0m
[  9%] [32mBuilding C object CMakeFiles/mps_interfaces__rosidl_generator_c.dir/rosidl_generator_c/mps_interfaces/msg/detail/path_schedule__functions.c.o[0m
[  9%] [32mBuilding C object CMakeFiles/mps_interfaces__rosidl_generator_c.dir/rosidl_generator_c/mps_interfaces/msg/detail/schedule_array__functions.c.o[0m
[ 10%] [32mBuilding C object CMakeFiles/mps_interfaces__rosidl_generator_c.dir/rosidl_generator_c/mps_interfaces/msg/detail/schedule_stamped__functions.c.o[0m
[ 11%] [32mBuilding C object CMakeFiles/mps_interfaces__rosidl_generator_c.dir/rosidl_generator_c/mps_interfaces/msg/detail/path_schedule_stamped__functions.c.o[0m
[ 12%] [32mBuilding C object CMakeFiles/mps_interfaces__rosidl_generator_c.dir/rosidl_generator_c/mps_interfaces/msg/detail/schedule_array_stamped__functions.c.o[0m
[ 13%] [32mBuilding C object CMakeFiles/mps_interfaces__rosidl_generator_c.dir/rosidl_generator_c/mps_interfaces/srv/detail/get_robot_schedule__functions.c.o[0m
[ 14%] [32mBuilding C object CMakeFiles/mps_interfaces__rosidl_generator_c.dir/rosidl_generator_c/mps_interfaces/srv/detail/get_inflated_map__functions.c.o[0m
[ 16%] [32m[1mLinking C shared library libmps_interfaces__rosidl_generator_c.so[0m
[ 16%] Built target mps_interfaces__rosidl_generator_c
[ 19%] [34m[1mGenerating C introspection for ROS interfaces[0m
[ 19%] [34m[1mGenerating C type support for eProsima Fast-RTPS[0m
[ 19%] [34m[1mGenerating C type support dispatch for ROS interfaces[0m
[ 20%] [32mBuilding CXX object CMakeFiles/mps_interfaces__rosidl_typesupport_cpp.dir/rosidl_typesupport_cpp/mps_interfaces/msg/schedule_array_stamped__type_support.cpp.o[0m
[ 21%] [32mBuilding CXX object CMakeFiles/mps_interfaces__rosidl_typesupport_cpp.dir/rosidl_typesupport_cpp/mps_interfaces/msg/schedule__type_support.cpp.o[0m
[ 22%] [32mBuilding CXX object CMakeFiles/mps_interfaces__rosidl_typesupport_cpp.dir/rosidl_typesupport_cpp/mps_interfaces/msg/schedule_stamped__type_support.cpp.o[0m
[ 24%] [32mBuilding CXX object CMakeFiles/mps_interfaces__rosidl_typesupport_cpp.dir/rosidl_typesupport_cpp/mps_interfaces/msg/path_schedule_stamped__type_support.cpp.o[0m
[ 25%] [32mBuilding CXX object CMakeFiles/mps_interfaces__rosidl_typesupport_cpp.dir/rosidl_typesupport_cpp/mps_interfaces/msg/path_schedule__type_support.cpp.o[0m
[ 26%] [32mBuilding CXX object CMakeFiles/mps_interfaces__rosidl_typesupport_cpp.dir/rosidl_typesupport_cpp/mps_interfaces/msg/schedule_array__type_support.cpp.o[0m
[ 27%] [32mBuilding CXX object CMakeFiles/mps_interfaces__rosidl_typesupport_cpp.dir/rosidl_typesupport_cpp/mps_interfaces/srv/get_robot_schedule__type_support.cpp.o[0m
[ 28%] [32mBuilding CXX object CMakeFiles/mps_interfaces__rosidl_typesupport_cpp.dir/rosidl_typesupport_cpp/mps_interfaces/srv/get_inflated_map__type_support.cpp.o[0m
[ 29%] [32mBuilding CXX object CMakeFiles/mps_interfaces__rosidl_typesupport_introspection_cpp.dir/rosidl_typesupport_introspection_cpp/mps_interfaces/msg/detail/schedule_stamped__type_support.cpp.o[0m
[ 31%] [32mBuilding CXX object CMakeFiles/mps_interfaces__rosidl_typesupport_introspection_cpp.dir/rosidl_typesupport_introspection_cpp/mps_interfaces/msg/detail/schedule__type_support.cpp.o[0m
[ 32%] [32mBuilding CXX object CMakeFiles/mps_interfaces__rosidl_typesupport_introspection_cpp.dir/rosidl_typesupport_introspection_cpp/mps_interfaces/msg/detail/schedule_array__type_support.cpp.o[0m
[ 33%] [32mBuilding CXX object CMakeFiles/mps_interfaces__rosidl_typesupport_fastrtps_cpp.dir/rosidl_typesupport_fastrtps_cpp/mps_interfaces/msg/detail/dds_fastrtps/schedule_array__type_support.cpp.o[0m
[ 35%] [32mBuilding CXX object CMakeFiles/mps_interfaces__rosidl_typesupport_introspection_cpp.dir/rosidl_typesupport_introspection_cpp/mps_interfaces/msg/detail/path_schedule__type_support.cpp.o[0m
[ 35%] [32mBuilding CXX object CMakeFiles/mps_interfaces__rosidl_typesupport_fastrtps_cpp.dir/rosidl_typesupport_fastrtps_cpp/mps_interfaces/msg/detail/dds_fastrtps/schedule_stamped__type_support.cpp.o[0m
[ 36%] [32mBuilding CXX object CMakeFiles/mps_interfaces__rosidl_typesupport_introspection_cpp.dir/rosidl_typesupport_introspection_cpp/mps_interfaces/msg/detail/schedule_array_stamped__type_support.cpp.o[0m
[ 40%] [32mBuilding CXX object CMakeFiles/mps_interfaces__rosidl_typesupport_fastrtps_cpp.dir/rosidl_typesupport_fastrtps_cpp/mps_interfaces/msg/detail/dds_fastrtps/schedule_array_stamped__type_support.cpp.o[0m
[ 39%] [32mBuilding CXX object CMakeFiles/mps_interfaces__rosidl_typesupport_introspection_cpp.dir/rosidl_typesupport_introspection_cpp/mps_interfaces/msg/detail/path_schedule_stamped__type_support.cpp.o[0m
[ 39%] [32mBuilding CXX object CMakeFiles/mps_interfaces__rosidl_typesupport_fastrtps_cpp.dir/rosidl_typesupport_fastrtps_cpp/mps_interfaces/msg/detail/dds_fastrtps/schedule__type_support.cpp.o[0m
[ 41%] [32mBuilding CXX object CMakeFiles/mps_interfaces__rosidl_typesupport_fastrtps_cpp.dir/rosidl_typesupport_fastrtps_cpp/mps_interfaces/msg/detail/dds_fastrtps/path_schedule_stamped__type_support.cpp.o[0m
[ 42%] [32mBuilding CXX object CMakeFiles/mps_interfaces__rosidl_typesupport_introspection_cpp.dir/rosidl_typesupport_introspection_cpp/mps_interfaces/srv/detail/get_robot_schedule__type_support.cpp.o[0m
[ 43%] [32mBuilding CXX object CMakeFiles/mps_interfaces__rosidl_typesupport_c.dir/rosidl_typesupport_c/mps_interfaces/msg/schedule__type_support.cpp.o[0m
[ 44%] [32mBuilding CXX object CMakeFiles/mps_interfaces__rosidl_typesupport_fastrtps_cpp.dir/rosidl_typesupport_fastrtps_cpp/mps_interfaces/msg/detail/dds_fastrtps/path_schedule__type_support.cpp.o[0m
[ 45%] [32mBuilding CXX object CMakeFiles/mps_interfaces__rosidl_typesupport_c.dir/rosidl_typesupport_c/mps_interfaces/msg/schedule_array__type_support.cpp.o[0m
[ 47%] [32mBuilding CXX object CMakeFiles/mps_interfaces__rosidl_typesupport_c.dir/rosidl_typesupport_c/mps_interfaces/msg/schedule_stamped__type_support.cpp.o[0m
[ 49%] [32mBuilding CXX object CMakeFiles/mps_interfaces__rosidl_typesupport_fastrtps_cpp.dir/rosidl_typesupport_fastrtps_cpp/mps_interfaces/srv/detail/dds_fastrtps/get_inflated_map__type_support.cpp.o[0m
[ 48%] [32mBuilding CXX object CMakeFiles/mps_interfaces__rosidl_typesupport_fastrtps_cpp.dir/rosidl_typesupport_fastrtps_cpp/mps_interfaces/srv/detail/dds_fastrtps/get_robot_schedule__type_support.cpp.o[0m
[ 50%] [32mBuilding CXX object CMakeFiles/mps_interfaces__rosidl_typesupport_c.dir/rosidl_typesupport_c/mps_interfaces/msg/schedule_array_stamped__type_support.cpp.o[0m
[ 51%] [32mBuilding CXX object CMakeFiles/mps_interfaces__rosidl_typesupport_c.dir/rosidl_typesupport_c/mps_interfaces/msg/path_schedule_stamped__type_support.cpp.o[0m
[ 52%] [32mBuilding CXX object CMakeFiles/mps_interfaces__rosidl_typesupport_c.dir/rosidl_typesupport_c/mps_interfaces/msg/path_schedule__type_support.cpp.o[0m
[ 54%] [32mBuilding CXX object CMakeFiles/mps_interfaces__rosidl_typesupport_c.dir/rosidl_typesupport_c/mps_interfaces/srv/get_inflated_map__type_support.cpp.o[0m
[ 55%] [32mBuilding CXX object CMakeFiles/mps_interfaces__rosidl_typesupport_c.dir/rosidl_typesupport_c/mps_interfaces/srv/get_robot_schedule__type_support.cpp.o[0m
[ 56%] [32mBuilding CXX object CMakeFiles/mps_interfaces__rosidl_typesupport_introspection_cpp.dir/rosidl_typesupport_introspection_cpp/mps_interfaces/srv/detail/get_inflated_map__type_support.cpp.o[0m
[ 57%] [32m[1mLinking CXX shared library libmps_interfaces__rosidl_typesupport_cpp.so[0m
[ 58%] [32mBuilding CXX object CMakeFiles/mps_interfaces__rosidl_typesupport_fastrtps_c.dir/rosidl_typesupport_fastrtps_c/mps_interfaces/msg/detail/schedule__type_support_c.cpp.o[0m
[ 59%] [32mBuilding CXX object CMakeFiles/mps_interfaces__rosidl_typesupport_fastrtps_c.dir/rosidl_typesupport_fastrtps_c/mps_interfaces/msg/detail/schedule_array_stamped__type_support_c.cpp.o[0m
[ 60%] [32mBuilding CXX object CMakeFiles/mps_interfaces__rosidl_typesupport_fastrtps_c.dir/rosidl_typesupport_fastrtps_c/mps_interfaces/msg/detail/schedule_stamped__type_support_c.cpp.o[0m
[ 62%] [32mBuilding CXX object CMakeFiles/mps_interfaces__rosidl_typesupport_fastrtps_c.dir/rosidl_typesupport_fastrtps_c/mps_interfaces/msg/detail/schedule_array__type_support_c.cpp.o[0m
[ 62%] Built target mps_interfaces__rosidl_typesupport_cpp
[ 63%] [32mBuilding CXX object CMakeFiles/mps_interfaces__rosidl_typesupport_fastrtps_c.dir/rosidl_typesupport_fastrtps_c/mps_interfaces/msg/detail/path_schedule__type_support_c.cpp.o[0m
[ 64%] [32mBuilding C object CMakeFiles/mps_interfaces__rosidl_typesupport_introspection_c.dir/rosidl_typesupport_introspection_c/mps_interfaces/msg/detail/schedule__type_support.c.o[0m
[ 65%] [32mBuilding C object CMakeFiles/mps_interfaces__rosidl_typesupport_introspection_c.dir/rosidl_typesupport_introspection_c/mps_interfaces/msg/detail/schedule_array__type_support.c.o[0m
[ 66%] [32m[1mLinking CXX shared library libmps_interfaces__rosidl_typesupport_c.so[0m
[ 67%] [32mBuilding C object CMakeFiles/mps_interfaces__rosidl_typesupport_introspection_c.dir/rosidl_typesupport_introspection_c/mps_interfaces/msg/detail/schedule_stamped__type_support.c.o[0m
[ 68%] [32mBuilding C object CMakeFiles/mps_interfaces__rosidl_typesupport_introspection_c.dir/rosidl_typesupport_introspection_c/mps_interfaces/msg/detail/schedule_array_stamped__type_support.c.o[0m
[ 70%] [32mBuilding C object CMakeFiles/mps_interfaces__rosidl_typesupport_introspection_c.dir/rosidl_typesupport_introspection_c/mps_interfaces/msg/detail/path_schedule__type_support.c.o[0m
[ 71%] [32mBuilding C object CMakeFiles/mps_interfaces__rosidl_typesupport_introspection_c.dir/rosidl_typesupport_introspection_c/mps_interfaces/msg/detail/path_schedule_stamped__type_support.c.o[0m
[ 72%] [32mBuilding C object CMakeFiles/mps_interfaces__rosidl_typesupport_introspection_c.dir/rosidl_typesupport_introspection_c/mps_interfaces/srv/detail/get_robot_schedule__type_support.c.o[0m
[ 72%] Built target mps_interfaces__rosidl_typesupport_c
[ 74%] [32mBuilding CXX object CMakeFiles/mps_interfaces__rosidl_typesupport_fastrtps_c.dir/rosidl_typesupport_fastrtps_c/mps_interfaces/msg/detail/path_schedule_stamped__type_support_c.cpp.o[0m
[ 74%] [32mBuilding CXX object CMakeFiles/mps_interfaces__rosidl_typesupport_fastrtps_c.dir/rosidl_typesupport_fastrtps_c/mps_interfaces/srv/detail/get_robot_schedule__type_support_c.cpp.o[0m
[ 75%] [32mBuilding C object CMakeFiles/mps_interfaces__rosidl_typesupport_introspection_c.dir/rosidl_typesupport_introspection_c/mps_interfaces/srv/detail/get_inflated_map__type_support.c.o[0m
[ 77%] [32mBuilding CXX object CMakeFiles/mps_interfaces__rosidl_typesupport_fastrtps_c.dir/rosidl_typesupport_fastrtps_c/mps_interfaces/srv/detail/get_inflated_map__type_support_c.cpp.o[0m
[ 78%] [32m[1mLinking C shared library libmps_interfaces__rosidl_typesupport_introspection_c.so[0m
[ 78%] Built target mps_interfaces__rosidl_typesupport_introspection_c
[ 79%] [32m[1mLinking CXX shared library libmps_interfaces__rosidl_typesupport_fastrtps_cpp.so[0m
[ 80%] [32m[1mLinking CXX shared library libmps_interfaces__rosidl_typesupport_introspection_cpp.so[0m
[ 80%] Built target mps_interfaces__rosidl_typesupport_fastrtps_cpp
[ 81%] [32m[1mLinking CXX shared library libmps_interfaces__rosidl_typesupport_fastrtps_c.so[0m
[ 81%] Built target mps_interfaces__rosidl_typesupport_introspection_cpp
[ 81%] Built target mps_interfaces__rosidl_typesupport_fastrtps_c
[ 81%] Built target mps_interfaces
[ 82%] [34m[1mGenerating Python code for ROS interfaces[0m
[ 82%] Built target mps_interfaces__py
[ 86%] [32mBuilding C object CMakeFiles/mps_interfaces__rosidl_generator_py.dir/rosidl_generator_py/mps_interfaces/msg/_schedule_array_s.c.o[0m
[ 86%] [32mBuilding C object CMakeFiles/mps_interfaces__rosidl_generator_py.dir/rosidl_generator_py/mps_interfaces/msg/_schedule_s.c.o[0m
[ 87%] [32mBuilding C object CMakeFiles/mps_interfaces__rosidl_generator_py.dir/rosidl_generator_py/mps_interfaces/msg/_path_schedule_stamped_s.c.o[0m
[ 86%] [32mBuilding C object CMakeFiles/mps_interfaces__rosidl_generator_py.dir/rosidl_generator_py/mps_interfaces/msg/_schedule_stamped_s.c.o[0m
[ 88%] [32mBuilding C object CMakeFiles/mps_interfaces__rosidl_generator_py.dir/rosidl_generator_py/mps_interfaces/msg/_schedule_array_stamped_s.c.o[0m
[ 89%] [32mBuilding C object CMakeFiles/mps_interfaces__rosidl_generator_py.dir/rosidl_generator_py/mps_interfaces/srv/_get_robot_schedule_s.c.o[0m
[ 91%] [32mBuilding C object CMakeFiles/mps_interfaces__rosidl_generator_py.dir/rosidl_generator_py/mps_interfaces/srv/_get_inflated_map_s.c.o[0m
[ 91%] [32mBuilding C object CMakeFiles/mps_interfaces__rosidl_generator_py.dir/rosidl_generator_py/mps_interfaces/msg/_path_schedule_s.c.o[0m
[ 93%] [32m[1mLinking C shared library rosidl_generator_py/mps_interfaces/libmps_interfaces__rosidl_generator_py.so[0m
[ 93%] Built target mps_interfaces__rosidl_generator_py
[ 94%] [32mBuilding C object CMakeFiles/mps_interfaces__rosidl_typesupport_fastrtps_c__pyext.dir/rosidl_generator_py/mps_interfaces/_mps_interfaces_s.ep.rosidl_typesupport_fastrtps_c.c.o[0m
[ 95%] [32mBuilding C object CMakeFiles/mps_interfaces__rosidl_typesupport_introspection_c__pyext.dir/rosidl_generator_py/mps_interfaces/_mps_interfaces_s.ep.rosidl_typesupport_introspection_c.c.o[0m
[ 96%] [32mBuilding C object CMakeFiles/mps_interfaces__rosidl_typesupport_c__pyext.dir/rosidl_generator_py/mps_interfaces/_mps_interfaces_s.ep.rosidl_typesupport_c.c.o[0m
[ 97%] [32m[1mLinking C shared library rosidl_generator_py/mps_interfaces/mps_interfaces_s__rosidl_typesupport_introspection_c.cpython-310-x86_64-linux-gnu.so[0m
[ 98%] [32m[1mLinking C shared library rosidl_generator_py/mps_interfaces/mps_interfaces_s__rosidl_typesupport_c.cpython-310-x86_64-linux-gnu.so[0m
[100%] [32m[1mLinking C shared library rosidl_generator_py/mps_interfaces/mps_interfaces_s__rosidl_typesupport_fastrtps_c.cpython-310-x86_64-linux-gnu.so[0m
[100%] Built target mps_interfaces__rosidl_typesupport_fastrtps_c__pyext
[100%] Built target mps_interfaces__rosidl_typesupport_introspection_c__pyext
[100%] Built target mps_interfaces__rosidl_typesupport_c__pyext
-- Install configuration: ""
-- Execute custom install script
-- Symlinking: /home/michael/ros2_ws_test/install/mps_interfaces/share/ament_index/resource_index/rosidl_interfaces/mps_interfaces
-- Symlinking: /home/michael/ros2_ws_test/install/mps_interfaces/include/mps_interfaces/mps_interfaces/msg/detail/path_schedule__functions.h
-- Symlinking: /home/michael/ros2_ws_test/install/mps_interfaces/include/mps_interfaces/mps_interfaces/msg/detail/path_schedule__struct.h
-- Symlinking: /home/michael/ros2_ws_test/install/mps_interfaces/include/mps_interfaces/mps_interfaces/msg/detail/path_schedule__type_support.h
-- Symlinking: /home/michael/ros2_ws_test/install/mps_interfaces/include/mps_interfaces/mps_interfaces/msg/detail/path_schedule_stamped__functions.h
-- Symlinking: /home/michael/ros2_ws_test/install/mps_interfaces/include/mps_interfaces/mps_interfaces/msg/detail/path_schedule_stamped__struct.h
-- Symlinking: /home/michael/ros2_ws_test/install/mps_interfaces/include/mps_interfaces/mps_interfaces/msg/detail/path_schedule_stamped__type_support.h
-- Symlinking: /home/michael/ros2_ws_test/install/mps_interfaces/include/mps_interfaces/mps_interfaces/msg/detail/schedule__functions.h
-- Symlinking: /home/michael/ros2_ws_test/install/mps_interfaces/include/mps_interfaces/mps_interfaces/msg/detail/schedule__struct.h
-- Symlinking: /home/michael/ros2_ws_test/install/mps_interfaces/include/mps_interfaces/mps_interfaces/msg/detail/schedule__type_support.h
-- Symlinking: /home/michael/ros2_ws_test/install/mps_interfaces/include/mps_interfaces/mps_interfaces/msg/detail/schedule_array__functions.h
-- Symlinking: /home/michael/ros2_ws_test/install/mps_interfaces/include/mps_interfaces/mps_interfaces/msg/detail/schedule_array__struct.h
-- Symlinking: /home/michael/ros2_ws_test/install/mps_interfaces/include/mps_interfaces/mps_interfaces/msg/detail/schedule_array__type_support.h
-- Symlinking: /home/michael/ros2_ws_test/install/mps_interfaces/include/mps_interfaces/mps_interfaces/msg/detail/schedule_array_stamped__functions.h
-- Symlinking: /home/michael/ros2_ws_test/install/mps_interfaces/include/mps_interfaces/mps_interfaces/msg/detail/schedule_array_stamped__struct.h
-- Symlinking: /home/michael/ros2_ws_test/install/mps_interfaces/include/mps_interfaces/mps_interfaces/msg/detail/schedule_array_stamped__type_support.h
-- Symlinking: /home/michael/ros2_ws_test/install/mps_interfaces/include/mps_interfaces/mps_interfaces/msg/detail/schedule_stamped__functions.h
-- Symlinking: /home/michael/ros2_ws_test/install/mps_interfaces/include/mps_interfaces/mps_interfaces/msg/detail/schedule_stamped__struct.h
-- Symlinking: /home/michael/ros2_ws_test/install/mps_interfaces/include/mps_interfaces/mps_interfaces/msg/detail/schedule_stamped__type_support.h
-- Symlinking: /home/michael/ros2_ws_test/install/mps_interfaces/include/mps_interfaces/mps_interfaces/msg/path_schedule.h
-- Symlinking: /home/michael/ros2_ws_test/install/mps_interfaces/include/mps_interfaces/mps_interfaces/msg/path_schedule_stamped.h
-- Symlinking: /home/michael/ros2_ws_test/install/mps_interfaces/include/mps_interfaces/mps_interfaces/msg/rosidl_generator_c__visibility_control.h
-- Symlinking: /home/michael/ros2_ws_test/install/mps_interfaces/include/mps_interfaces/mps_interfaces/msg/schedule.h
-- Symlinking: /home/michael/ros2_ws_test/install/mps_interfaces/include/mps_interfaces/mps_interfaces/msg/schedule_array.h
-- Symlinking: /home/michael/ros2_ws_test/install/mps_interfaces/include/mps_interfaces/mps_interfaces/msg/schedule_array_stamped.h
-- Symlinking: /home/michael/ros2_ws_test/install/mps_interfaces/include/mps_interfaces/mps_interfaces/msg/schedule_stamped.h
-- Symlinking: /home/michael/ros2_ws_test/install/mps_interfaces/include/mps_interfaces/mps_interfaces/srv/detail/get_inflated_map__functions.h
-- Symlinking: /home/michael/ros2_ws_test/install/mps_interfaces/include/mps_interfaces/mps_interfaces/srv/detail/get_inflated_map__struct.h
-- Symlinking: /home/michael/ros2_ws_test/install/mps_interfaces/include/mps_interfaces/mps_interfaces/srv/detail/get_inflated_map__type_support.h
-- Symlinking: /home/michael/ros2_ws_test/install/mps_interfaces/include/mps_interfaces/mps_interfaces/srv/detail/get_robot_schedule__functions.h
-- Symlinking: /home/michael/ros2_ws_test/install/mps_interfaces/include/mps_interfaces/mps_interfaces/srv/detail/get_robot_schedule__struct.h
-- Symlinking: /home/michael/ros2_ws_test/install/mps_interfaces/include/mps_interfaces/mps_interfaces/srv/detail/get_robot_schedule__type_support.h
-- Symlinking: /home/michael/ros2_ws_test/install/mps_interfaces/include/mps_interfaces/mps_interfaces/srv/get_inflated_map.h
-- Symlinking: /home/michael/ros2_ws_test/install/mps_interfaces/include/mps_interfaces/mps_interfaces/srv/get_robot_schedule.h
-- Symlinking: /home/michael/ros2_ws_test/install/mps_interfaces/share/mps_interfaces/environment/library_path.sh
-- Symlinking: /home/michael/ros2_ws_test/install/mps_interfaces/share/mps_interfaces/environment/library_path.dsv
-- Symlinking: /home/michael/ros2_ws_test/install/mps_interfaces/include/mps_interfaces/mps_interfaces/msg/detail/path_schedule__rosidl_typesupport_fastrtps_c.h
-- Symlinking: /home/michael/ros2_ws_test/install/mps_interfaces/include/mps_interfaces/mps_interfaces/msg/detail/path_schedule_stamped__rosidl_typesupport_fastrtps_c.h
-- Symlinking: /home/michael/ros2_ws_test/install/mps_interfaces/include/mps_interfaces/mps_interfaces/msg/detail/schedule__rosidl_typesupport_fastrtps_c.h
-- Symlinking: /home/michael/ros2_ws_test/install/mps_interfaces/include/mps_interfaces/mps_interfaces/msg/detail/schedule_array__rosidl_typesupport_fastrtps_c.h
-- Symlinking: /home/michael/ros2_ws_test/install/mps_interfaces/include/mps_interfaces/mps_interfaces/msg/detail/schedule_array_stamped__rosidl_typesupport_fastrtps_c.h
-- Symlinking: /home/michael/ros2_ws_test/install/mps_interfaces/include/mps_interfaces/mps_interfaces/msg/detail/schedule_stamped__rosidl_typesupport_fastrtps_c.h
-- Symlinking: /home/michael/ros2_ws_test/install/mps_interfaces/include/mps_interfaces/mps_interfaces/msg/rosidl_typesupport_fastrtps_c__visibility_control.h
-- Symlinking: /home/michael/ros2_ws_test/install/mps_interfaces/include/mps_interfaces/mps_interfaces/srv/detail/get_inflated_map__rosidl_typesupport_fastrtps_c.h
-- Symlinking: /home/michael/ros2_ws_test/install/mps_interfaces/include/mps_interfaces/mps_interfaces/srv/detail/get_robot_schedule__rosidl_typesupport_fastrtps_c.h
-- Symlinking: /home/michael/ros2_ws_test/install/mps_interfaces/include/mps_interfaces/mps_interfaces/msg/detail/path_schedule__builder.hpp
-- Symlinking: /home/michael/ros2_ws_test/install/mps_interfaces/include/mps_interfaces/mps_interfaces/msg/detail/path_schedule__struct.hpp
-- Symlinking: /home/michael/ros2_ws_test/install/mps_interfaces/include/mps_interfaces/mps_interfaces/msg/detail/path_schedule__traits.hpp
-- Symlinking: /home/michael/ros2_ws_test/install/mps_interfaces/include/mps_interfaces/mps_interfaces/msg/detail/path_schedule__type_support.hpp
-- Symlinking: /home/michael/ros2_ws_test/install/mps_interfaces/include/mps_interfaces/mps_interfaces/msg/detail/path_schedule_stamped__builder.hpp
-- Symlinking: /home/michael/ros2_ws_test/install/mps_interfaces/include/mps_interfaces/mps_interfaces/msg/detail/path_schedule_stamped__struct.hpp
-- Symlinking: /home/michael/ros2_ws_test/install/mps_interfaces/include/mps_interfaces/mps_interfaces/msg/detail/path_schedule_stamped__traits.hpp
-- Symlinking: /home/michael/ros2_ws_test/install/mps_interfaces/include/mps_interfaces/mps_interfaces/msg/detail/path_schedule_stamped__type_support.hpp
-- Symlinking: /home/michael/ros2_ws_test/install/mps_interfaces/include/mps_interfaces/mps_interfaces/msg/detail/schedule__builder.hpp
-- Symlinking: /home/michael/ros2_ws_test/install/mps_interfaces/include/mps_interfaces/mps_interfaces/msg/detail/schedule__struct.hpp
-- Symlinking: /home/michael/ros2_ws_test/install/mps_interfaces/include/mps_interfaces/mps_interfaces/msg/detail/schedule__traits.hpp
-- Symlinking: /home/michael/ros2_ws_test/install/mps_interfaces/include/mps_interfaces/mps_interfaces/msg/detail/schedule__type_support.hpp
-- Symlinking: /home/michael/ros2_ws_test/install/mps_interfaces/include/mps_interfaces/mps_interfaces/msg/detail/schedule_array__builder.hpp
-- Symlinking: /home/michael/ros2_ws_test/install/mps_interfaces/include/mps_interfaces/mps_interfaces/msg/detail/schedule_array__struct.hpp
-- Symlinking: /home/michael/ros2_ws_test/install/mps_interfaces/include/mps_interfaces/mps_interfaces/msg/detail/schedule_array__traits.hpp
-- Symlinking: /home/michael/ros2_ws_test/install/mps_interfaces/include/mps_interfaces/mps_interfaces/msg/detail/schedule_array__type_support.hpp
-- Symlinking: /home/michael/ros2_ws_test/install/mps_interfaces/include/mps_interfaces/mps_interfaces/msg/detail/schedule_array_stamped__builder.hpp
-- Symlinking: /home/michael/ros2_ws_test/install/mps_interfaces/include/mps_interfaces/mps_interfaces/msg/detail/schedule_array_stamped__struct.hpp
-- Symlinking: /home/michael/ros2_ws_test/install/mps_interfaces/include/mps_interfaces/mps_interfaces/msg/detail/schedule_array_stamped__traits.hpp
-- Symlinking: /home/michael/ros2_ws_test/install/mps_interfaces/include/mps_interfaces/mps_interfaces/msg/detail/schedule_array_stamped__type_support.hpp
-- Symlinking: /home/michael/ros2_ws_test/install/mps_interfaces/include/mps_interfaces/mps_interfaces/msg/detail/schedule_stamped__builder.hpp
-- Symlinking: /home/michael/ros2_ws_test/install/mps_interfaces/include/mps_interfaces/mps_interfaces/msg/detail/schedule_stamped__struct.hpp
-- Symlinking: /home/michael/ros2_ws_test/install/mps_interfaces/include/mps_interfaces/mps_interfaces/msg/detail/schedule_stamped__traits.hpp
-- Symlinking: /home/michael/ros2_ws_test/install/mps_interfaces/include/mps_interfaces/mps_interfaces/msg/detail/schedule_stamped__type_support.hpp
-- Symlinking: /home/michael/ros2_ws_test/install/mps_interfaces/include/mps_interfaces/mps_interfaces/msg/path_schedule.hpp
-- Symlinking: /home/michael/ros2_ws_test/install/mps_interfaces/include/mps_interfaces/mps_interfaces/msg/path_schedule_stamped.hpp
-- Symlinking: /home/michael/ros2_ws_test/install/mps_interfaces/include/mps_interfaces/mps_interfaces/msg/rosidl_generator_cpp__visibility_control.hpp
-- Symlinking: /home/michael/ros2_ws_test/install/mps_interfaces/include/mps_interfaces/mps_interfaces/msg/schedule.hpp
-- Symlinking: /home/michael/ros2_ws_test/install/mps_interfaces/include/mps_interfaces/mps_interfaces/msg/schedule_array.hpp
-- Symlinking: /home/michael/ros2_ws_test/install/mps_interfaces/include/mps_interfaces/mps_interfaces/msg/schedule_array_stamped.hpp
-- Symlinking: /home/michael/ros2_ws_test/install/mps_interfaces/include/mps_interfaces/mps_interfaces/msg/schedule_stamped.hpp
-- Symlinking: /home/michael/ros2_ws_test/install/mps_interfaces/include/mps_interfaces/mps_interfaces/srv/detail/get_inflated_map__builder.hpp
-- Symlinking: /home/michael/ros2_ws_test/install/mps_interfaces/include/mps_interfaces/mps_interfaces/srv/detail/get_inflated_map__struct.hpp
-- Symlinking: /home/michael/ros2_ws_test/install/mps_interfaces/include/mps_interfaces/mps_interfaces/srv/detail/get_inflated_map__traits.hpp
-- Symlinking: /home/michael/ros2_ws_test/install/mps_interfaces/include/mps_interfaces/mps_interfaces/srv/detail/get_inflated_map__type_support.hpp
-- Symlinking: /home/michael/ros2_ws_test/install/mps_interfaces/include/mps_interfaces/mps_interfaces/srv/detail/get_robot_schedule__builder.hpp
-- Symlinking: /home/michael/ros2_ws_test/install/mps_interfaces/include/mps_interfaces/mps_interfaces/srv/detail/get_robot_schedule__struct.hpp
-- Symlinking: /home/michael/ros2_ws_test/install/mps_interfaces/include/mps_interfaces/mps_interfaces/srv/detail/get_robot_schedule__traits.hpp
-- Symlinking: /home/michael/ros2_ws_test/install/mps_interfaces/include/mps_interfaces/mps_interfaces/srv/detail/get_robot_schedule__type_support.hpp
-- Symlinking: /home/michael/ros2_ws_test/install/mps_interfaces/include/mps_interfaces/mps_interfaces/srv/get_inflated_map.hpp
-- Symlinking: /home/michael/ros2_ws_test/install/mps_interfaces/include/mps_interfaces/mps_interfaces/srv/get_robot_schedule.hpp
-- Symlinking: /home/michael/ros2_ws_test/install/mps_interfaces/include/mps_interfaces/mps_interfaces/msg/detail/path_schedule__rosidl_typesupport_fastrtps_cpp.hpp
-- Symlinking: /home/michael/ros2_ws_test/install/mps_interfaces/include/mps_interfaces/mps_interfaces/msg/detail/path_schedule_stamped__rosidl_typesupport_fastrtps_cpp.hpp
-- Symlinking: /home/michael/ros2_ws_test/install/mps_interfaces/include/mps_interfaces/mps_interfaces/msg/detail/schedule__rosidl_typesupport_fastrtps_cpp.hpp
-- Symlinking: /home/michael/ros2_ws_test/install/mps_interfaces/include/mps_interfaces/mps_interfaces/msg/detail/schedule_array__rosidl_typesupport_fastrtps_cpp.hpp
-- Symlinking: /home/michael/ros2_ws_test/install/mps_interfaces/include/mps_interfaces/mps_interfaces/msg/detail/schedule_array_stamped__rosidl_typesupport_fastrtps_cpp.hpp
-- Symlinking: /home/michael/ros2_ws_test/install/mps_interfaces/include/mps_interfaces/mps_interfaces/msg/detail/schedule_stamped__rosidl_typesupport_fastrtps_cpp.hpp
-- Symlinking: /home/michael/ros2_ws_test/install/mps_interfaces/include/mps_interfaces/mps_interfaces/msg/rosidl_typesupport_fastrtps_cpp__visibility_control.h
-- Symlinking: /home/michael/ros2_ws_test/install/mps_interfaces/include/mps_interfaces/mps_interfaces/srv/detail/get_inflated_map__rosidl_typesupport_fastrtps_cpp.hpp
-- Symlinking: /home/michael/ros2_ws_test/install/mps_interfaces/include/mps_interfaces/mps_interfaces/srv/detail/get_robot_schedule__rosidl_typesupport_fastrtps_cpp.hpp
-- Symlinking: /home/michael/ros2_ws_test/install/mps_interfaces/include/mps_interfaces/mps_interfaces/msg/detail/path_schedule__rosidl_typesupport_introspection_c.h
-- Symlinking: /home/michael/ros2_ws_test/install/mps_interfaces/include/mps_interfaces/mps_interfaces/msg/detail/path_schedule_stamped__rosidl_typesupport_introspection_c.h
-- Symlinking: /home/michael/ros2_ws_test/install/mps_interfaces/include/mps_interfaces/mps_interfaces/msg/detail/schedule__rosidl_typesupport_introspection_c.h
-- Symlinking: /home/michael/ros2_ws_test/install/mps_interfaces/include/mps_interfaces/mps_interfaces/msg/detail/schedule_array__rosidl_typesupport_introspection_c.h
-- Symlinking: /home/michael/ros2_ws_test/install/mps_interfaces/include/mps_interfaces/mps_interfaces/msg/detail/schedule_array_stamped__rosidl_typesupport_introspection_c.h
-- Symlinking: /home/michael/ros2_ws_test/install/mps_interfaces/include/mps_interfaces/mps_interfaces/msg/detail/schedule_stamped__rosidl_typesupport_introspection_c.h
-- Symlinking: /home/michael/ros2_ws_test/install/mps_interfaces/include/mps_interfaces/mps_interfaces/msg/rosidl_typesupport_introspection_c__visibility_control.h
-- Symlinking: /home/michael/ros2_ws_test/install/mps_interfaces/include/mps_interfaces/mps_interfaces/srv/detail/get_inflated_map__rosidl_typesupport_introspection_c.h
-- Symlinking: /home/michael/ros2_ws_test/install/mps_interfaces/include/mps_interfaces/mps_interfaces/srv/detail/get_robot_schedule__rosidl_typesupport_introspection_c.h
-- Symlinking: /home/michael/ros2_ws_test/install/mps_interfaces/include/mps_interfaces/mps_interfaces/msg/detail/path_schedule__rosidl_typesupport_introspection_cpp.hpp
-- Symlinking: /home/michael/ros2_ws_test/install/mps_interfaces/include/mps_interfaces/mps_interfaces/msg/detail/path_schedule_stamped__rosidl_typesupport_introspection_cpp.hpp
-- Symlinking: /home/michael/ros2_ws_test/install/mps_interfaces/include/mps_interfaces/mps_interfaces/msg/detail/schedule__rosidl_typesupport_introspection_cpp.hpp
-- Symlinking: /home/michael/ros2_ws_test/install/mps_interfaces/include/mps_interfaces/mps_interfaces/msg/detail/schedule_array__rosidl_typesupport_introspection_cpp.hpp
-- Symlinking: /home/michael/ros2_ws_test/install/mps_interfaces/include/mps_interfaces/mps_interfaces/msg/detail/schedule_array_stamped__rosidl_typesupport_introspection_cpp.hpp
-- Symlinking: /home/michael/ros2_ws_test/install/mps_interfaces/include/mps_interfaces/mps_interfaces/msg/detail/schedule_stamped__rosidl_typesupport_introspection_cpp.hpp
-- Symlinking: /home/michael/ros2_ws_test/install/mps_interfaces/include/mps_interfaces/mps_interfaces/srv/detail/get_inflated_map__rosidl_typesupport_introspection_cpp.hpp
-- Symlinking: /home/michael/ros2_ws_test/install/mps_interfaces/include/mps_interfaces/mps_interfaces/srv/detail/get_robot_schedule__rosidl_typesupport_introspection_cpp.hpp
-- Symlinking: /home/michael/ros2_ws_test/install/mps_interfaces/share/mps_interfaces/environment/pythonpath.sh
-- Symlinking: /home/michael/ros2_ws_test/install/mps_interfaces/share/mps_interfaces/environment/pythonpath.dsv
-- Symlinking: /home/michael/ros2_ws_test/install/mps_interfaces/local/lib/python3.10/dist-packages/mps_interfaces-0.0.0-py3.10.egg-info/PKG-INFO
-- Symlinking: /home/michael/ros2_ws_test/install/mps_interfaces/local/lib/python3.10/dist-packages/mps_interfaces-0.0.0-py3.10.egg-info/SOURCES.txt
-- Symlinking: /home/michael/ros2_ws_test/install/mps_interfaces/local/lib/python3.10/dist-packages/mps_interfaces-0.0.0-py3.10.egg-info/dependency_links.txt
-- Symlinking: /home/michael/ros2_ws_test/install/mps_interfaces/local/lib/python3.10/dist-packages/mps_interfaces-0.0.0-py3.10.egg-info/top_level.txt
-- Symlinking: /home/michael/ros2_ws_test/install/mps_interfaces/local/lib/python3.10/dist-packages/mps_interfaces/__init__.py
-- Symlinking: /home/michael/ros2_ws_test/install/mps_interfaces/local/lib/python3.10/dist-packages/mps_interfaces/_mps_interfaces_s.ep.rosidl_typesupport_c.c
-- Symlinking: /home/michael/ros2_ws_test/install/mps_interfaces/local/lib/python3.10/dist-packages/mps_interfaces/_mps_interfaces_s.ep.rosidl_typesupport_fastrtps_c.c
-- Symlinking: /home/michael/ros2_ws_test/install/mps_interfaces/local/lib/python3.10/dist-packages/mps_interfaces/_mps_interfaces_s.ep.rosidl_typesupport_introspection_c.c
-- Symlinking: /home/michael/ros2_ws_test/install/mps_interfaces/local/lib/python3.10/dist-packages/mps_interfaces/libmps_interfaces__rosidl_generator_py.so
-- Symlinking: /home/michael/ros2_ws_test/install/mps_interfaces/local/lib/python3.10/dist-packages/mps_interfaces/mps_interfaces_s__rosidl_typesupport_c.cpython-310-x86_64-linux-gnu.so
-- Symlinking: /home/michael/ros2_ws_test/install/mps_interfaces/local/lib/python3.10/dist-packages/mps_interfaces/mps_interfaces_s__rosidl_typesupport_fastrtps_c.cpython-310-x86_64-linux-gnu.so
-- Symlinking: /home/michael/ros2_ws_test/install/mps_interfaces/local/lib/python3.10/dist-packages/mps_interfaces/mps_interfaces_s__rosidl_typesupport_introspection_c.cpython-310-x86_64-linux-gnu.so
-- Symlinking: /home/michael/ros2_ws_test/install/mps_interfaces/local/lib/python3.10/dist-packages/mps_interfaces/msg/__init__.py
-- Symlinking: /home/michael/ros2_ws_test/install/mps_interfaces/local/lib/python3.10/dist-packages/mps_interfaces/msg/_path_schedule.py
-- Symlinking: /home/michael/ros2_ws_test/install/mps_interfaces/local/lib/python3.10/dist-packages/mps_interfaces/msg/_path_schedule_s.c
-- Symlinking: /home/michael/ros2_ws_test/install/mps_interfaces/local/lib/python3.10/dist-packages/mps_interfaces/msg/_path_schedule_stamped.py
-- Symlinking: /home/michael/ros2_ws_test/install/mps_interfaces/local/lib/python3.10/dist-packages/mps_interfaces/msg/_path_schedule_stamped_s.c
-- Symlinking: /home/michael/ros2_ws_test/install/mps_interfaces/local/lib/python3.10/dist-packages/mps_interfaces/msg/_schedule.py
-- Symlinking: /home/michael/ros2_ws_test/install/mps_interfaces/local/lib/python3.10/dist-packages/mps_interfaces/msg/_schedule_array.py
-- Symlinking: /home/michael/ros2_ws_test/install/mps_interfaces/local/lib/python3.10/dist-packages/mps_interfaces/msg/_schedule_array_s.c
-- Symlinking: /home/michael/ros2_ws_test/install/mps_interfaces/local/lib/python3.10/dist-packages/mps_interfaces/msg/_schedule_array_stamped.py
-- Symlinking: /home/michael/ros2_ws_test/install/mps_interfaces/local/lib/python3.10/dist-packages/mps_interfaces/msg/_schedule_array_stamped_s.c
-- Symlinking: /home/michael/ros2_ws_test/install/mps_interfaces/local/lib/python3.10/dist-packages/mps_interfaces/msg/_schedule_s.c
-- Symlinking: /home/michael/ros2_ws_test/install/mps_interfaces/local/lib/python3.10/dist-packages/mps_interfaces/msg/_schedule_stamped.py
-- Symlinking: /home/michael/ros2_ws_test/install/mps_interfaces/local/lib/python3.10/dist-packages/mps_interfaces/msg/_schedule_stamped_s.c
-- Symlinking: /home/michael/ros2_ws_test/install/mps_interfaces/local/lib/python3.10/dist-packages/mps_interfaces/srv/__init__.py
-- Symlinking: /home/michael/ros2_ws_test/install/mps_interfaces/local/lib/python3.10/dist-packages/mps_interfaces/srv/_get_inflated_map.py
-- Symlinking: /home/michael/ros2_ws_test/install/mps_interfaces/local/lib/python3.10/dist-packages/mps_interfaces/srv/_get_inflated_map_s.c
-- Symlinking: /home/michael/ros2_ws_test/install/mps_interfaces/local/lib/python3.10/dist-packages/mps_interfaces/srv/_get_robot_schedule.py
-- Symlinking: /home/michael/ros2_ws_test/install/mps_interfaces/local/lib/python3.10/dist-packages/mps_interfaces/srv/_get_robot_schedule_s.c
-- Up-to-date symlink: /home/michael/ros2_ws_test/install/mps_interfaces/local/lib/python3.10/dist-packages/mps_interfaces/mps_interfaces_s__rosidl_typesupport_fastrtps_c.cpython-310-x86_64-linux-gnu.so
-- Up-to-date symlink: /home/michael/ros2_ws_test/install/mps_interfaces/local/lib/python3.10/dist-packages/mps_interfaces/mps_interfaces_s__rosidl_typesupport_introspection_c.cpython-310-x86_64-linux-gnu.so
-- Up-to-date symlink: /home/michael/ros2_ws_test/install/mps_interfaces/local/lib/python3.10/dist-packages/mps_interfaces/mps_interfaces_s__rosidl_typesupport_c.cpython-310-x86_64-linux-gnu.so
-- Symlinking: /home/michael/ros2_ws_test/install/mps_interfaces/share/mps_interfaces/msg/Schedule.idl
-- Symlinking: /home/michael/ros2_ws_test/install/mps_interfaces/share/mps_interfaces/msg/ScheduleArray.idl
-- Symlinking: /home/michael/ros2_ws_test/install/mps_interfaces/share/mps_interfaces/msg/ScheduleStamped.idl
-- Symlinking: /home/michael/ros2_ws_test/install/mps_interfaces/share/mps_interfaces/msg/ScheduleArrayStamped.idl
-- Symlinking: /home/michael/ros2_ws_test/install/mps_interfaces/share/mps_interfaces/msg/PathSchedule.idl
-- Symlinking: /home/michael/ros2_ws_test/install/mps_interfaces/share/mps_interfaces/msg/PathScheduleStamped.idl
-- Symlinking: /home/michael/ros2_ws_test/install/mps_interfaces/share/mps_interfaces/srv/GetRobotSchedule.idl
-- Symlinking: /home/michael/ros2_ws_test/install/mps_interfaces/share/mps_interfaces/srv/GetInflatedMap.idl
-- Symlinking: /home/michael/ros2_ws_test/install/mps_interfaces/share/mps_interfaces/msg/Schedule.msg
-- Symlinking: /home/michael/ros2_ws_test/install/mps_interfaces/share/mps_interfaces/msg/ScheduleArray.msg
-- Symlinking: /home/michael/ros2_ws_test/install/mps_interfaces/share/mps_interfaces/msg/ScheduleStamped.msg
-- Symlinking: /home/michael/ros2_ws_test/install/mps_interfaces/share/mps_interfaces/msg/ScheduleArrayStamped.msg
-- Symlinking: /home/michael/ros2_ws_test/install/mps_interfaces/share/mps_interfaces/msg/PathSchedule.msg
-- Symlinking: /home/michael/ros2_ws_test/install/mps_interfaces/share/mps_interfaces/msg/PathScheduleStamped.msg
-- Symlinking: /home/michael/ros2_ws_test/install/mps_interfaces/share/mps_interfaces/srv/GetRobotSchedule.srv
-- Symlinking: /home/michael/ros2_ws_test/install/mps_interfaces/share/mps_interfaces/srv/GetRobotSchedule_Request.msg
-- Symlinking: /home/michael/ros2_ws_test/install/mps_interfaces/share/mps_interfaces/srv/GetRobotSchedule_Response.msg
-- Symlinking: /home/michael/ros2_ws_test/install/mps_interfaces/share/mps_interfaces/srv/GetInflatedMap.srv
-- Symlinking: /home/michael/ros2_ws_test/install/mps_interfaces/share/mps_interfaces/srv/GetInflatedMap_Request.msg
-- Symlinking: /home/michael/ros2_ws_test/install/mps_interfaces/share/mps_interfaces/srv/GetInflatedMap_Response.msg
-- Symlinking: /home/michael/ros2_ws_test/install/mps_interfaces/share/ament_index/resource_index/package_run_dependencies/mps_interfaces
-- Symlinking: /home/michael/ros2_ws_test/install/mps_interfaces/share/ament_index/resource_index/parent_prefix_path/mps_interfaces
-- Symlinking: /home/michael/ros2_ws_test/install/mps_interfaces/share/mps_interfaces/environment/ament_prefix_path.sh
-- Symlinking: /home/michael/ros2_ws_test/install/mps_interfaces/share/mps_interfaces/environment/ament_prefix_path.dsv
-- Symlinking: /home/michael/ros2_ws_test/install/mps_interfaces/share/mps_interfaces/environment/path.sh
-- Symlinking: /home/michael/ros2_ws_test/install/mps_interfaces/share/mps_interfaces/environment/path.dsv
-- Symlinking: /home/michael/ros2_ws_test/install/mps_interfaces/share/mps_interfaces/local_setup.bash
-- Symlinking: /home/michael/ros2_ws_test/install/mps_interfaces/share/mps_interfaces/local_setup.sh
-- Symlinking: /home/michael/ros2_ws_test/install/mps_interfaces/share/mps_interfaces/local_setup.zsh
-- Symlinking: /home/michael/ros2_ws_test/install/mps_interfaces/share/mps_interfaces/local_setup.dsv
-- Symlinking: /home/michael/ros2_ws_test/install/mps_interfaces/share/mps_interfaces/package.dsv
-- Symlinking: /home/michael/ros2_ws_test/install/mps_interfaces/share/ament_index/resource_index/packages/mps_interfaces
-- Symlinking: /home/michael/ros2_ws_test/install/mps_interfaces/share/mps_interfaces/cmake/rosidl_cmake-extras.cmake
-- Symlinking: /home/michael/ros2_ws_test/install/mps_interfaces/share/mps_interfaces/cmake/ament_cmake_export_dependencies-extras.cmake
-- Symlinking: /home/michael/ros2_ws_test/install/mps_interfaces/share/mps_interfaces/cmake/ament_cmake_export_include_directories-extras.cmake
-- Symlinking: /home/michael/ros2_ws_test/install/mps_interfaces/share/mps_interfaces/cmake/ament_cmake_export_libraries-extras.cmake
-- Symlinking: /home/michael/ros2_ws_test/install/mps_interfaces/share/mps_interfaces/cmake/ament_cmake_export_targets-extras.cmake
-- Symlinking: /home/michael/ros2_ws_test/install/mps_interfaces/share/mps_interfaces/cmake/rosidl_cmake_export_typesupport_targets-extras.cmake
-- Symlinking: /home/michael/ros2_ws_test/install/mps_interfaces/share/mps_interfaces/cmake/rosidl_cmake_export_typesupport_libraries-extras.cmake
-- Symlinking: /home/michael/ros2_ws_test/install/mps_interfaces/share/mps_interfaces/cmake/mps_interfacesConfig.cmake
-- Symlinking: /home/michael/ros2_ws_test/install/mps_interfaces/share/mps_interfaces/cmake/mps_interfacesConfig-version.cmake
-- Symlinking: /home/michael/ros2_ws_test/install/mps_interfaces/share/mps_interfaces/package.xml
-- Installing: /home/michael/ros2_ws_test/install/mps_interfaces/lib/libmps_interfaces__rosidl_generator_c.so
-- Set runtime path of "/home/michael/ros2_ws_test/install/mps_interfaces/lib/libmps_interfaces__rosidl_generator_c.so" to ""
-- Installing: /home/michael/ros2_ws_test/install/mps_interfaces/lib/libmps_interfaces__rosidl_typesupport_fastrtps_c.so
-- Set runtime path of "/home/michael/ros2_ws_test/install/mps_interfaces/lib/libmps_interfaces__rosidl_typesupport_fastrtps_c.so" to ""
-- Installing: /home/michael/ros2_ws_test/install/mps_interfaces/lib/libmps_interfaces__rosidl_typesupport_fastrtps_cpp.so
-- Set runtime path of "/home/michael/ros2_ws_test/install/mps_interfaces/lib/libmps_interfaces__rosidl_typesupport_fastrtps_cpp.so" to ""
-- Installing: /home/michael/ros2_ws_test/install/mps_interfaces/lib/libmps_interfaces__rosidl_typesupport_introspection_c.so
-- Set runtime path of "/home/michael/ros2_ws_test/install/mps_interfaces/lib/libmps_interfaces__rosidl_typesupport_introspection_c.so" to ""
-- Installing: /home/michael/ros2_ws_test/install/mps_interfaces/lib/libmps_interfaces__rosidl_typesupport_c.so
-- Set runtime path of "/home/michael/ros2_ws_test/install/mps_interfaces/lib/libmps_interfaces__rosidl_typesupport_c.so" to ""
-- Installing: /home/michael/ros2_ws_test/install/mps_interfaces/lib/libmps_interfaces__rosidl_typesupport_introspection_cpp.so
-- Set runtime path of "/home/michael/ros2_ws_test/install/mps_interfaces/lib/libmps_interfaces__rosidl_typesupport_introspection_cpp.so" to ""
-- Installing: /home/michael/ros2_ws_test/install/mps_interfaces/lib/libmps_interfaces__rosidl_typesupport_cpp.so
-- Set runtime path of "/home/michael/ros2_ws_test/install/mps_interfaces/lib/libmps_interfaces__rosidl_typesupport_cpp.so" to ""
Listing '/home/michael/ros2_ws_test/install/mps_interfaces/local/lib/python3.10/dist-packages/mps_interfaces'...
Compiling '/home/michael/ros2_ws_test/install/mps_interfaces/local/lib/python3.10/dist-packages/mps_interfaces/__init__.py'...
Listing '/home/michael/ros2_ws_test/install/mps_interfaces/local/lib/python3.10/dist-packages/mps_interfaces/msg'...
Compiling '/home/michael/ros2_ws_test/install/mps_interfaces/local/lib/python3.10/dist-packages/mps_interfaces/msg/__init__.py'...
Compiling '/home/michael/ros2_ws_test/install/mps_interfaces/local/lib/python3.10/dist-packages/mps_interfaces/msg/_path_schedule.py'...
Compiling '/home/michael/ros2_ws_test/install/mps_interfaces/local/lib/python3.10/dist-packages/mps_interfaces/msg/_path_schedule_stamped.py'...
Compiling '/home/michael/ros2_ws_test/install/mps_interfaces/local/lib/python3.10/dist-packages/mps_interfaces/msg/_schedule.py'...
Compiling '/home/michael/ros2_ws_test/install/mps_interfaces/local/lib/python3.10/dist-packages/mps_interfaces/msg/_schedule_array.py'...
Compiling '/home/michael/ros2_ws_test/install/mps_interfaces/local/lib/python3.10/dist-packages/mps_interfaces/msg/_schedule_array_stamped.py'...
Compiling '/home/michael/ros2_ws_test/install/mps_interfaces/local/lib/python3.10/dist-packages/mps_interfaces/msg/_schedule_stamped.py'...
Listing '/home/michael/ros2_ws_test/install/mps_interfaces/local/lib/python3.10/dist-packages/mps_interfaces/srv'...
Compiling '/home/michael/ros2_ws_test/install/mps_interfaces/local/lib/python3.10/dist-packages/mps_interfaces/srv/__init__.py'...
Compiling '/home/michael/ros2_ws_test/install/mps_interfaces/local/lib/python3.10/dist-packages/mps_interfaces/srv/_get_inflated_map.py'...
Compiling '/home/michael/ros2_ws_test/install/mps_interfaces/local/lib/python3.10/dist-packages/mps_interfaces/srv/_get_robot_schedule.py'...
-- Installing: /home/michael/ros2_ws_test/install/mps_interfaces/lib/libmps_interfaces__rosidl_generator_py.so
-- Set runtime path of "/home/michael/ros2_ws_test/install/mps_interfaces/lib/libmps_interfaces__rosidl_generator_py.so" to ""
-- Installing: /home/michael/ros2_ws_test/install/mps_interfaces/share/mps_interfaces/cmake/export_mps_interfaces__rosidl_generator_cExport.cmake
-- Installing: /home/michael/ros2_ws_test/install/mps_interfaces/share/mps_interfaces/cmake/export_mps_interfaces__rosidl_generator_cExport-noconfig.cmake
-- Installing: /home/michael/ros2_ws_test/install/mps_interfaces/share/mps_interfaces/cmake/export_mps_interfaces__rosidl_typesupport_fastrtps_cExport.cmake
-- Installing: /home/michael/ros2_ws_test/install/mps_interfaces/share/mps_interfaces/cmake/export_mps_interfaces__rosidl_typesupport_fastrtps_cExport-noconfig.cmake
-- Installing: /home/michael/ros2_ws_test/install/mps_interfaces/share/mps_interfaces/cmake/export_mps_interfaces__rosidl_generator_cppExport.cmake
-- Installing: /home/michael/ros2_ws_test/install/mps_interfaces/share/mps_interfaces/cmake/export_mps_interfaces__rosidl_typesupport_fastrtps_cppExport.cmake
-- Installing: /home/michael/ros2_ws_test/install/mps_interfaces/share/mps_interfaces/cmake/export_mps_interfaces__rosidl_typesupport_fastrtps_cppExport-noconfig.cmake
-- Installing: /home/michael/ros2_ws_test/install/mps_interfaces/share/mps_interfaces/cmake/mps_interfaces__rosidl_typesupport_introspection_cExport.cmake
-- Installing: /home/michael/ros2_ws_test/install/mps_interfaces/share/mps_interfaces/cmake/mps_interfaces__rosidl_typesupport_introspection_cExport-noconfig.cmake
-- Installing: /home/michael/ros2_ws_test/install/mps_interfaces/share/mps_interfaces/cmake/mps_interfaces__rosidl_typesupport_cExport.cmake
-- Installing: /home/michael/ros2_ws_test/install/mps_interfaces/share/mps_interfaces/cmake/mps_interfaces__rosidl_typesupport_cExport-noconfig.cmake
-- Installing: /home/michael/ros2_ws_test/install/mps_interfaces/share/mps_interfaces/cmake/mps_interfaces__rosidl_typesupport_introspection_cppExport.cmake
-- Installing: /home/michael/ros2_ws_test/install/mps_interfaces/share/mps_interfaces/cmake/mps_interfaces__rosidl_typesupport_introspection_cppExport-noconfig.cmake
-- Installing: /home/michael/ros2_ws_test/install/mps_interfaces/share/mps_interfaces/cmake/mps_interfaces__rosidl_typesupport_cppExport.cmake
-- Installing: /home/michael/ros2_ws_test/install/mps_interfaces/share/mps_interfaces/cmake/mps_interfaces__rosidl_typesupport_cppExport-noconfig.cmake
-- Installing: /home/michael/ros2_ws_test/install/mps_interfaces/share/mps_interfaces/cmake/export_mps_interfaces__rosidl_generator_pyExport.cmake
-- Installing: /home/michael/ros2_ws_test/install/mps_interfaces/share/mps_interfaces/cmake/export_mps_interfaces__rosidl_generator_pyExport-noconfig.cmake
