[0.005s] Invoking command in '/home/michael/ros2_ws_test/build/mps_interfaces': CMAKE_PREFIX_PATH=/home/michael/ros2_ws_test/install/map_interfaces:/home/michael/ros2_ws_test/install/zmr_interfaces:/home/michael/ros2_ws_test/install/mps_interfaces:/home/michael/ros2_ws_test/install/mmp_interfaces:/home/michael/ros2_ws_test/install/mir_description:/home/michael/ros2_ws_test/install/gazebo_worlds:/home/michael/ros2_ws_test/install/gazebo_ros_actor_pose_plugin:/home/michael/ros2_ws_test/install/zmr_pure_pursuit:/home/michael/ros2_ws_test/install/zmr_mpc:/home/michael/ros2_ws_test/install/zmr_manager:/home/michael/ros2_ws_test/install/zmr_drive_model:/home/michael/ros2_ws_test/install/zmr_description:/home/michael/ros2_ws_test/install/mps_motion_plan:/home/michael/ros2_ws_test/install/map_description:/home/michael/ros2_ws_test/install/zmr_demo:/home/michael/ros2_ws_test/install/mmp_motion_predict:/opt/ros/humble LD_LIBRARY_PATH=/home/michael/ros2_ws_test/install/map_interfaces/lib:/home/michael/ros2_ws_test/install/zmr_interfaces/lib:/home/michael/ros2_ws_test/install/mps_interfaces/lib:/home/michael/ros2_ws_test/install/gazebo_ros_actor_pose_plugin/lib:/home/michael/ros2_ws_test/install/mmp_interfaces/lib:/usr/lib/x86_64-linux-gnu/gazebo-11/plugins:/opt/ros/humble/opt/rviz_ogre_vendor/lib:/opt/ros/humble/lib/x86_64-linux-gnu:/opt/ros/humble/lib /usr/bin/cmake /home/michael/ros2_ws_test/src/DyObAv-MPCnEBM-Warehouse-ROS2/src/mps_interfaces -DAMENT_CMAKE_SYMLINK_INSTALL=1 -DCMAKE_INSTALL_PREFIX=/home/michael/ros2_ws_test/install/mps_interfaces
[0.033s] -- The C compiler identification is GNU 11.4.0
[0.060s] -- The CXX compiler identification is GNU 11.4.0
[0.063s] -- Detecting C compiler ABI info
[0.108s] -- Detecting C compiler ABI info - done
[0.112s] -- Check for working C compiler: /usr/bin/cc - skipped
[0.112s] -- Detecting C compile features
[0.115s] -- Detecting C compile features - done
[0.121s] -- Detecting CXX compiler ABI info
[0.172s] -- Detecting CXX compiler ABI info - done
[0.176s] -- Check for working CXX compiler: /usr/bin/c++ - skipped
[0.180s] -- Detecting CXX compile features
[0.180s] -- Detecting CXX compile features - done
[0.180s] -- Found ament_cmake: 1.3.13 (/opt/ros/humble/share/ament_cmake/cmake)
[0.263s] -- Found Python3: /usr/bin/python3 (found version "3.10.12") found components: Interpreter 
[0.297s] -- Override CMake install command with custom implementation using symlinks instead of copying resources
[0.310s] -- Found builtin_interfaces: 1.2.2 (/opt/ros/humble/share/builtin_interfaces/cmake)
[0.328s] -- Found rosidl_generator_c: 3.1.8 (/opt/ros/humble/share/rosidl_generator_c/cmake)
[0.328s] -- Found rosidl_adapter: 3.1.8 (/opt/ros/humble/share/rosidl_adapter/cmake)
[0.333s] -- Found rosidl_generator_cpp: 3.1.8 (/opt/ros/humble/share/rosidl_generator_cpp/cmake)
[0.337s] -- Using all available rosidl_typesupport_c: rosidl_typesupport_fastrtps_c;rosidl_typesupport_introspection_c
[0.346s] -- Using all available rosidl_typesupport_cpp: rosidl_typesupport_fastrtps_cpp;rosidl_typesupport_introspection_cpp
[0.352s] -- Found rosidl_default_generators: 1.2.0 (/opt/ros/humble/share/rosidl_default_generators/cmake)
[0.357s] -- Found std_msgs: 4.9.1 (/opt/ros/humble/share/std_msgs/cmake)
[0.363s] -- Found geometry_msgs: 4.9.1 (/opt/ros/humble/share/geometry_msgs/cmake)
[0.368s] -- Found map_interfaces: 0.0.0 (/home/michael/ros2_ws_test/install/map_interfaces/share/map_interfaces/cmake)
[0.546s] -- Found ament_cmake_ros: 0.10.0 (/opt/ros/humble/share/ament_cmake_ros/cmake)
[0.786s] -- Using all available rosidl_typesupport_c: rosidl_typesupport_fastrtps_c;rosidl_typesupport_introspection_c
[0.871s] -- Using all available rosidl_typesupport_cpp: rosidl_typesupport_fastrtps_cpp;rosidl_typesupport_introspection_cpp
[0.885s] -- Found PythonInterp: /usr/bin/python3 (found suitable version "3.10.12", minimum required is "3.6") 
[0.886s] -- Found python_cmake_module: 0.10.0 (/opt/ros/humble/share/python_cmake_module/cmake)
[0.901s] -- Found PythonLibs: /usr/lib/x86_64-linux-gnu/libpython3.10.so (found suitable version "3.10.12", minimum required is "3.5") 
[0.901s] -- Using PYTHON_EXECUTABLE: /usr/bin/python3
[0.901s] -- Using PYTHON_INCLUDE_DIRS: /usr/include/python3.10
[0.901s] -- Using PYTHON_LIBRARIES: /usr/lib/x86_64-linux-gnu/libpython3.10.so
[0.917s] -- Found PythonExtra: .so  
[0.952s] -- Found ament_lint_auto: 0.12.15 (/opt/ros/humble/share/ament_lint_auto/cmake)
[0.970s] -- Added test 'lint_cmake' to check CMake code style
[0.970s] -- Added test 'xmllint' to check XML markup files
[0.973s] -- Configuring done
[0.992s] -- Generating done
[0.995s] -- Build files have been written to: /home/michael/ros2_ws_test/build/mps_interfaces
[1.000s] Invoked command in '/home/michael/ros2_ws_test/build/mps_interfaces' returned '0': CMAKE_PREFIX_PATH=/home/michael/ros2_ws_test/install/map_interfaces:/home/michael/ros2_ws_test/install/zmr_interfaces:/home/michael/ros2_ws_test/install/mps_interfaces:/home/michael/ros2_ws_test/install/mmp_interfaces:/home/michael/ros2_ws_test/install/mir_description:/home/michael/ros2_ws_test/install/gazebo_worlds:/home/michael/ros2_ws_test/install/gazebo_ros_actor_pose_plugin:/home/michael/ros2_ws_test/install/zmr_pure_pursuit:/home/michael/ros2_ws_test/install/zmr_mpc:/home/michael/ros2_ws_test/install/zmr_manager:/home/michael/ros2_ws_test/install/zmr_drive_model:/home/michael/ros2_ws_test/install/zmr_description:/home/michael/ros2_ws_test/install/mps_motion_plan:/home/michael/ros2_ws_test/install/map_description:/home/michael/ros2_ws_test/install/zmr_demo:/home/michael/ros2_ws_test/install/mmp_motion_predict:/opt/ros/humble LD_LIBRARY_PATH=/home/michael/ros2_ws_test/install/map_interfaces/lib:/home/michael/ros2_ws_test/install/zmr_interfaces/lib:/home/michael/ros2_ws_test/install/mps_interfaces/lib:/home/michael/ros2_ws_test/install/gazebo_ros_actor_pose_plugin/lib:/home/michael/ros2_ws_test/install/mmp_interfaces/lib:/usr/lib/x86_64-linux-gnu/gazebo-11/plugins:/opt/ros/humble/opt/rviz_ogre_vendor/lib:/opt/ros/humble/lib/x86_64-linux-gnu:/opt/ros/humble/lib /usr/bin/cmake /home/michael/ros2_ws_test/src/DyObAv-MPCnEBM-Warehouse-ROS2/src/mps_interfaces -DAMENT_CMAKE_SYMLINK_INSTALL=1 -DCMAKE_INSTALL_PREFIX=/home/michael/ros2_ws_test/install/mps_interfaces
[1.001s] Invoking command in '/home/michael/ros2_ws_test/build/mps_interfaces': CMAKE_PREFIX_PATH=/home/michael/ros2_ws_test/install/map_interfaces:/home/michael/ros2_ws_test/install/zmr_interfaces:/home/michael/ros2_ws_test/install/mps_interfaces:/home/michael/ros2_ws_test/install/mmp_interfaces:/home/michael/ros2_ws_test/install/mir_description:/home/michael/ros2_ws_test/install/gazebo_worlds:/home/michael/ros2_ws_test/install/gazebo_ros_actor_pose_plugin:/home/michael/ros2_ws_test/install/zmr_pure_pursuit:/home/michael/ros2_ws_test/install/zmr_mpc:/home/michael/ros2_ws_test/install/zmr_manager:/home/michael/ros2_ws_test/install/zmr_drive_model:/home/michael/ros2_ws_test/install/zmr_description:/home/michael/ros2_ws_test/install/mps_motion_plan:/home/michael/ros2_ws_test/install/map_description:/home/michael/ros2_ws_test/install/zmr_demo:/home/michael/ros2_ws_test/install/mmp_motion_predict:/opt/ros/humble LD_LIBRARY_PATH=/home/michael/ros2_ws_test/install/map_interfaces/lib:/home/michael/ros2_ws_test/install/zmr_interfaces/lib:/home/michael/ros2_ws_test/install/mps_interfaces/lib:/home/michael/ros2_ws_test/install/gazebo_ros_actor_pose_plugin/lib:/home/michael/ros2_ws_test/install/mmp_interfaces/lib:/usr/lib/x86_64-linux-gnu/gazebo-11/plugins:/opt/ros/humble/opt/rviz_ogre_vendor/lib:/opt/ros/humble/lib/x86_64-linux-gnu:/opt/ros/humble/lib /usr/bin/cmake --build /home/michael/ros2_ws_test/build/mps_interfaces -- -j24 -l24
[1.027s] [  1%] [34m[1mGenerating C code for ROS interfaces[0m
[1.034s] [  2%] [34m[1mGenerating C++ code for ROS interfaces[0m
[1.036s] [  2%] Built target ament_cmake_python_symlink_mps_interfaces
[1.143s] running egg_info
[1.143s] creating mps_interfaces.egg-info
[1.143s] writing mps_interfaces.egg-info/PKG-INFO
[1.144s] writing dependency_links to mps_interfaces.egg-info/dependency_links.txt
[1.144s] writing top-level names to mps_interfaces.egg-info/top_level.txt
[1.144s] writing manifest file 'mps_interfaces.egg-info/SOURCES.txt'
[1.144s] reading manifest file 'mps_interfaces.egg-info/SOURCES.txt'
[1.145s] writing manifest file 'mps_interfaces.egg-info/SOURCES.txt'
[1.157s] [  2%] Built target ament_cmake_python_build_mps_interfaces_egg
[1.326s] [  2%] Built target mps_interfaces__cpp
[1.331s] [  3%] [34m[1mGenerating C++ type support for eProsima Fast-RTPS[0m
[1.331s] [  4%] [34m[1mGenerating C++ type support dispatch for ROS interfaces[0m
[1.332s] [  5%] [34m[1mGenerating C++ introspection for ROS interfaces[0m
[1.338s] [  6%] [32mBuilding C object CMakeFiles/mps_interfaces__rosidl_generator_c.dir/rosidl_generator_c/mps_interfaces/msg/detail/schedule__functions.c.o[0m
[1.338s] [  9%] [32mBuilding C object CMakeFiles/mps_interfaces__rosidl_generator_c.dir/rosidl_generator_c/mps_interfaces/msg/detail/path_schedule__functions.c.o[0m
[1.338s] [  9%] [32mBuilding C object CMakeFiles/mps_interfaces__rosidl_generator_c.dir/rosidl_generator_c/mps_interfaces/msg/detail/schedule_array__functions.c.o[0m
[1.338s] [ 10%] [32mBuilding C object CMakeFiles/mps_interfaces__rosidl_generator_c.dir/rosidl_generator_c/mps_interfaces/msg/detail/schedule_stamped__functions.c.o[0m
[1.340s] [ 11%] [32mBuilding C object CMakeFiles/mps_interfaces__rosidl_generator_c.dir/rosidl_generator_c/mps_interfaces/msg/detail/path_schedule_stamped__functions.c.o[0m
[1.340s] [ 12%] [32mBuilding C object CMakeFiles/mps_interfaces__rosidl_generator_c.dir/rosidl_generator_c/mps_interfaces/msg/detail/schedule_array_stamped__functions.c.o[0m
[1.340s] [ 13%] [32mBuilding C object CMakeFiles/mps_interfaces__rosidl_generator_c.dir/rosidl_generator_c/mps_interfaces/srv/detail/get_robot_schedule__functions.c.o[0m
[1.340s] [ 14%] [32mBuilding C object CMakeFiles/mps_interfaces__rosidl_generator_c.dir/rosidl_generator_c/mps_interfaces/srv/detail/get_inflated_map__functions.c.o[0m
[1.371s] [ 16%] [32m[1mLinking C shared library libmps_interfaces__rosidl_generator_c.so[0m
[1.389s] [ 16%] Built target mps_interfaces__rosidl_generator_c
[1.395s] [ 19%] [34m[1mGenerating C introspection for ROS interfaces[0m
[1.395s] [ 19%] [34m[1mGenerating C type support for eProsima Fast-RTPS[0m
[1.395s] [ 19%] [34m[1mGenerating C type support dispatch for ROS interfaces[0m
[1.530s] [ 20%] [32mBuilding CXX object CMakeFiles/mps_interfaces__rosidl_typesupport_cpp.dir/rosidl_typesupport_cpp/mps_interfaces/msg/schedule_array_stamped__type_support.cpp.o[0m
[1.531s] [ 21%] [32mBuilding CXX object CMakeFiles/mps_interfaces__rosidl_typesupport_cpp.dir/rosidl_typesupport_cpp/mps_interfaces/msg/schedule__type_support.cpp.o[0m
[1.531s] [ 22%] [32mBuilding CXX object CMakeFiles/mps_interfaces__rosidl_typesupport_cpp.dir/rosidl_typesupport_cpp/mps_interfaces/msg/schedule_stamped__type_support.cpp.o[0m
[1.531s] [ 24%] [32mBuilding CXX object CMakeFiles/mps_interfaces__rosidl_typesupport_cpp.dir/rosidl_typesupport_cpp/mps_interfaces/msg/path_schedule_stamped__type_support.cpp.o[0m
[1.531s] [ 25%] [32mBuilding CXX object CMakeFiles/mps_interfaces__rosidl_typesupport_cpp.dir/rosidl_typesupport_cpp/mps_interfaces/msg/path_schedule__type_support.cpp.o[0m
[1.532s] [ 26%] [32mBuilding CXX object CMakeFiles/mps_interfaces__rosidl_typesupport_cpp.dir/rosidl_typesupport_cpp/mps_interfaces/msg/schedule_array__type_support.cpp.o[0m
[1.532s] [ 27%] [32mBuilding CXX object CMakeFiles/mps_interfaces__rosidl_typesupport_cpp.dir/rosidl_typesupport_cpp/mps_interfaces/srv/get_robot_schedule__type_support.cpp.o[0m
[1.532s] [ 28%] [32mBuilding CXX object CMakeFiles/mps_interfaces__rosidl_typesupport_cpp.dir/rosidl_typesupport_cpp/mps_interfaces/srv/get_inflated_map__type_support.cpp.o[0m
[1.599s] [ 29%] [32mBuilding CXX object CMakeFiles/mps_interfaces__rosidl_typesupport_introspection_cpp.dir/rosidl_typesupport_introspection_cpp/mps_interfaces/msg/detail/schedule_stamped__type_support.cpp.o[0m
[1.599s] [ 31%] [32mBuilding CXX object CMakeFiles/mps_interfaces__rosidl_typesupport_introspection_cpp.dir/rosidl_typesupport_introspection_cpp/mps_interfaces/msg/detail/schedule__type_support.cpp.o[0m
[1.599s] [ 32%] [32mBuilding CXX object CMakeFiles/mps_interfaces__rosidl_typesupport_introspection_cpp.dir/rosidl_typesupport_introspection_cpp/mps_interfaces/msg/detail/schedule_array__type_support.cpp.o[0m
[1.599s] [ 33%] [32mBuilding CXX object CMakeFiles/mps_interfaces__rosidl_typesupport_fastrtps_cpp.dir/rosidl_typesupport_fastrtps_cpp/mps_interfaces/msg/detail/dds_fastrtps/schedule_array__type_support.cpp.o[0m
[1.599s] [ 35%] [32mBuilding CXX object CMakeFiles/mps_interfaces__rosidl_typesupport_introspection_cpp.dir/rosidl_typesupport_introspection_cpp/mps_interfaces/msg/detail/path_schedule__type_support.cpp.o[0m
[1.599s] [ 35%] [32mBuilding CXX object CMakeFiles/mps_interfaces__rosidl_typesupport_fastrtps_cpp.dir/rosidl_typesupport_fastrtps_cpp/mps_interfaces/msg/detail/dds_fastrtps/schedule_stamped__type_support.cpp.o[0m
[1.599s] [ 36%] [32mBuilding CXX object CMakeFiles/mps_interfaces__rosidl_typesupport_introspection_cpp.dir/rosidl_typesupport_introspection_cpp/mps_interfaces/msg/detail/schedule_array_stamped__type_support.cpp.o[0m
[1.600s] [ 40%] [32mBuilding CXX object CMakeFiles/mps_interfaces__rosidl_typesupport_fastrtps_cpp.dir/rosidl_typesupport_fastrtps_cpp/mps_interfaces/msg/detail/dds_fastrtps/schedule_array_stamped__type_support.cpp.o[0m
[1.600s] [ 39%] [32mBuilding CXX object CMakeFiles/mps_interfaces__rosidl_typesupport_introspection_cpp.dir/rosidl_typesupport_introspection_cpp/mps_interfaces/msg/detail/path_schedule_stamped__type_support.cpp.o[0m
[1.600s] [ 39%] [32mBuilding CXX object CMakeFiles/mps_interfaces__rosidl_typesupport_fastrtps_cpp.dir/rosidl_typesupport_fastrtps_cpp/mps_interfaces/msg/detail/dds_fastrtps/schedule__type_support.cpp.o[0m
[1.600s] [ 41%] [32mBuilding CXX object CMakeFiles/mps_interfaces__rosidl_typesupport_fastrtps_cpp.dir/rosidl_typesupport_fastrtps_cpp/mps_interfaces/msg/detail/dds_fastrtps/path_schedule_stamped__type_support.cpp.o[0m
[1.602s] [ 42%] [32mBuilding CXX object CMakeFiles/mps_interfaces__rosidl_typesupport_introspection_cpp.dir/rosidl_typesupport_introspection_cpp/mps_interfaces/srv/detail/get_robot_schedule__type_support.cpp.o[0m
[1.605s] [ 43%] [32mBuilding CXX object CMakeFiles/mps_interfaces__rosidl_typesupport_c.dir/rosidl_typesupport_c/mps_interfaces/msg/schedule__type_support.cpp.o[0m
[1.606s] [ 44%] [32mBuilding CXX object CMakeFiles/mps_interfaces__rosidl_typesupport_fastrtps_cpp.dir/rosidl_typesupport_fastrtps_cpp/mps_interfaces/msg/detail/dds_fastrtps/path_schedule__type_support.cpp.o[0m
[1.623s] [ 45%] [32mBuilding CXX object CMakeFiles/mps_interfaces__rosidl_typesupport_c.dir/rosidl_typesupport_c/mps_interfaces/msg/schedule_array__type_support.cpp.o[0m
[1.641s] [ 47%] [32mBuilding CXX object CMakeFiles/mps_interfaces__rosidl_typesupport_c.dir/rosidl_typesupport_c/mps_interfaces/msg/schedule_stamped__type_support.cpp.o[0m
[1.647s] [ 49%] [32mBuilding CXX object CMakeFiles/mps_interfaces__rosidl_typesupport_fastrtps_cpp.dir/rosidl_typesupport_fastrtps_cpp/mps_interfaces/srv/detail/dds_fastrtps/get_inflated_map__type_support.cpp.o[0m
[1.649s] [ 48%] [32mBuilding CXX object CMakeFiles/mps_interfaces__rosidl_typesupport_fastrtps_cpp.dir/rosidl_typesupport_fastrtps_cpp/mps_interfaces/srv/detail/dds_fastrtps/get_robot_schedule__type_support.cpp.o[0m
[1.676s] [ 50%] [32mBuilding CXX object CMakeFiles/mps_interfaces__rosidl_typesupport_c.dir/rosidl_typesupport_c/mps_interfaces/msg/schedule_array_stamped__type_support.cpp.o[0m
[1.682s] [ 51%] [32mBuilding CXX object CMakeFiles/mps_interfaces__rosidl_typesupport_c.dir/rosidl_typesupport_c/mps_interfaces/msg/path_schedule_stamped__type_support.cpp.o[0m
[1.682s] [ 52%] [32mBuilding CXX object CMakeFiles/mps_interfaces__rosidl_typesupport_c.dir/rosidl_typesupport_c/mps_interfaces/msg/path_schedule__type_support.cpp.o[0m
[1.688s] [ 54%] [32mBuilding CXX object CMakeFiles/mps_interfaces__rosidl_typesupport_c.dir/rosidl_typesupport_c/mps_interfaces/srv/get_inflated_map__type_support.cpp.o[0m
[1.690s] [ 55%] [32mBuilding CXX object CMakeFiles/mps_interfaces__rosidl_typesupport_c.dir/rosidl_typesupport_c/mps_interfaces/srv/get_robot_schedule__type_support.cpp.o[0m
[1.692s] [ 56%] [32mBuilding CXX object CMakeFiles/mps_interfaces__rosidl_typesupport_introspection_cpp.dir/rosidl_typesupport_introspection_cpp/mps_interfaces/srv/detail/get_inflated_map__type_support.cpp.o[0m
[1.694s] [ 57%] [32m[1mLinking CXX shared library libmps_interfaces__rosidl_typesupport_cpp.so[0m
[1.716s] [ 58%] [32mBuilding CXX object CMakeFiles/mps_interfaces__rosidl_typesupport_fastrtps_c.dir/rosidl_typesupport_fastrtps_c/mps_interfaces/msg/detail/schedule__type_support_c.cpp.o[0m
[1.718s] [ 59%] [32mBuilding CXX object CMakeFiles/mps_interfaces__rosidl_typesupport_fastrtps_c.dir/rosidl_typesupport_fastrtps_c/mps_interfaces/msg/detail/schedule_array_stamped__type_support_c.cpp.o[0m
[1.719s] [ 60%] [32mBuilding CXX object CMakeFiles/mps_interfaces__rosidl_typesupport_fastrtps_c.dir/rosidl_typesupport_fastrtps_c/mps_interfaces/msg/detail/schedule_stamped__type_support_c.cpp.o[0m
[1.719s] [ 62%] [32mBuilding CXX object CMakeFiles/mps_interfaces__rosidl_typesupport_fastrtps_c.dir/rosidl_typesupport_fastrtps_c/mps_interfaces/msg/detail/schedule_array__type_support_c.cpp.o[0m
[1.723s] [ 62%] Built target mps_interfaces__rosidl_typesupport_cpp
[1.726s] [ 63%] [32mBuilding CXX object CMakeFiles/mps_interfaces__rosidl_typesupport_fastrtps_c.dir/rosidl_typesupport_fastrtps_c/mps_interfaces/msg/detail/path_schedule__type_support_c.cpp.o[0m
[1.728s] [ 64%] [32mBuilding C object CMakeFiles/mps_interfaces__rosidl_typesupport_introspection_c.dir/rosidl_typesupport_introspection_c/mps_interfaces/msg/detail/schedule__type_support.c.o[0m
[1.728s] [ 65%] [32mBuilding C object CMakeFiles/mps_interfaces__rosidl_typesupport_introspection_c.dir/rosidl_typesupport_introspection_c/mps_interfaces/msg/detail/schedule_array__type_support.c.o[0m
[1.731s] [ 66%] [32m[1mLinking CXX shared library libmps_interfaces__rosidl_typesupport_c.so[0m
[1.769s] [ 67%] [32mBuilding C object CMakeFiles/mps_interfaces__rosidl_typesupport_introspection_c.dir/rosidl_typesupport_introspection_c/mps_interfaces/msg/detail/schedule_stamped__type_support.c.o[0m
[1.773s] [ 68%] [32mBuilding C object CMakeFiles/mps_interfaces__rosidl_typesupport_introspection_c.dir/rosidl_typesupport_introspection_c/mps_interfaces/msg/detail/schedule_array_stamped__type_support.c.o[0m
[1.787s] [ 70%] [32mBuilding C object CMakeFiles/mps_interfaces__rosidl_typesupport_introspection_c.dir/rosidl_typesupport_introspection_c/mps_interfaces/msg/detail/path_schedule__type_support.c.o[0m
[1.794s] [ 71%] [32mBuilding C object CMakeFiles/mps_interfaces__rosidl_typesupport_introspection_c.dir/rosidl_typesupport_introspection_c/mps_interfaces/msg/detail/path_schedule_stamped__type_support.c.o[0m
[1.802s] [ 72%] [32mBuilding C object CMakeFiles/mps_interfaces__rosidl_typesupport_introspection_c.dir/rosidl_typesupport_introspection_c/mps_interfaces/srv/detail/get_robot_schedule__type_support.c.o[0m
[1.803s] [ 72%] Built target mps_interfaces__rosidl_typesupport_c
[1.807s] [ 74%] [32mBuilding CXX object CMakeFiles/mps_interfaces__rosidl_typesupport_fastrtps_c.dir/rosidl_typesupport_fastrtps_c/mps_interfaces/msg/detail/path_schedule_stamped__type_support_c.cpp.o[0m
[1.807s] [ 74%] [32mBuilding CXX object CMakeFiles/mps_interfaces__rosidl_typesupport_fastrtps_c.dir/rosidl_typesupport_fastrtps_c/mps_interfaces/srv/detail/get_robot_schedule__type_support_c.cpp.o[0m
[1.807s] [ 75%] [32mBuilding C object CMakeFiles/mps_interfaces__rosidl_typesupport_introspection_c.dir/rosidl_typesupport_introspection_c/mps_interfaces/srv/detail/get_inflated_map__type_support.c.o[0m
[1.811s] [ 77%] [32mBuilding CXX object CMakeFiles/mps_interfaces__rosidl_typesupport_fastrtps_c.dir/rosidl_typesupport_fastrtps_c/mps_interfaces/srv/detail/get_inflated_map__type_support_c.cpp.o[0m
[1.834s] [ 78%] [32m[1mLinking C shared library libmps_interfaces__rosidl_typesupport_introspection_c.so[0m
[1.868s] [ 78%] Built target mps_interfaces__rosidl_typesupport_introspection_c
[1.908s] [ 79%] [32m[1mLinking CXX shared library libmps_interfaces__rosidl_typesupport_fastrtps_cpp.so[0m
[1.936s] [ 80%] [32m[1mLinking CXX shared library libmps_interfaces__rosidl_typesupport_introspection_cpp.so[0m
[1.953s] [ 80%] Built target mps_interfaces__rosidl_typesupport_fastrtps_cpp
[1.979s] [ 81%] [32m[1mLinking CXX shared library libmps_interfaces__rosidl_typesupport_fastrtps_c.so[0m
[1.979s] [ 81%] Built target mps_interfaces__rosidl_typesupport_introspection_cpp
[2.020s] [ 81%] Built target mps_interfaces__rosidl_typesupport_fastrtps_c
[2.031s] [ 81%] Built target mps_interfaces
[2.040s] [ 82%] [34m[1mGenerating Python code for ROS interfaces[0m
[2.504s] [ 82%] Built target mps_interfaces__py
[2.515s] [ 86%] [32mBuilding C object CMakeFiles/mps_interfaces__rosidl_generator_py.dir/rosidl_generator_py/mps_interfaces/msg/_schedule_array_s.c.o[0m
[2.515s] [ 86%] [32mBuilding C object CMakeFiles/mps_interfaces__rosidl_generator_py.dir/rosidl_generator_py/mps_interfaces/msg/_schedule_s.c.o[0m
[2.516s] [ 87%] [32mBuilding C object CMakeFiles/mps_interfaces__rosidl_generator_py.dir/rosidl_generator_py/mps_interfaces/msg/_path_schedule_stamped_s.c.o[0m
[2.516s] [ 86%] [32mBuilding C object CMakeFiles/mps_interfaces__rosidl_generator_py.dir/rosidl_generator_py/mps_interfaces/msg/_schedule_stamped_s.c.o[0m
[2.516s] [ 88%] [32mBuilding C object CMakeFiles/mps_interfaces__rosidl_generator_py.dir/rosidl_generator_py/mps_interfaces/msg/_schedule_array_stamped_s.c.o[0m
[2.519s] [ 89%] [32mBuilding C object CMakeFiles/mps_interfaces__rosidl_generator_py.dir/rosidl_generator_py/mps_interfaces/srv/_get_robot_schedule_s.c.o[0m
[2.519s] [ 91%] [32mBuilding C object CMakeFiles/mps_interfaces__rosidl_generator_py.dir/rosidl_generator_py/mps_interfaces/srv/_get_inflated_map_s.c.o[0m
[2.519s] [ 91%] [32mBuilding C object CMakeFiles/mps_interfaces__rosidl_generator_py.dir/rosidl_generator_py/mps_interfaces/msg/_path_schedule_s.c.o[0m
[2.571s] [ 93%] [32m[1mLinking C shared library rosidl_generator_py/mps_interfaces/libmps_interfaces__rosidl_generator_py.so[0m
[2.598s] [ 93%] Built target mps_interfaces__rosidl_generator_py
[2.608s] [ 94%] [32mBuilding C object CMakeFiles/mps_interfaces__rosidl_typesupport_fastrtps_c__pyext.dir/rosidl_generator_py/mps_interfaces/_mps_interfaces_s.ep.rosidl_typesupport_fastrtps_c.c.o[0m
[2.608s] [ 95%] [32mBuilding C object CMakeFiles/mps_interfaces__rosidl_typesupport_introspection_c__pyext.dir/rosidl_generator_py/mps_interfaces/_mps_interfaces_s.ep.rosidl_typesupport_introspection_c.c.o[0m
[2.608s] [ 96%] [32mBuilding C object CMakeFiles/mps_interfaces__rosidl_typesupport_c__pyext.dir/rosidl_generator_py/mps_interfaces/_mps_interfaces_s.ep.rosidl_typesupport_c.c.o[0m
[2.662s] [ 97%] [32m[1mLinking C shared library rosidl_generator_py/mps_interfaces/mps_interfaces_s__rosidl_typesupport_introspection_c.cpython-310-x86_64-linux-gnu.so[0m
[2.662s] [ 98%] [32m[1mLinking C shared library rosidl_generator_py/mps_interfaces/mps_interfaces_s__rosidl_typesupport_c.cpython-310-x86_64-linux-gnu.so[0m
[2.663s] [100%] [32m[1mLinking C shared library rosidl_generator_py/mps_interfaces/mps_interfaces_s__rosidl_typesupport_fastrtps_c.cpython-310-x86_64-linux-gnu.so[0m
[2.682s] [100%] Built target mps_interfaces__rosidl_typesupport_fastrtps_c__pyext
[2.682s] [100%] Built target mps_interfaces__rosidl_typesupport_introspection_c__pyext
[2.683s] [100%] Built target mps_interfaces__rosidl_typesupport_c__pyext
[2.691s] Invoked command in '/home/michael/ros2_ws_test/build/mps_interfaces' returned '0': CMAKE_PREFIX_PATH=/home/michael/ros2_ws_test/install/map_interfaces:/home/michael/ros2_ws_test/install/zmr_interfaces:/home/michael/ros2_ws_test/install/mps_interfaces:/home/michael/ros2_ws_test/install/mmp_interfaces:/home/michael/ros2_ws_test/install/mir_description:/home/michael/ros2_ws_test/install/gazebo_worlds:/home/michael/ros2_ws_test/install/gazebo_ros_actor_pose_plugin:/home/michael/ros2_ws_test/install/zmr_pure_pursuit:/home/michael/ros2_ws_test/install/zmr_mpc:/home/michael/ros2_ws_test/install/zmr_manager:/home/michael/ros2_ws_test/install/zmr_drive_model:/home/michael/ros2_ws_test/install/zmr_description:/home/michael/ros2_ws_test/install/mps_motion_plan:/home/michael/ros2_ws_test/install/map_description:/home/michael/ros2_ws_test/install/zmr_demo:/home/michael/ros2_ws_test/install/mmp_motion_predict:/opt/ros/humble LD_LIBRARY_PATH=/home/michael/ros2_ws_test/install/map_interfaces/lib:/home/michael/ros2_ws_test/install/zmr_interfaces/lib:/home/michael/ros2_ws_test/install/mps_interfaces/lib:/home/michael/ros2_ws_test/install/gazebo_ros_actor_pose_plugin/lib:/home/michael/ros2_ws_test/install/mmp_interfaces/lib:/usr/lib/x86_64-linux-gnu/gazebo-11/plugins:/opt/ros/humble/opt/rviz_ogre_vendor/lib:/opt/ros/humble/lib/x86_64-linux-gnu:/opt/ros/humble/lib /usr/bin/cmake --build /home/michael/ros2_ws_test/build/mps_interfaces -- -j24 -l24
[2.694s] Invoking command in '/home/michael/ros2_ws_test/build/mps_interfaces': CMAKE_PREFIX_PATH=/home/michael/ros2_ws_test/install/map_interfaces:/home/michael/ros2_ws_test/install/zmr_interfaces:/home/michael/ros2_ws_test/install/mps_interfaces:/home/michael/ros2_ws_test/install/mmp_interfaces:/home/michael/ros2_ws_test/install/mir_description:/home/michael/ros2_ws_test/install/gazebo_worlds:/home/michael/ros2_ws_test/install/gazebo_ros_actor_pose_plugin:/home/michael/ros2_ws_test/install/zmr_pure_pursuit:/home/michael/ros2_ws_test/install/zmr_mpc:/home/michael/ros2_ws_test/install/zmr_manager:/home/michael/ros2_ws_test/install/zmr_drive_model:/home/michael/ros2_ws_test/install/zmr_description:/home/michael/ros2_ws_test/install/mps_motion_plan:/home/michael/ros2_ws_test/install/map_description:/home/michael/ros2_ws_test/install/zmr_demo:/home/michael/ros2_ws_test/install/mmp_motion_predict:/opt/ros/humble LD_LIBRARY_PATH=/home/michael/ros2_ws_test/install/map_interfaces/lib:/home/michael/ros2_ws_test/install/zmr_interfaces/lib:/home/michael/ros2_ws_test/install/mps_interfaces/lib:/home/michael/ros2_ws_test/install/gazebo_ros_actor_pose_plugin/lib:/home/michael/ros2_ws_test/install/mmp_interfaces/lib:/usr/lib/x86_64-linux-gnu/gazebo-11/plugins:/opt/ros/humble/opt/rviz_ogre_vendor/lib:/opt/ros/humble/lib/x86_64-linux-gnu:/opt/ros/humble/lib /usr/bin/cmake --install /home/michael/ros2_ws_test/build/mps_interfaces
[2.696s] -- Install configuration: ""
[2.696s] -- Execute custom install script
[2.696s] -- Symlinking: /home/michael/ros2_ws_test/install/mps_interfaces/share/ament_index/resource_index/rosidl_interfaces/mps_interfaces
[2.700s] -- Symlinking: /home/michael/ros2_ws_test/install/mps_interfaces/include/mps_interfaces/mps_interfaces/msg/detail/path_schedule__functions.h
[2.707s] -- Symlinking: /home/michael/ros2_ws_test/install/mps_interfaces/include/mps_interfaces/mps_interfaces/msg/detail/path_schedule__struct.h
[2.711s] -- Symlinking: /home/michael/ros2_ws_test/install/mps_interfaces/include/mps_interfaces/mps_interfaces/msg/detail/path_schedule__type_support.h
[2.715s] -- Symlinking: /home/michael/ros2_ws_test/install/mps_interfaces/include/mps_interfaces/mps_interfaces/msg/detail/path_schedule_stamped__functions.h
[2.718s] -- Symlinking: /home/michael/ros2_ws_test/install/mps_interfaces/include/mps_interfaces/mps_interfaces/msg/detail/path_schedule_stamped__struct.h
[2.719s] -- Symlinking: /home/michael/ros2_ws_test/install/mps_interfaces/include/mps_interfaces/mps_interfaces/msg/detail/path_schedule_stamped__type_support.h
[2.724s] -- Symlinking: /home/michael/ros2_ws_test/install/mps_interfaces/include/mps_interfaces/mps_interfaces/msg/detail/schedule__functions.h
[2.727s] -- Symlinking: /home/michael/ros2_ws_test/install/mps_interfaces/include/mps_interfaces/mps_interfaces/msg/detail/schedule__struct.h
[2.731s] -- Symlinking: /home/michael/ros2_ws_test/install/mps_interfaces/include/mps_interfaces/mps_interfaces/msg/detail/schedule__type_support.h
[2.735s] -- Symlinking: /home/michael/ros2_ws_test/install/mps_interfaces/include/mps_interfaces/mps_interfaces/msg/detail/schedule_array__functions.h
[2.742s] -- Symlinking: /home/michael/ros2_ws_test/install/mps_interfaces/include/mps_interfaces/mps_interfaces/msg/detail/schedule_array__struct.h
[2.746s] -- Symlinking: /home/michael/ros2_ws_test/install/mps_interfaces/include/mps_interfaces/mps_interfaces/msg/detail/schedule_array__type_support.h
[2.750s] -- Symlinking: /home/michael/ros2_ws_test/install/mps_interfaces/include/mps_interfaces/mps_interfaces/msg/detail/schedule_array_stamped__functions.h
[2.753s] -- Symlinking: /home/michael/ros2_ws_test/install/mps_interfaces/include/mps_interfaces/mps_interfaces/msg/detail/schedule_array_stamped__struct.h
[2.757s] -- Symlinking: /home/michael/ros2_ws_test/install/mps_interfaces/include/mps_interfaces/mps_interfaces/msg/detail/schedule_array_stamped__type_support.h
[2.761s] -- Symlinking: /home/michael/ros2_ws_test/install/mps_interfaces/include/mps_interfaces/mps_interfaces/msg/detail/schedule_stamped__functions.h
[2.764s] -- Symlinking: /home/michael/ros2_ws_test/install/mps_interfaces/include/mps_interfaces/mps_interfaces/msg/detail/schedule_stamped__struct.h
[2.769s] -- Symlinking: /home/michael/ros2_ws_test/install/mps_interfaces/include/mps_interfaces/mps_interfaces/msg/detail/schedule_stamped__type_support.h
[2.773s] -- Symlinking: /home/michael/ros2_ws_test/install/mps_interfaces/include/mps_interfaces/mps_interfaces/msg/path_schedule.h
[2.776s] -- Symlinking: /home/michael/ros2_ws_test/install/mps_interfaces/include/mps_interfaces/mps_interfaces/msg/path_schedule_stamped.h
[2.779s] -- Symlinking: /home/michael/ros2_ws_test/install/mps_interfaces/include/mps_interfaces/mps_interfaces/msg/rosidl_generator_c__visibility_control.h
[2.784s] -- Symlinking: /home/michael/ros2_ws_test/install/mps_interfaces/include/mps_interfaces/mps_interfaces/msg/schedule.h
[2.787s] -- Symlinking: /home/michael/ros2_ws_test/install/mps_interfaces/include/mps_interfaces/mps_interfaces/msg/schedule_array.h
[2.791s] -- Symlinking: /home/michael/ros2_ws_test/install/mps_interfaces/include/mps_interfaces/mps_interfaces/msg/schedule_array_stamped.h
[2.795s] -- Symlinking: /home/michael/ros2_ws_test/install/mps_interfaces/include/mps_interfaces/mps_interfaces/msg/schedule_stamped.h
[2.799s] -- Symlinking: /home/michael/ros2_ws_test/install/mps_interfaces/include/mps_interfaces/mps_interfaces/srv/detail/get_inflated_map__functions.h
[2.802s] -- Symlinking: /home/michael/ros2_ws_test/install/mps_interfaces/include/mps_interfaces/mps_interfaces/srv/detail/get_inflated_map__struct.h
[2.806s] -- Symlinking: /home/michael/ros2_ws_test/install/mps_interfaces/include/mps_interfaces/mps_interfaces/srv/detail/get_inflated_map__type_support.h
[2.810s] -- Symlinking: /home/michael/ros2_ws_test/install/mps_interfaces/include/mps_interfaces/mps_interfaces/srv/detail/get_robot_schedule__functions.h
[2.813s] -- Symlinking: /home/michael/ros2_ws_test/install/mps_interfaces/include/mps_interfaces/mps_interfaces/srv/detail/get_robot_schedule__struct.h
[2.817s] -- Symlinking: /home/michael/ros2_ws_test/install/mps_interfaces/include/mps_interfaces/mps_interfaces/srv/detail/get_robot_schedule__type_support.h
[2.820s] -- Symlinking: /home/michael/ros2_ws_test/install/mps_interfaces/include/mps_interfaces/mps_interfaces/srv/get_inflated_map.h
[2.824s] -- Symlinking: /home/michael/ros2_ws_test/install/mps_interfaces/include/mps_interfaces/mps_interfaces/srv/get_robot_schedule.h
[2.827s] -- Symlinking: /home/michael/ros2_ws_test/install/mps_interfaces/share/mps_interfaces/environment/library_path.sh
[2.831s] -- Symlinking: /home/michael/ros2_ws_test/install/mps_interfaces/share/mps_interfaces/environment/library_path.dsv
[2.837s] -- Symlinking: /home/michael/ros2_ws_test/install/mps_interfaces/include/mps_interfaces/mps_interfaces/msg/detail/path_schedule__rosidl_typesupport_fastrtps_c.h
[2.840s] -- Symlinking: /home/michael/ros2_ws_test/install/mps_interfaces/include/mps_interfaces/mps_interfaces/msg/detail/path_schedule_stamped__rosidl_typesupport_fastrtps_c.h
[2.844s] -- Symlinking: /home/michael/ros2_ws_test/install/mps_interfaces/include/mps_interfaces/mps_interfaces/msg/detail/schedule__rosidl_typesupport_fastrtps_c.h
[2.847s] -- Symlinking: /home/michael/ros2_ws_test/install/mps_interfaces/include/mps_interfaces/mps_interfaces/msg/detail/schedule_array__rosidl_typesupport_fastrtps_c.h
[2.851s] -- Symlinking: /home/michael/ros2_ws_test/install/mps_interfaces/include/mps_interfaces/mps_interfaces/msg/detail/schedule_array_stamped__rosidl_typesupport_fastrtps_c.h
[2.856s] -- Symlinking: /home/michael/ros2_ws_test/install/mps_interfaces/include/mps_interfaces/mps_interfaces/msg/detail/schedule_stamped__rosidl_typesupport_fastrtps_c.h
[2.858s] -- Symlinking: /home/michael/ros2_ws_test/install/mps_interfaces/include/mps_interfaces/mps_interfaces/msg/rosidl_typesupport_fastrtps_c__visibility_control.h
[2.864s] -- Symlinking: /home/michael/ros2_ws_test/install/mps_interfaces/include/mps_interfaces/mps_interfaces/srv/detail/get_inflated_map__rosidl_typesupport_fastrtps_c.h
[2.866s] -- Symlinking: /home/michael/ros2_ws_test/install/mps_interfaces/include/mps_interfaces/mps_interfaces/srv/detail/get_robot_schedule__rosidl_typesupport_fastrtps_c.h
[2.872s] -- Symlinking: /home/michael/ros2_ws_test/install/mps_interfaces/include/mps_interfaces/mps_interfaces/msg/detail/path_schedule__builder.hpp
[2.873s] -- Symlinking: /home/michael/ros2_ws_test/install/mps_interfaces/include/mps_interfaces/mps_interfaces/msg/detail/path_schedule__struct.hpp
[2.877s] -- Symlinking: /home/michael/ros2_ws_test/install/mps_interfaces/include/mps_interfaces/mps_interfaces/msg/detail/path_schedule__traits.hpp
[2.881s] -- Symlinking: /home/michael/ros2_ws_test/install/mps_interfaces/include/mps_interfaces/mps_interfaces/msg/detail/path_schedule__type_support.hpp
[2.884s] -- Symlinking: /home/michael/ros2_ws_test/install/mps_interfaces/include/mps_interfaces/mps_interfaces/msg/detail/path_schedule_stamped__builder.hpp
[2.888s] -- Symlinking: /home/michael/ros2_ws_test/install/mps_interfaces/include/mps_interfaces/mps_interfaces/msg/detail/path_schedule_stamped__struct.hpp
[2.894s] -- Symlinking: /home/michael/ros2_ws_test/install/mps_interfaces/include/mps_interfaces/mps_interfaces/msg/detail/path_schedule_stamped__traits.hpp
[2.901s] -- Symlinking: /home/michael/ros2_ws_test/install/mps_interfaces/include/mps_interfaces/mps_interfaces/msg/detail/path_schedule_stamped__type_support.hpp
[2.904s] -- Symlinking: /home/michael/ros2_ws_test/install/mps_interfaces/include/mps_interfaces/mps_interfaces/msg/detail/schedule__builder.hpp
[2.905s] -- Symlinking: /home/michael/ros2_ws_test/install/mps_interfaces/include/mps_interfaces/mps_interfaces/msg/detail/schedule__struct.hpp
[2.908s] -- Symlinking: /home/michael/ros2_ws_test/install/mps_interfaces/include/mps_interfaces/mps_interfaces/msg/detail/schedule__traits.hpp
[2.914s] -- Symlinking: /home/michael/ros2_ws_test/install/mps_interfaces/include/mps_interfaces/mps_interfaces/msg/detail/schedule__type_support.hpp
[2.915s] -- Symlinking: /home/michael/ros2_ws_test/install/mps_interfaces/include/mps_interfaces/mps_interfaces/msg/detail/schedule_array__builder.hpp
[2.918s] -- Symlinking: /home/michael/ros2_ws_test/install/mps_interfaces/include/mps_interfaces/mps_interfaces/msg/detail/schedule_array__struct.hpp
[2.923s] -- Symlinking: /home/michael/ros2_ws_test/install/mps_interfaces/include/mps_interfaces/mps_interfaces/msg/detail/schedule_array__traits.hpp
[2.927s] -- Symlinking: /home/michael/ros2_ws_test/install/mps_interfaces/include/mps_interfaces/mps_interfaces/msg/detail/schedule_array__type_support.hpp
[2.930s] -- Symlinking: /home/michael/ros2_ws_test/install/mps_interfaces/include/mps_interfaces/mps_interfaces/msg/detail/schedule_array_stamped__builder.hpp
[2.933s] -- Symlinking: /home/michael/ros2_ws_test/install/mps_interfaces/include/mps_interfaces/mps_interfaces/msg/detail/schedule_array_stamped__struct.hpp
[2.936s] -- Symlinking: /home/michael/ros2_ws_test/install/mps_interfaces/include/mps_interfaces/mps_interfaces/msg/detail/schedule_array_stamped__traits.hpp
[2.941s] -- Symlinking: /home/michael/ros2_ws_test/install/mps_interfaces/include/mps_interfaces/mps_interfaces/msg/detail/schedule_array_stamped__type_support.hpp
[2.946s] -- Symlinking: /home/michael/ros2_ws_test/install/mps_interfaces/include/mps_interfaces/mps_interfaces/msg/detail/schedule_stamped__builder.hpp
[2.949s] -- Symlinking: /home/michael/ros2_ws_test/install/mps_interfaces/include/mps_interfaces/mps_interfaces/msg/detail/schedule_stamped__struct.hpp
[2.952s] -- Symlinking: /home/michael/ros2_ws_test/install/mps_interfaces/include/mps_interfaces/mps_interfaces/msg/detail/schedule_stamped__traits.hpp
[2.956s] -- Symlinking: /home/michael/ros2_ws_test/install/mps_interfaces/include/mps_interfaces/mps_interfaces/msg/detail/schedule_stamped__type_support.hpp
[2.959s] -- Symlinking: /home/michael/ros2_ws_test/install/mps_interfaces/include/mps_interfaces/mps_interfaces/msg/path_schedule.hpp
[2.962s] -- Symlinking: /home/michael/ros2_ws_test/install/mps_interfaces/include/mps_interfaces/mps_interfaces/msg/path_schedule_stamped.hpp
[2.969s] -- Symlinking: /home/michael/ros2_ws_test/install/mps_interfaces/include/mps_interfaces/mps_interfaces/msg/rosidl_generator_cpp__visibility_control.hpp
[2.969s] -- Symlinking: /home/michael/ros2_ws_test/install/mps_interfaces/include/mps_interfaces/mps_interfaces/msg/schedule.hpp
[2.972s] -- Symlinking: /home/michael/ros2_ws_test/install/mps_interfaces/include/mps_interfaces/mps_interfaces/msg/schedule_array.hpp
[2.977s] -- Symlinking: /home/michael/ros2_ws_test/install/mps_interfaces/include/mps_interfaces/mps_interfaces/msg/schedule_array_stamped.hpp
[2.982s] -- Symlinking: /home/michael/ros2_ws_test/install/mps_interfaces/include/mps_interfaces/mps_interfaces/msg/schedule_stamped.hpp
[2.984s] -- Symlinking: /home/michael/ros2_ws_test/install/mps_interfaces/include/mps_interfaces/mps_interfaces/srv/detail/get_inflated_map__builder.hpp
[2.986s] -- Symlinking: /home/michael/ros2_ws_test/install/mps_interfaces/include/mps_interfaces/mps_interfaces/srv/detail/get_inflated_map__struct.hpp
[2.990s] -- Symlinking: /home/michael/ros2_ws_test/install/mps_interfaces/include/mps_interfaces/mps_interfaces/srv/detail/get_inflated_map__traits.hpp
[2.993s] -- Symlinking: /home/michael/ros2_ws_test/install/mps_interfaces/include/mps_interfaces/mps_interfaces/srv/detail/get_inflated_map__type_support.hpp
[2.997s] -- Symlinking: /home/michael/ros2_ws_test/install/mps_interfaces/include/mps_interfaces/mps_interfaces/srv/detail/get_robot_schedule__builder.hpp
[3.003s] -- Symlinking: /home/michael/ros2_ws_test/install/mps_interfaces/include/mps_interfaces/mps_interfaces/srv/detail/get_robot_schedule__struct.hpp
[3.003s] -- Symlinking: /home/michael/ros2_ws_test/install/mps_interfaces/include/mps_interfaces/mps_interfaces/srv/detail/get_robot_schedule__traits.hpp
[3.009s] -- Symlinking: /home/michael/ros2_ws_test/install/mps_interfaces/include/mps_interfaces/mps_interfaces/srv/detail/get_robot_schedule__type_support.hpp
[3.015s] -- Symlinking: /home/michael/ros2_ws_test/install/mps_interfaces/include/mps_interfaces/mps_interfaces/srv/get_inflated_map.hpp
[3.018s] -- Symlinking: /home/michael/ros2_ws_test/install/mps_interfaces/include/mps_interfaces/mps_interfaces/srv/get_robot_schedule.hpp
[3.021s] -- Symlinking: /home/michael/ros2_ws_test/install/mps_interfaces/include/mps_interfaces/mps_interfaces/msg/detail/path_schedule__rosidl_typesupport_fastrtps_cpp.hpp
[3.024s] -- Symlinking: /home/michael/ros2_ws_test/install/mps_interfaces/include/mps_interfaces/mps_interfaces/msg/detail/path_schedule_stamped__rosidl_typesupport_fastrtps_cpp.hpp
[3.027s] -- Symlinking: /home/michael/ros2_ws_test/install/mps_interfaces/include/mps_interfaces/mps_interfaces/msg/detail/schedule__rosidl_typesupport_fastrtps_cpp.hpp
[3.031s] -- Symlinking: /home/michael/ros2_ws_test/install/mps_interfaces/include/mps_interfaces/mps_interfaces/msg/detail/schedule_array__rosidl_typesupport_fastrtps_cpp.hpp
[3.034s] -- Symlinking: /home/michael/ros2_ws_test/install/mps_interfaces/include/mps_interfaces/mps_interfaces/msg/detail/schedule_array_stamped__rosidl_typesupport_fastrtps_cpp.hpp
[3.039s] -- Symlinking: /home/michael/ros2_ws_test/install/mps_interfaces/include/mps_interfaces/mps_interfaces/msg/detail/schedule_stamped__rosidl_typesupport_fastrtps_cpp.hpp
[3.043s] -- Symlinking: /home/michael/ros2_ws_test/install/mps_interfaces/include/mps_interfaces/mps_interfaces/msg/rosidl_typesupport_fastrtps_cpp__visibility_control.h
[3.048s] -- Symlinking: /home/michael/ros2_ws_test/install/mps_interfaces/include/mps_interfaces/mps_interfaces/srv/detail/get_inflated_map__rosidl_typesupport_fastrtps_cpp.hpp
[3.052s] -- Symlinking: /home/michael/ros2_ws_test/install/mps_interfaces/include/mps_interfaces/mps_interfaces/srv/detail/get_robot_schedule__rosidl_typesupport_fastrtps_cpp.hpp
[3.056s] -- Symlinking: /home/michael/ros2_ws_test/install/mps_interfaces/include/mps_interfaces/mps_interfaces/msg/detail/path_schedule__rosidl_typesupport_introspection_c.h
[3.058s] -- Symlinking: /home/michael/ros2_ws_test/install/mps_interfaces/include/mps_interfaces/mps_interfaces/msg/detail/path_schedule_stamped__rosidl_typesupport_introspection_c.h
[3.062s] -- Symlinking: /home/michael/ros2_ws_test/install/mps_interfaces/include/mps_interfaces/mps_interfaces/msg/detail/schedule__rosidl_typesupport_introspection_c.h
[3.064s] -- Symlinking: /home/michael/ros2_ws_test/install/mps_interfaces/include/mps_interfaces/mps_interfaces/msg/detail/schedule_array__rosidl_typesupport_introspection_c.h
[3.069s] -- Symlinking: /home/michael/ros2_ws_test/install/mps_interfaces/include/mps_interfaces/mps_interfaces/msg/detail/schedule_array_stamped__rosidl_typesupport_introspection_c.h
[3.072s] -- Symlinking: /home/michael/ros2_ws_test/install/mps_interfaces/include/mps_interfaces/mps_interfaces/msg/detail/schedule_stamped__rosidl_typesupport_introspection_c.h
[3.082s] -- Symlinking: /home/michael/ros2_ws_test/install/mps_interfaces/include/mps_interfaces/mps_interfaces/msg/rosidl_typesupport_introspection_c__visibility_control.h
[3.084s] -- Symlinking: /home/michael/ros2_ws_test/install/mps_interfaces/include/mps_interfaces/mps_interfaces/srv/detail/get_inflated_map__rosidl_typesupport_introspection_c.h
[3.088s] -- Symlinking: /home/michael/ros2_ws_test/install/mps_interfaces/include/mps_interfaces/mps_interfaces/srv/detail/get_robot_schedule__rosidl_typesupport_introspection_c.h
[3.091s] -- Symlinking: /home/michael/ros2_ws_test/install/mps_interfaces/include/mps_interfaces/mps_interfaces/msg/detail/path_schedule__rosidl_typesupport_introspection_cpp.hpp
[3.095s] -- Symlinking: /home/michael/ros2_ws_test/install/mps_interfaces/include/mps_interfaces/mps_interfaces/msg/detail/path_schedule_stamped__rosidl_typesupport_introspection_cpp.hpp
[3.099s] -- Symlinking: /home/michael/ros2_ws_test/install/mps_interfaces/include/mps_interfaces/mps_interfaces/msg/detail/schedule__rosidl_typesupport_introspection_cpp.hpp
[3.103s] -- Symlinking: /home/michael/ros2_ws_test/install/mps_interfaces/include/mps_interfaces/mps_interfaces/msg/detail/schedule_array__rosidl_typesupport_introspection_cpp.hpp
[3.107s] -- Symlinking: /home/michael/ros2_ws_test/install/mps_interfaces/include/mps_interfaces/mps_interfaces/msg/detail/schedule_array_stamped__rosidl_typesupport_introspection_cpp.hpp
[3.110s] -- Symlinking: /home/michael/ros2_ws_test/install/mps_interfaces/include/mps_interfaces/mps_interfaces/msg/detail/schedule_stamped__rosidl_typesupport_introspection_cpp.hpp
[3.114s] -- Symlinking: /home/michael/ros2_ws_test/install/mps_interfaces/include/mps_interfaces/mps_interfaces/srv/detail/get_inflated_map__rosidl_typesupport_introspection_cpp.hpp
[3.118s] -- Symlinking: /home/michael/ros2_ws_test/install/mps_interfaces/include/mps_interfaces/mps_interfaces/srv/detail/get_robot_schedule__rosidl_typesupport_introspection_cpp.hpp
[3.121s] -- Symlinking: /home/michael/ros2_ws_test/install/mps_interfaces/share/mps_interfaces/environment/pythonpath.sh
[3.126s] -- Symlinking: /home/michael/ros2_ws_test/install/mps_interfaces/share/mps_interfaces/environment/pythonpath.dsv
[3.129s] -- Symlinking: /home/michael/ros2_ws_test/install/mps_interfaces/local/lib/python3.10/dist-packages/mps_interfaces-0.0.0-py3.10.egg-info/PKG-INFO
[3.133s] -- Symlinking: /home/michael/ros2_ws_test/install/mps_interfaces/local/lib/python3.10/dist-packages/mps_interfaces-0.0.0-py3.10.egg-info/SOURCES.txt
[3.137s] -- Symlinking: /home/michael/ros2_ws_test/install/mps_interfaces/local/lib/python3.10/dist-packages/mps_interfaces-0.0.0-py3.10.egg-info/dependency_links.txt
[3.141s] -- Symlinking: /home/michael/ros2_ws_test/install/mps_interfaces/local/lib/python3.10/dist-packages/mps_interfaces-0.0.0-py3.10.egg-info/top_level.txt
[3.145s] -- Symlinking: /home/michael/ros2_ws_test/install/mps_interfaces/local/lib/python3.10/dist-packages/mps_interfaces/__init__.py
[3.149s] -- Symlinking: /home/michael/ros2_ws_test/install/mps_interfaces/local/lib/python3.10/dist-packages/mps_interfaces/_mps_interfaces_s.ep.rosidl_typesupport_c.c
[3.152s] -- Symlinking: /home/michael/ros2_ws_test/install/mps_interfaces/local/lib/python3.10/dist-packages/mps_interfaces/_mps_interfaces_s.ep.rosidl_typesupport_fastrtps_c.c
[3.156s] -- Symlinking: /home/michael/ros2_ws_test/install/mps_interfaces/local/lib/python3.10/dist-packages/mps_interfaces/_mps_interfaces_s.ep.rosidl_typesupport_introspection_c.c
[3.159s] -- Symlinking: /home/michael/ros2_ws_test/install/mps_interfaces/local/lib/python3.10/dist-packages/mps_interfaces/libmps_interfaces__rosidl_generator_py.so
[3.162s] -- Symlinking: /home/michael/ros2_ws_test/install/mps_interfaces/local/lib/python3.10/dist-packages/mps_interfaces/mps_interfaces_s__rosidl_typesupport_c.cpython-310-x86_64-linux-gnu.so
[3.166s] -- Symlinking: /home/michael/ros2_ws_test/install/mps_interfaces/local/lib/python3.10/dist-packages/mps_interfaces/mps_interfaces_s__rosidl_typesupport_fastrtps_c.cpython-310-x86_64-linux-gnu.so
[3.170s] -- Symlinking: /home/michael/ros2_ws_test/install/mps_interfaces/local/lib/python3.10/dist-packages/mps_interfaces/mps_interfaces_s__rosidl_typesupport_introspection_c.cpython-310-x86_64-linux-gnu.so
[3.173s] -- Symlinking: /home/michael/ros2_ws_test/install/mps_interfaces/local/lib/python3.10/dist-packages/mps_interfaces/msg/__init__.py
[3.177s] -- Symlinking: /home/michael/ros2_ws_test/install/mps_interfaces/local/lib/python3.10/dist-packages/mps_interfaces/msg/_path_schedule.py
[3.180s] -- Symlinking: /home/michael/ros2_ws_test/install/mps_interfaces/local/lib/python3.10/dist-packages/mps_interfaces/msg/_path_schedule_s.c
[3.184s] -- Symlinking: /home/michael/ros2_ws_test/install/mps_interfaces/local/lib/python3.10/dist-packages/mps_interfaces/msg/_path_schedule_stamped.py
[3.189s] -- Symlinking: /home/michael/ros2_ws_test/install/mps_interfaces/local/lib/python3.10/dist-packages/mps_interfaces/msg/_path_schedule_stamped_s.c
[3.191s] -- Symlinking: /home/michael/ros2_ws_test/install/mps_interfaces/local/lib/python3.10/dist-packages/mps_interfaces/msg/_schedule.py
[3.196s] -- Symlinking: /home/michael/ros2_ws_test/install/mps_interfaces/local/lib/python3.10/dist-packages/mps_interfaces/msg/_schedule_array.py
[3.200s] -- Symlinking: /home/michael/ros2_ws_test/install/mps_interfaces/local/lib/python3.10/dist-packages/mps_interfaces/msg/_schedule_array_s.c
[3.201s] -- Symlinking: /home/michael/ros2_ws_test/install/mps_interfaces/local/lib/python3.10/dist-packages/mps_interfaces/msg/_schedule_array_stamped.py
[3.208s] -- Symlinking: /home/michael/ros2_ws_test/install/mps_interfaces/local/lib/python3.10/dist-packages/mps_interfaces/msg/_schedule_array_stamped_s.c
[3.208s] -- Symlinking: /home/michael/ros2_ws_test/install/mps_interfaces/local/lib/python3.10/dist-packages/mps_interfaces/msg/_schedule_s.c
[3.212s] -- Symlinking: /home/michael/ros2_ws_test/install/mps_interfaces/local/lib/python3.10/dist-packages/mps_interfaces/msg/_schedule_stamped.py
[3.215s] -- Symlinking: /home/michael/ros2_ws_test/install/mps_interfaces/local/lib/python3.10/dist-packages/mps_interfaces/msg/_schedule_stamped_s.c
[3.218s] -- Symlinking: /home/michael/ros2_ws_test/install/mps_interfaces/local/lib/python3.10/dist-packages/mps_interfaces/srv/__init__.py
[3.225s] -- Symlinking: /home/michael/ros2_ws_test/install/mps_interfaces/local/lib/python3.10/dist-packages/mps_interfaces/srv/_get_inflated_map.py
[3.230s] -- Symlinking: /home/michael/ros2_ws_test/install/mps_interfaces/local/lib/python3.10/dist-packages/mps_interfaces/srv/_get_inflated_map_s.c
[3.234s] -- Symlinking: /home/michael/ros2_ws_test/install/mps_interfaces/local/lib/python3.10/dist-packages/mps_interfaces/srv/_get_robot_schedule.py
[3.236s] -- Symlinking: /home/michael/ros2_ws_test/install/mps_interfaces/local/lib/python3.10/dist-packages/mps_interfaces/srv/_get_robot_schedule_s.c
[3.242s] -- Up-to-date symlink: /home/michael/ros2_ws_test/install/mps_interfaces/local/lib/python3.10/dist-packages/mps_interfaces/mps_interfaces_s__rosidl_typesupport_fastrtps_c.cpython-310-x86_64-linux-gnu.so
[3.242s] -- Up-to-date symlink: /home/michael/ros2_ws_test/install/mps_interfaces/local/lib/python3.10/dist-packages/mps_interfaces/mps_interfaces_s__rosidl_typesupport_introspection_c.cpython-310-x86_64-linux-gnu.so
[3.242s] -- Up-to-date symlink: /home/michael/ros2_ws_test/install/mps_interfaces/local/lib/python3.10/dist-packages/mps_interfaces/mps_interfaces_s__rosidl_typesupport_c.cpython-310-x86_64-linux-gnu.so
[3.242s] -- Symlinking: /home/michael/ros2_ws_test/install/mps_interfaces/share/mps_interfaces/msg/Schedule.idl
[3.244s] -- Symlinking: /home/michael/ros2_ws_test/install/mps_interfaces/share/mps_interfaces/msg/ScheduleArray.idl
[3.248s] -- Symlinking: /home/michael/ros2_ws_test/install/mps_interfaces/share/mps_interfaces/msg/ScheduleStamped.idl
[3.253s] -- Symlinking: /home/michael/ros2_ws_test/install/mps_interfaces/share/mps_interfaces/msg/ScheduleArrayStamped.idl
[3.257s] -- Symlinking: /home/michael/ros2_ws_test/install/mps_interfaces/share/mps_interfaces/msg/PathSchedule.idl
[3.261s] -- Symlinking: /home/michael/ros2_ws_test/install/mps_interfaces/share/mps_interfaces/msg/PathScheduleStamped.idl
[3.265s] -- Symlinking: /home/michael/ros2_ws_test/install/mps_interfaces/share/mps_interfaces/srv/GetRobotSchedule.idl
[3.270s] -- Symlinking: /home/michael/ros2_ws_test/install/mps_interfaces/share/mps_interfaces/srv/GetInflatedMap.idl
[3.274s] -- Symlinking: /home/michael/ros2_ws_test/install/mps_interfaces/share/mps_interfaces/msg/Schedule.msg
[3.278s] -- Symlinking: /home/michael/ros2_ws_test/install/mps_interfaces/share/mps_interfaces/msg/ScheduleArray.msg
[3.282s] -- Symlinking: /home/michael/ros2_ws_test/install/mps_interfaces/share/mps_interfaces/msg/ScheduleStamped.msg
[3.286s] -- Symlinking: /home/michael/ros2_ws_test/install/mps_interfaces/share/mps_interfaces/msg/ScheduleArrayStamped.msg
[3.293s] -- Symlinking: /home/michael/ros2_ws_test/install/mps_interfaces/share/mps_interfaces/msg/PathSchedule.msg
[3.294s] -- Symlinking: /home/michael/ros2_ws_test/install/mps_interfaces/share/mps_interfaces/msg/PathScheduleStamped.msg
[3.297s] -- Symlinking: /home/michael/ros2_ws_test/install/mps_interfaces/share/mps_interfaces/srv/GetRobotSchedule.srv
[3.301s] -- Symlinking: /home/michael/ros2_ws_test/install/mps_interfaces/share/mps_interfaces/srv/GetRobotSchedule_Request.msg
[3.304s] -- Symlinking: /home/michael/ros2_ws_test/install/mps_interfaces/share/mps_interfaces/srv/GetRobotSchedule_Response.msg
[3.308s] -- Symlinking: /home/michael/ros2_ws_test/install/mps_interfaces/share/mps_interfaces/srv/GetInflatedMap.srv
[3.311s] -- Symlinking: /home/michael/ros2_ws_test/install/mps_interfaces/share/mps_interfaces/srv/GetInflatedMap_Request.msg
[3.316s] -- Symlinking: /home/michael/ros2_ws_test/install/mps_interfaces/share/mps_interfaces/srv/GetInflatedMap_Response.msg
[3.320s] -- Symlinking: /home/michael/ros2_ws_test/install/mps_interfaces/share/ament_index/resource_index/package_run_dependencies/mps_interfaces
[3.324s] -- Symlinking: /home/michael/ros2_ws_test/install/mps_interfaces/share/ament_index/resource_index/parent_prefix_path/mps_interfaces
[3.326s] -- Symlinking: /home/michael/ros2_ws_test/install/mps_interfaces/share/mps_interfaces/environment/ament_prefix_path.sh
[3.330s] -- Symlinking: /home/michael/ros2_ws_test/install/mps_interfaces/share/mps_interfaces/environment/ament_prefix_path.dsv
[3.333s] -- Symlinking: /home/michael/ros2_ws_test/install/mps_interfaces/share/mps_interfaces/environment/path.sh
[3.337s] -- Symlinking: /home/michael/ros2_ws_test/install/mps_interfaces/share/mps_interfaces/environment/path.dsv
[3.340s] -- Symlinking: /home/michael/ros2_ws_test/install/mps_interfaces/share/mps_interfaces/local_setup.bash
[3.344s] -- Symlinking: /home/michael/ros2_ws_test/install/mps_interfaces/share/mps_interfaces/local_setup.sh
[3.348s] -- Symlinking: /home/michael/ros2_ws_test/install/mps_interfaces/share/mps_interfaces/local_setup.zsh
[3.353s] -- Symlinking: /home/michael/ros2_ws_test/install/mps_interfaces/share/mps_interfaces/local_setup.dsv
[3.359s] -- Symlinking: /home/michael/ros2_ws_test/install/mps_interfaces/share/mps_interfaces/package.dsv
[3.361s] -- Symlinking: /home/michael/ros2_ws_test/install/mps_interfaces/share/ament_index/resource_index/packages/mps_interfaces
[3.365s] -- Symlinking: /home/michael/ros2_ws_test/install/mps_interfaces/share/mps_interfaces/cmake/rosidl_cmake-extras.cmake
[3.368s] -- Symlinking: /home/michael/ros2_ws_test/install/mps_interfaces/share/mps_interfaces/cmake/ament_cmake_export_dependencies-extras.cmake
[3.372s] -- Symlinking: /home/michael/ros2_ws_test/install/mps_interfaces/share/mps_interfaces/cmake/ament_cmake_export_include_directories-extras.cmake
[3.378s] -- Symlinking: /home/michael/ros2_ws_test/install/mps_interfaces/share/mps_interfaces/cmake/ament_cmake_export_libraries-extras.cmake
[3.379s] -- Symlinking: /home/michael/ros2_ws_test/install/mps_interfaces/share/mps_interfaces/cmake/ament_cmake_export_targets-extras.cmake
[3.383s] -- Symlinking: /home/michael/ros2_ws_test/install/mps_interfaces/share/mps_interfaces/cmake/rosidl_cmake_export_typesupport_targets-extras.cmake
[3.387s] -- Symlinking: /home/michael/ros2_ws_test/install/mps_interfaces/share/mps_interfaces/cmake/rosidl_cmake_export_typesupport_libraries-extras.cmake
[3.392s] -- Symlinking: /home/michael/ros2_ws_test/install/mps_interfaces/share/mps_interfaces/cmake/mps_interfacesConfig.cmake
[3.395s] -- Symlinking: /home/michael/ros2_ws_test/install/mps_interfaces/share/mps_interfaces/cmake/mps_interfacesConfig-version.cmake
[3.398s] -- Symlinking: /home/michael/ros2_ws_test/install/mps_interfaces/share/mps_interfaces/package.xml
[3.401s] -- Installing: /home/michael/ros2_ws_test/install/mps_interfaces/lib/libmps_interfaces__rosidl_generator_c.so
[3.402s] -- Set runtime path of "/home/michael/ros2_ws_test/install/mps_interfaces/lib/libmps_interfaces__rosidl_generator_c.so" to ""
[3.402s] -- Installing: /home/michael/ros2_ws_test/install/mps_interfaces/lib/libmps_interfaces__rosidl_typesupport_fastrtps_c.so
[3.403s] -- Set runtime path of "/home/michael/ros2_ws_test/install/mps_interfaces/lib/libmps_interfaces__rosidl_typesupport_fastrtps_c.so" to ""
[3.403s] -- Installing: /home/michael/ros2_ws_test/install/mps_interfaces/lib/libmps_interfaces__rosidl_typesupport_fastrtps_cpp.so
[3.404s] -- Set runtime path of "/home/michael/ros2_ws_test/install/mps_interfaces/lib/libmps_interfaces__rosidl_typesupport_fastrtps_cpp.so" to ""
[3.404s] -- Installing: /home/michael/ros2_ws_test/install/mps_interfaces/lib/libmps_interfaces__rosidl_typesupport_introspection_c.so
[3.404s] -- Set runtime path of "/home/michael/ros2_ws_test/install/mps_interfaces/lib/libmps_interfaces__rosidl_typesupport_introspection_c.so" to ""
[3.406s] -- Installing: /home/michael/ros2_ws_test/install/mps_interfaces/lib/libmps_interfaces__rosidl_typesupport_c.so
[3.406s] -- Set runtime path of "/home/michael/ros2_ws_test/install/mps_interfaces/lib/libmps_interfaces__rosidl_typesupport_c.so" to ""
[3.406s] -- Installing: /home/michael/ros2_ws_test/install/mps_interfaces/lib/libmps_interfaces__rosidl_typesupport_introspection_cpp.so
[3.406s] -- Set runtime path of "/home/michael/ros2_ws_test/install/mps_interfaces/lib/libmps_interfaces__rosidl_typesupport_introspection_cpp.so" to ""
[3.406s] -- Installing: /home/michael/ros2_ws_test/install/mps_interfaces/lib/libmps_interfaces__rosidl_typesupport_cpp.so
[3.406s] -- Set runtime path of "/home/michael/ros2_ws_test/install/mps_interfaces/lib/libmps_interfaces__rosidl_typesupport_cpp.so" to ""
[3.428s] Listing '/home/michael/ros2_ws_test/install/mps_interfaces/local/lib/python3.10/dist-packages/mps_interfaces'...
[3.428s] Compiling '/home/michael/ros2_ws_test/install/mps_interfaces/local/lib/python3.10/dist-packages/mps_interfaces/__init__.py'...
[3.428s] Listing '/home/michael/ros2_ws_test/install/mps_interfaces/local/lib/python3.10/dist-packages/mps_interfaces/msg'...
[3.428s] Compiling '/home/michael/ros2_ws_test/install/mps_interfaces/local/lib/python3.10/dist-packages/mps_interfaces/msg/__init__.py'...
[3.428s] Compiling '/home/michael/ros2_ws_test/install/mps_interfaces/local/lib/python3.10/dist-packages/mps_interfaces/msg/_path_schedule.py'...
[3.428s] Compiling '/home/michael/ros2_ws_test/install/mps_interfaces/local/lib/python3.10/dist-packages/mps_interfaces/msg/_path_schedule_stamped.py'...
[3.428s] Compiling '/home/michael/ros2_ws_test/install/mps_interfaces/local/lib/python3.10/dist-packages/mps_interfaces/msg/_schedule.py'...
[3.428s] Compiling '/home/michael/ros2_ws_test/install/mps_interfaces/local/lib/python3.10/dist-packages/mps_interfaces/msg/_schedule_array.py'...
[3.428s] Compiling '/home/michael/ros2_ws_test/install/mps_interfaces/local/lib/python3.10/dist-packages/mps_interfaces/msg/_schedule_array_stamped.py'...
[3.428s] Compiling '/home/michael/ros2_ws_test/install/mps_interfaces/local/lib/python3.10/dist-packages/mps_interfaces/msg/_schedule_stamped.py'...
[3.428s] Listing '/home/michael/ros2_ws_test/install/mps_interfaces/local/lib/python3.10/dist-packages/mps_interfaces/srv'...
[3.428s] Compiling '/home/michael/ros2_ws_test/install/mps_interfaces/local/lib/python3.10/dist-packages/mps_interfaces/srv/__init__.py'...
[3.428s] Compiling '/home/michael/ros2_ws_test/install/mps_interfaces/local/lib/python3.10/dist-packages/mps_interfaces/srv/_get_inflated_map.py'...
[3.428s] Compiling '/home/michael/ros2_ws_test/install/mps_interfaces/local/lib/python3.10/dist-packages/mps_interfaces/srv/_get_robot_schedule.py'...
[3.432s] -- Installing: /home/michael/ros2_ws_test/install/mps_interfaces/lib/libmps_interfaces__rosidl_generator_py.so
[3.432s] -- Set runtime path of "/home/michael/ros2_ws_test/install/mps_interfaces/lib/libmps_interfaces__rosidl_generator_py.so" to ""
[3.435s] -- Installing: /home/michael/ros2_ws_test/install/mps_interfaces/share/mps_interfaces/cmake/export_mps_interfaces__rosidl_generator_cExport.cmake
[3.435s] -- Installing: /home/michael/ros2_ws_test/install/mps_interfaces/share/mps_interfaces/cmake/export_mps_interfaces__rosidl_generator_cExport-noconfig.cmake
[3.435s] -- Installing: /home/michael/ros2_ws_test/install/mps_interfaces/share/mps_interfaces/cmake/export_mps_interfaces__rosidl_typesupport_fastrtps_cExport.cmake
[3.435s] -- Installing: /home/michael/ros2_ws_test/install/mps_interfaces/share/mps_interfaces/cmake/export_mps_interfaces__rosidl_typesupport_fastrtps_cExport-noconfig.cmake
[3.435s] -- Installing: /home/michael/ros2_ws_test/install/mps_interfaces/share/mps_interfaces/cmake/export_mps_interfaces__rosidl_generator_cppExport.cmake
[3.435s] -- Installing: /home/michael/ros2_ws_test/install/mps_interfaces/share/mps_interfaces/cmake/export_mps_interfaces__rosidl_typesupport_fastrtps_cppExport.cmake
[3.435s] -- Installing: /home/michael/ros2_ws_test/install/mps_interfaces/share/mps_interfaces/cmake/export_mps_interfaces__rosidl_typesupport_fastrtps_cppExport-noconfig.cmake
[3.435s] -- Installing: /home/michael/ros2_ws_test/install/mps_interfaces/share/mps_interfaces/cmake/mps_interfaces__rosidl_typesupport_introspection_cExport.cmake
[3.435s] -- Installing: /home/michael/ros2_ws_test/install/mps_interfaces/share/mps_interfaces/cmake/mps_interfaces__rosidl_typesupport_introspection_cExport-noconfig.cmake
[3.435s] -- Installing: /home/michael/ros2_ws_test/install/mps_interfaces/share/mps_interfaces/cmake/mps_interfaces__rosidl_typesupport_cExport.cmake
[3.435s] -- Installing: /home/michael/ros2_ws_test/install/mps_interfaces/share/mps_interfaces/cmake/mps_interfaces__rosidl_typesupport_cExport-noconfig.cmake
[3.435s] -- Installing: /home/michael/ros2_ws_test/install/mps_interfaces/share/mps_interfaces/cmake/mps_interfaces__rosidl_typesupport_introspection_cppExport.cmake
[3.435s] -- Installing: /home/michael/ros2_ws_test/install/mps_interfaces/share/mps_interfaces/cmake/mps_interfaces__rosidl_typesupport_introspection_cppExport-noconfig.cmake
[3.435s] -- Installing: /home/michael/ros2_ws_test/install/mps_interfaces/share/mps_interfaces/cmake/mps_interfaces__rosidl_typesupport_cppExport.cmake
[3.435s] -- Installing: /home/michael/ros2_ws_test/install/mps_interfaces/share/mps_interfaces/cmake/mps_interfaces__rosidl_typesupport_cppExport-noconfig.cmake
[3.435s] -- Installing: /home/michael/ros2_ws_test/install/mps_interfaces/share/mps_interfaces/cmake/export_mps_interfaces__rosidl_generator_pyExport.cmake
[3.435s] -- Installing: /home/michael/ros2_ws_test/install/mps_interfaces/share/mps_interfaces/cmake/export_mps_interfaces__rosidl_generator_pyExport-noconfig.cmake
[3.435s] Invoked command in '/home/michael/ros2_ws_test/build/mps_interfaces' returned '0': CMAKE_PREFIX_PATH=/home/michael/ros2_ws_test/install/map_interfaces:/home/michael/ros2_ws_test/install/zmr_interfaces:/home/michael/ros2_ws_test/install/mps_interfaces:/home/michael/ros2_ws_test/install/mmp_interfaces:/home/michael/ros2_ws_test/install/mir_description:/home/michael/ros2_ws_test/install/gazebo_worlds:/home/michael/ros2_ws_test/install/gazebo_ros_actor_pose_plugin:/home/michael/ros2_ws_test/install/zmr_pure_pursuit:/home/michael/ros2_ws_test/install/zmr_mpc:/home/michael/ros2_ws_test/install/zmr_manager:/home/michael/ros2_ws_test/install/zmr_drive_model:/home/michael/ros2_ws_test/install/zmr_description:/home/michael/ros2_ws_test/install/mps_motion_plan:/home/michael/ros2_ws_test/install/map_description:/home/michael/ros2_ws_test/install/zmr_demo:/home/michael/ros2_ws_test/install/mmp_motion_predict:/opt/ros/humble LD_LIBRARY_PATH=/home/michael/ros2_ws_test/install/map_interfaces/lib:/home/michael/ros2_ws_test/install/zmr_interfaces/lib:/home/michael/ros2_ws_test/install/mps_interfaces/lib:/home/michael/ros2_ws_test/install/gazebo_ros_actor_pose_plugin/lib:/home/michael/ros2_ws_test/install/mmp_interfaces/lib:/usr/lib/x86_64-linux-gnu/gazebo-11/plugins:/opt/ros/humble/opt/rviz_ogre_vendor/lib:/opt/ros/humble/lib/x86_64-linux-gnu:/opt/ros/humble/lib /usr/bin/cmake --install /home/michael/ros2_ws_test/build/mps_interfaces
