[0.363s] Invoking command in '/home/michael/ros2_ws_test/build/zmr_mpc': CMAKE_PREFIX_PATH=/home/michael/ros2_ws_test/install/mps_interfaces:/home/michael/ros2_ws_test/install/zmr_interfaces:/home/michael/ros2_ws_test/install/map_interfaces:/home/michael/ros2_ws_test/install/mmp_interfaces:/home/michael/ros2_ws_test/install/mir_description:/home/michael/ros2_ws_test/install/gazebo_worlds:/home/michael/ros2_ws_test/install/gazebo_ros_actor_pose_plugin LD_LIBRARY_PATH=/home/michael/ros2_ws_test/install/mps_interfaces/lib:/home/michael/ros2_ws_test/install/zmr_interfaces/lib:/home/michael/ros2_ws_test/install/map_interfaces/lib:/home/michael/ros2_ws_test/install/mmp_interfaces/lib:/home/michael/ros2_ws_test/install/gazebo_worlds/lib:/home/michael/ros2_ws_test/install/gazebo_ros_actor_pose_plugin/lib:/usr/lib/x86_64-linux-gnu/gazebo-11/plugins:/opt/ros/humble/opt/rviz_ogre_vendor/lib:/opt/ros/humble/lib/x86_64-linux-gnu:/opt/ros/humble/lib PYTHONPATH=/home/michael/ros2_ws_test/build/zmr_mpc/prefix_override:/usr/lib/python3/dist-packages/colcon_core/task/python/colcon_distutils_commands:/home/michael/ros2_ws_test/install/zmr_mpc/lib/python3.10/site-packages:${PYTHONPATH} VIRTUAL_ENV_PROMPT=(.venv) /usr/bin/python3 -W ignore:setup.py install is deprecated -W ignore:easy_install command is deprecated setup.py develop --uninstall --editable --build-directory /home/michael/ros2_ws_test/build/zmr_mpc/build
[0.464s] running develop
[0.523s] Removing /home/michael/ros2_ws_test/install/zmr_mpc/lib/python3.10/site-packages/zmr-mpc.egg-link (link to .)
[0.534s] Invoked command in '/home/michael/ros2_ws_test/build/zmr_mpc' returned '0': CMAKE_PREFIX_PATH=/home/michael/ros2_ws_test/install/mps_interfaces:/home/michael/ros2_ws_test/install/zmr_interfaces:/home/michael/ros2_ws_test/install/map_interfaces:/home/michael/ros2_ws_test/install/mmp_interfaces:/home/michael/ros2_ws_test/install/mir_description:/home/michael/ros2_ws_test/install/gazebo_worlds:/home/michael/ros2_ws_test/install/gazebo_ros_actor_pose_plugin LD_LIBRARY_PATH=/home/michael/ros2_ws_test/install/mps_interfaces/lib:/home/michael/ros2_ws_test/install/zmr_interfaces/lib:/home/michael/ros2_ws_test/install/map_interfaces/lib:/home/michael/ros2_ws_test/install/mmp_interfaces/lib:/home/michael/ros2_ws_test/install/gazebo_worlds/lib:/home/michael/ros2_ws_test/install/gazebo_ros_actor_pose_plugin/lib:/usr/lib/x86_64-linux-gnu/gazebo-11/plugins:/opt/ros/humble/opt/rviz_ogre_vendor/lib:/opt/ros/humble/lib/x86_64-linux-gnu:/opt/ros/humble/lib PYTHONPATH=/home/michael/ros2_ws_test/build/zmr_mpc/prefix_override:/usr/lib/python3/dist-packages/colcon_core/task/python/colcon_distutils_commands:/home/michael/ros2_ws_test/install/zmr_mpc/lib/python3.10/site-packages:${PYTHONPATH} VIRTUAL_ENV_PROMPT=(.venv) /usr/bin/python3 -W ignore:setup.py install is deprecated -W ignore:easy_install command is deprecated setup.py develop --uninstall --editable --build-directory /home/michael/ros2_ws_test/build/zmr_mpc/build
[0.534s] Invoking command in '/home/michael/ros2_ws_test/src/DyObAv-MPCnEBM-Warehouse-ROS2/src/zmr_mpc': CMAKE_PREFIX_PATH=/home/michael/ros2_ws_test/install/mps_interfaces:/home/michael/ros2_ws_test/install/zmr_interfaces:/home/michael/ros2_ws_test/install/map_interfaces:/home/michael/ros2_ws_test/install/mmp_interfaces:/home/michael/ros2_ws_test/install/mir_description:/home/michael/ros2_ws_test/install/gazebo_worlds:/home/michael/ros2_ws_test/install/gazebo_ros_actor_pose_plugin LD_LIBRARY_PATH=/home/michael/ros2_ws_test/install/mps_interfaces/lib:/home/michael/ros2_ws_test/install/zmr_interfaces/lib:/home/michael/ros2_ws_test/install/map_interfaces/lib:/home/michael/ros2_ws_test/install/mmp_interfaces/lib:/home/michael/ros2_ws_test/install/gazebo_worlds/lib:/home/michael/ros2_ws_test/install/gazebo_ros_actor_pose_plugin/lib:/usr/lib/x86_64-linux-gnu/gazebo-11/plugins:/opt/ros/humble/opt/rviz_ogre_vendor/lib:/opt/ros/humble/lib/x86_64-linux-gnu:/opt/ros/humble/lib PYTHONPATH=/home/michael/ros2_ws_test/build/zmr_mpc/prefix_override:/usr/lib/python3/dist-packages/colcon_core/task/python/colcon_distutils_commands:/home/michael/ros2_ws_test/install/zmr_mpc/lib/python3.10/site-packages:${PYTHONPATH} VIRTUAL_ENV_PROMPT=(.venv) /usr/bin/python3 -W ignore:setup.py install is deprecated -W ignore:easy_install command is deprecated setup.py egg_info --egg-base ../../../../build/zmr_mpc build --build-base /home/michael/ros2_ws_test/build/zmr_mpc/build install --record /home/michael/ros2_ws_test/build/zmr_mpc/install.log --single-version-externally-managed install_data --force
[0.630s] running egg_info
[0.630s] writing ../../../../build/zmr_mpc/zmr_mpc.egg-info/PKG-INFO
[0.630s] writing dependency_links to ../../../../build/zmr_mpc/zmr_mpc.egg-info/dependency_links.txt
[0.631s] writing entry points to ../../../../build/zmr_mpc/zmr_mpc.egg-info/entry_points.txt
[0.631s] writing requirements to ../../../../build/zmr_mpc/zmr_mpc.egg-info/requires.txt
[0.631s] writing top-level names to ../../../../build/zmr_mpc/zmr_mpc.egg-info/top_level.txt
[0.631s] reading manifest file '../../../../build/zmr_mpc/zmr_mpc.egg-info/SOURCES.txt'
[0.632s] writing manifest file '../../../../build/zmr_mpc/zmr_mpc.egg-info/SOURCES.txt'
[0.632s] running build
[0.632s] running build_py
[0.632s] copying zmr_mpc/mpc_trajectory_tracker_node.py -> /home/michael/ros2_ws_test/build/zmr_mpc/build/lib/zmr_mpc
[0.632s] running install
[0.632s] running install_lib
[0.632s] creating /home/michael/ros2_ws_test/install/zmr_mpc/lib/python3.10/site-packages/zmr_mpc
[0.632s] copying /home/michael/ros2_ws_test/build/zmr_mpc/build/lib/zmr_mpc/configs.py -> /home/michael/ros2_ws_test/install/zmr_mpc/lib/python3.10/site-packages/zmr_mpc
[0.632s] creating /home/michael/ros2_ws_test/install/zmr_mpc/lib/python3.10/site-packages/zmr_mpc/path_plan_cspace
[0.633s] copying /home/michael/ros2_ws_test/build/zmr_mpc/build/lib/zmr_mpc/path_plan_cspace/visibility.py -> /home/michael/ros2_ws_test/install/zmr_mpc/lib/python3.10/site-packages/zmr_mpc/path_plan_cspace
[0.633s] copying /home/michael/ros2_ws_test/build/zmr_mpc/build/lib/zmr_mpc/path_plan_cspace/visibility_extremitypathfinder.py -> /home/michael/ros2_ws_test/install/zmr_mpc/lib/python3.10/site-packages/zmr_mpc/path_plan_cspace
[0.633s] copying /home/michael/ros2_ws_test/build/zmr_mpc/build/lib/zmr_mpc/path_plan_cspace/__init__.py -> /home/michael/ros2_ws_test/install/zmr_mpc/lib/python3.10/site-packages/zmr_mpc/path_plan_cspace
[0.633s] copying /home/michael/ros2_ws_test/build/zmr_mpc/build/lib/zmr_mpc/mpc_trajectory_tracker_node.py -> /home/michael/ros2_ws_test/install/zmr_mpc/lib/python3.10/site-packages/zmr_mpc
[0.633s] copying /home/michael/ros2_ws_test/build/zmr_mpc/build/lib/zmr_mpc/mpc_trajectory_tracker.py -> /home/michael/ros2_ws_test/install/zmr_mpc/lib/python3.10/site-packages/zmr_mpc
[0.633s] creating /home/michael/ros2_ws_test/install/zmr_mpc/lib/python3.10/site-packages/zmr_mpc/casadi_build
[0.633s] copying /home/michael/ros2_ws_test/build/zmr_mpc/build/lib/zmr_mpc/casadi_build/builder_panoc_v0.py -> /home/michael/ros2_ws_test/install/zmr_mpc/lib/python3.10/site-packages/zmr_mpc/casadi_build
[0.633s] copying /home/michael/ros2_ws_test/build/zmr_mpc/build/lib/zmr_mpc/casadi_build/mpc_helper.py -> /home/michael/ros2_ws_test/install/zmr_mpc/lib/python3.10/site-packages/zmr_mpc/casadi_build
[0.633s] copying /home/michael/ros2_ws_test/build/zmr_mpc/build/lib/zmr_mpc/casadi_build/mpc_cost.py -> /home/michael/ros2_ws_test/install/zmr_mpc/lib/python3.10/site-packages/zmr_mpc/casadi_build
[0.633s] copying /home/michael/ros2_ws_test/build/zmr_mpc/build/lib/zmr_mpc/casadi_build/__init__.py -> /home/michael/ros2_ws_test/install/zmr_mpc/lib/python3.10/site-packages/zmr_mpc/casadi_build
[0.633s] copying /home/michael/ros2_ws_test/build/zmr_mpc/build/lib/zmr_mpc/casadi_build/builder_panoc.py -> /home/michael/ros2_ws_test/install/zmr_mpc/lib/python3.10/site-packages/zmr_mpc/casadi_build
[0.633s] copying /home/michael/ros2_ws_test/build/zmr_mpc/build/lib/zmr_mpc/motion_model.py -> /home/michael/ros2_ws_test/install/zmr_mpc/lib/python3.10/site-packages/zmr_mpc
[0.633s] copying /home/michael/ros2_ws_test/build/zmr_mpc/build/lib/zmr_mpc/__init__.py -> /home/michael/ros2_ws_test/install/zmr_mpc/lib/python3.10/site-packages/zmr_mpc
[0.633s] copying /home/michael/ros2_ws_test/build/zmr_mpc/build/lib/zmr_mpc/local_traj_plan.py -> /home/michael/ros2_ws_test/install/zmr_mpc/lib/python3.10/site-packages/zmr_mpc
[0.633s] copying /home/michael/ros2_ws_test/build/zmr_mpc/build/lib/zmr_mpc/_ref_traj_generation.py -> /home/michael/ros2_ws_test/install/zmr_mpc/lib/python3.10/site-packages/zmr_mpc
[0.633s] copying /home/michael/ros2_ws_test/build/zmr_mpc/build/lib/zmr_mpc/cost_monitor.py -> /home/michael/ros2_ws_test/install/zmr_mpc/lib/python3.10/site-packages/zmr_mpc
[0.633s] byte-compiling /home/michael/ros2_ws_test/install/zmr_mpc/lib/python3.10/site-packages/zmr_mpc/configs.py to configs.cpython-310.pyc
[0.633s] byte-compiling /home/michael/ros2_ws_test/install/zmr_mpc/lib/python3.10/site-packages/zmr_mpc/path_plan_cspace/visibility.py to visibility.cpython-310.pyc
[0.634s] byte-compiling /home/michael/ros2_ws_test/install/zmr_mpc/lib/python3.10/site-packages/zmr_mpc/path_plan_cspace/visibility_extremitypathfinder.py to visibility_extremitypathfinder.cpython-310.pyc
[0.634s] byte-compiling /home/michael/ros2_ws_test/install/zmr_mpc/lib/python3.10/site-packages/zmr_mpc/path_plan_cspace/__init__.py to __init__.cpython-310.pyc
[0.635s] byte-compiling /home/michael/ros2_ws_test/install/zmr_mpc/lib/python3.10/site-packages/zmr_mpc/mpc_trajectory_tracker_node.py to mpc_trajectory_tracker_node.cpython-310.pyc
[0.637s] byte-compiling /home/michael/ros2_ws_test/install/zmr_mpc/lib/python3.10/site-packages/zmr_mpc/mpc_trajectory_tracker.py to mpc_trajectory_tracker.cpython-310.pyc
[0.638s] byte-compiling /home/michael/ros2_ws_test/install/zmr_mpc/lib/python3.10/site-packages/zmr_mpc/casadi_build/builder_panoc_v0.py to builder_panoc_v0.cpython-310.pyc
[0.639s] byte-compiling /home/michael/ros2_ws_test/install/zmr_mpc/lib/python3.10/site-packages/zmr_mpc/casadi_build/mpc_helper.py to mpc_helper.cpython-310.pyc
[0.639s] byte-compiling /home/michael/ros2_ws_test/install/zmr_mpc/lib/python3.10/site-packages/zmr_mpc/casadi_build/mpc_cost.py to mpc_cost.cpython-310.pyc
[0.639s] byte-compiling /home/michael/ros2_ws_test/install/zmr_mpc/lib/python3.10/site-packages/zmr_mpc/casadi_build/__init__.py to __init__.cpython-310.pyc
[0.639s] byte-compiling /home/michael/ros2_ws_test/install/zmr_mpc/lib/python3.10/site-packages/zmr_mpc/casadi_build/builder_panoc.py to builder_panoc.cpython-310.pyc
[0.640s] byte-compiling /home/michael/ros2_ws_test/install/zmr_mpc/lib/python3.10/site-packages/zmr_mpc/motion_model.py to motion_model.cpython-310.pyc
[0.641s] byte-compiling /home/michael/ros2_ws_test/install/zmr_mpc/lib/python3.10/site-packages/zmr_mpc/__init__.py to __init__.cpython-310.pyc
[0.641s] byte-compiling /home/michael/ros2_ws_test/install/zmr_mpc/lib/python3.10/site-packages/zmr_mpc/local_traj_plan.py to local_traj_plan.cpython-310.pyc
[0.641s] byte-compiling /home/michael/ros2_ws_test/install/zmr_mpc/lib/python3.10/site-packages/zmr_mpc/_ref_traj_generation.py to _ref_traj_generation.cpython-310.pyc
[0.642s] byte-compiling /home/michael/ros2_ws_test/install/zmr_mpc/lib/python3.10/site-packages/zmr_mpc/cost_monitor.py to cost_monitor.cpython-310.pyc
[0.643s] running install_data
[0.643s] copying resource/zmr_mpc -> /home/michael/ros2_ws_test/install/zmr_mpc/share/ament_index/resource_index/packages
[0.643s] copying package.xml -> /home/michael/ros2_ws_test/install/zmr_mpc/share/zmr_mpc
[0.643s] copying config/mpc_default_v0.yaml -> /home/michael/ros2_ws_test/install/zmr_mpc/share/zmr_mpc/config
[0.643s] copying config/robot_spec_mir.yaml -> /home/michael/ros2_ws_test/install/zmr_mpc/share/zmr_mpc/config
[0.643s] copying config/robot_spec_zmr.yaml -> /home/michael/ros2_ws_test/install/zmr_mpc/share/zmr_mpc/config
[0.643s] copying config/mpc_fast_v0.yaml -> /home/michael/ros2_ws_test/install/zmr_mpc/share/zmr_mpc/config
[0.643s] copying config/mpc_fast.yaml -> /home/michael/ros2_ws_test/install/zmr_mpc/share/zmr_mpc/config
[0.643s] copying config/mpc_default.yaml -> /home/michael/ros2_ws_test/install/zmr_mpc/share/zmr_mpc/config
[0.643s] copying launch/zmr_mpc.launch.py -> /home/michael/ros2_ws_test/install/zmr_mpc/share/zmr_mpc/launch
[0.643s] running install_egg_info
[0.643s] Copying ../../../../build/zmr_mpc/zmr_mpc.egg-info to /home/michael/ros2_ws_test/install/zmr_mpc/lib/python3.10/site-packages/zmr_mpc-0.0.0-py3.10.egg-info
[0.645s] running install_scripts
[0.654s] Installing mpc_trajectory_tracker_node script to /home/michael/ros2_ws_test/install/zmr_mpc/lib/zmr_mpc
[0.654s] writing list of installed files to '/home/michael/ros2_ws_test/build/zmr_mpc/install.log'
[0.665s] Invoked command in '/home/michael/ros2_ws_test/src/DyObAv-MPCnEBM-Warehouse-ROS2/src/zmr_mpc' returned '0': CMAKE_PREFIX_PATH=/home/michael/ros2_ws_test/install/mps_interfaces:/home/michael/ros2_ws_test/install/zmr_interfaces:/home/michael/ros2_ws_test/install/map_interfaces:/home/michael/ros2_ws_test/install/mmp_interfaces:/home/michael/ros2_ws_test/install/mir_description:/home/michael/ros2_ws_test/install/gazebo_worlds:/home/michael/ros2_ws_test/install/gazebo_ros_actor_pose_plugin LD_LIBRARY_PATH=/home/michael/ros2_ws_test/install/mps_interfaces/lib:/home/michael/ros2_ws_test/install/zmr_interfaces/lib:/home/michael/ros2_ws_test/install/map_interfaces/lib:/home/michael/ros2_ws_test/install/mmp_interfaces/lib:/home/michael/ros2_ws_test/install/gazebo_worlds/lib:/home/michael/ros2_ws_test/install/gazebo_ros_actor_pose_plugin/lib:/usr/lib/x86_64-linux-gnu/gazebo-11/plugins:/opt/ros/humble/opt/rviz_ogre_vendor/lib:/opt/ros/humble/lib/x86_64-linux-gnu:/opt/ros/humble/lib PYTHONPATH=/home/michael/ros2_ws_test/build/zmr_mpc/prefix_override:/usr/lib/python3/dist-packages/colcon_core/task/python/colcon_distutils_commands:/home/michael/ros2_ws_test/install/zmr_mpc/lib/python3.10/site-packages:${PYTHONPATH} VIRTUAL_ENV_PROMPT=(.venv) /usr/bin/python3 -W ignore:setup.py install is deprecated -W ignore:easy_install command is deprecated setup.py egg_info --egg-base ../../../../build/zmr_mpc build --build-base /home/michael/ros2_ws_test/build/zmr_mpc/build install --record /home/michael/ros2_ws_test/build/zmr_mpc/install.log --single-version-externally-managed install_data --force
