running develop
Removing /home/michael/ros2_ws_test/install/mmp_motion_predict/lib/python3.10/site-packages/mmp-motion-predict.egg-link (link to .)
running egg_info
writing ../../../../build/mmp_motion_predict/mmp_motion_predict.egg-info/PKG-INFO
writing dependency_links to ../../../../build/mmp_motion_predict/mmp_motion_predict.egg-info/dependency_links.txt
writing entry points to ../../../../build/mmp_motion_predict/mmp_motion_predict.egg-info/entry_points.txt
writing requirements to ../../../../build/mmp_motion_predict/mmp_motion_predict.egg-info/requires.txt
writing top-level names to ../../../../build/mmp_motion_predict/mmp_motion_predict.egg-info/top_level.txt
reading manifest file '../../../../build/mmp_motion_predict/mmp_motion_predict.egg-info/SOURCES.txt'
writing manifest file '../../../../build/mmp_motion_predict/mmp_motion_predict.egg-info/SOURCES.txt'
running build
running build_py
creating /home/michael/ros2_ws_test/build/mmp_motion_predict/build
creating /home/michael/ros2_ws_test/build/mmp_motion_predict/build/lib
creating /home/michael/ros2_ws_test/build/mmp_motion_predict/build/lib/mmp_motion_predict
copying mmp_motion_predict/demo_traj_publisher.py -> /home/michael/ros2_ws_test/build/mmp_motion_predict/build/lib/mmp_motion_predict
copying mmp_motion_predict/network_loader.py -> /home/michael/ros2_ws_test/build/mmp_motion_predict/build/lib/mmp_motion_predict
copying mmp_motion_predict/map_tf.py -> /home/michael/ros2_ws_test/build/mmp_motion_predict/build/lib/mmp_motion_predict
copying mmp_motion_predict/motion_prediction.py -> /home/michael/ros2_ws_test/build/mmp_motion_predict/build/lib/mmp_motion_predict
copying mmp_motion_predict/actor_traj_publisher.py -> /home/michael/ros2_ws_test/build/mmp_motion_predict/build/lib/mmp_motion_predict
copying mmp_motion_predict/network_manager.py -> /home/michael/ros2_ws_test/build/mmp_motion_predict/build/lib/mmp_motion_predict
copying mmp_motion_predict/__init__.py -> /home/michael/ros2_ws_test/build/mmp_motion_predict/build/lib/mmp_motion_predict
copying mmp_motion_predict/motion_prediction_node.py -> /home/michael/ros2_ws_test/build/mmp_motion_predict/build/lib/mmp_motion_predict
creating /home/michael/ros2_ws_test/build/mmp_motion_predict/build/lib/mmp_motion_predict/_data_handle_mmp
copying mmp_motion_predict/_data_handle_mmp/data_handler.py -> /home/michael/ros2_ws_test/build/mmp_motion_predict/build/lib/mmp_motion_predict/_data_handle_mmp
copying mmp_motion_predict/_data_handle_mmp/dataset.py -> /home/michael/ros2_ws_test/build/mmp_motion_predict/build/lib/mmp_motion_predict/_data_handle_mmp
copying mmp_motion_predict/_data_handle_mmp/data_handler_split.py -> /home/michael/ros2_ws_test/build/mmp_motion_predict/build/lib/mmp_motion_predict/_data_handle_mmp
copying mmp_motion_predict/_data_handle_mmp/utils_np.py -> /home/michael/ros2_ws_test/build/mmp_motion_predict/build/lib/mmp_motion_predict/_data_handle_mmp
copying mmp_motion_predict/_data_handle_mmp/__init__.py -> /home/michael/ros2_ws_test/build/mmp_motion_predict/build/lib/mmp_motion_predict/_data_handle_mmp
creating /home/michael/ros2_ws_test/build/mmp_motion_predict/build/lib/mmp_motion_predict/net_module
copying mmp_motion_predict/net_module/loss_functions.py -> /home/michael/ros2_ws_test/build/mmp_motion_predict/build/lib/mmp_motion_predict/net_module
copying mmp_motion_predict/net_module/backbones.py -> /home/michael/ros2_ws_test/build/mmp_motion_predict/build/lib/mmp_motion_predict/net_module
copying mmp_motion_predict/net_module/net.py -> /home/michael/ros2_ws_test/build/mmp_motion_predict/build/lib/mmp_motion_predict/net_module
copying mmp_motion_predict/net_module/__init__.py -> /home/michael/ros2_ws_test/build/mmp_motion_predict/build/lib/mmp_motion_predict/net_module
creating /home/michael/ros2_ws_test/build/mmp_motion_predict/build/lib/mmp_motion_predict/util
copying mmp_motion_predict/util/utils_test.py -> /home/michael/ros2_ws_test/build/mmp_motion_predict/build/lib/mmp_motion_predict/util
copying mmp_motion_predict/util/utils_yaml.py -> /home/michael/ros2_ws_test/build/mmp_motion_predict/build/lib/mmp_motion_predict/util
copying mmp_motion_predict/util/utils_np.py -> /home/michael/ros2_ws_test/build/mmp_motion_predict/build/lib/mmp_motion_predict/util
copying mmp_motion_predict/util/__init__.py -> /home/michael/ros2_ws_test/build/mmp_motion_predict/build/lib/mmp_motion_predict/util
copying mmp_motion_predict/util/utils_kmean.py -> /home/michael/ros2_ws_test/build/mmp_motion_predict/build/lib/mmp_motion_predict/util
running install
running install_lib
creating /home/michael/ros2_ws_test/install/mmp_motion_predict/lib/python3.10/site-packages/mmp_motion_predict
copying /home/michael/ros2_ws_test/build/mmp_motion_predict/build/lib/mmp_motion_predict/demo_traj_publisher.py -> /home/michael/ros2_ws_test/install/mmp_motion_predict/lib/python3.10/site-packages/mmp_motion_predict
creating /home/michael/ros2_ws_test/install/mmp_motion_predict/lib/python3.10/site-packages/mmp_motion_predict/_data_handle_mmp
copying /home/michael/ros2_ws_test/build/mmp_motion_predict/build/lib/mmp_motion_predict/_data_handle_mmp/data_handler.py -> /home/michael/ros2_ws_test/install/mmp_motion_predict/lib/python3.10/site-packages/mmp_motion_predict/_data_handle_mmp
copying /home/michael/ros2_ws_test/build/mmp_motion_predict/build/lib/mmp_motion_predict/_data_handle_mmp/dataset.py -> /home/michael/ros2_ws_test/install/mmp_motion_predict/lib/python3.10/site-packages/mmp_motion_predict/_data_handle_mmp
copying /home/michael/ros2_ws_test/build/mmp_motion_predict/build/lib/mmp_motion_predict/_data_handle_mmp/data_handler_split.py -> /home/michael/ros2_ws_test/install/mmp_motion_predict/lib/python3.10/site-packages/mmp_motion_predict/_data_handle_mmp
copying /home/michael/ros2_ws_test/build/mmp_motion_predict/build/lib/mmp_motion_predict/_data_handle_mmp/utils_np.py -> /home/michael/ros2_ws_test/install/mmp_motion_predict/lib/python3.10/site-packages/mmp_motion_predict/_data_handle_mmp
copying /home/michael/ros2_ws_test/build/mmp_motion_predict/build/lib/mmp_motion_predict/_data_handle_mmp/__init__.py -> /home/michael/ros2_ws_test/install/mmp_motion_predict/lib/python3.10/site-packages/mmp_motion_predict/_data_handle_mmp
copying /home/michael/ros2_ws_test/build/mmp_motion_predict/build/lib/mmp_motion_predict/network_loader.py -> /home/michael/ros2_ws_test/install/mmp_motion_predict/lib/python3.10/site-packages/mmp_motion_predict
copying /home/michael/ros2_ws_test/build/mmp_motion_predict/build/lib/mmp_motion_predict/map_tf.py -> /home/michael/ros2_ws_test/install/mmp_motion_predict/lib/python3.10/site-packages/mmp_motion_predict
copying /home/michael/ros2_ws_test/build/mmp_motion_predict/build/lib/mmp_motion_predict/motion_prediction.py -> /home/michael/ros2_ws_test/install/mmp_motion_predict/lib/python3.10/site-packages/mmp_motion_predict
copying /home/michael/ros2_ws_test/build/mmp_motion_predict/build/lib/mmp_motion_predict/actor_traj_publisher.py -> /home/michael/ros2_ws_test/install/mmp_motion_predict/lib/python3.10/site-packages/mmp_motion_predict
creating /home/michael/ros2_ws_test/install/mmp_motion_predict/lib/python3.10/site-packages/mmp_motion_predict/net_module
copying /home/michael/ros2_ws_test/build/mmp_motion_predict/build/lib/mmp_motion_predict/net_module/loss_functions.py -> /home/michael/ros2_ws_test/install/mmp_motion_predict/lib/python3.10/site-packages/mmp_motion_predict/net_module
copying /home/michael/ros2_ws_test/build/mmp_motion_predict/build/lib/mmp_motion_predict/net_module/backbones.py -> /home/michael/ros2_ws_test/install/mmp_motion_predict/lib/python3.10/site-packages/mmp_motion_predict/net_module
copying /home/michael/ros2_ws_test/build/mmp_motion_predict/build/lib/mmp_motion_predict/net_module/net.py -> /home/michael/ros2_ws_test/install/mmp_motion_predict/lib/python3.10/site-packages/mmp_motion_predict/net_module
copying /home/michael/ros2_ws_test/build/mmp_motion_predict/build/lib/mmp_motion_predict/net_module/__init__.py -> /home/michael/ros2_ws_test/install/mmp_motion_predict/lib/python3.10/site-packages/mmp_motion_predict/net_module
copying /home/michael/ros2_ws_test/build/mmp_motion_predict/build/lib/mmp_motion_predict/network_manager.py -> /home/michael/ros2_ws_test/install/mmp_motion_predict/lib/python3.10/site-packages/mmp_motion_predict
copying /home/michael/ros2_ws_test/build/mmp_motion_predict/build/lib/mmp_motion_predict/__init__.py -> /home/michael/ros2_ws_test/install/mmp_motion_predict/lib/python3.10/site-packages/mmp_motion_predict
creating /home/michael/ros2_ws_test/install/mmp_motion_predict/lib/python3.10/site-packages/mmp_motion_predict/util
copying /home/michael/ros2_ws_test/build/mmp_motion_predict/build/lib/mmp_motion_predict/util/utils_test.py -> /home/michael/ros2_ws_test/install/mmp_motion_predict/lib/python3.10/site-packages/mmp_motion_predict/util
copying /home/michael/ros2_ws_test/build/mmp_motion_predict/build/lib/mmp_motion_predict/util/utils_yaml.py -> /home/michael/ros2_ws_test/install/mmp_motion_predict/lib/python3.10/site-packages/mmp_motion_predict/util
copying /home/michael/ros2_ws_test/build/mmp_motion_predict/build/lib/mmp_motion_predict/util/utils_np.py -> /home/michael/ros2_ws_test/install/mmp_motion_predict/lib/python3.10/site-packages/mmp_motion_predict/util
copying /home/michael/ros2_ws_test/build/mmp_motion_predict/build/lib/mmp_motion_predict/util/__init__.py -> /home/michael/ros2_ws_test/install/mmp_motion_predict/lib/python3.10/site-packages/mmp_motion_predict/util
copying /home/michael/ros2_ws_test/build/mmp_motion_predict/build/lib/mmp_motion_predict/util/utils_kmean.py -> /home/michael/ros2_ws_test/install/mmp_motion_predict/lib/python3.10/site-packages/mmp_motion_predict/util
copying /home/michael/ros2_ws_test/build/mmp_motion_predict/build/lib/mmp_motion_predict/motion_prediction_node.py -> /home/michael/ros2_ws_test/install/mmp_motion_predict/lib/python3.10/site-packages/mmp_motion_predict
byte-compiling /home/michael/ros2_ws_test/install/mmp_motion_predict/lib/python3.10/site-packages/mmp_motion_predict/demo_traj_publisher.py to demo_traj_publisher.cpython-310.pyc
byte-compiling /home/michael/ros2_ws_test/install/mmp_motion_predict/lib/python3.10/site-packages/mmp_motion_predict/_data_handle_mmp/data_handler.py to data_handler.cpython-310.pyc
byte-compiling /home/michael/ros2_ws_test/install/mmp_motion_predict/lib/python3.10/site-packages/mmp_motion_predict/_data_handle_mmp/dataset.py to dataset.cpython-310.pyc
byte-compiling /home/michael/ros2_ws_test/install/mmp_motion_predict/lib/python3.10/site-packages/mmp_motion_predict/_data_handle_mmp/data_handler_split.py to data_handler_split.cpython-310.pyc
byte-compiling /home/michael/ros2_ws_test/install/mmp_motion_predict/lib/python3.10/site-packages/mmp_motion_predict/_data_handle_mmp/utils_np.py to utils_np.cpython-310.pyc
byte-compiling /home/michael/ros2_ws_test/install/mmp_motion_predict/lib/python3.10/site-packages/mmp_motion_predict/_data_handle_mmp/__init__.py to __init__.cpython-310.pyc
byte-compiling /home/michael/ros2_ws_test/install/mmp_motion_predict/lib/python3.10/site-packages/mmp_motion_predict/network_loader.py to network_loader.cpython-310.pyc
byte-compiling /home/michael/ros2_ws_test/install/mmp_motion_predict/lib/python3.10/site-packages/mmp_motion_predict/map_tf.py to map_tf.cpython-310.pyc
byte-compiling /home/michael/ros2_ws_test/install/mmp_motion_predict/lib/python3.10/site-packages/mmp_motion_predict/motion_prediction.py to motion_prediction.cpython-310.pyc
byte-compiling /home/michael/ros2_ws_test/install/mmp_motion_predict/lib/python3.10/site-packages/mmp_motion_predict/actor_traj_publisher.py to actor_traj_publisher.cpython-310.pyc
byte-compiling /home/michael/ros2_ws_test/install/mmp_motion_predict/lib/python3.10/site-packages/mmp_motion_predict/net_module/loss_functions.py to loss_functions.cpython-310.pyc
byte-compiling /home/michael/ros2_ws_test/install/mmp_motion_predict/lib/python3.10/site-packages/mmp_motion_predict/net_module/backbones.py to backbones.cpython-310.pyc
byte-compiling /home/michael/ros2_ws_test/install/mmp_motion_predict/lib/python3.10/site-packages/mmp_motion_predict/net_module/net.py to net.cpython-310.pyc
byte-compiling /home/michael/ros2_ws_test/install/mmp_motion_predict/lib/python3.10/site-packages/mmp_motion_predict/net_module/__init__.py to __init__.cpython-310.pyc
byte-compiling /home/michael/ros2_ws_test/install/mmp_motion_predict/lib/python3.10/site-packages/mmp_motion_predict/network_manager.py to network_manager.cpython-310.pyc
byte-compiling /home/michael/ros2_ws_test/install/mmp_motion_predict/lib/python3.10/site-packages/mmp_motion_predict/__init__.py to __init__.cpython-310.pyc
byte-compiling /home/michael/ros2_ws_test/install/mmp_motion_predict/lib/python3.10/site-packages/mmp_motion_predict/util/utils_test.py to utils_test.cpython-310.pyc
byte-compiling /home/michael/ros2_ws_test/install/mmp_motion_predict/lib/python3.10/site-packages/mmp_motion_predict/util/utils_yaml.py to utils_yaml.cpython-310.pyc
byte-compiling /home/michael/ros2_ws_test/install/mmp_motion_predict/lib/python3.10/site-packages/mmp_motion_predict/util/utils_np.py to utils_np.cpython-310.pyc
byte-compiling /home/michael/ros2_ws_test/install/mmp_motion_predict/lib/python3.10/site-packages/mmp_motion_predict/util/__init__.py to __init__.cpython-310.pyc
byte-compiling /home/michael/ros2_ws_test/install/mmp_motion_predict/lib/python3.10/site-packages/mmp_motion_predict/util/utils_kmean.py to utils_kmean.cpython-310.pyc
byte-compiling /home/michael/ros2_ws_test/install/mmp_motion_predict/lib/python3.10/site-packages/mmp_motion_predict/motion_prediction_node.py to motion_prediction_node.cpython-310.pyc
running install_data
copying resource/mmp_motion_predict -> /home/michael/ros2_ws_test/install/mmp_motion_predict/share/ament_index/resource_index/packages
copying package.xml -> /home/michael/ros2_ws_test/install/mmp_motion_predict/share/mmp_motion_predict
copying config/global_setting_zospital.yaml -> /home/michael/ros2_ws_test/install/mmp_motion_predict/share/mmp_motion_predict/config
copying config/hpd_1t20_poselu_enll_train.yaml -> /home/michael/ros2_ws_test/install/mmp_motion_predict/share/mmp_motion_predict/config
copying config/global_setting_warehouse.yaml -> /home/michael/ros2_ws_test/install/mmp_motion_predict/share/mmp_motion_predict/config
copying config/zpd_1t20_poselu_enll_train.yaml -> /home/michael/ros2_ws_test/install/mmp_motion_predict/share/mmp_motion_predict/config
copying config/wsd_1t20_poselu_enll_train.yaml -> /home/michael/ros2_ws_test/install/mmp_motion_predict/share/mmp_motion_predict/config
copying launch/demo_mmp_motion_predict.launch.py -> /home/michael/ros2_ws_test/install/mmp_motion_predict/share/mmp_motion_predict/launch
copying launch/mmp_motion_predict_hospital.launch.py -> /home/michael/ros2_ws_test/install/mmp_motion_predict/share/mmp_motion_predict/launch
copying launch/mmp_motion_predict.launch.py -> /home/michael/ros2_ws_test/install/mmp_motion_predict/share/mmp_motion_predict/launch
copying rviz/demo.rviz -> /home/michael/ros2_ws_test/install/mmp_motion_predict/share/mmp_motion_predict/rviz
copying ./data/actor_2_traj.xml -> /home/michael/ros2_ws_test/install/mmp_motion_predict/share/mmp_motion_predict/data/.
copying ./data/zospital_sim_original/zospital_map_axis.png -> /home/michael/ros2_ws_test/install/mmp_motion_predict/share/mmp_motion_predict/data/zospital_sim_original
copying ./data/zospital_sim_original/graph.json -> /home/michael/ros2_ws_test/install/mmp_motion_predict/share/mmp_motion_predict/data/zospital_sim_original
copying ./data/zospital_sim_original/map.pgm -> /home/michael/ros2_ws_test/install/mmp_motion_predict/share/mmp_motion_predict/data/zospital_sim_original
copying ./data/zospital_sim_original/zospital_map_axis.pdf -> /home/michael/ros2_ws_test/install/mmp_motion_predict/share/mmp_motion_predict/data/zospital_sim_original
copying ./data/zospital_sim_original/label.png -> /home/michael/ros2_ws_test/install/mmp_motion_predict/share/mmp_motion_predict/data/zospital_sim_original
copying ./data/zospital_sim_original/map_real.json -> /home/michael/ros2_ws_test/install/mmp_motion_predict/share/mmp_motion_predict/data/zospital_sim_original
copying ./data/zospital_sim_original/background.png -> /home/michael/ros2_ws_test/install/mmp_motion_predict/share/mmp_motion_predict/data/zospital_sim_original
copying ./data/zospital_sim_original/map.png -> /home/michael/ros2_ws_test/install/mmp_motion_predict/share/mmp_motion_predict/data/zospital_sim_original
copying ./data/zospital_sim_original/map.yaml -> /home/michael/ros2_ws_test/install/mmp_motion_predict/share/mmp_motion_predict/data/zospital_sim_original
copying ./data/zospital_sim_original/map.json -> /home/michael/ros2_ws_test/install/mmp_motion_predict/share/mmp_motion_predict/data/zospital_sim_original
copying ./data/zospital_sim_original/graph_real.json -> /home/michael/ros2_ws_test/install/mmp_motion_predict/share/mmp_motion_predict/data/zospital_sim_original
copying ./data/warehouse_sim_original/graph.json -> /home/michael/ros2_ws_test/install/mmp_motion_predict/share/mmp_motion_predict/data/warehouse_sim_original
copying ./data/warehouse_sim_original/map.pgm -> /home/michael/ros2_ws_test/install/mmp_motion_predict/share/mmp_motion_predict/data/warehouse_sim_original
copying ./data/warehouse_sim_original/background.png -> /home/michael/ros2_ws_test/install/mmp_motion_predict/share/mmp_motion_predict/data/warehouse_sim_original
copying ./data/warehouse_sim_original/map.yaml -> /home/michael/ros2_ws_test/install/mmp_motion_predict/share/mmp_motion_predict/data/warehouse_sim_original
copying ./data/warehouse_sim_original/map.json -> /home/michael/ros2_ws_test/install/mmp_motion_predict/share/mmp_motion_predict/data/warehouse_sim_original
copying ./model/wsd_poselu_enll_1 -> /home/michael/ros2_ws_test/install/mmp_motion_predict/share/mmp_motion_predict/model/.
copying ./model/wsd_none_bce_1 -> /home/michael/ros2_ws_test/install/mmp_motion_predict/share/mmp_motion_predict/model/.
copying ./model/zospital_poselu_enll_1 -> /home/michael/ros2_ws_test/install/mmp_motion_predict/share/mmp_motion_predict/model/.
copying ./model/hospital_poselu_enll_1 -> /home/michael/ros2_ws_test/install/mmp_motion_predict/share/mmp_motion_predict/model/.
running install_egg_info
Copying ../../../../build/mmp_motion_predict/mmp_motion_predict.egg-info to /home/michael/ros2_ws_test/install/mmp_motion_predict/lib/python3.10/site-packages/mmp_motion_predict-0.0.0-py3.10.egg-info
running install_scripts
Installing actor_traj_publisher script to /home/michael/ros2_ws_test/install/mmp_motion_predict/lib/mmp_motion_predict
Installing demo_traj_publisher script to /home/michael/ros2_ws_test/install/mmp_motion_predict/lib/mmp_motion_predict
Installing motion_prediction_node script to /home/michael/ros2_ws_test/install/mmp_motion_predict/lib/mmp_motion_predict
writing list of installed files to '/home/michael/ros2_ws_test/build/mmp_motion_predict/install.log'
