[0.290s] Invoking command in '/home/michael/ros2_ws_test/build/mmp_motion_predict': AMENT_PREFIX_PATH=/home/michael/ros2_ws_test/install/mmp_interfaces:${AMENT_PREFIX_PATH} CMAKE_PREFIX_PATH=/home/michael/ros2_ws_test/install/mmp_interfaces LD_LIBRARY_PATH=/home/michael/ros2_ws_test/install/mmp_interfaces/lib:${LD_LIBRARY_PATH} PYTHONPATH=/home/michael/ros2_ws_test/build/mmp_motion_predict/prefix_override:/usr/lib/python3/dist-packages/colcon_core/task/python/colcon_distutils_commands:/home/michael/ros2_ws_test/install/mmp_motion_predict/lib/python3.10/site-packages:/home/michael/ros2_ws_test/install/mmp_interfaces/local/lib/python3.10/dist-packages:${PYTHONPATH} /usr/bin/python3 -W ignore:setup.py install is deprecated -W ignore:easy_install command is deprecated setup.py develop --uninstall --editable --build-directory /home/michael/ros2_ws_test/build/mmp_motion_predict/build
[0.391s] running develop
[0.448s] Removing /home/michael/ros2_ws_test/install/mmp_motion_predict/lib/python3.10/site-packages/mmp-motion-predict.egg-link (link to .)
[0.460s] Invoked command in '/home/michael/ros2_ws_test/build/mmp_motion_predict' returned '0': AMENT_PREFIX_PATH=/home/michael/ros2_ws_test/install/mmp_interfaces:${AMENT_PREFIX_PATH} CMAKE_PREFIX_PATH=/home/michael/ros2_ws_test/install/mmp_interfaces LD_LIBRARY_PATH=/home/michael/ros2_ws_test/install/mmp_interfaces/lib:${LD_LIBRARY_PATH} PYTHONPATH=/home/michael/ros2_ws_test/build/mmp_motion_predict/prefix_override:/usr/lib/python3/dist-packages/colcon_core/task/python/colcon_distutils_commands:/home/michael/ros2_ws_test/install/mmp_motion_predict/lib/python3.10/site-packages:/home/michael/ros2_ws_test/install/mmp_interfaces/local/lib/python3.10/dist-packages:${PYTHONPATH} /usr/bin/python3 -W ignore:setup.py install is deprecated -W ignore:easy_install command is deprecated setup.py develop --uninstall --editable --build-directory /home/michael/ros2_ws_test/build/mmp_motion_predict/build
[0.461s] Invoking command in '/home/michael/ros2_ws_test/src/DyObAv-MPCnEBM-Warehouse-ROS2/src/mmp_motion_predict': AMENT_PREFIX_PATH=/home/michael/ros2_ws_test/install/mmp_interfaces:${AMENT_PREFIX_PATH} CMAKE_PREFIX_PATH=/home/michael/ros2_ws_test/install/mmp_interfaces LD_LIBRARY_PATH=/home/michael/ros2_ws_test/install/mmp_interfaces/lib:${LD_LIBRARY_PATH} PYTHONPATH=/home/michael/ros2_ws_test/build/mmp_motion_predict/prefix_override:/usr/lib/python3/dist-packages/colcon_core/task/python/colcon_distutils_commands:/home/michael/ros2_ws_test/install/mmp_motion_predict/lib/python3.10/site-packages:/home/michael/ros2_ws_test/install/mmp_interfaces/local/lib/python3.10/dist-packages:${PYTHONPATH} /usr/bin/python3 -W ignore:setup.py install is deprecated -W ignore:easy_install command is deprecated setup.py egg_info --egg-base ../../../../build/mmp_motion_predict build --build-base /home/michael/ros2_ws_test/build/mmp_motion_predict/build install --record /home/michael/ros2_ws_test/build/mmp_motion_predict/install.log --single-version-externally-managed install_data --force
[0.559s] running egg_info
[0.559s] writing ../../../../build/mmp_motion_predict/mmp_motion_predict.egg-info/PKG-INFO
[0.560s] writing dependency_links to ../../../../build/mmp_motion_predict/mmp_motion_predict.egg-info/dependency_links.txt
[0.560s] writing entry points to ../../../../build/mmp_motion_predict/mmp_motion_predict.egg-info/entry_points.txt
[0.560s] writing requirements to ../../../../build/mmp_motion_predict/mmp_motion_predict.egg-info/requires.txt
[0.561s] writing top-level names to ../../../../build/mmp_motion_predict/mmp_motion_predict.egg-info/top_level.txt
[0.562s] reading manifest file '../../../../build/mmp_motion_predict/mmp_motion_predict.egg-info/SOURCES.txt'
[0.563s] writing manifest file '../../../../build/mmp_motion_predict/mmp_motion_predict.egg-info/SOURCES.txt'
[0.563s] running build
[0.563s] running build_py
[0.563s] creating /home/michael/ros2_ws_test/build/mmp_motion_predict/build
[0.563s] creating /home/michael/ros2_ws_test/build/mmp_motion_predict/build/lib
[0.563s] creating /home/michael/ros2_ws_test/build/mmp_motion_predict/build/lib/mmp_motion_predict
[0.563s] copying mmp_motion_predict/demo_traj_publisher.py -> /home/michael/ros2_ws_test/build/mmp_motion_predict/build/lib/mmp_motion_predict
[0.563s] copying mmp_motion_predict/network_loader.py -> /home/michael/ros2_ws_test/build/mmp_motion_predict/build/lib/mmp_motion_predict
[0.563s] copying mmp_motion_predict/map_tf.py -> /home/michael/ros2_ws_test/build/mmp_motion_predict/build/lib/mmp_motion_predict
[0.563s] copying mmp_motion_predict/motion_prediction.py -> /home/michael/ros2_ws_test/build/mmp_motion_predict/build/lib/mmp_motion_predict
[0.563s] copying mmp_motion_predict/actor_traj_publisher.py -> /home/michael/ros2_ws_test/build/mmp_motion_predict/build/lib/mmp_motion_predict
[0.563s] copying mmp_motion_predict/network_manager.py -> /home/michael/ros2_ws_test/build/mmp_motion_predict/build/lib/mmp_motion_predict
[0.563s] copying mmp_motion_predict/__init__.py -> /home/michael/ros2_ws_test/build/mmp_motion_predict/build/lib/mmp_motion_predict
[0.563s] copying mmp_motion_predict/motion_prediction_node.py -> /home/michael/ros2_ws_test/build/mmp_motion_predict/build/lib/mmp_motion_predict
[0.563s] creating /home/michael/ros2_ws_test/build/mmp_motion_predict/build/lib/mmp_motion_predict/_data_handle_mmp
[0.563s] copying mmp_motion_predict/_data_handle_mmp/data_handler.py -> /home/michael/ros2_ws_test/build/mmp_motion_predict/build/lib/mmp_motion_predict/_data_handle_mmp
[0.564s] copying mmp_motion_predict/_data_handle_mmp/dataset.py -> /home/michael/ros2_ws_test/build/mmp_motion_predict/build/lib/mmp_motion_predict/_data_handle_mmp
[0.564s] copying mmp_motion_predict/_data_handle_mmp/data_handler_split.py -> /home/michael/ros2_ws_test/build/mmp_motion_predict/build/lib/mmp_motion_predict/_data_handle_mmp
[0.564s] copying mmp_motion_predict/_data_handle_mmp/utils_np.py -> /home/michael/ros2_ws_test/build/mmp_motion_predict/build/lib/mmp_motion_predict/_data_handle_mmp
[0.564s] copying mmp_motion_predict/_data_handle_mmp/__init__.py -> /home/michael/ros2_ws_test/build/mmp_motion_predict/build/lib/mmp_motion_predict/_data_handle_mmp
[0.564s] creating /home/michael/ros2_ws_test/build/mmp_motion_predict/build/lib/mmp_motion_predict/net_module
[0.564s] copying mmp_motion_predict/net_module/loss_functions.py -> /home/michael/ros2_ws_test/build/mmp_motion_predict/build/lib/mmp_motion_predict/net_module
[0.564s] copying mmp_motion_predict/net_module/backbones.py -> /home/michael/ros2_ws_test/build/mmp_motion_predict/build/lib/mmp_motion_predict/net_module
[0.564s] copying mmp_motion_predict/net_module/net.py -> /home/michael/ros2_ws_test/build/mmp_motion_predict/build/lib/mmp_motion_predict/net_module
[0.564s] copying mmp_motion_predict/net_module/__init__.py -> /home/michael/ros2_ws_test/build/mmp_motion_predict/build/lib/mmp_motion_predict/net_module
[0.564s] creating /home/michael/ros2_ws_test/build/mmp_motion_predict/build/lib/mmp_motion_predict/util
[0.564s] copying mmp_motion_predict/util/utils_test.py -> /home/michael/ros2_ws_test/build/mmp_motion_predict/build/lib/mmp_motion_predict/util
[0.564s] copying mmp_motion_predict/util/utils_yaml.py -> /home/michael/ros2_ws_test/build/mmp_motion_predict/build/lib/mmp_motion_predict/util
[0.564s] copying mmp_motion_predict/util/utils_np.py -> /home/michael/ros2_ws_test/build/mmp_motion_predict/build/lib/mmp_motion_predict/util
[0.564s] copying mmp_motion_predict/util/__init__.py -> /home/michael/ros2_ws_test/build/mmp_motion_predict/build/lib/mmp_motion_predict/util
[0.564s] copying mmp_motion_predict/util/utils_kmean.py -> /home/michael/ros2_ws_test/build/mmp_motion_predict/build/lib/mmp_motion_predict/util
[0.564s] running install
[0.564s] running install_lib
[0.564s] creating /home/michael/ros2_ws_test/install/mmp_motion_predict/lib/python3.10/site-packages/mmp_motion_predict
[0.564s] copying /home/michael/ros2_ws_test/build/mmp_motion_predict/build/lib/mmp_motion_predict/demo_traj_publisher.py -> /home/michael/ros2_ws_test/install/mmp_motion_predict/lib/python3.10/site-packages/mmp_motion_predict
[0.565s] creating /home/michael/ros2_ws_test/install/mmp_motion_predict/lib/python3.10/site-packages/mmp_motion_predict/_data_handle_mmp
[0.565s] copying /home/michael/ros2_ws_test/build/mmp_motion_predict/build/lib/mmp_motion_predict/_data_handle_mmp/data_handler.py -> /home/michael/ros2_ws_test/install/mmp_motion_predict/lib/python3.10/site-packages/mmp_motion_predict/_data_handle_mmp
[0.565s] copying /home/michael/ros2_ws_test/build/mmp_motion_predict/build/lib/mmp_motion_predict/_data_handle_mmp/dataset.py -> /home/michael/ros2_ws_test/install/mmp_motion_predict/lib/python3.10/site-packages/mmp_motion_predict/_data_handle_mmp
[0.565s] copying /home/michael/ros2_ws_test/build/mmp_motion_predict/build/lib/mmp_motion_predict/_data_handle_mmp/data_handler_split.py -> /home/michael/ros2_ws_test/install/mmp_motion_predict/lib/python3.10/site-packages/mmp_motion_predict/_data_handle_mmp
[0.565s] copying /home/michael/ros2_ws_test/build/mmp_motion_predict/build/lib/mmp_motion_predict/_data_handle_mmp/utils_np.py -> /home/michael/ros2_ws_test/install/mmp_motion_predict/lib/python3.10/site-packages/mmp_motion_predict/_data_handle_mmp
[0.565s] copying /home/michael/ros2_ws_test/build/mmp_motion_predict/build/lib/mmp_motion_predict/_data_handle_mmp/__init__.py -> /home/michael/ros2_ws_test/install/mmp_motion_predict/lib/python3.10/site-packages/mmp_motion_predict/_data_handle_mmp
[0.565s] copying /home/michael/ros2_ws_test/build/mmp_motion_predict/build/lib/mmp_motion_predict/network_loader.py -> /home/michael/ros2_ws_test/install/mmp_motion_predict/lib/python3.10/site-packages/mmp_motion_predict
[0.565s] copying /home/michael/ros2_ws_test/build/mmp_motion_predict/build/lib/mmp_motion_predict/map_tf.py -> /home/michael/ros2_ws_test/install/mmp_motion_predict/lib/python3.10/site-packages/mmp_motion_predict
[0.565s] copying /home/michael/ros2_ws_test/build/mmp_motion_predict/build/lib/mmp_motion_predict/motion_prediction.py -> /home/michael/ros2_ws_test/install/mmp_motion_predict/lib/python3.10/site-packages/mmp_motion_predict
[0.565s] copying /home/michael/ros2_ws_test/build/mmp_motion_predict/build/lib/mmp_motion_predict/actor_traj_publisher.py -> /home/michael/ros2_ws_test/install/mmp_motion_predict/lib/python3.10/site-packages/mmp_motion_predict
[0.565s] creating /home/michael/ros2_ws_test/install/mmp_motion_predict/lib/python3.10/site-packages/mmp_motion_predict/net_module
[0.565s] copying /home/michael/ros2_ws_test/build/mmp_motion_predict/build/lib/mmp_motion_predict/net_module/loss_functions.py -> /home/michael/ros2_ws_test/install/mmp_motion_predict/lib/python3.10/site-packages/mmp_motion_predict/net_module
[0.565s] copying /home/michael/ros2_ws_test/build/mmp_motion_predict/build/lib/mmp_motion_predict/net_module/backbones.py -> /home/michael/ros2_ws_test/install/mmp_motion_predict/lib/python3.10/site-packages/mmp_motion_predict/net_module
[0.565s] copying /home/michael/ros2_ws_test/build/mmp_motion_predict/build/lib/mmp_motion_predict/net_module/net.py -> /home/michael/ros2_ws_test/install/mmp_motion_predict/lib/python3.10/site-packages/mmp_motion_predict/net_module
[0.565s] copying /home/michael/ros2_ws_test/build/mmp_motion_predict/build/lib/mmp_motion_predict/net_module/__init__.py -> /home/michael/ros2_ws_test/install/mmp_motion_predict/lib/python3.10/site-packages/mmp_motion_predict/net_module
[0.565s] copying /home/michael/ros2_ws_test/build/mmp_motion_predict/build/lib/mmp_motion_predict/network_manager.py -> /home/michael/ros2_ws_test/install/mmp_motion_predict/lib/python3.10/site-packages/mmp_motion_predict
[0.565s] copying /home/michael/ros2_ws_test/build/mmp_motion_predict/build/lib/mmp_motion_predict/__init__.py -> /home/michael/ros2_ws_test/install/mmp_motion_predict/lib/python3.10/site-packages/mmp_motion_predict
[0.565s] creating /home/michael/ros2_ws_test/install/mmp_motion_predict/lib/python3.10/site-packages/mmp_motion_predict/util
[0.565s] copying /home/michael/ros2_ws_test/build/mmp_motion_predict/build/lib/mmp_motion_predict/util/utils_test.py -> /home/michael/ros2_ws_test/install/mmp_motion_predict/lib/python3.10/site-packages/mmp_motion_predict/util
[0.565s] copying /home/michael/ros2_ws_test/build/mmp_motion_predict/build/lib/mmp_motion_predict/util/utils_yaml.py -> /home/michael/ros2_ws_test/install/mmp_motion_predict/lib/python3.10/site-packages/mmp_motion_predict/util
[0.565s] copying /home/michael/ros2_ws_test/build/mmp_motion_predict/build/lib/mmp_motion_predict/util/utils_np.py -> /home/michael/ros2_ws_test/install/mmp_motion_predict/lib/python3.10/site-packages/mmp_motion_predict/util
[0.565s] copying /home/michael/ros2_ws_test/build/mmp_motion_predict/build/lib/mmp_motion_predict/util/__init__.py -> /home/michael/ros2_ws_test/install/mmp_motion_predict/lib/python3.10/site-packages/mmp_motion_predict/util
[0.565s] copying /home/michael/ros2_ws_test/build/mmp_motion_predict/build/lib/mmp_motion_predict/util/utils_kmean.py -> /home/michael/ros2_ws_test/install/mmp_motion_predict/lib/python3.10/site-packages/mmp_motion_predict/util
[0.565s] copying /home/michael/ros2_ws_test/build/mmp_motion_predict/build/lib/mmp_motion_predict/motion_prediction_node.py -> /home/michael/ros2_ws_test/install/mmp_motion_predict/lib/python3.10/site-packages/mmp_motion_predict
[0.565s] byte-compiling /home/michael/ros2_ws_test/install/mmp_motion_predict/lib/python3.10/site-packages/mmp_motion_predict/demo_traj_publisher.py to demo_traj_publisher.cpython-310.pyc
[0.566s] byte-compiling /home/michael/ros2_ws_test/install/mmp_motion_predict/lib/python3.10/site-packages/mmp_motion_predict/_data_handle_mmp/data_handler.py to data_handler.cpython-310.pyc
[0.567s] byte-compiling /home/michael/ros2_ws_test/install/mmp_motion_predict/lib/python3.10/site-packages/mmp_motion_predict/_data_handle_mmp/dataset.py to dataset.cpython-310.pyc
[0.567s] byte-compiling /home/michael/ros2_ws_test/install/mmp_motion_predict/lib/python3.10/site-packages/mmp_motion_predict/_data_handle_mmp/data_handler_split.py to data_handler_split.cpython-310.pyc
[0.568s] byte-compiling /home/michael/ros2_ws_test/install/mmp_motion_predict/lib/python3.10/site-packages/mmp_motion_predict/_data_handle_mmp/utils_np.py to utils_np.cpython-310.pyc
[0.568s] byte-compiling /home/michael/ros2_ws_test/install/mmp_motion_predict/lib/python3.10/site-packages/mmp_motion_predict/_data_handle_mmp/__init__.py to __init__.cpython-310.pyc
[0.568s] byte-compiling /home/michael/ros2_ws_test/install/mmp_motion_predict/lib/python3.10/site-packages/mmp_motion_predict/network_loader.py to network_loader.cpython-310.pyc
[0.569s] byte-compiling /home/michael/ros2_ws_test/install/mmp_motion_predict/lib/python3.10/site-packages/mmp_motion_predict/map_tf.py to map_tf.cpython-310.pyc
[0.570s] byte-compiling /home/michael/ros2_ws_test/install/mmp_motion_predict/lib/python3.10/site-packages/mmp_motion_predict/motion_prediction.py to motion_prediction.cpython-310.pyc
[0.571s] byte-compiling /home/michael/ros2_ws_test/install/mmp_motion_predict/lib/python3.10/site-packages/mmp_motion_predict/actor_traj_publisher.py to actor_traj_publisher.cpython-310.pyc
[0.571s] byte-compiling /home/michael/ros2_ws_test/install/mmp_motion_predict/lib/python3.10/site-packages/mmp_motion_predict/net_module/loss_functions.py to loss_functions.cpython-310.pyc
[0.572s] byte-compiling /home/michael/ros2_ws_test/install/mmp_motion_predict/lib/python3.10/site-packages/mmp_motion_predict/net_module/backbones.py to backbones.cpython-310.pyc
[0.573s] byte-compiling /home/michael/ros2_ws_test/install/mmp_motion_predict/lib/python3.10/site-packages/mmp_motion_predict/net_module/net.py to net.cpython-310.pyc
[0.573s] byte-compiling /home/michael/ros2_ws_test/install/mmp_motion_predict/lib/python3.10/site-packages/mmp_motion_predict/net_module/__init__.py to __init__.cpython-310.pyc
[0.573s] byte-compiling /home/michael/ros2_ws_test/install/mmp_motion_predict/lib/python3.10/site-packages/mmp_motion_predict/network_manager.py to network_manager.cpython-310.pyc
[0.574s] byte-compiling /home/michael/ros2_ws_test/install/mmp_motion_predict/lib/python3.10/site-packages/mmp_motion_predict/__init__.py to __init__.cpython-310.pyc
[0.574s] byte-compiling /home/michael/ros2_ws_test/install/mmp_motion_predict/lib/python3.10/site-packages/mmp_motion_predict/util/utils_test.py to utils_test.cpython-310.pyc
[0.574s] byte-compiling /home/michael/ros2_ws_test/install/mmp_motion_predict/lib/python3.10/site-packages/mmp_motion_predict/util/utils_yaml.py to utils_yaml.cpython-310.pyc
[0.575s] byte-compiling /home/michael/ros2_ws_test/install/mmp_motion_predict/lib/python3.10/site-packages/mmp_motion_predict/util/utils_np.py to utils_np.cpython-310.pyc
[0.575s] byte-compiling /home/michael/ros2_ws_test/install/mmp_motion_predict/lib/python3.10/site-packages/mmp_motion_predict/util/__init__.py to __init__.cpython-310.pyc
[0.575s] byte-compiling /home/michael/ros2_ws_test/install/mmp_motion_predict/lib/python3.10/site-packages/mmp_motion_predict/util/utils_kmean.py to utils_kmean.cpython-310.pyc
[0.577s] byte-compiling /home/michael/ros2_ws_test/install/mmp_motion_predict/lib/python3.10/site-packages/mmp_motion_predict/motion_prediction_node.py to motion_prediction_node.cpython-310.pyc
[0.577s] running install_data
[0.577s] copying resource/mmp_motion_predict -> /home/michael/ros2_ws_test/install/mmp_motion_predict/share/ament_index/resource_index/packages
[0.577s] copying package.xml -> /home/michael/ros2_ws_test/install/mmp_motion_predict/share/mmp_motion_predict
[0.577s] copying config/global_setting_zospital.yaml -> /home/michael/ros2_ws_test/install/mmp_motion_predict/share/mmp_motion_predict/config
[0.577s] copying config/hpd_1t20_poselu_enll_train.yaml -> /home/michael/ros2_ws_test/install/mmp_motion_predict/share/mmp_motion_predict/config
[0.577s] copying config/global_setting_warehouse.yaml -> /home/michael/ros2_ws_test/install/mmp_motion_predict/share/mmp_motion_predict/config
[0.577s] copying config/zpd_1t20_poselu_enll_train.yaml -> /home/michael/ros2_ws_test/install/mmp_motion_predict/share/mmp_motion_predict/config
[0.577s] copying config/wsd_1t20_poselu_enll_train.yaml -> /home/michael/ros2_ws_test/install/mmp_motion_predict/share/mmp_motion_predict/config
[0.577s] copying launch/demo_mmp_motion_predict.launch.py -> /home/michael/ros2_ws_test/install/mmp_motion_predict/share/mmp_motion_predict/launch
[0.577s] copying launch/mmp_motion_predict_hospital.launch.py -> /home/michael/ros2_ws_test/install/mmp_motion_predict/share/mmp_motion_predict/launch
[0.577s] copying launch/mmp_motion_predict.launch.py -> /home/michael/ros2_ws_test/install/mmp_motion_predict/share/mmp_motion_predict/launch
[0.577s] copying rviz/demo.rviz -> /home/michael/ros2_ws_test/install/mmp_motion_predict/share/mmp_motion_predict/rviz
[0.577s] copying ./data/actor_2_traj.xml -> /home/michael/ros2_ws_test/install/mmp_motion_predict/share/mmp_motion_predict/data/.
[0.577s] copying ./data/zospital_sim_original/zospital_map_axis.png -> /home/michael/ros2_ws_test/install/mmp_motion_predict/share/mmp_motion_predict/data/zospital_sim_original
[0.577s] copying ./data/zospital_sim_original/graph.json -> /home/michael/ros2_ws_test/install/mmp_motion_predict/share/mmp_motion_predict/data/zospital_sim_original
[0.577s] copying ./data/zospital_sim_original/map.pgm -> /home/michael/ros2_ws_test/install/mmp_motion_predict/share/mmp_motion_predict/data/zospital_sim_original
[0.577s] copying ./data/zospital_sim_original/zospital_map_axis.pdf -> /home/michael/ros2_ws_test/install/mmp_motion_predict/share/mmp_motion_predict/data/zospital_sim_original
[0.577s] copying ./data/zospital_sim_original/label.png -> /home/michael/ros2_ws_test/install/mmp_motion_predict/share/mmp_motion_predict/data/zospital_sim_original
[0.577s] copying ./data/zospital_sim_original/map_real.json -> /home/michael/ros2_ws_test/install/mmp_motion_predict/share/mmp_motion_predict/data/zospital_sim_original
[0.577s] copying ./data/zospital_sim_original/background.png -> /home/michael/ros2_ws_test/install/mmp_motion_predict/share/mmp_motion_predict/data/zospital_sim_original
[0.577s] copying ./data/zospital_sim_original/map.png -> /home/michael/ros2_ws_test/install/mmp_motion_predict/share/mmp_motion_predict/data/zospital_sim_original
[0.577s] copying ./data/zospital_sim_original/map.yaml -> /home/michael/ros2_ws_test/install/mmp_motion_predict/share/mmp_motion_predict/data/zospital_sim_original
[0.577s] copying ./data/zospital_sim_original/map.json -> /home/michael/ros2_ws_test/install/mmp_motion_predict/share/mmp_motion_predict/data/zospital_sim_original
[0.577s] copying ./data/zospital_sim_original/graph_real.json -> /home/michael/ros2_ws_test/install/mmp_motion_predict/share/mmp_motion_predict/data/zospital_sim_original
[0.577s] copying ./data/warehouse_sim_original/graph.json -> /home/michael/ros2_ws_test/install/mmp_motion_predict/share/mmp_motion_predict/data/warehouse_sim_original
[0.577s] copying ./data/warehouse_sim_original/map.pgm -> /home/michael/ros2_ws_test/install/mmp_motion_predict/share/mmp_motion_predict/data/warehouse_sim_original
[0.577s] copying ./data/warehouse_sim_original/background.png -> /home/michael/ros2_ws_test/install/mmp_motion_predict/share/mmp_motion_predict/data/warehouse_sim_original
[0.577s] copying ./data/warehouse_sim_original/map.yaml -> /home/michael/ros2_ws_test/install/mmp_motion_predict/share/mmp_motion_predict/data/warehouse_sim_original
[0.577s] copying ./data/warehouse_sim_original/map.json -> /home/michael/ros2_ws_test/install/mmp_motion_predict/share/mmp_motion_predict/data/warehouse_sim_original
[0.577s] copying ./model/wsd_poselu_enll_1 -> /home/michael/ros2_ws_test/install/mmp_motion_predict/share/mmp_motion_predict/model/.
[0.578s] copying ./model/wsd_none_bce_1 -> /home/michael/ros2_ws_test/install/mmp_motion_predict/share/mmp_motion_predict/model/.
[0.580s] copying ./model/zospital_poselu_enll_1 -> /home/michael/ros2_ws_test/install/mmp_motion_predict/share/mmp_motion_predict/model/.
[0.581s] copying ./model/hospital_poselu_enll_1 -> /home/michael/ros2_ws_test/install/mmp_motion_predict/share/mmp_motion_predict/model/.
[0.582s] running install_egg_info
[0.583s] Copying ../../../../build/mmp_motion_predict/mmp_motion_predict.egg-info to /home/michael/ros2_ws_test/install/mmp_motion_predict/lib/python3.10/site-packages/mmp_motion_predict-0.0.0-py3.10.egg-info
[0.584s] running install_scripts
[0.592s] Installing actor_traj_publisher script to /home/michael/ros2_ws_test/install/mmp_motion_predict/lib/mmp_motion_predict
[0.592s] Installing demo_traj_publisher script to /home/michael/ros2_ws_test/install/mmp_motion_predict/lib/mmp_motion_predict
[0.592s] Installing motion_prediction_node script to /home/michael/ros2_ws_test/install/mmp_motion_predict/lib/mmp_motion_predict
[0.592s] writing list of installed files to '/home/michael/ros2_ws_test/build/mmp_motion_predict/install.log'
[0.603s] Invoked command in '/home/michael/ros2_ws_test/src/DyObAv-MPCnEBM-Warehouse-ROS2/src/mmp_motion_predict' returned '0': AMENT_PREFIX_PATH=/home/michael/ros2_ws_test/install/mmp_interfaces:${AMENT_PREFIX_PATH} CMAKE_PREFIX_PATH=/home/michael/ros2_ws_test/install/mmp_interfaces LD_LIBRARY_PATH=/home/michael/ros2_ws_test/install/mmp_interfaces/lib:${LD_LIBRARY_PATH} PYTHONPATH=/home/michael/ros2_ws_test/build/mmp_motion_predict/prefix_override:/usr/lib/python3/dist-packages/colcon_core/task/python/colcon_distutils_commands:/home/michael/ros2_ws_test/install/mmp_motion_predict/lib/python3.10/site-packages:/home/michael/ros2_ws_test/install/mmp_interfaces/local/lib/python3.10/dist-packages:${PYTHONPATH} /usr/bin/python3 -W ignore:setup.py install is deprecated -W ignore:easy_install command is deprecated setup.py egg_info --egg-base ../../../../build/mmp_motion_predict build --build-base /home/michael/ros2_ws_test/build/mmp_motion_predict/build install --record /home/michael/ros2_ws_test/build/mmp_motion_predict/install.log --single-version-externally-managed install_data --force
