running develop
running egg_info
creating mps_motion_plan.egg-info
writing mps_motion_plan.egg-info/PKG-INFO
writing dependency_links to mps_motion_plan.egg-info/dependency_links.txt
writing entry points to mps_motion_plan.egg-info/entry_points.txt
writing requirements to mps_motion_plan.egg-info/requires.txt
writing top-level names to mps_motion_plan.egg-info/top_level.txt
writing manifest file 'mps_motion_plan.egg-info/SOURCES.txt'
reading manifest file 'mps_motion_plan.egg-info/SOURCES.txt'
writing manifest file 'mps_motion_plan.egg-info/SOURCES.txt'
running build_ext
Creating /home/michael/ros2_ws_test/install/mps_motion_plan/lib/python3.10/site-packages/mps-motion-plan.egg-link (link to .)
Installing global_path_coordinate_node script to /home/michael/ros2_ws_test/install/mps_motion_plan/lib/mps_motion_plan
Installing schedule_visualize_node script to /home/michael/ros2_ws_test/install/mps_motion_plan/lib/mps_motion_plan

Installed /home/michael/ros2_ws_test/build/mps_motion_plan
running symlink_data
creating /home/michael/ros2_ws_test/install/mps_motion_plan/share/ament_index
creating /home/michael/ros2_ws_test/install/mps_motion_plan/share/ament_index/resource_index
creating /home/michael/ros2_ws_test/install/mps_motion_plan/share/ament_index/resource_index/packages
symbolically linking /home/michael/ros2_ws_test/build/mps_motion_plan/resource/mps_motion_plan -> /home/michael/ros2_ws_test/install/mps_motion_plan/share/ament_index/resource_index/packages
symbolically linking /home/michael/ros2_ws_test/build/mps_motion_plan/package.xml -> /home/michael/ros2_ws_test/install/mps_motion_plan/share/mps_motion_plan
creating /home/michael/ros2_ws_test/install/mps_motion_plan/share/mps_motion_plan/data
symbolically linking /home/michael/ros2_ws_test/build/mps_motion_plan/data/zospital_img_graph.json -> /home/michael/ros2_ws_test/install/mps_motion_plan/share/mps_motion_plan/data
symbolically linking /home/michael/ros2_ws_test/build/mps_motion_plan/data/test_graph.json -> /home/michael/ros2_ws_test/install/mps_motion_plan/share/mps_motion_plan/data
symbolically linking /home/michael/ros2_ws_test/build/mps_motion_plan/data/zospital_graph.json -> /home/michael/ros2_ws_test/install/mps_motion_plan/share/mps_motion_plan/data
symbolically linking /home/michael/ros2_ws_test/build/mps_motion_plan/data/warehouse_img_graph.json -> /home/michael/ros2_ws_test/install/mps_motion_plan/share/mps_motion_plan/data
symbolically linking /home/michael/ros2_ws_test/build/mps_motion_plan/data/warehouse_graph.json -> /home/michael/ros2_ws_test/install/mps_motion_plan/share/mps_motion_plan/data
symbolically linking /home/michael/ros2_ws_test/build/mps_motion_plan/data/warehouse_schedule.csv -> /home/michael/ros2_ws_test/install/mps_motion_plan/share/mps_motion_plan/data
symbolically linking /home/michael/ros2_ws_test/build/mps_motion_plan/data/warehouse_schedule_dual.csv -> /home/michael/ros2_ws_test/install/mps_motion_plan/share/mps_motion_plan/data
symbolically linking /home/michael/ros2_ws_test/build/mps_motion_plan/data/test_schedule.csv -> /home/michael/ros2_ws_test/install/mps_motion_plan/share/mps_motion_plan/data
symbolically linking /home/michael/ros2_ws_test/build/mps_motion_plan/data/zospital_schedule.csv -> /home/michael/ros2_ws_test/install/mps_motion_plan/share/mps_motion_plan/data
creating /home/michael/ros2_ws_test/install/mps_motion_plan/share/mps_motion_plan/launch
symbolically linking /home/michael/ros2_ws_test/build/mps_motion_plan/launch/motion_plan.launch.py -> /home/michael/ros2_ws_test/install/mps_motion_plan/share/mps_motion_plan/launch
