[0.294s] Invoking command in '/home/michael/ros2_ws_test/src/DyObAv-MPCnEBM-Warehouse-ROS2/src/zmr_mpc': CMAKE_PREFIX_PATH=/home/michael/ros2_ws_test/install/mps_interfaces:/home/michael/ros2_ws_test/install/zmr_interfaces:/home/michael/ros2_ws_test/install/map_interfaces:/home/michael/ros2_ws_test/install/mmp_interfaces:/home/michael/ros2_ws_test/install/mir_description:/home/michael/ros2_ws_test/install/gazebo_worlds:/home/michael/ros2_ws_test/install/gazebo_ros_actor_pose_plugin LD_LIBRARY_PATH=/home/michael/ros2_ws_test/install/mps_interfaces/lib:/home/michael/ros2_ws_test/install/zmr_interfaces/lib:/home/michael/ros2_ws_test/install/map_interfaces/lib:/home/michael/ros2_ws_test/install/mmp_interfaces/lib:/home/michael/ros2_ws_test/install/gazebo_worlds/lib:/home/michael/ros2_ws_test/install/gazebo_ros_actor_pose_plugin/lib:/usr/lib/x86_64-linux-gnu/gazebo-11/plugins:/opt/ros/humble/opt/rviz_ogre_vendor/lib:/opt/ros/humble/lib/x86_64-linux-gnu:/opt/ros/humble/lib PYTHONPATH=/home/michael/ros2_ws_test/build/zmr_mpc/prefix_override:/usr/lib/python3/dist-packages/colcon_core/task/python/colcon_distutils_commands:/home/michael/ros2_ws_test/install/zmr_mpc/lib/python3.10/site-packages:${PYTHONPATH} VIRTUAL_ENV_PROMPT=(.venv) /usr/bin/python3 -W ignore:setup.py install is deprecated -W ignore:easy_install command is deprecated setup.py egg_info --egg-base ../../../../build/zmr_mpc build --build-base /home/michael/ros2_ws_test/build/zmr_mpc/build install --record /home/michael/ros2_ws_test/build/zmr_mpc/install.log --single-version-externally-managed install_data
[0.399s] running egg_info
[0.400s] writing ../../../../build/zmr_mpc/zmr_mpc.egg-info/PKG-INFO
[0.400s] writing dependency_links to ../../../../build/zmr_mpc/zmr_mpc.egg-info/dependency_links.txt
[0.400s] writing entry points to ../../../../build/zmr_mpc/zmr_mpc.egg-info/entry_points.txt
[0.400s] writing requirements to ../../../../build/zmr_mpc/zmr_mpc.egg-info/requires.txt
[0.401s] writing top-level names to ../../../../build/zmr_mpc/zmr_mpc.egg-info/top_level.txt
[0.401s] reading manifest file '../../../../build/zmr_mpc/zmr_mpc.egg-info/SOURCES.txt'
[0.401s] writing manifest file '../../../../build/zmr_mpc/zmr_mpc.egg-info/SOURCES.txt'
[0.401s] running build
[0.401s] running build_py
[0.402s] running install
[0.402s] running install_lib
[0.403s] running install_data
[0.403s] running install_egg_info
[0.404s] removing '/home/michael/ros2_ws_test/install/zmr_mpc/lib/python3.10/site-packages/zmr_mpc-0.0.0-py3.10.egg-info' (and everything under it)
[0.406s] Copying ../../../../build/zmr_mpc/zmr_mpc.egg-info to /home/michael/ros2_ws_test/install/zmr_mpc/lib/python3.10/site-packages/zmr_mpc-0.0.0-py3.10.egg-info
[0.406s] running install_scripts
[0.416s] Installing mpc_trajectory_tracker_node script to /home/michael/ros2_ws_test/install/zmr_mpc/lib/zmr_mpc
[0.416s] writing list of installed files to '/home/michael/ros2_ws_test/build/zmr_mpc/install.log'
[0.427s] Invoked command in '/home/michael/ros2_ws_test/src/DyObAv-MPCnEBM-Warehouse-ROS2/src/zmr_mpc' returned '0': CMAKE_PREFIX_PATH=/home/michael/ros2_ws_test/install/mps_interfaces:/home/michael/ros2_ws_test/install/zmr_interfaces:/home/michael/ros2_ws_test/install/map_interfaces:/home/michael/ros2_ws_test/install/mmp_interfaces:/home/michael/ros2_ws_test/install/mir_description:/home/michael/ros2_ws_test/install/gazebo_worlds:/home/michael/ros2_ws_test/install/gazebo_ros_actor_pose_plugin LD_LIBRARY_PATH=/home/michael/ros2_ws_test/install/mps_interfaces/lib:/home/michael/ros2_ws_test/install/zmr_interfaces/lib:/home/michael/ros2_ws_test/install/map_interfaces/lib:/home/michael/ros2_ws_test/install/mmp_interfaces/lib:/home/michael/ros2_ws_test/install/gazebo_worlds/lib:/home/michael/ros2_ws_test/install/gazebo_ros_actor_pose_plugin/lib:/usr/lib/x86_64-linux-gnu/gazebo-11/plugins:/opt/ros/humble/opt/rviz_ogre_vendor/lib:/opt/ros/humble/lib/x86_64-linux-gnu:/opt/ros/humble/lib PYTHONPATH=/home/michael/ros2_ws_test/build/zmr_mpc/prefix_override:/usr/lib/python3/dist-packages/colcon_core/task/python/colcon_distutils_commands:/home/michael/ros2_ws_test/install/zmr_mpc/lib/python3.10/site-packages:${PYTHONPATH} VIRTUAL_ENV_PROMPT=(.venv) /usr/bin/python3 -W ignore:setup.py install is deprecated -W ignore:easy_install command is deprecated setup.py egg_info --egg-base ../../../../build/zmr_mpc build --build-base /home/michael/ros2_ws_test/build/zmr_mpc/build install --record /home/michael/ros2_ws_test/build/zmr_mpc/install.log --single-version-externally-managed install_data
